<?xml version="1.0" encoding="UTF-8"?>
<testsuite xmlns:xsi="http://www.w3.org/2001/XMLSchema-instance" xsi:noNamespaceSchemaLocation="https://maven.apache.org/surefire/maven-surefire-plugin/xsd/surefire-test-report-3.0.xsd" version="3.0" name="TestSuite" time="137.112" tests="3" errors="0" skipped="0" failures="1">
  <properties>
    <property name="sun.desktop" value="windows"/>
    <property name="awt.toolkit" value="sun.awt.windows.WToolkit"/>
    <property name="file.encoding.pkg" value="sun.io"/>
    <property name="java.specification.version" value="1.8"/>
    <property name="sun.cpu.isalist" value="amd64"/>
    <property name="sun.jnu.encoding" value="Cp1252"/>
    <property name="java.class.path" value="C:\Users\Akash Sharma\Desktop\selenium\eclipse-jee-mars-2-win32-x86_64\eclipse\AppiumCRMpocAI\target\test-classes;C:\Users\Akash Sharma\Desktop\selenium\eclipse-jee-mars-2-win32-x86_64\eclipse\AppiumCRMpocAI\target\classes;C:\Users\Akash Sharma\.m2\repository\junit\junit\3.8.1\junit-3.8.1.jar;C:\Users\Akash Sharma\.m2\repository\org\seleniumhq\selenium\selenium-server\3.141.59\selenium-server-3.141.59.jar;C:\Users\Akash Sharma\.m2\repository\org\seleniumhq\selenium\selenium-java\3.141.59\selenium-java-3.141.59.jar;C:\Users\Akash Sharma\.m2\repository\org\seleniumhq\selenium\selenium-api\3.141.59\selenium-api-3.141.59.jar;C:\Users\Akash Sharma\.m2\repository\org\seleniumhq\selenium\selenium-chrome-driver\3.141.59\selenium-chrome-driver-3.141.59.jar;C:\Users\Akash Sharma\.m2\repository\org\seleniumhq\selenium\selenium-edge-driver\3.141.59\selenium-edge-driver-3.141.59.jar;C:\Users\Akash Sharma\.m2\repository\org\seleniumhq\selenium\selenium-firefox-driver\3.141.59\selenium-firefox-driver-3.141.59.jar;C:\Users\Akash Sharma\.m2\repository\org\seleniumhq\selenium\selenium-ie-driver\3.141.59\selenium-ie-driver-3.141.59.jar;C:\Users\Akash Sharma\.m2\repository\org\seleniumhq\selenium\selenium-opera-driver\3.141.59\selenium-opera-driver-3.141.59.jar;C:\Users\Akash Sharma\.m2\repository\org\seleniumhq\selenium\selenium-remote-driver\3.141.59\selenium-remote-driver-3.141.59.jar;C:\Users\Akash Sharma\.m2\repository\org\seleniumhq\selenium\selenium-safari-driver\3.141.59\selenium-safari-driver-3.141.59.jar;C:\Users\Akash Sharma\.m2\repository\org\seleniumhq\selenium\selenium-support\3.141.59\selenium-support-3.141.59.jar;C:\Users\Akash Sharma\.m2\repository\com\beust\jcommander\1.72\jcommander-1.72.jar;C:\Users\Akash Sharma\.m2\repository\net\bytebuddy\byte-buddy\1.8.15\byte-buddy-1.8.15.jar;C:\Users\Akash Sharma\.m2\repository\org\apache\commons\commons-exec\1.3\commons-exec-1.3.jar;C:\Users\Akash Sharma\.m2\repository\com\google\guava\guava\25.0-jre\guava-25.0-jre.jar;C:\Users\Akash Sharma\.m2\repository\com\google\code\findbugs\jsr305\1.3.9\jsr305-1.3.9.jar;C:\Users\Akash Sharma\.m2\repository\org\checkerframework\checker-compat-qual\2.0.0\checker-compat-qual-2.0.0.jar;C:\Users\Akash Sharma\.m2\repository\com\google\errorprone\error_prone_annotations\2.1.3\error_prone_annotations-2.1.3.jar;C:\Users\Akash Sharma\.m2\repository\com\google\j2objc\j2objc-annotations\1.1\j2objc-annotations-1.1.jar;C:\Users\Akash Sharma\.m2\repository\org\codehaus\mojo\animal-sniffer-annotations\1.14\animal-sniffer-annotations-1.14.jar;C:\Users\Akash Sharma\.m2\repository\net\jcip\jcip-annotations\1.0\jcip-annotations-1.0.jar;C:\Users\Akash Sharma\.m2\repository\org\seleniumhq\selenium\jetty-repacked\9.4.12.v20180830\jetty-repacked-9.4.12.v20180830.jar;C:\Users\Akash Sharma\.m2\repository\com\squareup\okhttp3\okhttp\3.11.0\okhttp-3.11.0.jar;C:\Users\Akash Sharma\.m2\repository\com\squareup\okio\okio\1.14.0\okio-1.14.0.jar;C:\Users\Akash Sharma\.m2\repository\javax\servlet\javax.servlet-api\3.1.0\javax.servlet-api-3.1.0.jar;C:\Users\Akash Sharma\.m2\repository\org\yaml\snakeyaml\1.19\snakeyaml-1.19.jar;C:\Users\Akash Sharma\.m2\repository\io\appium\java-client\7.5.0\java-client-7.5.0.jar;C:\Users\Akash Sharma\.m2\repository\com\google\code\gson\gson\2.8.6\gson-2.8.6.jar;C:\Users\Akash Sharma\.m2\repository\org\apache\httpcomponents\httpclient\4.5.13\httpclient-4.5.13.jar;C:\Users\Akash Sharma\.m2\repository\org\apache\httpcomponents\httpcore\4.4.13\httpcore-4.4.13.jar;C:\Users\Akash Sharma\.m2\repository\cglib\cglib\3.3.0\cglib-3.3.0.jar;C:\Users\Akash Sharma\.m2\repository\org\ow2\asm\asm\7.1\asm-7.1.jar;C:\Users\Akash Sharma\.m2\repository\org\springframework\spring-context\5.3.4\spring-context-5.3.4.jar;C:\Users\Akash Sharma\.m2\repository\org\springframework\spring-aop\5.3.4\spring-aop-5.3.4.jar;C:\Users\Akash Sharma\.m2\repository\org\springframework\spring-beans\5.3.4\spring-beans-5.3.4.jar;C:\Users\Akash Sharma\.m2\repository\org\springframework\spring-core\5.3.4\spring-core-5.3.4.jar;C:\Users\Akash Sharma\.m2\repository\org\springframework\spring-jcl\5.3.4\spring-jcl-5.3.4.jar;C:\Users\Akash Sharma\.m2\repository\org\springframework\spring-expression\5.3.4\spring-expression-5.3.4.jar;C:\Users\Akash Sharma\.m2\repository\org\aspectj\aspectjweaver\1.9.6\aspectjweaver-1.9.6.jar;C:\Users\Akash Sharma\.m2\repository\org\testng\testng\6.13.1\testng-6.13.1.jar;C:\Users\Akash Sharma\.m2\repository\com\aventstack\extentreports\4.0.0\extentreports-4.0.0.jar;C:\Users\Akash Sharma\.m2\repository\org\freemarker\freemarker\2.3.23\freemarker-2.3.23.jar;C:\Users\Akash Sharma\.m2\repository\org\mongodb\mongodb-driver\3.3.0\mongodb-driver-3.3.0.jar;C:\Users\Akash Sharma\.m2\repository\org\mongodb\mongodb-driver-core\3.3.0\mongodb-driver-core-3.3.0.jar;C:\Users\Akash Sharma\.m2\repository\org\mongodb\bson\3.3.0\bson-3.3.0.jar;C:\Users\Akash Sharma\.m2\repository\org\apache\httpcomponents\httpmime\4.5.2\httpmime-4.5.2.jar;C:\Users\Akash Sharma\.m2\repository\org\apache\poi\poi\4.1.2\poi-4.1.2.jar;C:\Users\Akash Sharma\.m2\repository\commons-codec\commons-codec\1.13\commons-codec-1.13.jar;C:\Users\Akash Sharma\.m2\repository\org\apache\commons\commons-collections4\4.4\commons-collections4-4.4.jar;C:\Users\Akash Sharma\.m2\repository\org\apache\commons\commons-math3\3.6.1\commons-math3-3.6.1.jar;C:\Users\Akash Sharma\.m2\repository\com\zaxxer\SparseBitSet\1.2\SparseBitSet-1.2.jar;C:\Users\Akash Sharma\.m2\repository\org\apache\poi\poi-ooxml\4.1.2\poi-ooxml-4.1.2.jar;C:\Users\Akash Sharma\.m2\repository\org\apache\commons\commons-compress\1.19\commons-compress-1.19.jar;C:\Users\Akash Sharma\.m2\repository\com\github\virtuald\curvesapi\1.06\curvesapi-1.06.jar;C:\Users\Akash Sharma\.m2\repository\commons-io\commons-io\2.6\commons-io-2.6.jar;C:\Users\Akash Sharma\.m2\repository\org\apache\poi\poi-ooxml-schemas\4.1.2\poi-ooxml-schemas-4.1.2.jar;C:\Users\Akash Sharma\.m2\repository\org\apache\xmlbeans\xmlbeans\3.1.0\xmlbeans-3.1.0.jar;C:\Users\Akash Sharma\.m2\repository\org\apache\poi\poi-scratchpad\4.1.2\poi-scratchpad-4.1.2.jar;C:\Users\Akash Sharma\.m2\repository\org\apache\poi\openxml4j\1.0-beta\openxml4j-1.0-beta.jar;C:\Users\Akash Sharma\.m2\repository\dom4j\dom4j\1.6.1\dom4j-1.6.1.jar;C:\Users\Akash Sharma\.m2\repository\xml-apis\xml-apis\1.0.b2\xml-apis-1.0.b2.jar;C:\Users\Akash Sharma\.m2\repository\log4j\log4j\1.2.8\log4j-1.2.8.jar;C:\Users\Akash Sharma\.m2\repository\commons-validator\commons-validator\1.6\commons-validator-1.6.jar;C:\Users\Akash Sharma\.m2\repository\commons-beanutils\commons-beanutils\1.9.2\commons-beanutils-1.9.2.jar;C:\Users\Akash Sharma\.m2\repository\commons-digester\commons-digester\1.8.1\commons-digester-1.8.1.jar;C:\Users\Akash Sharma\.m2\repository\commons-logging\commons-logging\1.2\commons-logging-1.2.jar;C:\Users\Akash Sharma\.m2\repository\commons-collections\commons-collections\3.2.2\commons-collections-3.2.2.jar;C:\Users\Akash Sharma\.m2\repository\org\slf4j\slf4j-api\1.7.26\slf4j-api-1.7.26.jar;C:\Users\Akash Sharma\.m2\repository\org\slf4j\slf4j-simple\1.7.26\slf4j-simple-1.7.26.jar;C:\Users\Akash Sharma\.m2\repository\org\apache\commons\commons-lang3\3.9\commons-lang3-3.9.jar;"/>
    <property name="java.vm.vendor" value="Oracle Corporation"/>
    <property name="sun.arch.data.model" value="64"/>
    <property name="user.variant" value=""/>
    <property name="java.vendor.url" value="http://java.oracle.com/"/>
    <property name="user.timezone" value="Asia/Calcutta"/>
    <property name="java.vm.specification.version" value="1.8"/>
    <property name="os.name" value="Windows 10"/>
    <property name="user.country" value="IN"/>
    <property name="sun.java.launcher" value="SUN_STANDARD"/>
    <property name="sun.boot.library.path" value="C:\Program Files\Java\jdk1.8.0_181\jre\bin"/>
    <property name="sun.java.command" value="C:\Users\Akash Sharma\AppData\Local\Temp\surefire6789857394712579773\surefirebooter4269882110982474198.jar C:\Users\Akash Sharma\AppData\Local\Temp\surefire6789857394712579773 2021-09-26T15-22-55_215-jvmRun1 surefire2125164126148619582tmp surefire_08615171590075900671tmp"/>
    <property name="surefire.test.class.path" value="C:\Users\Akash Sharma\Desktop\selenium\eclipse-jee-mars-2-win32-x86_64\eclipse\AppiumCRMpocAI\target\test-classes;C:\Users\Akash Sharma\Desktop\selenium\eclipse-jee-mars-2-win32-x86_64\eclipse\AppiumCRMpocAI\target\classes;C:\Users\Akash Sharma\.m2\repository\junit\junit\3.8.1\junit-3.8.1.jar;C:\Users\Akash Sharma\.m2\repository\org\seleniumhq\selenium\selenium-server\3.141.59\selenium-server-3.141.59.jar;C:\Users\Akash Sharma\.m2\repository\org\seleniumhq\selenium\selenium-java\3.141.59\selenium-java-3.141.59.jar;C:\Users\Akash Sharma\.m2\repository\org\seleniumhq\selenium\selenium-api\3.141.59\selenium-api-3.141.59.jar;C:\Users\Akash Sharma\.m2\repository\org\seleniumhq\selenium\selenium-chrome-driver\3.141.59\selenium-chrome-driver-3.141.59.jar;C:\Users\Akash Sharma\.m2\repository\org\seleniumhq\selenium\selenium-edge-driver\3.141.59\selenium-edge-driver-3.141.59.jar;C:\Users\Akash Sharma\.m2\repository\org\seleniumhq\selenium\selenium-firefox-driver\3.141.59\selenium-firefox-driver-3.141.59.jar;C:\Users\Akash Sharma\.m2\repository\org\seleniumhq\selenium\selenium-ie-driver\3.141.59\selenium-ie-driver-3.141.59.jar;C:\Users\Akash Sharma\.m2\repository\org\seleniumhq\selenium\selenium-opera-driver\3.141.59\selenium-opera-driver-3.141.59.jar;C:\Users\Akash Sharma\.m2\repository\org\seleniumhq\selenium\selenium-remote-driver\3.141.59\selenium-remote-driver-3.141.59.jar;C:\Users\Akash Sharma\.m2\repository\org\seleniumhq\selenium\selenium-safari-driver\3.141.59\selenium-safari-driver-3.141.59.jar;C:\Users\Akash Sharma\.m2\repository\org\seleniumhq\selenium\selenium-support\3.141.59\selenium-support-3.141.59.jar;C:\Users\Akash Sharma\.m2\repository\com\beust\jcommander\1.72\jcommander-1.72.jar;C:\Users\Akash Sharma\.m2\repository\net\bytebuddy\byte-buddy\1.8.15\byte-buddy-1.8.15.jar;C:\Users\Akash Sharma\.m2\repository\org\apache\commons\commons-exec\1.3\commons-exec-1.3.jar;C:\Users\Akash Sharma\.m2\repository\com\google\guava\guava\25.0-jre\guava-25.0-jre.jar;C:\Users\Akash Sharma\.m2\repository\com\google\code\findbugs\jsr305\1.3.9\jsr305-1.3.9.jar;C:\Users\Akash Sharma\.m2\repository\org\checkerframework\checker-compat-qual\2.0.0\checker-compat-qual-2.0.0.jar;C:\Users\Akash Sharma\.m2\repository\com\google\errorprone\error_prone_annotations\2.1.3\error_prone_annotations-2.1.3.jar;C:\Users\Akash Sharma\.m2\repository\com\google\j2objc\j2objc-annotations\1.1\j2objc-annotations-1.1.jar;C:\Users\Akash Sharma\.m2\repository\org\codehaus\mojo\animal-sniffer-annotations\1.14\animal-sniffer-annotations-1.14.jar;C:\Users\Akash Sharma\.m2\repository\net\jcip\jcip-annotations\1.0\jcip-annotations-1.0.jar;C:\Users\Akash Sharma\.m2\repository\org\seleniumhq\selenium\jetty-repacked\9.4.12.v20180830\jetty-repacked-9.4.12.v20180830.jar;C:\Users\Akash Sharma\.m2\repository\com\squareup\okhttp3\okhttp\3.11.0\okhttp-3.11.0.jar;C:\Users\Akash Sharma\.m2\repository\com\squareup\okio\okio\1.14.0\okio-1.14.0.jar;C:\Users\Akash Sharma\.m2\repository\javax\servlet\javax.servlet-api\3.1.0\javax.servlet-api-3.1.0.jar;C:\Users\Akash Sharma\.m2\repository\org\yaml\snakeyaml\1.19\snakeyaml-1.19.jar;C:\Users\Akash Sharma\.m2\repository\io\appium\java-client\7.5.0\java-client-7.5.0.jar;C:\Users\Akash Sharma\.m2\repository\com\google\code\gson\gson\2.8.6\gson-2.8.6.jar;C:\Users\Akash Sharma\.m2\repository\org\apache\httpcomponents\httpclient\4.5.13\httpclient-4.5.13.jar;C:\Users\Akash Sharma\.m2\repository\org\apache\httpcomponents\httpcore\4.4.13\httpcore-4.4.13.jar;C:\Users\Akash Sharma\.m2\repository\cglib\cglib\3.3.0\cglib-3.3.0.jar;C:\Users\Akash Sharma\.m2\repository\org\ow2\asm\asm\7.1\asm-7.1.jar;C:\Users\Akash Sharma\.m2\repository\org\springframework\spring-context\5.3.4\spring-context-5.3.4.jar;C:\Users\Akash Sharma\.m2\repository\org\springframework\spring-aop\5.3.4\spring-aop-5.3.4.jar;C:\Users\Akash Sharma\.m2\repository\org\springframework\spring-beans\5.3.4\spring-beans-5.3.4.jar;C:\Users\Akash Sharma\.m2\repository\org\springframework\spring-core\5.3.4\spring-core-5.3.4.jar;C:\Users\Akash Sharma\.m2\repository\org\springframework\spring-jcl\5.3.4\spring-jcl-5.3.4.jar;C:\Users\Akash Sharma\.m2\repository\org\springframework\spring-expression\5.3.4\spring-expression-5.3.4.jar;C:\Users\Akash Sharma\.m2\repository\org\aspectj\aspectjweaver\1.9.6\aspectjweaver-1.9.6.jar;C:\Users\Akash Sharma\.m2\repository\org\testng\testng\6.13.1\testng-6.13.1.jar;C:\Users\Akash Sharma\.m2\repository\com\aventstack\extentreports\4.0.0\extentreports-4.0.0.jar;C:\Users\Akash Sharma\.m2\repository\org\freemarker\freemarker\2.3.23\freemarker-2.3.23.jar;C:\Users\Akash Sharma\.m2\repository\org\mongodb\mongodb-driver\3.3.0\mongodb-driver-3.3.0.jar;C:\Users\Akash Sharma\.m2\repository\org\mongodb\mongodb-driver-core\3.3.0\mongodb-driver-core-3.3.0.jar;C:\Users\Akash Sharma\.m2\repository\org\mongodb\bson\3.3.0\bson-3.3.0.jar;C:\Users\Akash Sharma\.m2\repository\org\apache\httpcomponents\httpmime\4.5.2\httpmime-4.5.2.jar;C:\Users\Akash Sharma\.m2\repository\org\apache\poi\poi\4.1.2\poi-4.1.2.jar;C:\Users\Akash Sharma\.m2\repository\commons-codec\commons-codec\1.13\commons-codec-1.13.jar;C:\Users\Akash Sharma\.m2\repository\org\apache\commons\commons-collections4\4.4\commons-collections4-4.4.jar;C:\Users\Akash Sharma\.m2\repository\org\apache\commons\commons-math3\3.6.1\commons-math3-3.6.1.jar;C:\Users\Akash Sharma\.m2\repository\com\zaxxer\SparseBitSet\1.2\SparseBitSet-1.2.jar;C:\Users\Akash Sharma\.m2\repository\org\apache\poi\poi-ooxml\4.1.2\poi-ooxml-4.1.2.jar;C:\Users\Akash Sharma\.m2\repository\org\apache\commons\commons-compress\1.19\commons-compress-1.19.jar;C:\Users\Akash Sharma\.m2\repository\com\github\virtuald\curvesapi\1.06\curvesapi-1.06.jar;C:\Users\Akash Sharma\.m2\repository\commons-io\commons-io\2.6\commons-io-2.6.jar;C:\Users\Akash Sharma\.m2\repository\org\apache\poi\poi-ooxml-schemas\4.1.2\poi-ooxml-schemas-4.1.2.jar;C:\Users\Akash Sharma\.m2\repository\org\apache\xmlbeans\xmlbeans\3.1.0\xmlbeans-3.1.0.jar;C:\Users\Akash Sharma\.m2\repository\org\apache\poi\poi-scratchpad\4.1.2\poi-scratchpad-4.1.2.jar;C:\Users\Akash Sharma\.m2\repository\org\apache\poi\openxml4j\1.0-beta\openxml4j-1.0-beta.jar;C:\Users\Akash Sharma\.m2\repository\dom4j\dom4j\1.6.1\dom4j-1.6.1.jar;C:\Users\Akash Sharma\.m2\repository\xml-apis\xml-apis\1.0.b2\xml-apis-1.0.b2.jar;C:\Users\Akash Sharma\.m2\repository\log4j\log4j\1.2.8\log4j-1.2.8.jar;C:\Users\Akash Sharma\.m2\repository\commons-validator\commons-validator\1.6\commons-validator-1.6.jar;C:\Users\Akash Sharma\.m2\repository\commons-beanutils\commons-beanutils\1.9.2\commons-beanutils-1.9.2.jar;C:\Users\Akash Sharma\.m2\repository\commons-digester\commons-digester\1.8.1\commons-digester-1.8.1.jar;C:\Users\Akash Sharma\.m2\repository\commons-logging\commons-logging\1.2\commons-logging-1.2.jar;C:\Users\Akash Sharma\.m2\repository\commons-collections\commons-collections\3.2.2\commons-collections-3.2.2.jar;C:\Users\Akash Sharma\.m2\repository\org\slf4j\slf4j-api\1.7.26\slf4j-api-1.7.26.jar;C:\Users\Akash Sharma\.m2\repository\org\slf4j\slf4j-simple\1.7.26\slf4j-simple-1.7.26.jar;C:\Users\Akash Sharma\.m2\repository\org\apache\commons\commons-lang3\3.9\commons-lang3-3.9.jar;"/>
    <property name="sun.cpu.endian" value="little"/>
    <property name="user.home" value="C:\Users\Akash Sharma"/>
    <property name="user.language" value="en"/>
    <property name="java.specification.vendor" value="Oracle Corporation"/>
    <property name="java.home" value="C:\Program Files\Java\jdk1.8.0_181\jre"/>
    <property name="basedir" value="C:\Users\Akash Sharma\Desktop\selenium\eclipse-jee-mars-2-win32-x86_64\eclipse\AppiumCRMpocAI"/>
    <property name="file.separator" value="\"/>
    <property name="line.separator" value="&#10;"/>
    <property name="java.vm.specification.vendor" value="Oracle Corporation"/>
    <property name="java.specification.name" value="Java Platform API Specification"/>
    <property name="java.awt.graphicsenv" value="sun.awt.Win32GraphicsEnvironment"/>
    <property name="surefire.real.class.path" value="C:\Users\Akash Sharma\AppData\Local\Temp\surefire6789857394712579773\surefirebooter4269882110982474198.jar"/>
    <property name="sun.boot.class.path" value="C:\Program Files\Java\jdk1.8.0_181\jre\lib\resources.jar;C:\Program Files\Java\jdk1.8.0_181\jre\lib\rt.jar;C:\Program Files\Java\jdk1.8.0_181\jre\lib\sunrsasign.jar;C:\Program Files\Java\jdk1.8.0_181\jre\lib\jsse.jar;C:\Program Files\Java\jdk1.8.0_181\jre\lib\jce.jar;C:\Program Files\Java\jdk1.8.0_181\jre\lib\charsets.jar;C:\Program Files\Java\jdk1.8.0_181\jre\lib\jfr.jar;C:\Program Files\Java\jdk1.8.0_181\jre\classes"/>
    <property name="user.script" value=""/>
    <property name="sun.management.compiler" value="HotSpot 64-Bit Tiered Compilers"/>
    <property name="java.runtime.version" value="1.8.0_181-b13"/>
    <property name="user.name" value="Akash Sharma"/>
    <property name="path.separator" value=";"/>
    <property name="os.version" value="10.0"/>
    <property name="java.endorsed.dirs" value="C:\Program Files\Java\jdk1.8.0_181\jre\lib\endorsed"/>
    <property name="java.runtime.name" value="Java(TM) SE Runtime Environment"/>
    <property name="file.encoding" value="Cp1252"/>
    <property name="java.vm.name" value="Java HotSpot(TM) 64-Bit Server VM"/>
    <property name="localRepository" value="C:\Users\Akash Sharma\.m2\repository"/>
    <property name="java.vendor.url.bug" value="http://bugreport.sun.com/bugreport/"/>
    <property name="java.io.tmpdir" value="C:\Users\AKASHS~1\AppData\Local\Temp\"/>
    <property name="java.version" value="1.8.0_181"/>
    <property name="user.dir" value="C:\Users\Akash Sharma\Desktop\selenium\eclipse-jee-mars-2-win32-x86_64\eclipse\AppiumCRMpocAI"/>
    <property name="os.arch" value="amd64"/>
    <property name="java.vm.specification.name" value="Java Virtual Machine Specification"/>
    <property name="java.awt.printerjob" value="sun.awt.windows.WPrinterJob"/>
    <property name="sun.os.patch.level" value=""/>
    <property name="java.library.path" value="C:\Program Files\Java\jdk1.8.0_181\jre\bin;C:\WINDOWS\Sun\Java\bin;C:\WINDOWS\system32;C:\WINDOWS;C:\Users\Akash Sharma\AppData\Local\Android\Sdk\tools\bin;C:\Users\Akash Sharma\AppData\Local\Android\Sdk\tools;C:\Users\Akash Sharma\AppData\Local\Android\Sdk\platform-tools;C:\Program Files\Java\jre1.8.0_181\bin;%MAVEN_HOME%\bin;C:\oraclexe\app\oracle\product\10.2.0\server\bin;C:\Program Files (x86)\Common Files\Oracle\Java\javapath;C:\WINDOWS\system32;C:\WINDOWS;C:\WINDOWS\System32\Wbem;C:\WINDOWS\System32\WindowsPowerShell\v1.0\;C:\WINDOWS\System32\OpenSSH\;C:\Program Files\Java\jdk1.8.0_181\bin;C:\Program Files\Git\cmd;C:\Users\Akash Sharma\AppData\Local\Android\Sdk\build-tools;C:\Program Files\apache-maven-3.6.1\bin;C:\Program Files\nodejs\;C:\Program Files\nodejs\node_modules\npm\bin;C:\Users\Akash Sharma\AppData\Local\Programs\Python\Python37\Scripts\;C:\Users\Akash Sharma\AppData\Local\Programs\Python\Python37\;C:\Program Files\MySQL\MySQL Shell 8.0\bin\;C:\Users\Akash Sharma\AppData\Local\Microsoft\WindowsApps;C:\Users\Akash Sharma\AppData\Roaming\npm;."/>
    <property name="java.vm.info" value="mixed mode"/>
    <property name="java.vendor" value="Oracle Corporation"/>
    <property name="java.vm.version" value="25.181-b13"/>
    <property name="java.ext.dirs" value="C:\Program Files\Java\jdk1.8.0_181\jre\lib\ext;C:\WINDOWS\Sun\Java\lib\ext"/>
    <property name="sun.io.unicode.encoding" value="UnicodeLittle"/>
    <property name="java.class.version" value="52.0"/>
  </properties>
  <testcase name="logintest" classname="AppiumCRMpoc.AppiumCRMpocAI.Login_tc" time="66.391">
    <failure message="An element could not be located on the page using the given search parameters.&#10;For documentation on this error, please visit: https://www.seleniumhq.org/exceptions/no_such_element.html&#10;Build info: version: &apos;3.141.59&apos;, revision: &apos;e82be7d358&apos;, time: &apos;2018-11-14T08:17:03&apos;&#10;System info: host: &apos;DESKTOP-G81NK99&apos;, ip: &apos;192.168.0.111&apos;, os.name: &apos;Windows 10&apos;, os.arch: &apos;amd64&apos;, os.version: &apos;10.0&apos;, java.version: &apos;1.8.0_181&apos;&#10;Driver info: io.appium.java_client.android.AndroidDriver&#10;Capabilities {app: C:\Users\Akash Sharma\Deskt..., appActivity: .qr.QrScannerActivity t50, appPackage: com.crmnextmobile.crmnextof..., automationName: APPIUM, databaseEnabled: false, desired: {app: C:\Users\Akash Sharma\Deskt..., appActivity: .qr.QrScannerActivity t50, appPackage: com.crmnextmobile.crmnextof..., automationName: APPIUM, deviceName: PVLBTCAE4L5SSGM7, newCommandTimeout: 120, noReset: true, platformName: android, platformVersion: 11.0}, deviceApiLevel: 30, deviceManufacturer: realme, deviceModel: RMX3171, deviceName: PVLBTCAE4L5SSGM7, deviceScreenDensity: 320, deviceScreenSize: 720x1600, deviceUDID: PVLBTCAE4L5SSGM7, javascriptEnabled: true, locationContextEnabled: false, networkConnectionEnabled: true, newCommandTimeout: 120, noReset: true, pixelRatio: 2, platform: LINUX, platformName: Android, platformVersion: 11, statBarHeight: 64, takesScreenshot: true, viewportRect: {height: 1384, left: 0, top: 64, width: 720}, warnings: {}, webStorageEnabled: false}&#10;Session ID: de968a0e-0fdc-4a9e-bdc5-84d072e07abc&#10;*** Element info: {Using=xpath, value=//*[@text=&apos;While using the app&apos;]}" type="org.openqa.selenium.NoSuchElementException"><![CDATA[org.openqa.selenium.NoSuchElementException: 
An element could not be located on the page using the given search parameters.
For documentation on this error, please visit: https://www.seleniumhq.org/exceptions/no_such_element.html
Build info: version: '3.141.59', revision: 'e82be7d358', time: '2018-11-14T08:17:03'
System info: host: 'DESKTOP-G81NK99', ip: '192.168.0.111', os.name: 'Windows 10', os.arch: 'amd64', os.version: '10.0', java.version: '1.8.0_181'
Driver info: io.appium.java_client.android.AndroidDriver
Capabilities {app: C:\Users\Akash Sharma\Deskt..., appActivity: .qr.QrScannerActivity t50, appPackage: com.crmnextmobile.crmnextof..., automationName: APPIUM, databaseEnabled: false, desired: {app: C:\Users\Akash Sharma\Deskt..., appActivity: .qr.QrScannerActivity t50, appPackage: com.crmnextmobile.crmnextof..., automationName: APPIUM, deviceName: PVLBTCAE4L5SSGM7, newCommandTimeout: 120, noReset: true, platformName: android, platformVersion: 11.0}, deviceApiLevel: 30, deviceManufacturer: realme, deviceModel: RMX3171, deviceName: PVLBTCAE4L5SSGM7, deviceScreenDensity: 320, deviceScreenSize: 720x1600, deviceUDID: PVLBTCAE4L5SSGM7, javascriptEnabled: true, locationContextEnabled: false, networkConnectionEnabled: true, newCommandTimeout: 120, noReset: true, pixelRatio: 2, platform: LINUX, platformName: Android, platformVersion: 11, statBarHeight: 64, takesScreenshot: true, viewportRect: {height: 1384, left: 0, top: 64, width: 720}, warnings: {}, webStorageEnabled: false}
Session ID: de968a0e-0fdc-4a9e-bdc5-84d072e07abc
*** Element info: {Using=xpath, value=//*[@text='While using the app']}
	at AppiumCRMpoc.AppiumCRMpocAI.Login_tc.logintest(Login_tc.java:25)
]]></failure>
    <system-out><![CDATA[&amp#27;[35m[Appium]&amp#27;[39m Welcome to Appium v1.21.0
&amp#27;[35m[Appium]&amp#27;[39m Appium REST http interface listener started on 0.0.0.0:4723
&amp#27;[35m[HTTP]&amp#27;[39m &amp#27;[37m-->&amp#27;[39m &amp#27;[37mGET&amp#27;[39m &amp#27;[37m/wd/hub/status&amp#27;[39m
&amp#27;[35m[HTTP]&amp#27;[39m &amp#27;[90m{}&amp#27;[39m
[debug] &amp#27;[35m[GENERIC]&amp#27;[39m Calling AppiumDriver.getStatus() with args: []
[debug] &amp#27;[35m[GENERIC]&amp#27;[39m Responding to client with driver.getStatus() result: {"build":{"version":"1.21.0"}}
&amp#27;[35m[HTTP]&amp#27;[39m &amp#27;[37m<-- GET /wd/hub/status &amp#27;[39m&amp#27;[32m200&amp#27;[39m &amp#27;[90m50 ms - 68&amp#27;[39m
&amp#27;[35m[HTTP]&amp#27;[39m &amp#27;[90m&amp#27;[39m
[debug] &amp#27;[35m[HTTP]&amp#27;[39m Request idempotency key: ca6db9f1-ea48-48ae-9b95-55e2daed0b7e
&amp#27;[35m[HTTP]&amp#27;[39m &amp#27;[37m-->&amp#27;[39m &amp#27;[37mPOST&amp#27;[39m &amp#27;[37m/wd/hub/session&amp#27;[39m
&amp#27;[35m[HTTP]&amp#27;[39m &amp#27;[90m{"desiredCapabilities":{"app":"C:\\Users\\Akash Sharma\\Desktop\\selenium\\eclipse-jee-mars-2-win32-x86_64\\eclipse\\AppiumCRMpocAI\\src\\CRMNextNative5.75.0-Gold7-release.apk","appActivity":".qr.QrScannerActivity t50","appPackage":"com.crmnextmobile.crmnextofflineplay","noReset":true,"newCommandTimeout":"120","platformVersion":"11.0","automationName":"APPIUM","platformName":"Android","deviceName":"PVLBTCAE4L5SSGM7"},"capabilities":{"firstMatch":[{"appium:app":"C:\\Users\\Akash Sharma\\Desktop\\selenium\\eclipse-jee-mars-2-win32-x86_64\\eclipse\\AppiumCRMpocAI\\src\\CRMNextNative5.75.0-Gold7-release.apk","appium:appActivity":".qr.QrScannerActivity t50","appium:appPackage":"com.crmnextmobile.crmnextofflineplay","appium:automationName":"APPIUM","appium:deviceName":"PVLBTCAE4L5SSGM7","appium:newCommandTimeout":"120","appium:noReset":true,"platformName":"android","appium:platformVersion":"11.0"}]}}&amp#27;[39m
[debug] &amp#27;[35m[W3C]&amp#27;[39m Calling AppiumDriver.createSession() with args: [{"app":"C:\\Users\\Akash Sharma\\Desktop\\selenium\\eclipse-jee-mars-2-win32-x86_64\\eclipse\\AppiumCRMpocAI\\src\\CRMNextNative5.75.0-Gold7-release.apk","appActivity":".qr.QrScannerActivity t50","appPackage":"com.crmnextmobile.crmnextofflineplay","noReset":true,"newCommandTimeout":"120","platformVersion":"11.0","automationName":"APPIUM","platformName":"Android","deviceName":"PVLBTCAE4L5SSGM7"},null,{"firstMatch":[{"appium:app":"C:\\Users\\Akash Sharma\\Desktop\\selenium\\eclipse-jee-mars-2-win32-x86_64\\eclipse\\AppiumCRMpocAI\\src\\CRMNextNative5.75.0-Gold7-release.apk","appium:appActivity":".qr.QrScannerActivity t50","appium:appPackage":"com.crmnextmobile.crmnextofflineplay","appium:automationName":"APPIUM","appium:deviceName":"PVLBTCAE4L5SSGM7","appium:newCommandTimeout":"120","appium:noReset":true,"platformName":"android","appium:platformVersion":"11.0"}]}]
[debug] &amp#27;[35m[BaseDriver]&amp#27;[39m Event 'newSessionRequested' logged at 1632650010987 (15:23:30 GMT+0530 (India Standard Time))
&amp#27;[35m[BaseDriver]&amp#27;[39m Number capability passed in as string. Functionality may be compromised.
&amp#27;[35m[Appium]&amp#27;[39m 
&amp#27;[35m[Appium]&amp#27;[39m ======================================================================
&amp#27;[35m[Appium]&amp#27;[39m   DEPRECATION WARNING:
&amp#27;[35m[Appium]&amp#27;[39m 
&amp#27;[35m[Appium]&amp#27;[39m   The 'automationName' capability was not provided in the desired 
&amp#27;[35m[Appium]&amp#27;[39m   capabilities for this Android session
&amp#27;[35m[Appium]&amp#27;[39m 
&amp#27;[35m[Appium]&amp#27;[39m   Setting 'automationName=UiAutomator2' by default and using the 
&amp#27;[35m[Appium]&amp#27;[39m   UiAutomator2 Driver
&amp#27;[35m[Appium]&amp#27;[39m 
&amp#27;[35m[Appium]&amp#27;[39m   The next major version of Appium (2.x) will **require** the 
&amp#27;[35m[Appium]&amp#27;[39m   'automationName' capability to be set for all sessions on all 
&amp#27;[35m[Appium]&amp#27;[39m   platforms
&amp#27;[35m[Appium]&amp#27;[39m 
&amp#27;[35m[Appium]&amp#27;[39m   In previous versions (Appium <= 1.13.x), the default was 
&amp#27;[35m[Appium]&amp#27;[39m   'automationName=UiAutomator1'
&amp#27;[35m[Appium]&amp#27;[39m 
&amp#27;[35m[Appium]&amp#27;[39m   If you wish to use that automation instead of UiAutomator2, please 
&amp#27;[35m[Appium]&amp#27;[39m   add 'automationName=UiAutomator1' to your desired capabilities
&amp#27;[35m[Appium]&amp#27;[39m 
&amp#27;[35m[Appium]&amp#27;[39m   For more information about drivers, please visit 
&amp#27;[35m[Appium]&amp#27;[39m   http://appium.io/docs/en/about-appium/intro/ and explore the 
&amp#27;[35m[Appium]&amp#27;[39m   'Drivers' menu
&amp#27;[35m[Appium]&amp#27;[39m 
&amp#27;[35m[Appium]&amp#27;[39m ======================================================================
&amp#27;[35m[Appium]&amp#27;[39m 
&amp#27;[35m[Appium]&amp#27;[39m Appium v1.21.0 creating new AndroidUiautomator2Driver (v1.65.0) session
[debug] &amp#27;[35m[BaseDriver]&amp#27;[39m W3C capabilities and MJSONWP desired capabilities were provided
[debug] &amp#27;[35m[BaseDriver]&amp#27;[39m Creating session with W3C capabilities: {
[debug] &amp#27;[35m[BaseDriver]&amp#27;[39m   "alwaysMatch": {
[debug] &amp#27;[35m[BaseDriver]&amp#27;[39m     "platformName": "android",
[debug] &amp#27;[35m[BaseDriver]&amp#27;[39m     "appium:app": "C:\\Users\\Akash Sharma\\Desktop\\selenium\\eclipse-jee-mars-2-win32-x86_64\\eclipse\\AppiumCRMpocAI\\src\\CRMNextNative5.75.0-Gold7-release.apk",
[debug] &amp#27;[35m[BaseDriver]&amp#27;[39m     "appium:appActivity": ".qr.QrScannerActivity t50",
[debug] &amp#27;[35m[BaseDriver]&amp#27;[39m     "appium:appPackage": "com.crmnextmobile.crmnextofflineplay",
[debug] &amp#27;[35m[BaseDriver]&amp#27;[39m     "appium:automationName": "APPIUM",
[debug] &amp#27;[35m[BaseDriver]&amp#27;[39m     "appium:deviceName": "PVLBTCAE4L5SSGM7",
[debug] &amp#27;[35m[BaseDriver]&amp#27;[39m     "appium:newCommandTimeout": "120",
[debug] &amp#27;[35m[BaseDriver]&amp#27;[39m     "appium:noReset": true,
[debug] &amp#27;[35m[BaseDriver]&amp#27;[39m     "appium:platformVersion": "11.0"
[debug] &amp#27;[35m[BaseDriver]&amp#27;[39m   },
[debug] &amp#27;[35m[BaseDriver]&amp#27;[39m   "firstMatch": [
[debug] &amp#27;[35m[BaseDriver]&amp#27;[39m     {}
[debug] &amp#27;[35m[BaseDriver]&amp#27;[39m   ]
[debug] &amp#27;[35m[BaseDriver]&amp#27;[39m }
&amp#27;[35m[BaseDriver]&amp#27;[39m Number capability passed in as string. Functionality may be compromised.
&amp#27;[35m[BaseDriver]&amp#27;[39m Capability 'newCommandTimeout' changed from string ('120') to integer (120). This may cause unexpected behavior
&amp#27;[35m[BaseDriver]&amp#27;[39m Session created with session id: de968a0e-0fdc-4a9e-bdc5-84d072e07abc
&amp#27;[35m[BaseDriver]&amp#27;[39m Using local app 'C:\Users\Akash Sharma\Desktop\selenium\eclipse-jee-mars-2-win32-x86_64\eclipse\AppiumCRMpocAI\src\CRMNextNative5.75.0-Gold7-release.apk'
[debug] &amp#27;[35m[UiAutomator2]&amp#27;[39m Checking whether app is actually present
&amp#27;[35m[ADB]&amp#27;[39m Found 1 'build-tools' folders under 'C:\Users\Akash Sharma\AppData\Local\Android\Sdk' (newest first):
&amp#27;[35m[ADB]&amp#27;[39m     C:/Users/Akash Sharma/AppData/Local/Android/Sdk/build-tools/30.0.3
&amp#27;[35m[ADB]&amp#27;[39m Using 'adb.exe' from 'C:\Users\Akash Sharma\AppData\Local\Android\Sdk\platform-tools\adb.exe'
[debug] &amp#27;[35m[ADB]&amp#27;[39m Running 'C:\Users\Akash Sharma\AppData\Local\Android\Sdk\platform-tools\adb.exe -P 5037 start-server'
&amp#27;[35m[AndroidDriver]&amp#27;[39m Retrieving device list
[debug] &amp#27;[35m[ADB]&amp#27;[39m Trying to find a connected android device
[debug] &amp#27;[35m[ADB]&amp#27;[39m Getting connected devices
[debug] &amp#27;[35m[ADB]&amp#27;[39m Connected devices: [{"udid":"PVLBTCAE4L5SSGM7","state":"device"}]
&amp#27;[35m[AndroidDriver]&amp#27;[39m Looking for a device with Android '11.0.0'
[debug] &amp#27;[35m[ADB]&amp#27;[39m Setting device id to PVLBTCAE4L5SSGM7
&amp#27;[35m[ADB]&amp#27;[39m Getting device platform version
[debug] &amp#27;[35m[ADB]&amp#27;[39m Running 'C:\Users\Akash Sharma\AppData\Local\Android\Sdk\platform-tools\adb.exe -P 5037 -s PVLBTCAE4L5SSGM7 shell getprop ro.build.version.release'
[debug] &amp#27;[35m[ADB]&amp#27;[39m Current device property 'ro.build.version.release': 11
&amp#27;[35m[AndroidDriver]&amp#27;[39m Using device: PVLBTCAE4L5SSGM7
&amp#27;[35m[ADB]&amp#27;[39m Using 'adb.exe' from 'C:\Users\Akash Sharma\AppData\Local\Android\Sdk\platform-tools\adb.exe'
[debug] &amp#27;[35m[ADB]&amp#27;[39m Running 'C:\Users\Akash Sharma\AppData\Local\Android\Sdk\platform-tools\adb.exe -P 5037 start-server'
[debug] &amp#27;[35m[ADB]&amp#27;[39m Setting device id to PVLBTCAE4L5SSGM7
[debug] &amp#27;[35m[ADB]&amp#27;[39m Running 'C:\Users\Akash Sharma\AppData\Local\Android\Sdk\platform-tools\adb.exe -P 5037 -s PVLBTCAE4L5SSGM7 shell getprop ro.build.version.sdk'
[debug] &amp#27;[35m[ADB]&amp#27;[39m Current device property 'ro.build.version.sdk': 30
&amp#27;[35m[ADB]&amp#27;[39m Getting device platform version
[debug] &amp#27;[35m[ADB]&amp#27;[39m Running 'C:\Users\Akash Sharma\AppData\Local\Android\Sdk\platform-tools\adb.exe -P 5037 -s PVLBTCAE4L5SSGM7 shell getprop ro.build.version.release'
[debug] &amp#27;[35m[ADB]&amp#27;[39m Current device property 'ro.build.version.release': 11
[debug] &amp#27;[35m[ADB]&amp#27;[39m Device API level: 30
&amp#27;[35m[UiAutomator2]&amp#27;[39m Relaxing hidden api policy
[debug] &amp#27;[35m[ADB]&amp#27;[39m Running 'C:\Users\Akash Sharma\AppData\Local\Android\Sdk\platform-tools\adb.exe -P 5037 -s PVLBTCAE4L5SSGM7 shell 'settings put global hidden_api_policy_pre_p_apps 1;settings put global hidden_api_policy_p_apps 1;settings put global hidden_api_policy 1''
&amp#27;[35m[AndroidDriver]&amp#27;[39m Capability 'appActivity' is expected to only include latin letters, digits, underscore, dot, comma and asterisk characters.
&amp#27;[35m[AndroidDriver]&amp#27;[39m Current value '.qr.QrScannerActivity t50' has non-matching character at index 21: '.qr.QrScannerActivity '
[debug] &amp#27;[35m[ADB]&amp#27;[39m Running 'C:\Users\Akash Sharma\AppData\Local\Android\Sdk\platform-tools\adb.exe -P 5037 -s PVLBTCAE4L5SSGM7 wait-for-device'
[debug] &amp#27;[35m[ADB]&amp#27;[39m Running 'C:\Users\Akash Sharma\AppData\Local\Android\Sdk\platform-tools\adb.exe -P 5037 -s PVLBTCAE4L5SSGM7 shell echo ping'
[debug] &amp#27;[35m[AndroidDriver]&amp#27;[39m Pushing settings apk to device...
[debug] &amp#27;[35m[ADB]&amp#27;[39m Getting install status for io.appium.settings
[debug] &amp#27;[35m[ADB]&amp#27;[39m Running 'C:\Users\Akash Sharma\AppData\Local\Android\Sdk\platform-tools\adb.exe -P 5037 -s PVLBTCAE4L5SSGM7 shell dumpsys package io.appium.settings'
[debug] &amp#27;[35m[ADB]&amp#27;[39m 'io.appium.settings' is installed
[debug] &amp#27;[35m[ADB]&amp#27;[39m Getting package info for 'io.appium.settings'
[debug] &amp#27;[35m[ADB]&amp#27;[39m Running 'C:\Users\Akash Sharma\AppData\Local\Android\Sdk\platform-tools\adb.exe -P 5037 -s PVLBTCAE4L5SSGM7 shell dumpsys package io.appium.settings'
[debug] &amp#27;[35m[ADB]&amp#27;[39m The version name of the installed 'io.appium.settings' is greater or equal to the application version name ('3.3.0' >= '3.3.0')
[debug] &amp#27;[35m[ADB]&amp#27;[39m There is no need to install/upgrade 'C:\Users\Akash Sharma\AppData\Roaming\npm\node_modules\appium\node_modules\io.appium.settings\apks\settings_apk-debug.apk'
[debug] &amp#27;[35m[ADB]&amp#27;[39m Getting IDs of all 'io.appium.settings' processes
[debug] &amp#27;[35m[ADB]&amp#27;[39m Running 'C:\Users\Akash Sharma\AppData\Local\Android\Sdk\platform-tools\adb.exe -P 5037 -s PVLBTCAE4L5SSGM7 shell 'pgrep --help; echo $?''
[debug] &amp#27;[35m[ADB]&amp#27;[39m Running 'C:\Users\Akash Sharma\AppData\Local\Android\Sdk\platform-tools\adb.exe -P 5037 -s PVLBTCAE4L5SSGM7 shell pgrep -f \(\[\[:blank:\]\]\|\^\)io\.appium\.settings\(\[\[:blank:\]\]\|\$\)'
[debug] &amp#27;[35m[AndroidDriver]&amp#27;[39m io.appium.settings is already running. There is no need to reset its permissions.
[debug] &amp#27;[35m[ADB]&amp#27;[39m Running 'C:\Users\Akash Sharma\AppData\Local\Android\Sdk\platform-tools\adb.exe -P 5037 -s PVLBTCAE4L5SSGM7 shell appops set io.appium.settings android:mock_location allow'
[debug] &amp#27;[35m[Logcat]&amp#27;[39m Starting logs capture with command: 'C:\\Users\\Akash Sharma\\AppData\\Local\\Android\\Sdk\\platform-tools\\adb.exe' -P 5037 -s PVLBTCAE4L5SSGM7 logcat -v threadtime
[debug] &amp#27;[35m[UiAutomator2]&amp#27;[39m Forwarding UiAutomator2 Server port 6790 to local port 8200
[debug] &amp#27;[35m[ADB]&amp#27;[39m Forwarding system: 8200 to device: 6790
[debug] &amp#27;[35m[ADB]&amp#27;[39m Running 'C:\Users\Akash Sharma\AppData\Local\Android\Sdk\platform-tools\adb.exe -P 5037 -s PVLBTCAE4L5SSGM7 forward tcp:8200 tcp:6790'
[debug] &amp#27;[35m[ADB]&amp#27;[39m Getting install status for io.appium.uiautomator2.server
[debug] &amp#27;[35m[ADB]&amp#27;[39m Running 'C:\Users\Akash Sharma\AppData\Local\Android\Sdk\platform-tools\adb.exe -P 5037 -s PVLBTCAE4L5SSGM7 shell dumpsys package io.appium.uiautomator2.server'
[debug] &amp#27;[35m[ADB]&amp#27;[39m 'io.appium.uiautomator2.server' is installed
[debug] &amp#27;[35m[ADB]&amp#27;[39m Getting package info for 'io.appium.uiautomator2.server'
[debug] &amp#27;[35m[ADB]&amp#27;[39m Running 'C:\Users\Akash Sharma\AppData\Local\Android\Sdk\platform-tools\adb.exe -P 5037 -s PVLBTCAE4L5SSGM7 shell dumpsys package io.appium.uiautomator2.server'
[debug] &amp#27;[35m[ADB]&amp#27;[39m The version name of the installed 'io.appium.uiautomator2.server' is greater or equal to the application version name ('4.21.1' >= '4.21.1')
[debug] &amp#27;[35m[UiAutomator2]&amp#27;[39m io.appium.uiautomator2.server installation state: sameVersionInstalled
[debug] &amp#27;[35m[ADB]&amp#27;[39m Checking app cert for C:\Users\Akash Sharma\AppData\Roaming\npm\node_modules\appium\node_modules\appium-uiautomator2-server\apks\appium-uiautomator2-server-v4.21.1.apk
&amp#27;[35m[ADB]&amp#27;[39m Using 'apksigner.jar' from 'C:\Users\Akash Sharma\AppData\Local\Android\Sdk\build-tools\30.0.3\lib\apksigner.jar'
[debug] &amp#27;[35m[ADB]&amp#27;[39m Starting apksigner: 'C:\\Program Files\\Java\\jdk1.8.0_181\\bin\\java.exe' -Xmx1024M -Xss1m -jar 'C:\\Users\\Akash Sharma\\AppData\\Local\\Android\\Sdk\\build-tools\\30.0.3\\lib\\apksigner.jar' verify --print-certs 'C:\\Users\\Akash Sharma\\AppData\\Roaming\\npm\\node_modules\\appium\\node_modules\\appium-uiautomator2-server\\apks\\appium-uiautomator2-server-v4.21.1.apk'
[debug] &amp#27;[35m[ADB]&amp#27;[39m apksigner stdout: Signer #1 certificate DN: EMAILADDRESS=android@android.com, CN=Android, OU=Android, O=Android, L=Mountain View, ST=California, C=US
[debug] &amp#27;[35m[ADB]&amp#27;[39m Signer #1 certificate SHA-256 digest: a40da80a59d170caa950cf15c18c454d47a39b26989d8b640ecd745ba71bf5dc
[debug] &amp#27;[35m[ADB]&amp#27;[39m Signer #1 certificate SHA-1 digest: 61ed377e85d386a8dfee6b864bd85b0bfaa5af81
[debug] &amp#27;[35m[ADB]&amp#27;[39m Signer #1 certificate MD5 digest: e89b158e4bcf988ebd09eb83f5378e87
[debug] &amp#27;[35m[ADB]&amp#27;[39m 
[debug] &amp#27;[35m[ADB]&amp#27;[39m sha256 hash did match for 'appium-uiautomator2-server-v4.21.1.apk'
&amp#27;[35m[ADB]&amp#27;[39m 'C:\Users\Akash Sharma\AppData\Roaming\npm\node_modules\appium\node_modules\appium-uiautomator2-server\apks\appium-uiautomator2-server-v4.21.1.apk' is signed with the default certificate
[debug] &amp#27;[35m[ADB]&amp#27;[39m Getting install status for io.appium.uiautomator2.server.test
[debug] &amp#27;[35m[ADB]&amp#27;[39m Running 'C:\Users\Akash Sharma\AppData\Local\Android\Sdk\platform-tools\adb.exe -P 5037 -s PVLBTCAE4L5SSGM7 shell dumpsys package io.appium.uiautomator2.server.test'
[debug] &amp#27;[35m[ADB]&amp#27;[39m 'io.appium.uiautomator2.server.test' is installed
[debug] &amp#27;[35m[ADB]&amp#27;[39m Checking app cert for C:\Users\Akash Sharma\AppData\Roaming\npm\node_modules\appium\node_modules\appium-uiautomator2-server\apks\appium-uiautomator2-server-debug-androidTest.apk
[debug] &amp#27;[35m[ADB]&amp#27;[39m Starting apksigner: 'C:\\Program Files\\Java\\jdk1.8.0_181\\bin\\java.exe' -Xmx1024M -Xss1m -jar 'C:\\Users\\Akash Sharma\\AppData\\Local\\Android\\Sdk\\build-tools\\30.0.3\\lib\\apksigner.jar' verify --print-certs 'C:\\Users\\Akash Sharma\\AppData\\Roaming\\npm\\node_modules\\appium\\node_modules\\appium-uiautomator2-server\\apks\\appium-uiautomator2-server-debug-androidTest.apk'
[debug] &amp#27;[35m[ADB]&amp#27;[39m apksigner stdout: Signer #1 certificate DN: EMAILADDRESS=android@android.com, CN=Android, OU=Android, O=Android, L=Mountain View, ST=California, C=US
[debug] &amp#27;[35m[ADB]&amp#27;[39m Signer #1 certificate SHA-256 digest: a40da80a59d170caa950cf15c18c454d47a39b26989d8b640ecd745ba71bf5dc
[debug] &amp#27;[35m[ADB]&amp#27;[39m Signer #1 certificate SHA-1 digest: 61ed377e85d386a8dfee6b864bd85b0bfaa5af81
[debug] &amp#27;[35m[ADB]&amp#27;[39m Signer #1 certificate MD5 digest: e89b158e4bcf988ebd09eb83f5378e87
[debug] &amp#27;[35m[ADB]&amp#27;[39m 
[debug] &amp#27;[35m[ADB]&amp#27;[39m sha256 hash did match for 'appium-uiautomator2-server-debug-androidTest.apk'
&amp#27;[35m[ADB]&amp#27;[39m 'C:\Users\Akash Sharma\AppData\Roaming\npm\node_modules\appium\node_modules\appium-uiautomator2-server\apks\appium-uiautomator2-server-debug-androidTest.apk' is signed with the default certificate
&amp#27;[35m[UiAutomator2]&amp#27;[39m Server packages are not going to be (re)installed
[debug] &amp#27;[35m[UiAutomator2]&amp#27;[39m Waiting up to 30000ms for services to be available
[debug] &amp#27;[35m[ADB]&amp#27;[39m Running 'C:\Users\Akash Sharma\AppData\Local\Android\Sdk\platform-tools\adb.exe -P 5037 -s PVLBTCAE4L5SSGM7 shell pm list instrumentation'
[debug] &amp#27;[35m[UiAutomator2]&amp#27;[39m Instrumentation target 'io.appium.uiautomator2.server.test/androidx.test.runner.AndroidJUnitRunner' is available
&amp#27;[35m[ADB]&amp#27;[39m Adding packages ["io.appium.settings","io.appium.uiautomator2.server","io.appium.uiautomator2.server.test"] to Doze whitelist
[debug] &amp#27;[35m[ADB]&amp#27;[39m Got the following command chunks to execute: [["dumpsys","deviceidle","whitelist","+io.appium.settings",";","dumpsys","deviceidle","whitelist","+io.appium.uiautomator2.server",";","dumpsys","deviceidle","whitelist","+io.appium.uiautomator2.server.test",";"]]
[debug] &amp#27;[35m[ADB]&amp#27;[39m Running 'C:\Users\Akash Sharma\AppData\Local\Android\Sdk\platform-tools\adb.exe -P 5037 -s PVLBTCAE4L5SSGM7 shell dumpsys deviceidle whitelist +io.appium.settings ; dumpsys deviceidle whitelist +io.appium.uiautomator2.server ; dumpsys deviceidle whitelist +io.appium.uiautomator2.server.test ;'
[debug] &amp#27;[35m[ADB]&amp#27;[39m Checking app cert for C:\Users\Akash Sharma\Desktop\selenium\eclipse-jee-mars-2-win32-x86_64\eclipse\AppiumCRMpocAI\src\CRMNextNative5.75.0-Gold7-release.apk
[debug] &amp#27;[35m[ADB]&amp#27;[39m Starting apksigner: 'C:\\Program Files\\Java\\jdk1.8.0_181\\bin\\java.exe' -Xmx1024M -Xss1m -jar 'C:\\Users\\Akash Sharma\\AppData\\Local\\Android\\Sdk\\build-tools\\30.0.3\\lib\\apksigner.jar' verify --print-certs 'C:\\Users\\Akash Sharma\\Desktop\\selenium\\eclipse-jee-mars-2-win32-x86_64\\eclipse\\AppiumCRMpocAI\\src\\CRMNextNative5.75.0-Gold7-release.apk'
[debug] &amp#27;[35m[ADB]&amp#27;[39m apksigner stdout: Signer #1 certificate DN: CN=Acidaes Solutions Pvt.Ltd., OU=Acidaes Solutions Pvt.Ltd., O=Acidaes Solutions Pvt.Ltd., L=Noida, ST=Uttar Pradesh, C=91
[debug] &amp#27;[35m[ADB]&amp#27;[39m Signer #1 certificate SHA-256 digest: 1b5b28e9495aee7e7f65516fdcd33e9c92c58131e8997f2eab924f8a83a7b22d
[debug] &amp#27;[35m[ADB]&amp#27;[39m Signer #1 certificate SHA-1 digest: 83c7e9d2f980c36b1649fa86fc18d5d526391612
[debug] &amp#27;[35m[ADB]&amp#27;[39m Signer #1 certificate MD5 digest: c3fb4dcecfe26af9175caef538f5ac0e
[debug] &amp#27;[35m[ADB]&amp#27;[39m 
&amp#27;[35m[ADB]&amp#27;[39m 'C:\Users\Akash Sharma\Desktop\selenium\eclipse-jee-mars-2-win32-x86_64\eclipse\AppiumCRMpocAI\src\CRMNextNative5.75.0-Gold7-release.apk' is signed with a non-default certificate
[debug] &amp#27;[35m[ADB]&amp#27;[39m Getting install status for com.crmnextmobile.crmnextofflineplay
[debug] &amp#27;[35m[ADB]&amp#27;[39m Running 'C:\Users\Akash Sharma\AppData\Local\Android\Sdk\platform-tools\adb.exe -P 5037 -s PVLBTCAE4L5SSGM7 shell dumpsys package com.crmnextmobile.crmnextofflineplay'
[debug] &amp#27;[35m[ADB]&amp#27;[39m 'com.crmnextmobile.crmnextofflineplay' is installed
[debug] &amp#27;[35m[ADB]&amp#27;[39m Getting package info for 'com.crmnextmobile.crmnextofflineplay'
[debug] &amp#27;[35m[ADB]&amp#27;[39m Running 'C:\Users\Akash Sharma\AppData\Local\Android\Sdk\platform-tools\adb.exe -P 5037 -s PVLBTCAE4L5SSGM7 shell dumpsys package com.crmnextmobile.crmnextofflineplay'
[debug] &amp#27;[35m[ADB]&amp#27;[39m The version name of the installed 'com.crmnextmobile.crmnextofflineplay' is greater or equal to the application version name ('5.75.0' >= '5.75.0')
[debug] &amp#27;[35m[ADB]&amp#27;[39m There is no need to install/upgrade 'C:\Users\Akash Sharma\Desktop\selenium\eclipse-jee-mars-2-win32-x86_64\eclipse\AppiumCRMpocAI\src\CRMNextNative5.75.0-Gold7-release.apk'
[debug] &amp#27;[35m[UiAutomator2]&amp#27;[39m Performing shallow cleanup of automation leftovers
[debug] &amp#27;[35m[UiAutomator2]&amp#27;[39m No obsolete sessions have been detected (socket hang up)
[debug] &amp#27;[35m[ADB]&amp#27;[39m Running 'C:\Users\Akash Sharma\AppData\Local\Android\Sdk\platform-tools\adb.exe -P 5037 -s PVLBTCAE4L5SSGM7 shell am force-stop io.appium.uiautomator2.server.test'
&amp#27;[35m[UiAutomator2]&amp#27;[39m Starting UIAutomator2 server 4.21.1
&amp#27;[35m[UiAutomator2]&amp#27;[39m Using UIAutomator2 server from 'C:\Users\Akash Sharma\AppData\Roaming\npm\node_modules\appium\node_modules\appium-uiautomator2-server\apks\appium-uiautomator2-server-v4.21.1.apk' and test from 'C:\Users\Akash Sharma\AppData\Roaming\npm\node_modules\appium\node_modules\appium-uiautomator2-server\apks\appium-uiautomator2-server-debug-androidTest.apk'
&amp#27;[35m[UiAutomator2]&amp#27;[39m Waiting up to 30000ms for UiAutomator2 to be online...
[debug] &amp#27;[35m[ADB]&amp#27;[39m Creating ADB subprocess with args: ["-P",5037,"-s","PVLBTCAE4L5SSGM7","shell","am","instrument","-w","-e","disableAnalytics",true,"io.appium.uiautomator2.server.test/androidx.test.runner.AndroidJUnitRunner"]
[debug] &amp#27;[35m[WD Proxy]&amp#27;[39m Matched '/status' to command name 'getStatus'
[debug] &amp#27;[35m[WD Proxy]&amp#27;[39m Proxying [GET /status] to [GET http://127.0.0.1:8200/wd/hub/status] with no body
&amp#27;[35m[WD Proxy]&amp#27;[39m socket hang up
[debug] &amp#27;[35m[WD Proxy]&amp#27;[39m Matched '/status' to command name 'getStatus'
[debug] &amp#27;[35m[WD Proxy]&amp#27;[39m Proxying [GET /status] to [GET http://127.0.0.1:8200/wd/hub/status] with no body
&amp#27;[35m[WD Proxy]&amp#27;[39m socket hang up
[debug] &amp#27;[35m[Instrumentation]&amp#27;[39m io.appium.uiautomator2.server.test.AppiumUiAutomator2Server:
[debug] &amp#27;[35m[WD Proxy]&amp#27;[39m Matched '/status' to command name 'getStatus'
[debug] &amp#27;[35m[WD Proxy]&amp#27;[39m Proxying [GET /status] to [GET http://127.0.0.1:8200/wd/hub/status] with no body
&amp#27;[35m[WD Proxy]&amp#27;[39m socket hang up
[debug] &amp#27;[35m[WD Proxy]&amp#27;[39m Matched '/status' to command name 'getStatus'
[debug] &amp#27;[35m[WD Proxy]&amp#27;[39m Proxying [GET /status] to [GET http://127.0.0.1:8200/wd/hub/status] with no body
&amp#27;[35m[WD Proxy]&amp#27;[39m socket hang up
[debug] &amp#27;[35m[WD Proxy]&amp#27;[39m Matched '/status' to command name 'getStatus'
[debug] &amp#27;[35m[WD Proxy]&amp#27;[39m Proxying [GET /status] to [GET http://127.0.0.1:8200/wd/hub/status] with no body
[debug] &amp#27;[35m[WD Proxy]&amp#27;[39m Got response with status 200: {"sessionId":"None","value":{"message":"UiAutomator2 Server is ready to accept commands","ready":true}}
[debug] &amp#27;[35m[UiAutomator2]&amp#27;[39m The initialization of the instrumentation process took 4367ms
[debug] &amp#27;[35m[WD Proxy]&amp#27;[39m Matched '/session' to command name 'createSession'
[debug] &amp#27;[35m[WD Proxy]&amp#27;[39m Proxying [POST /session] to [POST http://127.0.0.1:8200/wd/hub/session] with body: {"capabilities":{"firstMatch":[{"platform":"LINUX","webStorageEnabled":false,"takesScreenshot":true,"javascriptEnabled":true,"databaseEnabled":false,"networkConnectionEnabled":true,"locationContextEnabled":false,"warnings":{},"desired":{"platformName":"android","app":"C:\\Users\\Akash Sharma\\Desktop\\selenium\\eclipse-jee-mars-2-win32-x86_64\\eclipse\\AppiumCRMpocAI\\src\\CRMNextNative5.75.0-Gold7-release.apk","appActivity":".qr.QrScannerActivity t50","appPackage":"com.crmnextmobile.crmnextofflineplay","automationName":"APPIUM","deviceName":"PVLBTCAE4L5SSGM7","newCommandTimeout":120,"noReset":true,"platformVersion":"11.0"},"platformName":"android","app":"C:\\Users\\Akash Sharma\\Desktop\\selenium\\eclipse-jee-mars-2-win32-x86_64\\eclipse\\AppiumCRMpocAI\\src\\CRMNextNative5.75.0-Gold7-release.apk","appActivity":".qr.QrScannerActivity t50","appPackage":"com.crmnextmobile.crmnextofflineplay","automationName":"APPIUM","deviceName":"PVLBTCAE4L5SSGM7","newCommandTimeout":120,"noReset":true,"platformVersion":"1...
[debug] &amp#27;[35m[WD Proxy]&amp#27;[39m Got response with status 200: {"sessionId":"3becf83d-a037-4222-a77c-17b5c8827aa5","value":{"capabilities":{"firstMatch":[{"platform":"LINUX","webStorageEnabled":false,"takesScreenshot":true,"javascriptEnabled":true,"databaseEnabled":false,"networkConnectionEnabled":true,"locationContextEnabled":false,"warnings":{},"desired":{"platformName":"android","app":"C:\\Users\\Akash Sharma\\Desktop\\selenium\\eclipse-jee-mars-2-win32-x86_64\\eclipse\\AppiumCRMpocAI\\src\\CRMNextNative5.75.0-Gold7-release.apk","appActivity":".qr.QrScannerActivity t50","appPackage":"com.crmnextmobile.crmnextofflineplay","automationName":"APPIUM","deviceName":"PVLBTCAE4L5SSGM7","newCommandTimeout":120,"noReset":true,"platformVersion":"11.0"},"platformName":"android","app":"C:\\Users\\Akash Sharma\\Desktop\\selenium\\eclipse-jee-mars-2-win32-x86_64\\eclipse\\AppiumCRMpocAI\\src\\CRMNextNative5.75.0-Gold7-release.apk","appActivity":".qr.QrScannerActivity t50","appPackage":"com.crmnextmobile.crmnextofflineplay","automationName":"APPIUM","deviceName":"PVLBTCAE4L5SSGM7"...
&amp#27;[35m[WD Proxy]&amp#27;[39m Determined the downstream protocol as 'W3C'
[debug] &amp#27;[35m[WD Proxy]&amp#27;[39m Proxying [GET /appium/device/info] to [GET http://127.0.0.1:8200/wd/hub/session/3becf83d-a037-4222-a77c-17b5c8827aa5/appium/device/info] with no body
[debug] &amp#27;[35m[WD Proxy]&amp#27;[39m Got response with status 200: {"sessionId":"3becf83d-a037-4222-a77c-17b5c8827aa5","value":{"androidId":"dbdcf2ef05507201","apiVersion":"30","bluetooth":{"state":"OFF"},"brand":"realme","carrierName":"IND airtel","displayDensity":320,"locale":"en_US","manufacturer":"realme","model":"RMX3171","networks":[{"capabilities":{"SSID":null,"linkDownBandwidthKbps":30000,"linkUpstreamBandwidthKbps":15000,"networkCapabilities":"NET_CAPABILITY_IMS,NET_CAPABILITY_NOT_METERED,NET_CAPABILITY_TRUSTED,NET_CAPABILITY_NOT_VPN,NET_CAPABILITY_VALIDATED,NET_CAPABILITY_NOT_ROAMING,NET_CAPABILITY_FOREGROUND,NET_CAPABILITY_NOT_CONGESTED,NET_CAPABILITY_NOT_SUSPENDED","signalStrength":-2147483648,"transportTypes":"TRANSPORT_CELLULAR"},"detailedState":"CONNECTED","extraInfo":"ims","isAvailable":true,"isConnected":true,"isFailover":false,"isRoaming":false,"state":"CONNECTED","subtype":13,"subtypeName":"LTE","type":0,"typeName":"MOBILE"},{"capabilities":{"SSID":null,"linkDownBandwidthKbps":30000,"linkUpstreamBandwidthKbps":15000,"networkCapabilities":"NET_CAPABILITY...
[debug] &amp#27;[35m[ADB]&amp#27;[39m Running 'C:\Users\Akash Sharma\AppData\Local\Android\Sdk\platform-tools\adb.exe -P 5037 -s PVLBTCAE4L5SSGM7 shell dumpsys window'
&amp#27;[35m[AndroidDriver]&amp#27;[39m Screen already unlocked, doing nothing
&amp#27;[35m[UiAutomator2]&amp#27;[39m Starting 'com.crmnextmobile.crmnextofflineplay/.qr.QrScannerActivity t50 and waiting for 'com.crmnextmobile.crmnextofflineplay/.qr.QrScannerActivity t50'
[debug] &amp#27;[35m[ADB]&amp#27;[39m Running 'C:\Users\Akash Sharma\AppData\Local\Android\Sdk\platform-tools\adb.exe -P 5037 -s PVLBTCAE4L5SSGM7 shell am start -W -n 'com.crmnextmobile.crmnextofflineplay/.qr.QrScannerActivity t50' -S -a android.intent.action.MAIN -c android.intent.category.LAUNCHER -f 0x10200000'
[debug] &amp#27;[35m[WD Proxy]&amp#27;[39m Proxying [GET /appium/device/pixel_ratio] to [GET http://127.0.0.1:8200/wd/hub/session/3becf83d-a037-4222-a77c-17b5c8827aa5/appium/device/pixel_ratio] with no body
[debug] &amp#27;[35m[WD Proxy]&amp#27;[39m Got response with status 200: {"sessionId":"3becf83d-a037-4222-a77c-17b5c8827aa5","value":2}
[debug] &amp#27;[35m[WD Proxy]&amp#27;[39m Matched '/appium/device/system_bars' to command name 'getSystemBars'
[debug] &amp#27;[35m[WD Proxy]&amp#27;[39m Proxying [GET /appium/device/system_bars] to [GET http://127.0.0.1:8200/wd/hub/session/3becf83d-a037-4222-a77c-17b5c8827aa5/appium/device/system_bars] with no body
[debug] &amp#27;[35m[WD Proxy]&amp#27;[39m Got response with status 200: {"sessionId":"3becf83d-a037-4222-a77c-17b5c8827aa5","value":{"statusBar":64}}
[debug] &amp#27;[35m[WD Proxy]&amp#27;[39m Matched '/window/current/size' to command name 'getWindowSize'
[debug] &amp#27;[35m[WD Proxy]&amp#27;[39m Proxying [GET /window/current/size] to [GET http://127.0.0.1:8200/wd/hub/session/3becf83d-a037-4222-a77c-17b5c8827aa5/window/current/size] with no body
[debug] &amp#27;[35m[WD Proxy]&amp#27;[39m Got response with status 200: {"sessionId":"3becf83d-a037-4222-a77c-17b5c8827aa5","value":{"height":1448,"width":720}}
&amp#27;[35m[Appium]&amp#27;[39m New AndroidUiautomator2Driver session created successfully, session de968a0e-0fdc-4a9e-bdc5-84d072e07abc added to master session list
[debug] &amp#27;[35m[BaseDriver]&amp#27;[39m Event 'newSessionStarted' logged at 1632650038354 (15:23:58 GMT+0530 (India Standard Time))
[debug] &amp#27;[35m[W3C (de968a0e)]&amp#27;[39m Cached the protocol value 'W3C' for the new session de968a0e-0fdc-4a9e-bdc5-84d072e07abc
[debug] &amp#27;[35m[W3C (de968a0e)]&amp#27;[39m Responding to client with driver.createSession() result: {"capabilities":{"platform":"LINUX","webStorageEnabled":false,"takesScreenshot":true,"javascriptEnabled":true,"databaseEnabled":false,"networkConnectionEnabled":true,"locationContextEnabled":false,"warnings":{},"desired":{"platformName":"android","app":"C:\\Users\\Akash Sharma\\Desktop\\selenium\\eclipse-jee-mars-2-win32-x86_64\\eclipse\\AppiumCRMpocAI\\src\\CRMNextNative5.75.0-Gold7-release.apk","appActivity":".qr.QrScannerActivity t50","appPackage":"com.crmnextmobile.crmnextofflineplay","automationName":"APPIUM","deviceName":"PVLBTCAE4L5SSGM7","newCommandTimeout":120,"noReset":true,"platformVersion":"11.0"},"platformName":"android","app":"C:\\Users\\Akash Sharma\\Desktop\\selenium\\eclipse-jee-mars-2-win32-x86_64\\eclipse\\AppiumCRMpocAI\\src\\CRMNextNative5.75.0-Gold7-release.apk","appActivity":".qr.QrScannerActivity t50","appPackage":"com.crmnextmobile.crmnextofflineplay","automationName":"APPIUM","deviceName":"PVLBTCAE4L5SSGM7","newCommandTimeout":120,"noReset":true,"platformVersion":"11","deviceUDID"...
&amp#27;[35m[HTTP]&amp#27;[39m &amp#27;[37m<-- POST /wd/hub/session &amp#27;[39m&amp#27;[32m200&amp#27;[39m &amp#27;[90m27386 ms - 1328&amp#27;[39m
&amp#27;[35m[HTTP]&amp#27;[39m &amp#27;[90m&amp#27;[39m
&amp#27;[35m[HTTP]&amp#27;[39m &amp#27;[37m-->&amp#27;[39m &amp#27;[37mPOST&amp#27;[39m &amp#27;[37m/wd/hub/session/de968a0e-0fdc-4a9e-bdc5-84d072e07abc/timeouts&amp#27;[39m
&amp#27;[35m[HTTP]&amp#27;[39m &amp#27;[90m{"implicit":10000}&amp#27;[39m
[debug] &amp#27;[35m[W3C (de968a0e)]&amp#27;[39m Calling AppiumDriver.timeouts() with args: [null,null,null,null,10000,"de968a0e-0fdc-4a9e-bdc5-84d072e07abc"]
[debug] &amp#27;[35m[BaseDriver]&amp#27;[39m W3C timeout argument: {"implicit":10000}}
[debug] &amp#27;[35m[BaseDriver]&amp#27;[39m Set implicit wait to 10000ms
[debug] &amp#27;[35m[W3C (de968a0e)]&amp#27;[39m Responding to client with driver.timeouts() result: null
&amp#27;[35m[HTTP]&amp#27;[39m &amp#27;[37m<-- POST /wd/hub/session/de968a0e-0fdc-4a9e-bdc5-84d072e07abc/timeouts &amp#27;[39m&amp#27;[32m200&amp#27;[39m &amp#27;[90m16 ms - 14&amp#27;[39m
&amp#27;[35m[HTTP]&amp#27;[39m &amp#27;[90m&amp#27;[39m
&amp#27;[35m[HTTP]&amp#27;[39m &amp#27;[37m-->&amp#27;[39m &amp#27;[37mPOST&amp#27;[39m &amp#27;[37m/wd/hub/session/de968a0e-0fdc-4a9e-bdc5-84d072e07abc/element&amp#27;[39m
&amp#27;[35m[HTTP]&amp#27;[39m &amp#27;[90m{"using":"xpath","value":"//*[@text='While using the app']"}&amp#27;[39m
[debug] &amp#27;[35m[W3C (de968a0e)]&amp#27;[39m Calling AppiumDriver.findElement() with args: ["xpath","//*[@text='While using the app']","de968a0e-0fdc-4a9e-bdc5-84d072e07abc"]
[debug] &amp#27;[35m[BaseDriver]&amp#27;[39m Valid locator strategies for this request: xpath, id, class name, accessibility id, css selector, -android uiautomator
[debug] &amp#27;[35m[BaseDriver]&amp#27;[39m Waiting up to 10000 ms for condition
[debug] &amp#27;[35m[WD Proxy]&amp#27;[39m Matched '/element' to command name 'findElement'
[debug] &amp#27;[35m[WD Proxy]&amp#27;[39m Proxying [POST /element] to [POST http://127.0.0.1:8200/wd/hub/session/3becf83d-a037-4222-a77c-17b5c8827aa5/element] with body: {"strategy":"xpath","selector":"//*[@text='While using the app']","context":"","multiple":false}
&amp#27;[35m[WD Proxy]&amp#27;[39m Got response with status 404: {"sessionId":"3becf83d-a037-4222-a77c-17b5c8827aa5","value":{"error":"no such element","message":"An element could not be located on the page using the given search parameters","stacktrace":"io.appium.uiautomator2.common.exceptions.ElementNotFoundException: An element could not be located on the page using the given search parameters\n\tat io.appium.uiautomator2.handler.FindElement.findElement(FindElement.java:89)\n\tat io.appium.uiautomator2.handler.FindElement.safeHandle(FindElement.java:66)\n\tat io.appium.uiautomator2.handler.request.SafeRequestHandler.handle(SafeRequestHandler.java:41)\n\tat io.appium.uiautomator2.server.AppiumServlet.handleRequest(AppiumServlet.java:262)\n\tat io.appium.uiautomator2.server.AppiumServlet.handleHttpRequest(AppiumServlet.java:256)\n\tat io.appium.uiautomator2.http.ServerHandler.channelRead(ServerHandler.java:68)\n\tat io.netty.channel.AbstractChannelHandlerContext.invokeChannelRead(AbstractChannelHandlerContext.java:366)\n\tat io.netty.channel.AbstractChannelHandlerCont...
[debug] &amp#27;[35m[W3C]&amp#27;[39m Matched W3C error code 'no such element' to NoSuchElementError
[debug] &amp#27;[35m[BaseDriver]&amp#27;[39m Waited for 221 ms so far
[debug] &amp#27;[35m[WD Proxy]&amp#27;[39m Matched '/element' to command name 'findElement'
[debug] &amp#27;[35m[WD Proxy]&amp#27;[39m Proxying [POST /element] to [POST http://127.0.0.1:8200/wd/hub/session/3becf83d-a037-4222-a77c-17b5c8827aa5/element] with body: {"strategy":"xpath","selector":"//*[@text='While using the app']","context":"","multiple":false}
&amp#27;[35m[WD Proxy]&amp#27;[39m Got response with status 404: {"sessionId":"3becf83d-a037-4222-a77c-17b5c8827aa5","value":{"error":"no such element","message":"An element could not be located on the page using the given search parameters","stacktrace":"io.appium.uiautomator2.common.exceptions.ElementNotFoundException: An element could not be located on the page using the given search parameters\n\tat io.appium.uiautomator2.handler.FindElement.findElement(FindElement.java:89)\n\tat io.appium.uiautomator2.handler.FindElement.safeHandle(FindElement.java:66)\n\tat io.appium.uiautomator2.handler.request.SafeRequestHandler.handle(SafeRequestHandler.java:41)\n\tat io.appium.uiautomator2.server.AppiumServlet.handleRequest(AppiumServlet.java:262)\n\tat io.appium.uiautomator2.server.AppiumServlet.handleHttpRequest(AppiumServlet.java:256)\n\tat io.appium.uiautomator2.http.ServerHandler.channelRead(ServerHandler.java:68)\n\tat io.netty.channel.AbstractChannelHandlerContext.invokeChannelRead(AbstractChannelHandlerContext.java:366)\n\tat io.netty.channel.AbstractChannelHandlerCont...
[debug] &amp#27;[35m[W3C]&amp#27;[39m Matched W3C error code 'no such element' to NoSuchElementError
[debug] &amp#27;[35m[BaseDriver]&amp#27;[39m Waited for 1239 ms so far
[debug] &amp#27;[35m[WD Proxy]&amp#27;[39m Matched '/element' to command name 'findElement'
[debug] &amp#27;[35m[WD Proxy]&amp#27;[39m Proxying [POST /element] to [POST http://127.0.0.1:8200/wd/hub/session/3becf83d-a037-4222-a77c-17b5c8827aa5/element] with body: {"strategy":"xpath","selector":"//*[@text='While using the app']","context":"","multiple":false}
&amp#27;[35m[WD Proxy]&amp#27;[39m Got response with status 404: {"sessionId":"3becf83d-a037-4222-a77c-17b5c8827aa5","value":{"error":"no such element","message":"An element could not be located on the page using the given search parameters","stacktrace":"io.appium.uiautomator2.common.exceptions.ElementNotFoundException: An element could not be located on the page using the given search parameters\n\tat io.appium.uiautomator2.handler.FindElement.findElement(FindElement.java:89)\n\tat io.appium.uiautomator2.handler.FindElement.safeHandle(FindElement.java:66)\n\tat io.appium.uiautomator2.handler.request.SafeRequestHandler.handle(SafeRequestHandler.java:41)\n\tat io.appium.uiautomator2.server.AppiumServlet.handleRequest(AppiumServlet.java:262)\n\tat io.appium.uiautomator2.server.AppiumServlet.handleHttpRequest(AppiumServlet.java:256)\n\tat io.appium.uiautomator2.http.ServerHandler.channelRead(ServerHandler.java:68)\n\tat io.netty.channel.AbstractChannelHandlerContext.invokeChannelRead(AbstractChannelHandlerContext.java:366)\n\tat io.netty.channel.AbstractChannelHandlerCont...
[debug] &amp#27;[35m[W3C]&amp#27;[39m Matched W3C error code 'no such element' to NoSuchElementError
[debug] &amp#27;[35m[BaseDriver]&amp#27;[39m Waited for 1835 ms so far
[debug] &amp#27;[35m[WD Proxy]&amp#27;[39m Matched '/element' to command name 'findElement'
[debug] &amp#27;[35m[WD Proxy]&amp#27;[39m Proxying [POST /element] to [POST http://127.0.0.1:8200/wd/hub/session/3becf83d-a037-4222-a77c-17b5c8827aa5/element] with body: {"strategy":"xpath","selector":"//*[@text='While using the app']","context":"","multiple":false}
&amp#27;[35m[WD Proxy]&amp#27;[39m Got response with status 404: {"sessionId":"3becf83d-a037-4222-a77c-17b5c8827aa5","value":{"error":"no such element","message":"An element could not be located on the page using the given search parameters","stacktrace":"io.appium.uiautomator2.common.exceptions.ElementNotFoundException: An element could not be located on the page using the given search parameters\n\tat io.appium.uiautomator2.handler.FindElement.findElement(FindElement.java:89)\n\tat io.appium.uiautomator2.handler.FindElement.safeHandle(FindElement.java:66)\n\tat io.appium.uiautomator2.handler.request.SafeRequestHandler.handle(SafeRequestHandler.java:41)\n\tat io.appium.uiautomator2.server.AppiumServlet.handleRequest(AppiumServlet.java:262)\n\tat io.appium.uiautomator2.server.AppiumServlet.handleHttpRequest(AppiumServlet.java:256)\n\tat io.appium.uiautomator2.http.ServerHandler.channelRead(ServerHandler.java:68)\n\tat io.netty.channel.AbstractChannelHandlerContext.invokeChannelRead(AbstractChannelHandlerContext.java:366)\n\tat io.netty.channel.AbstractChannelHandlerCont...
[debug] &amp#27;[35m[W3C]&amp#27;[39m Matched W3C error code 'no such element' to NoSuchElementError
[debug] &amp#27;[35m[BaseDriver]&amp#27;[39m Waited for 3187 ms so far
[debug] &amp#27;[35m[WD Proxy]&amp#27;[39m Matched '/element' to command name 'findElement'
[debug] &amp#27;[35m[WD Proxy]&amp#27;[39m Proxying [POST /element] to [POST http://127.0.0.1:8200/wd/hub/session/3becf83d-a037-4222-a77c-17b5c8827aa5/element] with body: {"strategy":"xpath","selector":"//*[@text='While using the app']","context":"","multiple":false}
&amp#27;[35m[WD Proxy]&amp#27;[39m Got response with status 404: {"sessionId":"3becf83d-a037-4222-a77c-17b5c8827aa5","value":{"error":"no such element","message":"An element could not be located on the page using the given search parameters","stacktrace":"io.appium.uiautomator2.common.exceptions.ElementNotFoundException: An element could not be located on the page using the given search parameters\n\tat io.appium.uiautomator2.handler.FindElement.findElement(FindElement.java:89)\n\tat io.appium.uiautomator2.handler.FindElement.safeHandle(FindElement.java:66)\n\tat io.appium.uiautomator2.handler.request.SafeRequestHandler.handle(SafeRequestHandler.java:41)\n\tat io.appium.uiautomator2.server.AppiumServlet.handleRequest(AppiumServlet.java:262)\n\tat io.appium.uiautomator2.server.AppiumServlet.handleHttpRequest(AppiumServlet.java:256)\n\tat io.appium.uiautomator2.http.ServerHandler.channelRead(ServerHandler.java:68)\n\tat io.netty.channel.AbstractChannelHandlerContext.invokeChannelRead(AbstractChannelHandlerContext.java:366)\n\tat io.netty.channel.AbstractChannelHandlerCont...
[debug] &amp#27;[35m[W3C]&amp#27;[39m Matched W3C error code 'no such element' to NoSuchElementError
[debug] &amp#27;[35m[BaseDriver]&amp#27;[39m Waited for 3852 ms so far
[debug] &amp#27;[35m[WD Proxy]&amp#27;[39m Matched '/element' to command name 'findElement'
[debug] &amp#27;[35m[WD Proxy]&amp#27;[39m Proxying [POST /element] to [POST http://127.0.0.1:8200/wd/hub/session/3becf83d-a037-4222-a77c-17b5c8827aa5/element] with body: {"strategy":"xpath","selector":"//*[@text='While using the app']","context":"","multiple":false}
&amp#27;[35m[WD Proxy]&amp#27;[39m Got response with status 404: {"sessionId":"3becf83d-a037-4222-a77c-17b5c8827aa5","value":{"error":"no such element","message":"An element could not be located on the page using the given search parameters","stacktrace":"io.appium.uiautomator2.common.exceptions.ElementNotFoundException: An element could not be located on the page using the given search parameters\n\tat io.appium.uiautomator2.handler.FindElement.findElement(FindElement.java:89)\n\tat io.appium.uiautomator2.handler.FindElement.safeHandle(FindElement.java:66)\n\tat io.appium.uiautomator2.handler.request.SafeRequestHandler.handle(SafeRequestHandler.java:41)\n\tat io.appium.uiautomator2.server.AppiumServlet.handleRequest(AppiumServlet.java:262)\n\tat io.appium.uiautomator2.server.AppiumServlet.handleHttpRequest(AppiumServlet.java:256)\n\tat io.appium.uiautomator2.http.ServerHandler.channelRead(ServerHandler.java:68)\n\tat io.netty.channel.AbstractChannelHandlerContext.invokeChannelRead(AbstractChannelHandlerContext.java:366)\n\tat io.netty.channel.AbstractChannelHandlerCont...
[debug] &amp#27;[35m[W3C]&amp#27;[39m Matched W3C error code 'no such element' to NoSuchElementError
[debug] &amp#27;[35m[BaseDriver]&amp#27;[39m Waited for 4564 ms so far
[debug] &amp#27;[35m[WD Proxy]&amp#27;[39m Matched '/element' to command name 'findElement'
[debug] &amp#27;[35m[WD Proxy]&amp#27;[39m Proxying [POST /element] to [POST http://127.0.0.1:8200/wd/hub/session/3becf83d-a037-4222-a77c-17b5c8827aa5/element] with body: {"strategy":"xpath","selector":"//*[@text='While using the app']","context":"","multiple":false}
&amp#27;[35m[WD Proxy]&amp#27;[39m Got response with status 404: {"sessionId":"3becf83d-a037-4222-a77c-17b5c8827aa5","value":{"error":"no such element","message":"An element could not be located on the page using the given search parameters","stacktrace":"io.appium.uiautomator2.common.exceptions.ElementNotFoundException: An element could not be located on the page using the given search parameters\n\tat io.appium.uiautomator2.handler.FindElement.findElement(FindElement.java:89)\n\tat io.appium.uiautomator2.handler.FindElement.safeHandle(FindElement.java:66)\n\tat io.appium.uiautomator2.handler.request.SafeRequestHandler.handle(SafeRequestHandler.java:41)\n\tat io.appium.uiautomator2.server.AppiumServlet.handleRequest(AppiumServlet.java:262)\n\tat io.appium.uiautomator2.server.AppiumServlet.handleHttpRequest(AppiumServlet.java:256)\n\tat io.appium.uiautomator2.http.ServerHandler.channelRead(ServerHandler.java:68)\n\tat io.netty.channel.AbstractChannelHandlerContext.invokeChannelRead(AbstractChannelHandlerContext.java:366)\n\tat io.netty.channel.AbstractChannelHandlerCont...
[debug] &amp#27;[35m[W3C]&amp#27;[39m Matched W3C error code 'no such element' to NoSuchElementError
[debug] &amp#27;[35m[BaseDriver]&amp#27;[39m Waited for 5192 ms so far
[debug] &amp#27;[35m[WD Proxy]&amp#27;[39m Matched '/element' to command name 'findElement'
[debug] &amp#27;[35m[WD Proxy]&amp#27;[39m Proxying [POST /element] to [POST http://127.0.0.1:8200/wd/hub/session/3becf83d-a037-4222-a77c-17b5c8827aa5/element] with body: {"strategy":"xpath","selector":"//*[@text='While using the app']","context":"","multiple":false}
&amp#27;[35m[WD Proxy]&amp#27;[39m Got response with status 404: {"sessionId":"3becf83d-a037-4222-a77c-17b5c8827aa5","value":{"error":"no such element","message":"An element could not be located on the page using the given search parameters","stacktrace":"io.appium.uiautomator2.common.exceptions.ElementNotFoundException: An element could not be located on the page using the given search parameters\n\tat io.appium.uiautomator2.handler.FindElement.findElement(FindElement.java:89)\n\tat io.appium.uiautomator2.handler.FindElement.safeHandle(FindElement.java:66)\n\tat io.appium.uiautomator2.handler.request.SafeRequestHandler.handle(SafeRequestHandler.java:41)\n\tat io.appium.uiautomator2.server.AppiumServlet.handleRequest(AppiumServlet.java:262)\n\tat io.appium.uiautomator2.server.AppiumServlet.handleHttpRequest(AppiumServlet.java:256)\n\tat io.appium.uiautomator2.http.ServerHandler.channelRead(ServerHandler.java:68)\n\tat io.netty.channel.AbstractChannelHandlerContext.invokeChannelRead(AbstractChannelHandlerContext.java:366)\n\tat io.netty.channel.AbstractChannelHandlerCont...
[debug] &amp#27;[35m[W3C]&amp#27;[39m Matched W3C error code 'no such element' to NoSuchElementError
[debug] &amp#27;[35m[BaseDriver]&amp#27;[39m Waited for 5807 ms so far
[debug] &amp#27;[35m[WD Proxy]&amp#27;[39m Matched '/element' to command name 'findElement'
[debug] &amp#27;[35m[WD Proxy]&amp#27;[39m Proxying [POST /element] to [POST http://127.0.0.1:8200/wd/hub/session/3becf83d-a037-4222-a77c-17b5c8827aa5/element] with body: {"strategy":"xpath","selector":"//*[@text='While using the app']","context":"","multiple":false}
&amp#27;[35m[WD Proxy]&amp#27;[39m Got response with status 404: {"sessionId":"3becf83d-a037-4222-a77c-17b5c8827aa5","value":{"error":"no such element","message":"An element could not be located on the page using the given search parameters","stacktrace":"io.appium.uiautomator2.common.exceptions.ElementNotFoundException: An element could not be located on the page using the given search parameters\n\tat io.appium.uiautomator2.handler.FindElement.findElement(FindElement.java:89)\n\tat io.appium.uiautomator2.handler.FindElement.safeHandle(FindElement.java:66)\n\tat io.appium.uiautomator2.handler.request.SafeRequestHandler.handle(SafeRequestHandler.java:41)\n\tat io.appium.uiautomator2.server.AppiumServlet.handleRequest(AppiumServlet.java:262)\n\tat io.appium.uiautomator2.server.AppiumServlet.handleHttpRequest(AppiumServlet.java:256)\n\tat io.appium.uiautomator2.http.ServerHandler.channelRead(ServerHandler.java:68)\n\tat io.netty.channel.AbstractChannelHandlerContext.invokeChannelRead(AbstractChannelHandlerContext.java:366)\n\tat io.netty.channel.AbstractChannelHandlerCont...
[debug] &amp#27;[35m[W3C]&amp#27;[39m Matched W3C error code 'no such element' to NoSuchElementError
[debug] &amp#27;[35m[BaseDriver]&amp#27;[39m Waited for 6399 ms so far
[debug] &amp#27;[35m[WD Proxy]&amp#27;[39m Matched '/element' to command name 'findElement'
[debug] &amp#27;[35m[WD Proxy]&amp#27;[39m Proxying [POST /element] to [POST http://127.0.0.1:8200/wd/hub/session/3becf83d-a037-4222-a77c-17b5c8827aa5/element] with body: {"strategy":"xpath","selector":"//*[@text='While using the app']","context":"","multiple":false}
&amp#27;[35m[WD Proxy]&amp#27;[39m Got response with status 404: {"sessionId":"3becf83d-a037-4222-a77c-17b5c8827aa5","value":{"error":"no such element","message":"An element could not be located on the page using the given search parameters","stacktrace":"io.appium.uiautomator2.common.exceptions.ElementNotFoundException: An element could not be located on the page using the given search parameters\n\tat io.appium.uiautomator2.handler.FindElement.findElement(FindElement.java:89)\n\tat io.appium.uiautomator2.handler.FindElement.safeHandle(FindElement.java:66)\n\tat io.appium.uiautomator2.handler.request.SafeRequestHandler.handle(SafeRequestHandler.java:41)\n\tat io.appium.uiautomator2.server.AppiumServlet.handleRequest(AppiumServlet.java:262)\n\tat io.appium.uiautomator2.server.AppiumServlet.handleHttpRequest(AppiumServlet.java:256)\n\tat io.appium.uiautomator2.http.ServerHandler.channelRead(ServerHandler.java:68)\n\tat io.netty.channel.AbstractChannelHandlerContext.invokeChannelRead(AbstractChannelHandlerContext.java:366)\n\tat io.netty.channel.AbstractChannelHandlerCont...
[debug] &amp#27;[35m[W3C]&amp#27;[39m Matched W3C error code 'no such element' to NoSuchElementError
[debug] &amp#27;[35m[BaseDriver]&amp#27;[39m Waited for 6989 ms so far
[debug] &amp#27;[35m[WD Proxy]&amp#27;[39m Matched '/element' to command name 'findElement'
[debug] &amp#27;[35m[WD Proxy]&amp#27;[39m Proxying [POST /element] to [POST http://127.0.0.1:8200/wd/hub/session/3becf83d-a037-4222-a77c-17b5c8827aa5/element] with body: {"strategy":"xpath","selector":"//*[@text='While using the app']","context":"","multiple":false}
&amp#27;[35m[WD Proxy]&amp#27;[39m Got response with status 404: {"sessionId":"3becf83d-a037-4222-a77c-17b5c8827aa5","value":{"error":"no such element","message":"An element could not be located on the page using the given search parameters","stacktrace":"io.appium.uiautomator2.common.exceptions.ElementNotFoundException: An element could not be located on the page using the given search parameters\n\tat io.appium.uiautomator2.handler.FindElement.findElement(FindElement.java:89)\n\tat io.appium.uiautomator2.handler.FindElement.safeHandle(FindElement.java:66)\n\tat io.appium.uiautomator2.handler.request.SafeRequestHandler.handle(SafeRequestHandler.java:41)\n\tat io.appium.uiautomator2.server.AppiumServlet.handleRequest(AppiumServlet.java:262)\n\tat io.appium.uiautomator2.server.AppiumServlet.handleHttpRequest(AppiumServlet.java:256)\n\tat io.appium.uiautomator2.http.ServerHandler.channelRead(ServerHandler.java:68)\n\tat io.netty.channel.AbstractChannelHandlerContext.invokeChannelRead(AbstractChannelHandlerContext.java:366)\n\tat io.netty.channel.AbstractChannelHandlerCont...
[debug] &amp#27;[35m[W3C]&amp#27;[39m Matched W3C error code 'no such element' to NoSuchElementError
[debug] &amp#27;[35m[BaseDriver]&amp#27;[39m Waited for 7579 ms so far
[debug] &amp#27;[35m[WD Proxy]&amp#27;[39m Matched '/element' to command name 'findElement'
[debug] &amp#27;[35m[WD Proxy]&amp#27;[39m Proxying [POST /element] to [POST http://127.0.0.1:8200/wd/hub/session/3becf83d-a037-4222-a77c-17b5c8827aa5/element] with body: {"strategy":"xpath","selector":"//*[@text='While using the app']","context":"","multiple":false}
&amp#27;[35m[WD Proxy]&amp#27;[39m Got response with status 404: {"sessionId":"3becf83d-a037-4222-a77c-17b5c8827aa5","value":{"error":"no such element","message":"An element could not be located on the page using the given search parameters","stacktrace":"io.appium.uiautomator2.common.exceptions.ElementNotFoundException: An element could not be located on the page using the given search parameters\n\tat io.appium.uiautomator2.handler.FindElement.findElement(FindElement.java:89)\n\tat io.appium.uiautomator2.handler.FindElement.safeHandle(FindElement.java:66)\n\tat io.appium.uiautomator2.handler.request.SafeRequestHandler.handle(SafeRequestHandler.java:41)\n\tat io.appium.uiautomator2.server.AppiumServlet.handleRequest(AppiumServlet.java:262)\n\tat io.appium.uiautomator2.server.AppiumServlet.handleHttpRequest(AppiumServlet.java:256)\n\tat io.appium.uiautomator2.http.ServerHandler.channelRead(ServerHandler.java:68)\n\tat io.netty.channel.AbstractChannelHandlerContext.invokeChannelRead(AbstractChannelHandlerContext.java:366)\n\tat io.netty.channel.AbstractChannelHandlerCont...
[debug] &amp#27;[35m[W3C]&amp#27;[39m Matched W3C error code 'no such element' to NoSuchElementError
[debug] &amp#27;[35m[BaseDriver]&amp#27;[39m Waited for 8217 ms so far
[debug] &amp#27;[35m[WD Proxy]&amp#27;[39m Matched '/element' to command name 'findElement'
[debug] &amp#27;[35m[WD Proxy]&amp#27;[39m Proxying [POST /element] to [POST http://127.0.0.1:8200/wd/hub/session/3becf83d-a037-4222-a77c-17b5c8827aa5/element] with body: {"strategy":"xpath","selector":"//*[@text='While using the app']","context":"","multiple":false}
&amp#27;[35m[WD Proxy]&amp#27;[39m Got response with status 404: {"sessionId":"3becf83d-a037-4222-a77c-17b5c8827aa5","value":{"error":"no such element","message":"An element could not be located on the page using the given search parameters","stacktrace":"io.appium.uiautomator2.common.exceptions.ElementNotFoundException: An element could not be located on the page using the given search parameters\n\tat io.appium.uiautomator2.handler.FindElement.findElement(FindElement.java:89)\n\tat io.appium.uiautomator2.handler.FindElement.safeHandle(FindElement.java:66)\n\tat io.appium.uiautomator2.handler.request.SafeRequestHandler.handle(SafeRequestHandler.java:41)\n\tat io.appium.uiautomator2.server.AppiumServlet.handleRequest(AppiumServlet.java:262)\n\tat io.appium.uiautomator2.server.AppiumServlet.handleHttpRequest(AppiumServlet.java:256)\n\tat io.appium.uiautomator2.http.ServerHandler.channelRead(ServerHandler.java:68)\n\tat io.netty.channel.AbstractChannelHandlerContext.invokeChannelRead(AbstractChannelHandlerContext.java:366)\n\tat io.netty.channel.AbstractChannelHandlerCont...
[debug] &amp#27;[35m[W3C]&amp#27;[39m Matched W3C error code 'no such element' to NoSuchElementError
[debug] &amp#27;[35m[BaseDriver]&amp#27;[39m Waited for 8850 ms so far
[debug] &amp#27;[35m[WD Proxy]&amp#27;[39m Matched '/element' to command name 'findElement'
[debug] &amp#27;[35m[WD Proxy]&amp#27;[39m Proxying [POST /element] to [POST http://127.0.0.1:8200/wd/hub/session/3becf83d-a037-4222-a77c-17b5c8827aa5/element] with body: {"strategy":"xpath","selector":"//*[@text='While using the app']","context":"","multiple":false}
&amp#27;[35m[WD Proxy]&amp#27;[39m Got response with status 404: {"sessionId":"3becf83d-a037-4222-a77c-17b5c8827aa5","value":{"error":"no such element","message":"An element could not be located on the page using the given search parameters","stacktrace":"io.appium.uiautomator2.common.exceptions.ElementNotFoundException: An element could not be located on the page using the given search parameters\n\tat io.appium.uiautomator2.handler.FindElement.findElement(FindElement.java:89)\n\tat io.appium.uiautomator2.handler.FindElement.safeHandle(FindElement.java:66)\n\tat io.appium.uiautomator2.handler.request.SafeRequestHandler.handle(SafeRequestHandler.java:41)\n\tat io.appium.uiautomator2.server.AppiumServlet.handleRequest(AppiumServlet.java:262)\n\tat io.appium.uiautomator2.server.AppiumServlet.handleHttpRequest(AppiumServlet.java:256)\n\tat io.appium.uiautomator2.http.ServerHandler.channelRead(ServerHandler.java:68)\n\tat io.netty.channel.AbstractChannelHandlerContext.invokeChannelRead(AbstractChannelHandlerContext.java:366)\n\tat io.netty.channel.AbstractChannelHandlerCont...
[debug] &amp#27;[35m[W3C]&amp#27;[39m Matched W3C error code 'no such element' to NoSuchElementError
[debug] &amp#27;[35m[BaseDriver]&amp#27;[39m Waited for 9460 ms so far
[debug] &amp#27;[35m[WD Proxy]&amp#27;[39m Matched '/element' to command name 'findElement'
[debug] &amp#27;[35m[WD Proxy]&amp#27;[39m Proxying [POST /element] to [POST http://127.0.0.1:8200/wd/hub/session/3becf83d-a037-4222-a77c-17b5c8827aa5/element] with body: {"strategy":"xpath","selector":"//*[@text='While using the app']","context":"","multiple":false}
&amp#27;[35m[WD Proxy]&amp#27;[39m Got response with status 404: {"sessionId":"3becf83d-a037-4222-a77c-17b5c8827aa5","value":{"error":"no such element","message":"An element could not be located on the page using the given search parameters","stacktrace":"io.appium.uiautomator2.common.exceptions.ElementNotFoundException: An element could not be located on the page using the given search parameters\n\tat io.appium.uiautomator2.handler.FindElement.findElement(FindElement.java:89)\n\tat io.appium.uiautomator2.handler.FindElement.safeHandle(FindElement.java:66)\n\tat io.appium.uiautomator2.handler.request.SafeRequestHandler.handle(SafeRequestHandler.java:41)\n\tat io.appium.uiautomator2.server.AppiumServlet.handleRequest(AppiumServlet.java:262)\n\tat io.appium.uiautomator2.server.AppiumServlet.handleHttpRequest(AppiumServlet.java:256)\n\tat io.appium.uiautomator2.http.ServerHandler.channelRead(ServerHandler.java:68)\n\tat io.netty.channel.AbstractChannelHandlerContext.invokeChannelRead(AbstractChannelHandlerContext.java:366)\n\tat io.netty.channel.AbstractChannelHandlerCont...
[debug] &amp#27;[35m[W3C]&amp#27;[39m Matched W3C error code 'no such element' to NoSuchElementError
[debug] &amp#27;[35m[W3C (de968a0e)]&amp#27;[39m Encountered internal error running command: NoSuchElementError: An element could not be located on the page using the given search parameters.
[debug] &amp#27;[35m[W3C (de968a0e)]&amp#27;[39m     at AndroidUiautomator2Driver.findElOrEls (C:\Users\Akash Sharma\AppData\Roaming\npm\node_modules\appium\node_modules\appium-android-driver\lib\commands\find.js:75:11)
[debug] &amp#27;[35m[W3C (de968a0e)]&amp#27;[39m     at processTicksAndRejections (internal/process/task_queues.js:95:5)
[debug] &amp#27;[35m[W3C (de968a0e)]&amp#27;[39m     at AndroidUiautomator2Driver.findElOrElsWithProcessing (C:\Users\Akash Sharma\AppData\Roaming\npm\node_modules\appium\node_modules\appium-base-driver\lib\basedriver\commands\find.js:33:12)
[debug] &amp#27;[35m[W3C (de968a0e)]&amp#27;[39m     at AndroidUiautomator2Driver.findElement (C:\Users\Akash Sharma\AppData\Roaming\npm\node_modules\appium\node_modules\appium-base-driver\lib\basedriver\commands\find.js:53:10)
&amp#27;[35m[HTTP]&amp#27;[39m &amp#27;[37m<-- POST /wd/hub/session/de968a0e-0fdc-4a9e-bdc5-84d072e07abc/element &amp#27;[39m&amp#27;[33m404&amp#27;[39m &amp#27;[90m10241 ms - 899&amp#27;[39m
&amp#27;[35m[HTTP]&amp#27;[39m &amp#27;[90m&amp#27;[39m
]]></system-out>
    <system-err><![CDATA[Sep 26, 2021 3:23:58 PM io.appium.java_client.remote.AppiumCommandExecutor$1 lambda$0
INFO: Detected dialect: W3C
]]></system-err>
  </testcase>
  <testcase name="logintest[Akash, acidqa_](1)" classname="AppiumCRMpoc.AppiumCRMpocAI.LoginWithDataDriven_tc" time="28.943">
    <system-out><![CDATA[3
2
Akash   
acidqa_   
Jessi   
Abc%123   
[debug] &amp#27;[35m[HTTP]&amp#27;[39m Request idempotency key: 175c2a86-955a-4df5-8022-57dc6a93730d
&amp#27;[35m[HTTP]&amp#27;[39m &amp#27;[37m-->&amp#27;[39m &amp#27;[37mPOST&amp#27;[39m &amp#27;[37m/wd/hub/session&amp#27;[39m
&amp#27;[35m[HTTP]&amp#27;[39m &amp#27;[90m{"desiredCapabilities":{"app":"C:\\Users\\Akash Sharma\\Desktop\\selenium\\eclipse-jee-mars-2-win32-x86_64\\eclipse\\AppiumCRMpocAI\\src\\CRMNextNative5.75.0-Gold7-release.apk","appActivity":".qr.QrScannerActivity t50","appPackage":"com.crmnextmobile.crmnextofflineplay","noReset":true,"newCommandTimeout":"120","platformVersion":"11.0","automationName":"APPIUM","platformName":"Android","deviceName":"PVLBTCAE4L5SSGM7"},"capabilities":{"firstMatch":[{"appium:app":"C:\\Users\\Akash Sharma\\Desktop\\selenium\\eclipse-jee-mars-2-win32-x86_64\\eclipse\\AppiumCRMpocAI\\src\\CRMNextNative5.75.0-Gold7-release.apk","appium:appActivity":".qr.QrScannerActivity t50","appium:appPackage":"com.crmnextmobile.crmnextofflineplay","appium:automationName":"APPIUM","appium:deviceName":"PVLBTCAE4L5SSGM7","appium:newCommandTimeout":"120","appium:noReset":true,"platformName":"android","appium:platformVersion":"11.0"}]}}&amp#27;[39m
[debug] &amp#27;[35m[W3C]&amp#27;[39m Calling AppiumDriver.createSession() with args: [{"app":"C:\\Users\\Akash Sharma\\Desktop\\selenium\\eclipse-jee-mars-2-win32-x86_64\\eclipse\\AppiumCRMpocAI\\src\\CRMNextNative5.75.0-Gold7-release.apk","appActivity":".qr.QrScannerActivity t50","appPackage":"com.crmnextmobile.crmnextofflineplay","noReset":true,"newCommandTimeout":"120","platformVersion":"11.0","automationName":"APPIUM","platformName":"Android","deviceName":"PVLBTCAE4L5SSGM7"},null,{"firstMatch":[{"appium:app":"C:\\Users\\Akash Sharma\\Desktop\\selenium\\eclipse-jee-mars-2-win32-x86_64\\eclipse\\AppiumCRMpocAI\\src\\CRMNextNative5.75.0-Gold7-release.apk","appium:appActivity":".qr.QrScannerActivity t50","appium:appPackage":"com.crmnextmobile.crmnextofflineplay","appium:automationName":"APPIUM","appium:deviceName":"PVLBTCAE4L5SSGM7","appium:newCommandTimeout":"120","appium:noReset":true,"platformName":"android","appium:platformVersion":"11.0"}]}]
[debug] &amp#27;[35m[BaseDriver]&amp#27;[39m Event 'newSessionRequested' logged at 1632650052140 (15:24:12 GMT+0530 (India Standard Time))
&amp#27;[35m[BaseDriver]&amp#27;[39m Number capability passed in as string. Functionality may be compromised.
&amp#27;[35m[Appium]&amp#27;[39m 
&amp#27;[35m[Appium]&amp#27;[39m ======================================================================
&amp#27;[35m[Appium]&amp#27;[39m   DEPRECATION WARNING:
&amp#27;[35m[Appium]&amp#27;[39m 
&amp#27;[35m[Appium]&amp#27;[39m   The 'automationName' capability was not provided in the desired 
&amp#27;[35m[Appium]&amp#27;[39m   capabilities for this Android session
&amp#27;[35m[Appium]&amp#27;[39m 
&amp#27;[35m[Appium]&amp#27;[39m   Setting 'automationName=UiAutomator2' by default and using the 
&amp#27;[35m[Appium]&amp#27;[39m   UiAutomator2 Driver
&amp#27;[35m[Appium]&amp#27;[39m 
&amp#27;[35m[Appium]&amp#27;[39m   The next major version of Appium (2.x) will **require** the 
&amp#27;[35m[Appium]&amp#27;[39m   'automationName' capability to be set for all sessions on all 
&amp#27;[35m[Appium]&amp#27;[39m   platforms
&amp#27;[35m[Appium]&amp#27;[39m 
&amp#27;[35m[Appium]&amp#27;[39m   In previous versions (Appium <= 1.13.x), the default was 
&amp#27;[35m[Appium]&amp#27;[39m   'automationName=UiAutomator1'
&amp#27;[35m[Appium]&amp#27;[39m 
&amp#27;[35m[Appium]&amp#27;[39m   If you wish to use that automation instead of UiAutomator2, please 
&amp#27;[35m[Appium]&amp#27;[39m   add 'automationName=UiAutomator1' to your desired capabilities
&amp#27;[35m[Appium]&amp#27;[39m 
&amp#27;[35m[Appium]&amp#27;[39m   For more information about drivers, please visit 
&amp#27;[35m[Appium]&amp#27;[39m   http://appium.io/docs/en/about-appium/intro/ and explore the 
&amp#27;[35m[Appium]&amp#27;[39m   'Drivers' menu
&amp#27;[35m[Appium]&amp#27;[39m 
&amp#27;[35m[Appium]&amp#27;[39m ======================================================================
&amp#27;[35m[Appium]&amp#27;[39m 
&amp#27;[35m[Appium]&amp#27;[39m Appium v1.21.0 creating new AndroidUiautomator2Driver (v1.65.0) session
[debug] &amp#27;[35m[BaseDriver]&amp#27;[39m W3C capabilities and MJSONWP desired capabilities were provided
[debug] &amp#27;[35m[BaseDriver]&amp#27;[39m Creating session with W3C capabilities: {
[debug] &amp#27;[35m[BaseDriver]&amp#27;[39m   "alwaysMatch": {
[debug] &amp#27;[35m[BaseDriver]&amp#27;[39m     "platformName": "android",
[debug] &amp#27;[35m[BaseDriver]&amp#27;[39m     "appium:app": "C:\\Users\\Akash Sharma\\Desktop\\selenium\\eclipse-jee-mars-2-win32-x86_64\\eclipse\\AppiumCRMpocAI\\src\\CRMNextNative5.75.0-Gold7-release.apk",
[debug] &amp#27;[35m[BaseDriver]&amp#27;[39m     "appium:appActivity": ".qr.QrScannerActivity t50",
[debug] &amp#27;[35m[BaseDriver]&amp#27;[39m     "appium:appPackage": "com.crmnextmobile.crmnextofflineplay",
[debug] &amp#27;[35m[BaseDriver]&amp#27;[39m     "appium:automationName": "APPIUM",
[debug] &amp#27;[35m[BaseDriver]&amp#27;[39m     "appium:deviceName": "PVLBTCAE4L5SSGM7",
[debug] &amp#27;[35m[BaseDriver]&amp#27;[39m     "appium:newCommandTimeout": "120",
[debug] &amp#27;[35m[BaseDriver]&amp#27;[39m     "appium:noReset": true,
[debug] &amp#27;[35m[BaseDriver]&amp#27;[39m     "appium:platformVersion": "11.0"
[debug] &amp#27;[35m[BaseDriver]&amp#27;[39m   },
[debug] &amp#27;[35m[BaseDriver]&amp#27;[39m   "firstMatch": [
[debug] &amp#27;[35m[BaseDriver]&amp#27;[39m     {}
[debug] &amp#27;[35m[BaseDriver]&amp#27;[39m   ]
[debug] &amp#27;[35m[BaseDriver]&amp#27;[39m }
&amp#27;[35m[BaseDriver]&amp#27;[39m Number capability passed in as string. Functionality may be compromised.
&amp#27;[35m[BaseDriver]&amp#27;[39m Capability 'newCommandTimeout' changed from string ('120') to integer (120). This may cause unexpected behavior
&amp#27;[35m[BaseDriver]&amp#27;[39m Session created with session id: f55ee089-4d7e-4ae9-87b1-15afd250c1d8
&amp#27;[35m[BaseDriver]&amp#27;[39m Using local app 'C:\Users\Akash Sharma\Desktop\selenium\eclipse-jee-mars-2-win32-x86_64\eclipse\AppiumCRMpocAI\src\CRMNextNative5.75.0-Gold7-release.apk'
[debug] &amp#27;[35m[UiAutomator2]&amp#27;[39m Checking whether app is actually present
&amp#27;[35m[ADB]&amp#27;[39m Using 'adb.exe' from 'C:\Users\Akash Sharma\AppData\Local\Android\Sdk\platform-tools\adb.exe'
[debug] &amp#27;[35m[ADB]&amp#27;[39m Running 'C:\Users\Akash Sharma\AppData\Local\Android\Sdk\platform-tools\adb.exe -P 5037 start-server'
&amp#27;[35m[AndroidDriver]&amp#27;[39m Retrieving device list
[debug] &amp#27;[35m[ADB]&amp#27;[39m Trying to find a connected android device
[debug] &amp#27;[35m[ADB]&amp#27;[39m Getting connected devices
[debug] &amp#27;[35m[ADB]&amp#27;[39m Connected devices: [{"udid":"PVLBTCAE4L5SSGM7","state":"device"}]
&amp#27;[35m[AndroidDriver]&amp#27;[39m Looking for a device with Android '11.0.0'
[debug] &amp#27;[35m[ADB]&amp#27;[39m Setting device id to PVLBTCAE4L5SSGM7
&amp#27;[35m[ADB]&amp#27;[39m Getting device platform version
[debug] &amp#27;[35m[ADB]&amp#27;[39m Running 'C:\Users\Akash Sharma\AppData\Local\Android\Sdk\platform-tools\adb.exe -P 5037 -s PVLBTCAE4L5SSGM7 shell getprop ro.build.version.release'
[debug] &amp#27;[35m[ADB]&amp#27;[39m Current device property 'ro.build.version.release': 11
&amp#27;[35m[AndroidDriver]&amp#27;[39m Using device: PVLBTCAE4L5SSGM7
&amp#27;[35m[ADB]&amp#27;[39m Using 'adb.exe' from 'C:\Users\Akash Sharma\AppData\Local\Android\Sdk\platform-tools\adb.exe'
[debug] &amp#27;[35m[ADB]&amp#27;[39m Running 'C:\Users\Akash Sharma\AppData\Local\Android\Sdk\platform-tools\adb.exe -P 5037 start-server'
[debug] &amp#27;[35m[ADB]&amp#27;[39m Setting device id to PVLBTCAE4L5SSGM7
[debug] &amp#27;[35m[ADB]&amp#27;[39m Running 'C:\Users\Akash Sharma\AppData\Local\Android\Sdk\platform-tools\adb.exe -P 5037 -s PVLBTCAE4L5SSGM7 shell getprop ro.build.version.sdk'
[debug] &amp#27;[35m[ADB]&amp#27;[39m Current device property 'ro.build.version.sdk': 30
&amp#27;[35m[ADB]&amp#27;[39m Getting device platform version
[debug] &amp#27;[35m[ADB]&amp#27;[39m Running 'C:\Users\Akash Sharma\AppData\Local\Android\Sdk\platform-tools\adb.exe -P 5037 -s PVLBTCAE4L5SSGM7 shell getprop ro.build.version.release'
[debug] &amp#27;[35m[ADB]&amp#27;[39m Current device property 'ro.build.version.release': 11
[debug] &amp#27;[35m[ADB]&amp#27;[39m Device API level: 30
&amp#27;[35m[UiAutomator2]&amp#27;[39m Relaxing hidden api policy
[debug] &amp#27;[35m[ADB]&amp#27;[39m Running 'C:\Users\Akash Sharma\AppData\Local\Android\Sdk\platform-tools\adb.exe -P 5037 -s PVLBTCAE4L5SSGM7 shell 'settings put global hidden_api_policy_pre_p_apps 1;settings put global hidden_api_policy_p_apps 1;settings put global hidden_api_policy 1''
&amp#27;[35m[AndroidDriver]&amp#27;[39m Capability 'appActivity' is expected to only include latin letters, digits, underscore, dot, comma and asterisk characters.
&amp#27;[35m[AndroidDriver]&amp#27;[39m Current value '.qr.QrScannerActivity t50' has non-matching character at index 21: '.qr.QrScannerActivity '
[debug] &amp#27;[35m[ADB]&amp#27;[39m Running 'C:\Users\Akash Sharma\AppData\Local\Android\Sdk\platform-tools\adb.exe -P 5037 -s PVLBTCAE4L5SSGM7 wait-for-device'
[debug] &amp#27;[35m[ADB]&amp#27;[39m Running 'C:\Users\Akash Sharma\AppData\Local\Android\Sdk\platform-tools\adb.exe -P 5037 -s PVLBTCAE4L5SSGM7 shell echo ping'
[debug] &amp#27;[35m[AndroidDriver]&amp#27;[39m Pushing settings apk to device...
[debug] &amp#27;[35m[ADB]&amp#27;[39m Getting install status for io.appium.settings
[debug] &amp#27;[35m[ADB]&amp#27;[39m Running 'C:\Users\Akash Sharma\AppData\Local\Android\Sdk\platform-tools\adb.exe -P 5037 -s PVLBTCAE4L5SSGM7 shell dumpsys package io.appium.settings'
[debug] &amp#27;[35m[ADB]&amp#27;[39m 'io.appium.settings' is installed
[debug] &amp#27;[35m[ADB]&amp#27;[39m Getting package info for 'io.appium.settings'
[debug] &amp#27;[35m[ADB]&amp#27;[39m Running 'C:\Users\Akash Sharma\AppData\Local\Android\Sdk\platform-tools\adb.exe -P 5037 -s PVLBTCAE4L5SSGM7 shell dumpsys package io.appium.settings'
[debug] &amp#27;[35m[ADB]&amp#27;[39m The version name of the installed 'io.appium.settings' is greater or equal to the application version name ('3.3.0' >= '3.3.0')
[debug] &amp#27;[35m[ADB]&amp#27;[39m There is no need to install/upgrade 'C:\Users\Akash Sharma\AppData\Roaming\npm\node_modules\appium\node_modules\io.appium.settings\apks\settings_apk-debug.apk'
[debug] &amp#27;[35m[ADB]&amp#27;[39m Getting IDs of all 'io.appium.settings' processes
[debug] &amp#27;[35m[ADB]&amp#27;[39m Running 'C:\Users\Akash Sharma\AppData\Local\Android\Sdk\platform-tools\adb.exe -P 5037 -s PVLBTCAE4L5SSGM7 shell 'pgrep --help; echo $?''
[debug] &amp#27;[35m[ADB]&amp#27;[39m Running 'C:\Users\Akash Sharma\AppData\Local\Android\Sdk\platform-tools\adb.exe -P 5037 -s PVLBTCAE4L5SSGM7 shell pgrep -f \(\[\[:blank:\]\]\|\^\)io\.appium\.settings\(\[\[:blank:\]\]\|\$\)'
[debug] &amp#27;[35m[AndroidDriver]&amp#27;[39m io.appium.settings is already running. There is no need to reset its permissions.
[debug] &amp#27;[35m[ADB]&amp#27;[39m Running 'C:\Users\Akash Sharma\AppData\Local\Android\Sdk\platform-tools\adb.exe -P 5037 -s PVLBTCAE4L5SSGM7 shell appops set io.appium.settings android:mock_location allow'
[debug] &amp#27;[35m[Logcat]&amp#27;[39m Starting logs capture with command: 'C:\\Users\\Akash Sharma\\AppData\\Local\\Android\\Sdk\\platform-tools\\adb.exe' -P 5037 -s PVLBTCAE4L5SSGM7 logcat -v threadtime
[debug] &amp#27;[35m[UiAutomator2]&amp#27;[39m Forwarding UiAutomator2 Server port 6790 to local port 8201
[debug] &amp#27;[35m[ADB]&amp#27;[39m Forwarding system: 8201 to device: 6790
[debug] &amp#27;[35m[ADB]&amp#27;[39m Running 'C:\Users\Akash Sharma\AppData\Local\Android\Sdk\platform-tools\adb.exe -P 5037 -s PVLBTCAE4L5SSGM7 forward tcp:8201 tcp:6790'
[debug] &amp#27;[35m[ADB]&amp#27;[39m Getting install status for io.appium.uiautomator2.server
[debug] &amp#27;[35m[ADB]&amp#27;[39m Running 'C:\Users\Akash Sharma\AppData\Local\Android\Sdk\platform-tools\adb.exe -P 5037 -s PVLBTCAE4L5SSGM7 shell dumpsys package io.appium.uiautomator2.server'
[debug] &amp#27;[35m[ADB]&amp#27;[39m 'io.appium.uiautomator2.server' is installed
[debug] &amp#27;[35m[ADB]&amp#27;[39m Getting package info for 'io.appium.uiautomator2.server'
[debug] &amp#27;[35m[ADB]&amp#27;[39m Running 'C:\Users\Akash Sharma\AppData\Local\Android\Sdk\platform-tools\adb.exe -P 5037 -s PVLBTCAE4L5SSGM7 shell dumpsys package io.appium.uiautomator2.server'
[debug] &amp#27;[35m[ADB]&amp#27;[39m The version name of the installed 'io.appium.uiautomator2.server' is greater or equal to the application version name ('4.21.1' >= '4.21.1')
[debug] &amp#27;[35m[UiAutomator2]&amp#27;[39m io.appium.uiautomator2.server installation state: sameVersionInstalled
[debug] &amp#27;[35m[ADB]&amp#27;[39m Checking app cert for C:\Users\Akash Sharma\AppData\Roaming\npm\node_modules\appium\node_modules\appium-uiautomator2-server\apks\appium-uiautomator2-server-v4.21.1.apk
&amp#27;[35m[ADB]&amp#27;[39m Using 'apksigner.jar' from 'C:\Users\Akash Sharma\AppData\Local\Android\Sdk\build-tools\30.0.3\lib\apksigner.jar'
[debug] &amp#27;[35m[ADB]&amp#27;[39m Starting apksigner: 'C:\\Program Files\\Java\\jdk1.8.0_181\\bin\\java.exe' -Xmx1024M -Xss1m -jar 'C:\\Users\\Akash Sharma\\AppData\\Local\\Android\\Sdk\\build-tools\\30.0.3\\lib\\apksigner.jar' verify --print-certs 'C:\\Users\\Akash Sharma\\AppData\\Roaming\\npm\\node_modules\\appium\\node_modules\\appium-uiautomator2-server\\apks\\appium-uiautomator2-server-v4.21.1.apk'
[debug] &amp#27;[35m[ADB]&amp#27;[39m apksigner stdout: Signer #1 certificate DN: EMAILADDRESS=android@android.com, CN=Android, OU=Android, O=Android, L=Mountain View, ST=California, C=US
[debug] &amp#27;[35m[ADB]&amp#27;[39m Signer #1 certificate SHA-256 digest: a40da80a59d170caa950cf15c18c454d47a39b26989d8b640ecd745ba71bf5dc
[debug] &amp#27;[35m[ADB]&amp#27;[39m Signer #1 certificate SHA-1 digest: 61ed377e85d386a8dfee6b864bd85b0bfaa5af81
[debug] &amp#27;[35m[ADB]&amp#27;[39m Signer #1 certificate MD5 digest: e89b158e4bcf988ebd09eb83f5378e87
[debug] &amp#27;[35m[ADB]&amp#27;[39m 
[debug] &amp#27;[35m[ADB]&amp#27;[39m sha256 hash did match for 'appium-uiautomator2-server-v4.21.1.apk'
&amp#27;[35m[ADB]&amp#27;[39m 'C:\Users\Akash Sharma\AppData\Roaming\npm\node_modules\appium\node_modules\appium-uiautomator2-server\apks\appium-uiautomator2-server-v4.21.1.apk' is signed with the default certificate
[debug] &amp#27;[35m[ADB]&amp#27;[39m Getting install status for io.appium.uiautomator2.server.test
[debug] &amp#27;[35m[ADB]&amp#27;[39m Running 'C:\Users\Akash Sharma\AppData\Local\Android\Sdk\platform-tools\adb.exe -P 5037 -s PVLBTCAE4L5SSGM7 shell dumpsys package io.appium.uiautomator2.server.test'
[debug] &amp#27;[35m[ADB]&amp#27;[39m 'io.appium.uiautomator2.server.test' is installed
[debug] &amp#27;[35m[ADB]&amp#27;[39m Checking app cert for C:\Users\Akash Sharma\AppData\Roaming\npm\node_modules\appium\node_modules\appium-uiautomator2-server\apks\appium-uiautomator2-server-debug-androidTest.apk
[debug] &amp#27;[35m[ADB]&amp#27;[39m Starting apksigner: 'C:\\Program Files\\Java\\jdk1.8.0_181\\bin\\java.exe' -Xmx1024M -Xss1m -jar 'C:\\Users\\Akash Sharma\\AppData\\Local\\Android\\Sdk\\build-tools\\30.0.3\\lib\\apksigner.jar' verify --print-certs 'C:\\Users\\Akash Sharma\\AppData\\Roaming\\npm\\node_modules\\appium\\node_modules\\appium-uiautomator2-server\\apks\\appium-uiautomator2-server-debug-androidTest.apk'
[debug] &amp#27;[35m[ADB]&amp#27;[39m apksigner stdout: Signer #1 certificate DN: EMAILADDRESS=android@android.com, CN=Android, OU=Android, O=Android, L=Mountain View, ST=California, C=US
[debug] &amp#27;[35m[ADB]&amp#27;[39m Signer #1 certificate SHA-256 digest: a40da80a59d170caa950cf15c18c454d47a39b26989d8b640ecd745ba71bf5dc
[debug] &amp#27;[35m[ADB]&amp#27;[39m Signer #1 certificate SHA-1 digest: 61ed377e85d386a8dfee6b864bd85b0bfaa5af81
[debug] &amp#27;[35m[ADB]&amp#27;[39m Signer #1 certificate MD5 digest: e89b158e4bcf988ebd09eb83f5378e87
[debug] &amp#27;[35m[ADB]&amp#27;[39m 
[debug] &amp#27;[35m[ADB]&amp#27;[39m sha256 hash did match for 'appium-uiautomator2-server-debug-androidTest.apk'
&amp#27;[35m[ADB]&amp#27;[39m 'C:\Users\Akash Sharma\AppData\Roaming\npm\node_modules\appium\node_modules\appium-uiautomator2-server\apks\appium-uiautomator2-server-debug-androidTest.apk' is signed with the default certificate
&amp#27;[35m[UiAutomator2]&amp#27;[39m Server packages are not going to be (re)installed
[debug] &amp#27;[35m[UiAutomator2]&amp#27;[39m Waiting up to 30000ms for services to be available
[debug] &amp#27;[35m[ADB]&amp#27;[39m Running 'C:\Users\Akash Sharma\AppData\Local\Android\Sdk\platform-tools\adb.exe -P 5037 -s PVLBTCAE4L5SSGM7 shell pm list instrumentation'
[debug] &amp#27;[35m[UiAutomator2]&amp#27;[39m Instrumentation target 'io.appium.uiautomator2.server.test/androidx.test.runner.AndroidJUnitRunner' is available
&amp#27;[35m[ADB]&amp#27;[39m Adding packages ["io.appium.settings","io.appium.uiautomator2.server","io.appium.uiautomator2.server.test"] to Doze whitelist
[debug] &amp#27;[35m[ADB]&amp#27;[39m Got the following command chunks to execute: [["dumpsys","deviceidle","whitelist","+io.appium.settings",";","dumpsys","deviceidle","whitelist","+io.appium.uiautomator2.server",";","dumpsys","deviceidle","whitelist","+io.appium.uiautomator2.server.test",";"]]
[debug] &amp#27;[35m[ADB]&amp#27;[39m Running 'C:\Users\Akash Sharma\AppData\Local\Android\Sdk\platform-tools\adb.exe -P 5037 -s PVLBTCAE4L5SSGM7 shell dumpsys deviceidle whitelist +io.appium.settings ; dumpsys deviceidle whitelist +io.appium.uiautomator2.server ; dumpsys deviceidle whitelist +io.appium.uiautomator2.server.test ;'
[debug] &amp#27;[35m[ADB]&amp#27;[39m Checking app cert for C:\Users\Akash Sharma\Desktop\selenium\eclipse-jee-mars-2-win32-x86_64\eclipse\AppiumCRMpocAI\src\CRMNextNative5.75.0-Gold7-release.apk
[debug] &amp#27;[35m[ADB]&amp#27;[39m Starting apksigner: 'C:\\Program Files\\Java\\jdk1.8.0_181\\bin\\java.exe' -Xmx1024M -Xss1m -jar 'C:\\Users\\Akash Sharma\\AppData\\Local\\Android\\Sdk\\build-tools\\30.0.3\\lib\\apksigner.jar' verify --print-certs 'C:\\Users\\Akash Sharma\\Desktop\\selenium\\eclipse-jee-mars-2-win32-x86_64\\eclipse\\AppiumCRMpocAI\\src\\CRMNextNative5.75.0-Gold7-release.apk'
[debug] &amp#27;[35m[ADB]&amp#27;[39m apksigner stdout: Signer #1 certificate DN: CN=Acidaes Solutions Pvt.Ltd., OU=Acidaes Solutions Pvt.Ltd., O=Acidaes Solutions Pvt.Ltd., L=Noida, ST=Uttar Pradesh, C=91
[debug] &amp#27;[35m[ADB]&amp#27;[39m Signer #1 certificate SHA-256 digest: 1b5b28e9495aee7e7f65516fdcd33e9c92c58131e8997f2eab924f8a83a7b22d
[debug] &amp#27;[35m[ADB]&amp#27;[39m Signer #1 certificate SHA-1 digest: 83c7e9d2f980c36b1649fa86fc18d5d526391612
[debug] &amp#27;[35m[ADB]&amp#27;[39m Signer #1 certificate MD5 digest: c3fb4dcecfe26af9175caef538f5ac0e
[debug] &amp#27;[35m[ADB]&amp#27;[39m 
&amp#27;[35m[ADB]&amp#27;[39m 'C:\Users\Akash Sharma\Desktop\selenium\eclipse-jee-mars-2-win32-x86_64\eclipse\AppiumCRMpocAI\src\CRMNextNative5.75.0-Gold7-release.apk' is signed with a non-default certificate
[debug] &amp#27;[35m[ADB]&amp#27;[39m Getting install status for com.crmnextmobile.crmnextofflineplay
[debug] &amp#27;[35m[ADB]&amp#27;[39m Running 'C:\Users\Akash Sharma\AppData\Local\Android\Sdk\platform-tools\adb.exe -P 5037 -s PVLBTCAE4L5SSGM7 shell dumpsys package com.crmnextmobile.crmnextofflineplay'
[debug] &amp#27;[35m[ADB]&amp#27;[39m 'com.crmnextmobile.crmnextofflineplay' is installed
[debug] &amp#27;[35m[ADB]&amp#27;[39m Getting package info for 'com.crmnextmobile.crmnextofflineplay'
[debug] &amp#27;[35m[ADB]&amp#27;[39m Running 'C:\Users\Akash Sharma\AppData\Local\Android\Sdk\platform-tools\adb.exe -P 5037 -s PVLBTCAE4L5SSGM7 shell dumpsys package com.crmnextmobile.crmnextofflineplay'
[debug] &amp#27;[35m[ADB]&amp#27;[39m The version name of the installed 'com.crmnextmobile.crmnextofflineplay' is greater or equal to the application version name ('5.75.0' >= '5.75.0')
[debug] &amp#27;[35m[ADB]&amp#27;[39m There is no need to install/upgrade 'C:\Users\Akash Sharma\Desktop\selenium\eclipse-jee-mars-2-win32-x86_64\eclipse\AppiumCRMpocAI\src\CRMNextNative5.75.0-Gold7-release.apk'
[debug] &amp#27;[35m[UiAutomator2]&amp#27;[39m Performing shallow cleanup of automation leftovers
[debug] &amp#27;[35m[UiAutomator2]&amp#27;[39m The following obsolete sessions are still running: [null]
[debug] &amp#27;[35m[UiAutomator2]&amp#27;[39m Cleaning up the obsolete sessions
[debug] &amp#27;[35m[Instrumentation]&amp#27;[39m .
[debug] &amp#27;[35m[Instrumentation]&amp#27;[39m Time: 30.142
[debug] &amp#27;[35m[Instrumentation]&amp#27;[39m 
[debug] &amp#27;[35m[Instrumentation]&amp#27;[39m OK (1 test)
[debug] &amp#27;[35m[Instrumentation]&amp#27;[39m The process has exited with code 0
[debug] &amp#27;[35m[ADB]&amp#27;[39m Running 'C:\Users\Akash Sharma\AppData\Local\Android\Sdk\platform-tools\adb.exe -P 5037 -s PVLBTCAE4L5SSGM7 shell am force-stop io.appium.uiautomator2.server.test'
&amp#27;[35m[UiAutomator2]&amp#27;[39m Starting UIAutomator2 server 4.21.1
&amp#27;[35m[UiAutomator2]&amp#27;[39m Using UIAutomator2 server from 'C:\Users\Akash Sharma\AppData\Roaming\npm\node_modules\appium\node_modules\appium-uiautomator2-server\apks\appium-uiautomator2-server-v4.21.1.apk' and test from 'C:\Users\Akash Sharma\AppData\Roaming\npm\node_modules\appium\node_modules\appium-uiautomator2-server\apks\appium-uiautomator2-server-debug-androidTest.apk'
&amp#27;[35m[UiAutomator2]&amp#27;[39m Waiting up to 30000ms for UiAutomator2 to be online...
[debug] &amp#27;[35m[ADB]&amp#27;[39m Creating ADB subprocess with args: ["-P",5037,"-s","PVLBTCAE4L5SSGM7","shell","am","instrument","-w","-e","disableAnalytics",true,"io.appium.uiautomator2.server.test/androidx.test.runner.AndroidJUnitRunner"]
[debug] &amp#27;[35m[WD Proxy]&amp#27;[39m Matched '/status' to command name 'getStatus'
[debug] &amp#27;[35m[WD Proxy]&amp#27;[39m Proxying [GET /status] to [GET http://127.0.0.1:8201/wd/hub/status] with no body
&amp#27;[35m[WD Proxy]&amp#27;[39m socket hang up
[debug] &amp#27;[35m[Instrumentation]&amp#27;[39m io.appium.uiautomator2.server.test.AppiumUiAutomator2Server:
[debug] &amp#27;[35m[WD Proxy]&amp#27;[39m Matched '/status' to command name 'getStatus'
[debug] &amp#27;[35m[WD Proxy]&amp#27;[39m Proxying [GET /status] to [GET http://127.0.0.1:8201/wd/hub/status] with no body
&amp#27;[35m[WD Proxy]&amp#27;[39m socket hang up
[debug] &amp#27;[35m[WD Proxy]&amp#27;[39m Matched '/status' to command name 'getStatus'
[debug] &amp#27;[35m[WD Proxy]&amp#27;[39m Proxying [GET /status] to [GET http://127.0.0.1:8201/wd/hub/status] with no body
&amp#27;[35m[WD Proxy]&amp#27;[39m socket hang up
[debug] &amp#27;[35m[WD Proxy]&amp#27;[39m Matched '/status' to command name 'getStatus'
[debug] &amp#27;[35m[WD Proxy]&amp#27;[39m Proxying [GET /status] to [GET http://127.0.0.1:8201/wd/hub/status] with no body
[debug] &amp#27;[35m[WD Proxy]&amp#27;[39m Got response with status 200: {"sessionId":"None","value":{"message":"UiAutomator2 Server is ready to accept commands","ready":true}}
[debug] &amp#27;[35m[UiAutomator2]&amp#27;[39m The initialization of the instrumentation process took 3309ms
[debug] &amp#27;[35m[WD Proxy]&amp#27;[39m Matched '/session' to command name 'createSession'
[debug] &amp#27;[35m[WD Proxy]&amp#27;[39m Proxying [POST /session] to [POST http://127.0.0.1:8201/wd/hub/session] with body: {"capabilities":{"firstMatch":[{"platform":"LINUX","webStorageEnabled":false,"takesScreenshot":true,"javascriptEnabled":true,"databaseEnabled":false,"networkConnectionEnabled":true,"locationContextEnabled":false,"warnings":{},"desired":{"platformName":"android","app":"C:\\Users\\Akash Sharma\\Desktop\\selenium\\eclipse-jee-mars-2-win32-x86_64\\eclipse\\AppiumCRMpocAI\\src\\CRMNextNative5.75.0-Gold7-release.apk","appActivity":".qr.QrScannerActivity t50","appPackage":"com.crmnextmobile.crmnextofflineplay","automationName":"APPIUM","deviceName":"PVLBTCAE4L5SSGM7","newCommandTimeout":120,"noReset":true,"platformVersion":"11.0"},"platformName":"android","app":"C:\\Users\\Akash Sharma\\Desktop\\selenium\\eclipse-jee-mars-2-win32-x86_64\\eclipse\\AppiumCRMpocAI\\src\\CRMNextNative5.75.0-Gold7-release.apk","appActivity":".qr.QrScannerActivity t50","appPackage":"com.crmnextmobile.crmnextofflineplay","automationName":"APPIUM","deviceName":"PVLBTCAE4L5SSGM7","newCommandTimeout":120,"noReset":true,"platformVersion":"1...
[debug] &amp#27;[35m[WD Proxy]&amp#27;[39m Got response with status 200: {"sessionId":"fb159c7e-b41b-47a2-9e32-3e4d575dda89","value":{"capabilities":{"firstMatch":[{"platform":"LINUX","webStorageEnabled":false,"takesScreenshot":true,"javascriptEnabled":true,"databaseEnabled":false,"networkConnectionEnabled":true,"locationContextEnabled":false,"warnings":{},"desired":{"platformName":"android","app":"C:\\Users\\Akash Sharma\\Desktop\\selenium\\eclipse-jee-mars-2-win32-x86_64\\eclipse\\AppiumCRMpocAI\\src\\CRMNextNative5.75.0-Gold7-release.apk","appActivity":".qr.QrScannerActivity t50","appPackage":"com.crmnextmobile.crmnextofflineplay","automationName":"APPIUM","deviceName":"PVLBTCAE4L5SSGM7","newCommandTimeout":120,"noReset":true,"platformVersion":"11.0"},"platformName":"android","app":"C:\\Users\\Akash Sharma\\Desktop\\selenium\\eclipse-jee-mars-2-win32-x86_64\\eclipse\\AppiumCRMpocAI\\src\\CRMNextNative5.75.0-Gold7-release.apk","appActivity":".qr.QrScannerActivity t50","appPackage":"com.crmnextmobile.crmnextofflineplay","automationName":"APPIUM","deviceName":"PVLBTCAE4L5SSGM7"...
&amp#27;[35m[WD Proxy]&amp#27;[39m Determined the downstream protocol as 'W3C'
[debug] &amp#27;[35m[WD Proxy]&amp#27;[39m Proxying [GET /appium/device/info] to [GET http://127.0.0.1:8201/wd/hub/session/fb159c7e-b41b-47a2-9e32-3e4d575dda89/appium/device/info] with no body
[debug] &amp#27;[35m[WD Proxy]&amp#27;[39m Got response with status 200: {"sessionId":"fb159c7e-b41b-47a2-9e32-3e4d575dda89","value":{"androidId":"dbdcf2ef05507201","apiVersion":"30","bluetooth":{"state":"OFF"},"brand":"realme","carrierName":"IND airtel","displayDensity":320,"locale":"en_US","manufacturer":"realme","model":"RMX3171","networks":[{"capabilities":{"SSID":null,"linkDownBandwidthKbps":30000,"linkUpstreamBandwidthKbps":15000,"networkCapabilities":"NET_CAPABILITY_IMS,NET_CAPABILITY_NOT_METERED,NET_CAPABILITY_TRUSTED,NET_CAPABILITY_NOT_VPN,NET_CAPABILITY_VALIDATED,NET_CAPABILITY_NOT_ROAMING,NET_CAPABILITY_FOREGROUND,NET_CAPABILITY_NOT_CONGESTED,NET_CAPABILITY_NOT_SUSPENDED","signalStrength":-2147483648,"transportTypes":"TRANSPORT_CELLULAR"},"detailedState":"CONNECTED","extraInfo":"ims","isAvailable":true,"isConnected":true,"isFailover":false,"isRoaming":false,"state":"CONNECTED","subtype":13,"subtypeName":"LTE","type":0,"typeName":"MOBILE"},{"capabilities":{"SSID":null,"linkDownBandwidthKbps":30000,"linkUpstreamBandwidthKbps":15000,"networkCapabilities":"NET_CAPABILITY...
[debug] &amp#27;[35m[ADB]&amp#27;[39m Running 'C:\Users\Akash Sharma\AppData\Local\Android\Sdk\platform-tools\adb.exe -P 5037 -s PVLBTCAE4L5SSGM7 shell dumpsys window'
&amp#27;[35m[AndroidDriver]&amp#27;[39m Screen already unlocked, doing nothing
&amp#27;[35m[UiAutomator2]&amp#27;[39m Starting 'com.crmnextmobile.crmnextofflineplay/.qr.QrScannerActivity t50 and waiting for 'com.crmnextmobile.crmnextofflineplay/.qr.QrScannerActivity t50'
[debug] &amp#27;[35m[ADB]&amp#27;[39m Running 'C:\Users\Akash Sharma\AppData\Local\Android\Sdk\platform-tools\adb.exe -P 5037 -s PVLBTCAE4L5SSGM7 shell am start -W -n 'com.crmnextmobile.crmnextofflineplay/.qr.QrScannerActivity t50' -S -a android.intent.action.MAIN -c android.intent.category.LAUNCHER -f 0x10200000'
[debug] &amp#27;[35m[WD Proxy]&amp#27;[39m Proxying [GET /appium/device/pixel_ratio] to [GET http://127.0.0.1:8201/wd/hub/session/fb159c7e-b41b-47a2-9e32-3e4d575dda89/appium/device/pixel_ratio] with no body
[debug] &amp#27;[35m[WD Proxy]&amp#27;[39m Got response with status 200: {"sessionId":"fb159c7e-b41b-47a2-9e32-3e4d575dda89","value":2}
[debug] &amp#27;[35m[WD Proxy]&amp#27;[39m Matched '/appium/device/system_bars' to command name 'getSystemBars'
[debug] &amp#27;[35m[WD Proxy]&amp#27;[39m Proxying [GET /appium/device/system_bars] to [GET http://127.0.0.1:8201/wd/hub/session/fb159c7e-b41b-47a2-9e32-3e4d575dda89/appium/device/system_bars] with no body
[debug] &amp#27;[35m[WD Proxy]&amp#27;[39m Got response with status 200: {"sessionId":"fb159c7e-b41b-47a2-9e32-3e4d575dda89","value":{"statusBar":64}}
[debug] &amp#27;[35m[WD Proxy]&amp#27;[39m Matched '/window/current/size' to command name 'getWindowSize'
[debug] &amp#27;[35m[WD Proxy]&amp#27;[39m Proxying [GET /window/current/size] to [GET http://127.0.0.1:8201/wd/hub/session/fb159c7e-b41b-47a2-9e32-3e4d575dda89/window/current/size] with no body
[debug] &amp#27;[35m[WD Proxy]&amp#27;[39m Got response with status 200: {"sessionId":"fb159c7e-b41b-47a2-9e32-3e4d575dda89","value":{"height":1448,"width":720}}
&amp#27;[35m[Appium]&amp#27;[39m New AndroidUiautomator2Driver session created successfully, session f55ee089-4d7e-4ae9-87b1-15afd250c1d8 added to master session list
[debug] &amp#27;[35m[BaseDriver]&amp#27;[39m Event 'newSessionStarted' logged at 1632650070586 (15:24:30 GMT+0530 (India Standard Time))
[debug] &amp#27;[35m[W3C (f55ee089)]&amp#27;[39m Cached the protocol value 'W3C' for the new session f55ee089-4d7e-4ae9-87b1-15afd250c1d8
[debug] &amp#27;[35m[W3C (f55ee089)]&amp#27;[39m Responding to client with driver.createSession() result: {"capabilities":{"platform":"LINUX","webStorageEnabled":false,"takesScreenshot":true,"javascriptEnabled":true,"databaseEnabled":false,"networkConnectionEnabled":true,"locationContextEnabled":false,"warnings":{},"desired":{"platformName":"android","app":"C:\\Users\\Akash Sharma\\Desktop\\selenium\\eclipse-jee-mars-2-win32-x86_64\\eclipse\\AppiumCRMpocAI\\src\\CRMNextNative5.75.0-Gold7-release.apk","appActivity":".qr.QrScannerActivity t50","appPackage":"com.crmnextmobile.crmnextofflineplay","automationName":"APPIUM","deviceName":"PVLBTCAE4L5SSGM7","newCommandTimeout":120,"noReset":true,"platformVersion":"11.0"},"platformName":"android","app":"C:\\Users\\Akash Sharma\\Desktop\\selenium\\eclipse-jee-mars-2-win32-x86_64\\eclipse\\AppiumCRMpocAI\\src\\CRMNextNative5.75.0-Gold7-release.apk","appActivity":".qr.QrScannerActivity t50","appPackage":"com.crmnextmobile.crmnextofflineplay","automationName":"APPIUM","deviceName":"PVLBTCAE4L5SSGM7","newCommandTimeout":120,"noReset":true,"platformVersion":"11","deviceUDID"...
&amp#27;[35m[HTTP]&amp#27;[39m &amp#27;[37m<-- POST /wd/hub/session &amp#27;[39m&amp#27;[32m200&amp#27;[39m &amp#27;[90m18443 ms - 1328&amp#27;[39m
&amp#27;[35m[HTTP]&amp#27;[39m &amp#27;[90m&amp#27;[39m
&amp#27;[35m[HTTP]&amp#27;[39m &amp#27;[37m-->&amp#27;[39m &amp#27;[37mPOST&amp#27;[39m &amp#27;[37m/wd/hub/session/f55ee089-4d7e-4ae9-87b1-15afd250c1d8/timeouts&amp#27;[39m
&amp#27;[35m[HTTP]&amp#27;[39m &amp#27;[90m{"implicit":7000}&amp#27;[39m
[debug] &amp#27;[35m[W3C (f55ee089)]&amp#27;[39m Calling AppiumDriver.timeouts() with args: [null,null,null,null,7000,"f55ee089-4d7e-4ae9-87b1-15afd250c1d8"]
[debug] &amp#27;[35m[BaseDriver]&amp#27;[39m W3C timeout argument: {"implicit":7000}}
[debug] &amp#27;[35m[BaseDriver]&amp#27;[39m Set implicit wait to 7000ms
[debug] &amp#27;[35m[W3C (f55ee089)]&amp#27;[39m Responding to client with driver.timeouts() result: null
&amp#27;[35m[HTTP]&amp#27;[39m &amp#27;[37m<-- POST /wd/hub/session/f55ee089-4d7e-4ae9-87b1-15afd250c1d8/timeouts &amp#27;[39m&amp#27;[32m200&amp#27;[39m &amp#27;[90m9 ms - 14&amp#27;[39m
&amp#27;[35m[HTTP]&amp#27;[39m &amp#27;[90m&amp#27;[39m
&amp#27;[35m[HTTP]&amp#27;[39m &amp#27;[37m-->&amp#27;[39m &amp#27;[37mPOST&amp#27;[39m &amp#27;[37m/wd/hub/session/f55ee089-4d7e-4ae9-87b1-15afd250c1d8/elements&amp#27;[39m
&amp#27;[35m[HTTP]&amp#27;[39m &amp#27;[90m{"using":"xpath","value":"//*[@text='While using the app']"}&amp#27;[39m
[debug] &amp#27;[35m[W3C (f55ee089)]&amp#27;[39m Calling AppiumDriver.findElements() with args: ["xpath","//*[@text='While using the app']","f55ee089-4d7e-4ae9-87b1-15afd250c1d8"]
[debug] &amp#27;[35m[BaseDriver]&amp#27;[39m Valid locator strategies for this request: xpath, id, class name, accessibility id, css selector, -android uiautomator
[debug] &amp#27;[35m[BaseDriver]&amp#27;[39m Waiting up to 7000 ms for condition
[debug] &amp#27;[35m[WD Proxy]&amp#27;[39m Matched '/elements' to command name 'findElements'
[debug] &amp#27;[35m[WD Proxy]&amp#27;[39m Proxying [POST /elements] to [POST http://127.0.0.1:8201/wd/hub/session/fb159c7e-b41b-47a2-9e32-3e4d575dda89/elements] with body: {"strategy":"xpath","selector":"//*[@text='While using the app']","context":"","multiple":true}
[debug] &amp#27;[35m[WD Proxy]&amp#27;[39m Got response with status 200: {"sessionId":"fb159c7e-b41b-47a2-9e32-3e4d575dda89","value":[]}
[debug] &amp#27;[35m[BaseDriver]&amp#27;[39m Waited for 621 ms so far
[debug] &amp#27;[35m[WD Proxy]&amp#27;[39m Matched '/elements' to command name 'findElements'
[debug] &amp#27;[35m[WD Proxy]&amp#27;[39m Proxying [POST /elements] to [POST http://127.0.0.1:8201/wd/hub/session/fb159c7e-b41b-47a2-9e32-3e4d575dda89/elements] with body: {"strategy":"xpath","selector":"//*[@text='While using the app']","context":"","multiple":true}
[debug] &amp#27;[35m[WD Proxy]&amp#27;[39m Got response with status 200: {"sessionId":"fb159c7e-b41b-47a2-9e32-3e4d575dda89","value":[]}
[debug] &amp#27;[35m[BaseDriver]&amp#27;[39m Waited for 1251 ms so far
[debug] &amp#27;[35m[WD Proxy]&amp#27;[39m Matched '/elements' to command name 'findElements'
[debug] &amp#27;[35m[WD Proxy]&amp#27;[39m Proxying [POST /elements] to [POST http://127.0.0.1:8201/wd/hub/session/fb159c7e-b41b-47a2-9e32-3e4d575dda89/elements] with body: {"strategy":"xpath","selector":"//*[@text='While using the app']","context":"","multiple":true}
[debug] &amp#27;[35m[WD Proxy]&amp#27;[39m Got response with status 200: {"sessionId":"fb159c7e-b41b-47a2-9e32-3e4d575dda89","value":[]}
[debug] &amp#27;[35m[BaseDriver]&amp#27;[39m Waited for 1924 ms so far
[debug] &amp#27;[35m[WD Proxy]&amp#27;[39m Matched '/elements' to command name 'findElements'
[debug] &amp#27;[35m[WD Proxy]&amp#27;[39m Proxying [POST /elements] to [POST http://127.0.0.1:8201/wd/hub/session/fb159c7e-b41b-47a2-9e32-3e4d575dda89/elements] with body: {"strategy":"xpath","selector":"//*[@text='While using the app']","context":"","multiple":true}
[debug] &amp#27;[35m[WD Proxy]&amp#27;[39m Got response with status 200: {"sessionId":"fb159c7e-b41b-47a2-9e32-3e4d575dda89","value":[]}
[debug] &amp#27;[35m[BaseDriver]&amp#27;[39m Waited for 2589 ms so far
[debug] &amp#27;[35m[WD Proxy]&amp#27;[39m Matched '/elements' to command name 'findElements'
[debug] &amp#27;[35m[WD Proxy]&amp#27;[39m Proxying [POST /elements] to [POST http://127.0.0.1:8201/wd/hub/session/fb159c7e-b41b-47a2-9e32-3e4d575dda89/elements] with body: {"strategy":"xpath","selector":"//*[@text='While using the app']","context":"","multiple":true}
[debug] &amp#27;[35m[WD Proxy]&amp#27;[39m Got response with status 200: {"sessionId":"fb159c7e-b41b-47a2-9e32-3e4d575dda89","value":[]}
[debug] &amp#27;[35m[BaseDriver]&amp#27;[39m Waited for 3262 ms so far
[debug] &amp#27;[35m[WD Proxy]&amp#27;[39m Matched '/elements' to command name 'findElements'
[debug] &amp#27;[35m[WD Proxy]&amp#27;[39m Proxying [POST /elements] to [POST http://127.0.0.1:8201/wd/hub/session/fb159c7e-b41b-47a2-9e32-3e4d575dda89/elements] with body: {"strategy":"xpath","selector":"//*[@text='While using the app']","context":"","multiple":true}
[debug] &amp#27;[35m[WD Proxy]&amp#27;[39m Got response with status 200: {"sessionId":"fb159c7e-b41b-47a2-9e32-3e4d575dda89","value":[]}
[debug] &amp#27;[35m[BaseDriver]&amp#27;[39m Waited for 3858 ms so far
[debug] &amp#27;[35m[WD Proxy]&amp#27;[39m Matched '/elements' to command name 'findElements'
[debug] &amp#27;[35m[WD Proxy]&amp#27;[39m Proxying [POST /elements] to [POST http://127.0.0.1:8201/wd/hub/session/fb159c7e-b41b-47a2-9e32-3e4d575dda89/elements] with body: {"strategy":"xpath","selector":"//*[@text='While using the app']","context":"","multiple":true}
[debug] &amp#27;[35m[WD Proxy]&amp#27;[39m Got response with status 200: {"sessionId":"fb159c7e-b41b-47a2-9e32-3e4d575dda89","value":[]}
[debug] &amp#27;[35m[BaseDriver]&amp#27;[39m Waited for 4515 ms so far
[debug] &amp#27;[35m[WD Proxy]&amp#27;[39m Matched '/elements' to command name 'findElements'
[debug] &amp#27;[35m[WD Proxy]&amp#27;[39m Proxying [POST /elements] to [POST http://127.0.0.1:8201/wd/hub/session/fb159c7e-b41b-47a2-9e32-3e4d575dda89/elements] with body: {"strategy":"xpath","selector":"//*[@text='While using the app']","context":"","multiple":true}
[debug] &amp#27;[35m[WD Proxy]&amp#27;[39m Got response with status 200: {"sessionId":"fb159c7e-b41b-47a2-9e32-3e4d575dda89","value":[]}
[debug] &amp#27;[35m[BaseDriver]&amp#27;[39m Waited for 5158 ms so far
[debug] &amp#27;[35m[WD Proxy]&amp#27;[39m Matched '/elements' to command name 'findElements'
[debug] &amp#27;[35m[WD Proxy]&amp#27;[39m Proxying [POST /elements] to [POST http://127.0.0.1:8201/wd/hub/session/fb159c7e-b41b-47a2-9e32-3e4d575dda89/elements] with body: {"strategy":"xpath","selector":"//*[@text='While using the app']","context":"","multiple":true}
[debug] &amp#27;[35m[WD Proxy]&amp#27;[39m Got response with status 200: {"sessionId":"fb159c7e-b41b-47a2-9e32-3e4d575dda89","value":[]}
[debug] &amp#27;[35m[BaseDriver]&amp#27;[39m Waited for 5779 ms so far
[debug] &amp#27;[35m[WD Proxy]&amp#27;[39m Matched '/elements' to command name 'findElements'
[debug] &amp#27;[35m[WD Proxy]&amp#27;[39m Proxying [POST /elements] to [POST http://127.0.0.1:8201/wd/hub/session/fb159c7e-b41b-47a2-9e32-3e4d575dda89/elements] with body: {"strategy":"xpath","selector":"//*[@text='While using the app']","context":"","multiple":true}
[debug] &amp#27;[35m[WD Proxy]&amp#27;[39m Got response with status 200: {"sessionId":"fb159c7e-b41b-47a2-9e32-3e4d575dda89","value":[]}
[debug] &amp#27;[35m[BaseDriver]&amp#27;[39m Waited for 6355 ms so far
[debug] &amp#27;[35m[WD Proxy]&amp#27;[39m Matched '/elements' to command name 'findElements'
[debug] &amp#27;[35m[WD Proxy]&amp#27;[39m Proxying [POST /elements] to [POST http://127.0.0.1:8201/wd/hub/session/fb159c7e-b41b-47a2-9e32-3e4d575dda89/elements] with body: {"strategy":"xpath","selector":"//*[@text='While using the app']","context":"","multiple":true}
[debug] &amp#27;[35m[WD Proxy]&amp#27;[39m Got response with status 200: {"sessionId":"fb159c7e-b41b-47a2-9e32-3e4d575dda89","value":[]}
[debug] &amp#27;[35m[BaseDriver]&amp#27;[39m Waited for 6928 ms so far
[debug] &amp#27;[35m[WD Proxy]&amp#27;[39m Matched '/elements' to command name 'findElements'
[debug] &amp#27;[35m[WD Proxy]&amp#27;[39m Proxying [POST /elements] to [POST http://127.0.0.1:8201/wd/hub/session/fb159c7e-b41b-47a2-9e32-3e4d575dda89/elements] with body: {"strategy":"xpath","selector":"//*[@text='While using the app']","context":"","multiple":true}
[debug] &amp#27;[35m[WD Proxy]&amp#27;[39m Got response with status 200: {"sessionId":"fb159c7e-b41b-47a2-9e32-3e4d575dda89","value":[]}
[debug] &amp#27;[35m[W3C (f55ee089)]&amp#27;[39m Responding to client with driver.findElements() result: []
&amp#27;[35m[HTTP]&amp#27;[39m &amp#27;[37m<-- POST /wd/hub/session/f55ee089-4d7e-4ae9-87b1-15afd250c1d8/elements &amp#27;[39m&amp#27;[32m200&amp#27;[39m &amp#27;[90m7548 ms - 12&amp#27;[39m
&amp#27;[35m[HTTP]&amp#27;[39m &amp#27;[90m&amp#27;[39m
&amp#27;[35m[HTTP]&amp#27;[39m &amp#27;[37m-->&amp#27;[39m &amp#27;[37mGET&amp#27;[39m &amp#27;[37m/wd/hub/session/f55ee089-4d7e-4ae9-87b1-15afd250c1d8/context&amp#27;[39m
&amp#27;[35m[HTTP]&amp#27;[39m &amp#27;[90m{}&amp#27;[39m
[debug] &amp#27;[35m[W3C (f55ee089)]&amp#27;[39m Calling AppiumDriver.getCurrentContext() with args: ["f55ee089-4d7e-4ae9-87b1-15afd250c1d8"]
[debug] &amp#27;[35m[W3C (f55ee089)]&amp#27;[39m Responding to client with driver.getCurrentContext() result: "NATIVE_APP"
&amp#27;[35m[HTTP]&amp#27;[39m &amp#27;[37m<-- GET /wd/hub/session/f55ee089-4d7e-4ae9-87b1-15afd250c1d8/context &amp#27;[39m&amp#27;[32m200&amp#27;[39m &amp#27;[90m13 ms - 22&amp#27;[39m
&amp#27;[35m[HTTP]&amp#27;[39m &amp#27;[90m&amp#27;[39m
&amp#27;[35m[HTTP]&amp#27;[39m &amp#27;[37m-->&amp#27;[39m &amp#27;[37mPOST&amp#27;[39m &amp#27;[37m/wd/hub/session/f55ee089-4d7e-4ae9-87b1-15afd250c1d8/element&amp#27;[39m
&amp#27;[35m[HTTP]&amp#27;[39m &amp#27;[90m{"using":"xpath","value":"//*[@resource-id='TxtName']"}&amp#27;[39m
[debug] &amp#27;[35m[W3C (f55ee089)]&amp#27;[39m Calling AppiumDriver.findElement() with args: ["xpath","//*[@resource-id='TxtName']","f55ee089-4d7e-4ae9-87b1-15afd250c1d8"]
[debug] &amp#27;[35m[BaseDriver]&amp#27;[39m Valid locator strategies for this request: xpath, id, class name, accessibility id, css selector, -android uiautomator
[debug] &amp#27;[35m[BaseDriver]&amp#27;[39m Waiting up to 7000 ms for condition
[debug] &amp#27;[35m[WD Proxy]&amp#27;[39m Matched '/element' to command name 'findElement'
[debug] &amp#27;[35m[WD Proxy]&amp#27;[39m Proxying [POST /element] to [POST http://127.0.0.1:8201/wd/hub/session/fb159c7e-b41b-47a2-9e32-3e4d575dda89/element] with body: {"strategy":"xpath","selector":"//*[@resource-id='TxtName']","context":"","multiple":false}
[debug] &amp#27;[35m[WD Proxy]&amp#27;[39m Got response with status 200: {"sessionId":"fb159c7e-b41b-47a2-9e32-3e4d575dda89","value":{"ELEMENT":"f6933be5-a3a4-4284-b4ea-6f313dc72862","element-6066-11e4-a52e-4f735466cecf":"f6933be5-a3a4-4284-b4ea-6f313dc72862"}}
[debug] &amp#27;[35m[W3C (f55ee089)]&amp#27;[39m Responding to client with driver.findElement() result: {"element-6066-11e4-a52e-4f735466cecf":"f6933be5-a3a4-4284-b4ea-6f313dc72862","ELEMENT":"f6933be5-a3a4-4284-b4ea-6f313dc72862"}
&amp#27;[35m[HTTP]&amp#27;[39m &amp#27;[37m<-- POST /wd/hub/session/f55ee089-4d7e-4ae9-87b1-15afd250c1d8/element &amp#27;[39m&amp#27;[32m200&amp#27;[39m &amp#27;[90m141 ms - 137&amp#27;[39m
&amp#27;[35m[HTTP]&amp#27;[39m &amp#27;[90m&amp#27;[39m
&amp#27;[35m[HTTP]&amp#27;[39m &amp#27;[37m-->&amp#27;[39m &amp#27;[37mPOST&amp#27;[39m &amp#27;[37m/wd/hub/session/f55ee089-4d7e-4ae9-87b1-15afd250c1d8/element/f6933be5-a3a4-4284-b4ea-6f313dc72862/value&amp#27;[39m
&amp#27;[35m[HTTP]&amp#27;[39m &amp#27;[90m{"id":"f6933be5-a3a4-4284-b4ea-6f313dc72862","text":"Akash","value":["A","k","a","s","h"]}&amp#27;[39m
[debug] &amp#27;[35m[W3C (f55ee089)]&amp#27;[39m Calling AppiumDriver.setValue() with args: [["A","k","a","s","h"],"f6933be5-a3a4-4284-b4ea-6f313dc72862","f55ee089-4d7e-4ae9-87b1-15afd250c1d8"]
[debug] &amp#27;[35m[WD Proxy]&amp#27;[39m Matched '/element/f6933be5-a3a4-4284-b4ea-6f313dc72862/value' to command name 'setValue'
[debug] &amp#27;[35m[Protocol Converter]&amp#27;[39m Added 'value' property ["A","k","a","s","h"] to 'setValue' request body
[debug] &amp#27;[35m[WD Proxy]&amp#27;[39m Proxying [POST /element/f6933be5-a3a4-4284-b4ea-6f313dc72862/value] to [POST http://127.0.0.1:8201/wd/hub/session/fb159c7e-b41b-47a2-9e32-3e4d575dda89/element/f6933be5-a3a4-4284-b4ea-6f313dc72862/value] with body: {"elementId":"f6933be5-a3a4-4284-b4ea-6f313dc72862","text":"Akash","replace":false,"value":["A","k","a","s","h"]}
[debug] &amp#27;[35m[WD Proxy]&amp#27;[39m Got response with status 200: {"sessionId":"fb159c7e-b41b-47a2-9e32-3e4d575dda89","value":null}
[debug] &amp#27;[35m[W3C (f55ee089)]&amp#27;[39m Responding to client with driver.setValue() result: null
&amp#27;[35m[HTTP]&amp#27;[39m &amp#27;[37m<-- POST /wd/hub/session/f55ee089-4d7e-4ae9-87b1-15afd250c1d8/element/f6933be5-a3a4-4284-b4ea-6f313dc72862/value &amp#27;[39m&amp#27;[32m200&amp#27;[39m &amp#27;[90m75 ms - 14&amp#27;[39m
&amp#27;[35m[HTTP]&amp#27;[39m &amp#27;[90m&amp#27;[39m
&amp#27;[35m[HTTP]&amp#27;[39m &amp#27;[37m-->&amp#27;[39m &amp#27;[37mGET&amp#27;[39m &amp#27;[37m/wd/hub/session/f55ee089-4d7e-4ae9-87b1-15afd250c1d8/context&amp#27;[39m
&amp#27;[35m[HTTP]&amp#27;[39m &amp#27;[90m{}&amp#27;[39m
[debug] &amp#27;[35m[W3C (f55ee089)]&amp#27;[39m Calling AppiumDriver.getCurrentContext() with args: ["f55ee089-4d7e-4ae9-87b1-15afd250c1d8"]
[debug] &amp#27;[35m[W3C (f55ee089)]&amp#27;[39m Responding to client with driver.getCurrentContext() result: "NATIVE_APP"
&amp#27;[35m[HTTP]&amp#27;[39m &amp#27;[37m<-- GET /wd/hub/session/f55ee089-4d7e-4ae9-87b1-15afd250c1d8/context &amp#27;[39m&amp#27;[32m200&amp#27;[39m &amp#27;[90m21 ms - 22&amp#27;[39m
&amp#27;[35m[HTTP]&amp#27;[39m &amp#27;[90m&amp#27;[39m
&amp#27;[35m[HTTP]&amp#27;[39m &amp#27;[37m-->&amp#27;[39m &amp#27;[37mPOST&amp#27;[39m &amp#27;[37m/wd/hub/session/f55ee089-4d7e-4ae9-87b1-15afd250c1d8/element&amp#27;[39m
&amp#27;[35m[HTTP]&amp#27;[39m &amp#27;[90m{"using":"xpath","value":"//*[@resource-id='TxtPassword']"}&amp#27;[39m
[debug] &amp#27;[35m[W3C (f55ee089)]&amp#27;[39m Calling AppiumDriver.findElement() with args: ["xpath","//*[@resource-id='TxtPassword']","f55ee089-4d7e-4ae9-87b1-15afd250c1d8"]
[debug] &amp#27;[35m[BaseDriver]&amp#27;[39m Valid locator strategies for this request: xpath, id, class name, accessibility id, css selector, -android uiautomator
[debug] &amp#27;[35m[BaseDriver]&amp#27;[39m Waiting up to 7000 ms for condition
[debug] &amp#27;[35m[WD Proxy]&amp#27;[39m Matched '/element' to command name 'findElement'
[debug] &amp#27;[35m[WD Proxy]&amp#27;[39m Proxying [POST /element] to [POST http://127.0.0.1:8201/wd/hub/session/fb159c7e-b41b-47a2-9e32-3e4d575dda89/element] with body: {"strategy":"xpath","selector":"//*[@resource-id='TxtPassword']","context":"","multiple":false}
[debug] &amp#27;[35m[WD Proxy]&amp#27;[39m Got response with status 200: {"sessionId":"fb159c7e-b41b-47a2-9e32-3e4d575dda89","value":{"ELEMENT":"2623b4a9-b495-4b64-8a96-9245d194f61d","element-6066-11e4-a52e-4f735466cecf":"2623b4a9-b495-4b64-8a96-9245d194f61d"}}
[debug] &amp#27;[35m[W3C (f55ee089)]&amp#27;[39m Responding to client with driver.findElement() result: {"element-6066-11e4-a52e-4f735466cecf":"2623b4a9-b495-4b64-8a96-9245d194f61d","ELEMENT":"2623b4a9-b495-4b64-8a96-9245d194f61d"}
&amp#27;[35m[HTTP]&amp#27;[39m &amp#27;[37m<-- POST /wd/hub/session/f55ee089-4d7e-4ae9-87b1-15afd250c1d8/element &amp#27;[39m&amp#27;[32m200&amp#27;[39m &amp#27;[90m653 ms - 137&amp#27;[39m
&amp#27;[35m[HTTP]&amp#27;[39m &amp#27;[90m&amp#27;[39m
&amp#27;[35m[HTTP]&amp#27;[39m &amp#27;[37m-->&amp#27;[39m &amp#27;[37mPOST&amp#27;[39m &amp#27;[37m/wd/hub/session/f55ee089-4d7e-4ae9-87b1-15afd250c1d8/element/2623b4a9-b495-4b64-8a96-9245d194f61d/value&amp#27;[39m
&amp#27;[35m[HTTP]&amp#27;[39m &amp#27;[90m{"id":"2623b4a9-b495-4b64-8a96-9245d194f61d","text":"acidqa_","value":["a","c","i","d","q","a","_"]}&amp#27;[39m
[debug] &amp#27;[35m[W3C (f55ee089)]&amp#27;[39m Calling AppiumDriver.setValue() with args: [["a","c","i","d","q","a","_"],"2623b4a9-b495-4b64-8a96-9245d194f61d","f55ee089-4d7e-4ae9-87b1-15afd250c1d8"]
[debug] &amp#27;[35m[WD Proxy]&amp#27;[39m Matched '/element/2623b4a9-b495-4b64-8a96-9245d194f61d/value' to command name 'setValue'
[debug] &amp#27;[35m[Protocol Converter]&amp#27;[39m Added 'value' property ["a","c","i","d","q","a","_"] to 'setValue' request body
[debug] &amp#27;[35m[WD Proxy]&amp#27;[39m Proxying [POST /element/2623b4a9-b495-4b64-8a96-9245d194f61d/value] to [POST http://127.0.0.1:8201/wd/hub/session/fb159c7e-b41b-47a2-9e32-3e4d575dda89/element/2623b4a9-b495-4b64-8a96-9245d194f61d/value] with body: {"elementId":"2623b4a9-b495-4b64-8a96-9245d194f61d","text":"acidqa_","replace":false,"value":["a","c","i","d","q","a","_"]}
[debug] &amp#27;[35m[WD Proxy]&amp#27;[39m Got response with status 200: {"sessionId":"fb159c7e-b41b-47a2-9e32-3e4d575dda89","value":null}
[debug] &amp#27;[35m[W3C (f55ee089)]&amp#27;[39m Responding to client with driver.setValue() result: null
&amp#27;[35m[HTTP]&amp#27;[39m &amp#27;[37m<-- POST /wd/hub/session/f55ee089-4d7e-4ae9-87b1-15afd250c1d8/element/2623b4a9-b495-4b64-8a96-9245d194f61d/value &amp#27;[39m&amp#27;[32m200&amp#27;[39m &amp#27;[90m54 ms - 14&amp#27;[39m
&amp#27;[35m[HTTP]&amp#27;[39m &amp#27;[90m&amp#27;[39m
&amp#27;[35m[HTTP]&amp#27;[39m &amp#27;[37m-->&amp#27;[39m &amp#27;[37mGET&amp#27;[39m &amp#27;[37m/wd/hub/session/f55ee089-4d7e-4ae9-87b1-15afd250c1d8/context&amp#27;[39m
&amp#27;[35m[HTTP]&amp#27;[39m &amp#27;[90m{}&amp#27;[39m
[debug] &amp#27;[35m[W3C (f55ee089)]&amp#27;[39m Calling AppiumDriver.getCurrentContext() with args: ["f55ee089-4d7e-4ae9-87b1-15afd250c1d8"]
[debug] &amp#27;[35m[W3C (f55ee089)]&amp#27;[39m Responding to client with driver.getCurrentContext() result: "NATIVE_APP"
&amp#27;[35m[HTTP]&amp#27;[39m &amp#27;[37m<-- GET /wd/hub/session/f55ee089-4d7e-4ae9-87b1-15afd250c1d8/context &amp#27;[39m&amp#27;[32m200&amp#27;[39m &amp#27;[90m4 ms - 22&amp#27;[39m
&amp#27;[35m[HTTP]&amp#27;[39m &amp#27;[90m&amp#27;[39m
&amp#27;[35m[HTTP]&amp#27;[39m &amp#27;[37m-->&amp#27;[39m &amp#27;[37mPOST&amp#27;[39m &amp#27;[37m/wd/hub/session/f55ee089-4d7e-4ae9-87b1-15afd250c1d8/element&amp#27;[39m
&amp#27;[35m[HTTP]&amp#27;[39m &amp#27;[90m{"using":"xpath","value":"//*[@text='Login']"}&amp#27;[39m
[debug] &amp#27;[35m[W3C (f55ee089)]&amp#27;[39m Calling AppiumDriver.findElement() with args: ["xpath","//*[@text='Login']","f55ee089-4d7e-4ae9-87b1-15afd250c1d8"]
[debug] &amp#27;[35m[BaseDriver]&amp#27;[39m Valid locator strategies for this request: xpath, id, class name, accessibility id, css selector, -android uiautomator
[debug] &amp#27;[35m[BaseDriver]&amp#27;[39m Waiting up to 7000 ms for condition
[debug] &amp#27;[35m[WD Proxy]&amp#27;[39m Matched '/element' to command name 'findElement'
[debug] &amp#27;[35m[WD Proxy]&amp#27;[39m Proxying [POST /element] to [POST http://127.0.0.1:8201/wd/hub/session/fb159c7e-b41b-47a2-9e32-3e4d575dda89/element] with body: {"strategy":"xpath","selector":"//*[@text='Login']","context":"","multiple":false}
[debug] &amp#27;[35m[WD Proxy]&amp#27;[39m Got response with status 200: {"sessionId":"fb159c7e-b41b-47a2-9e32-3e4d575dda89","value":{"ELEMENT":"7e877a95-2707-4823-88a5-8e93935d9df4","element-6066-11e4-a52e-4f735466cecf":"7e877a95-2707-4823-88a5-8e93935d9df4"}}
[debug] &amp#27;[35m[W3C (f55ee089)]&amp#27;[39m Responding to client with driver.findElement() result: {"element-6066-11e4-a52e-4f735466cecf":"7e877a95-2707-4823-88a5-8e93935d9df4","ELEMENT":"7e877a95-2707-4823-88a5-8e93935d9df4"}
&amp#27;[35m[HTTP]&amp#27;[39m &amp#27;[37m<-- POST /wd/hub/session/f55ee089-4d7e-4ae9-87b1-15afd250c1d8/element &amp#27;[39m&amp#27;[32m200&amp#27;[39m &amp#27;[90m644 ms - 137&amp#27;[39m
&amp#27;[35m[HTTP]&amp#27;[39m &amp#27;[90m&amp#27;[39m
&amp#27;[35m[HTTP]&amp#27;[39m &amp#27;[37m-->&amp#27;[39m &amp#27;[37mPOST&amp#27;[39m &amp#27;[37m/wd/hub/session/f55ee089-4d7e-4ae9-87b1-15afd250c1d8/element/7e877a95-2707-4823-88a5-8e93935d9df4/click&amp#27;[39m
&amp#27;[35m[HTTP]&amp#27;[39m &amp#27;[90m{"id":"7e877a95-2707-4823-88a5-8e93935d9df4"}&amp#27;[39m
[debug] &amp#27;[35m[W3C (f55ee089)]&amp#27;[39m Calling AppiumDriver.click() with args: ["7e877a95-2707-4823-88a5-8e93935d9df4","f55ee089-4d7e-4ae9-87b1-15afd250c1d8"]
[debug] &amp#27;[35m[WD Proxy]&amp#27;[39m Matched '/element/7e877a95-2707-4823-88a5-8e93935d9df4/click' to command name 'click'
[debug] &amp#27;[35m[WD Proxy]&amp#27;[39m Proxying [POST /element/7e877a95-2707-4823-88a5-8e93935d9df4/click] to [POST http://127.0.0.1:8201/wd/hub/session/fb159c7e-b41b-47a2-9e32-3e4d575dda89/element/7e877a95-2707-4823-88a5-8e93935d9df4/click] with body: {"element":"7e877a95-2707-4823-88a5-8e93935d9df4"}
[debug] &amp#27;[35m[WD Proxy]&amp#27;[39m Got response with status 200: {"sessionId":"fb159c7e-b41b-47a2-9e32-3e4d575dda89","value":null}
[debug] &amp#27;[35m[W3C (f55ee089)]&amp#27;[39m Responding to client with driver.click() result: null
&amp#27;[35m[HTTP]&amp#27;[39m &amp#27;[37m<-- POST /wd/hub/session/f55ee089-4d7e-4ae9-87b1-15afd250c1d8/element/7e877a95-2707-4823-88a5-8e93935d9df4/click &amp#27;[39m&amp#27;[32m200&amp#27;[39m &amp#27;[90m85 ms - 14&amp#27;[39m
&amp#27;[35m[HTTP]&amp#27;[39m &amp#27;[90m&amp#27;[39m
]]></system-out>
    <system-err><![CDATA[Sep 26, 2021 3:24:30 PM io.appium.java_client.remote.AppiumCommandExecutor$1 lambda$0
INFO: Detected dialect: W3C
]]></system-err>
  </testcase>
  <testcase name="logintest[Jessi, Abc%123](2)" classname="AppiumCRMpoc.AppiumCRMpocAI.LoginWithDataDriven_tc" time="36.366">
    <system-out><![CDATA[&amp#27;[35m[Appium]&amp#27;[39m Welcome to Appium v1.21.0
&amp#27;[35m[Appium]&amp#27;[39m Appium REST http interface listener started on 0.0.0.0:4723
&amp#27;[35m[HTTP]&amp#27;[39m &amp#27;[37m-->&amp#27;[39m &amp#27;[37mGET&amp#27;[39m &amp#27;[37m/wd/hub/status&amp#27;[39m
&amp#27;[35m[HTTP]&amp#27;[39m &amp#27;[90m{}&amp#27;[39m
[debug] &amp#27;[35m[GENERIC]&amp#27;[39m Calling AppiumDriver.getStatus() with args: []
[debug] &amp#27;[35m[GENERIC]&amp#27;[39m Responding to client with driver.getStatus() result: {"build":{"version":"1.21.0"}}
&amp#27;[35m[HTTP]&amp#27;[39m &amp#27;[37m<-- GET /wd/hub/status &amp#27;[39m&amp#27;[32m200&amp#27;[39m &amp#27;[90m15 ms - 68&amp#27;[39m
&amp#27;[35m[HTTP]&amp#27;[39m &amp#27;[90m&amp#27;[39m
[debug] &amp#27;[35m[HTTP]&amp#27;[39m Request idempotency key: 59bed8e9-1ff1-4b24-bd37-5dcbde60a480
&amp#27;[35m[HTTP]&amp#27;[39m &amp#27;[37m-->&amp#27;[39m &amp#27;[37mPOST&amp#27;[39m &amp#27;[37m/wd/hub/session&amp#27;[39m
&amp#27;[35m[HTTP]&amp#27;[39m &amp#27;[90m{"desiredCapabilities":{"app":"C:\\Users\\Akash Sharma\\Desktop\\selenium\\eclipse-jee-mars-2-win32-x86_64\\eclipse\\AppiumCRMpocAI\\src\\CRMNextNative5.75.0-Gold7-release.apk","appActivity":".qr.QrScannerActivity t50","appPackage":"com.crmnextmobile.crmnextofflineplay","noReset":true,"newCommandTimeout":"120","platformVersion":"11.0","automationName":"APPIUM","platformName":"Android","deviceName":"PVLBTCAE4L5SSGM7"},"capabilities":{"firstMatch":[{"appium:app":"C:\\Users\\Akash Sharma\\Desktop\\selenium\\eclipse-jee-mars-2-win32-x86_64\\eclipse\\AppiumCRMpocAI\\src\\CRMNextNative5.75.0-Gold7-release.apk","appium:appActivity":".qr.QrScannerActivity t50","appium:appPackage":"com.crmnextmobile.crmnextofflineplay","appium:automationName":"APPIUM","appium:deviceName":"PVLBTCAE4L5SSGM7","appium:newCommandTimeout":"120","appium:noReset":true,"platformName":"android","appium:platformVersion":"11.0"}]}}&amp#27;[39m
[debug] &amp#27;[35m[W3C]&amp#27;[39m Calling AppiumDriver.createSession() with args: [{"app":"C:\\Users\\Akash Sharma\\Desktop\\selenium\\eclipse-jee-mars-2-win32-x86_64\\eclipse\\AppiumCRMpocAI\\src\\CRMNextNative5.75.0-Gold7-release.apk","appActivity":".qr.QrScannerActivity t50","appPackage":"com.crmnextmobile.crmnextofflineplay","noReset":true,"newCommandTimeout":"120","platformVersion":"11.0","automationName":"APPIUM","platformName":"Android","deviceName":"PVLBTCAE4L5SSGM7"},null,{"firstMatch":[{"appium:app":"C:\\Users\\Akash Sharma\\Desktop\\selenium\\eclipse-jee-mars-2-win32-x86_64\\eclipse\\AppiumCRMpocAI\\src\\CRMNextNative5.75.0-Gold7-release.apk","appium:appActivity":".qr.QrScannerActivity t50","appium:appPackage":"com.crmnextmobile.crmnextofflineplay","appium:automationName":"APPIUM","appium:deviceName":"PVLBTCAE4L5SSGM7","appium:newCommandTimeout":"120","appium:noReset":true,"platformName":"android","appium:platformVersion":"11.0"}]}]
[debug] &amp#27;[35m[BaseDriver]&amp#27;[39m Event 'newSessionRequested' logged at 1632650088163 (15:24:48 GMT+0530 (India Standard Time))
&amp#27;[35m[BaseDriver]&amp#27;[39m Number capability passed in as string. Functionality may be compromised.
&amp#27;[35m[Appium]&amp#27;[39m 
&amp#27;[35m[Appium]&amp#27;[39m ======================================================================
&amp#27;[35m[Appium]&amp#27;[39m   DEPRECATION WARNING:
&amp#27;[35m[Appium]&amp#27;[39m 
&amp#27;[35m[Appium]&amp#27;[39m   The 'automationName' capability was not provided in the desired 
&amp#27;[35m[Appium]&amp#27;[39m   capabilities for this Android session
&amp#27;[35m[Appium]&amp#27;[39m 
&amp#27;[35m[Appium]&amp#27;[39m   Setting 'automationName=UiAutomator2' by default and using the 
&amp#27;[35m[Appium]&amp#27;[39m   UiAutomator2 Driver
&amp#27;[35m[Appium]&amp#27;[39m 
&amp#27;[35m[Appium]&amp#27;[39m   The next major version of Appium (2.x) will **require** the 
&amp#27;[35m[Appium]&amp#27;[39m   'automationName' capability to be set for all sessions on all 
&amp#27;[35m[Appium]&amp#27;[39m   platforms
&amp#27;[35m[Appium]&amp#27;[39m 
&amp#27;[35m[Appium]&amp#27;[39m   In previous versions (Appium <= 1.13.x), the default was 
&amp#27;[35m[Appium]&amp#27;[39m   'automationName=UiAutomator1'
&amp#27;[35m[Appium]&amp#27;[39m 
&amp#27;[35m[Appium]&amp#27;[39m   If you wish to use that automation instead of UiAutomator2, please 
&amp#27;[35m[Appium]&amp#27;[39m   add 'automationName=UiAutomator1' to your desired capabilities
&amp#27;[35m[Appium]&amp#27;[39m 
&amp#27;[35m[Appium]&amp#27;[39m   For more information about drivers, please visit 
&amp#27;[35m[Appium]&amp#27;[39m   http://appium.io/docs/en/about-appium/intro/ and explore the 
&amp#27;[35m[Appium]&amp#27;[39m   'Drivers' menu
&amp#27;[35m[Appium]&amp#27;[39m 
&amp#27;[35m[Appium]&amp#27;[39m ======================================================================
&amp#27;[35m[Appium]&amp#27;[39m 
&amp#27;[35m[Appium]&amp#27;[39m Appium v1.21.0 creating new AndroidUiautomator2Driver (v1.65.0) session
[debug] &amp#27;[35m[BaseDriver]&amp#27;[39m W3C capabilities and MJSONWP desired capabilities were provided
[debug] &amp#27;[35m[BaseDriver]&amp#27;[39m Creating session with W3C capabilities: {
[debug] &amp#27;[35m[BaseDriver]&amp#27;[39m   "alwaysMatch": {
[debug] &amp#27;[35m[BaseDriver]&amp#27;[39m     "platformName": "android",
[debug] &amp#27;[35m[BaseDriver]&amp#27;[39m     "appium:app": "C:\\Users\\Akash Sharma\\Desktop\\selenium\\eclipse-jee-mars-2-win32-x86_64\\eclipse\\AppiumCRMpocAI\\src\\CRMNextNative5.75.0-Gold7-release.apk",
[debug] &amp#27;[35m[BaseDriver]&amp#27;[39m     "appium:appActivity": ".qr.QrScannerActivity t50",
[debug] &amp#27;[35m[BaseDriver]&amp#27;[39m     "appium:appPackage": "com.crmnextmobile.crmnextofflineplay",
[debug] &amp#27;[35m[BaseDriver]&amp#27;[39m     "appium:automationName": "APPIUM",
[debug] &amp#27;[35m[BaseDriver]&amp#27;[39m     "appium:deviceName": "PVLBTCAE4L5SSGM7",
[debug] &amp#27;[35m[BaseDriver]&amp#27;[39m     "appium:newCommandTimeout": "120",
[debug] &amp#27;[35m[BaseDriver]&amp#27;[39m     "appium:noReset": true,
[debug] &amp#27;[35m[BaseDriver]&amp#27;[39m     "appium:platformVersion": "11.0"
[debug] &amp#27;[35m[BaseDriver]&amp#27;[39m   },
[debug] &amp#27;[35m[BaseDriver]&amp#27;[39m   "firstMatch": [
[debug] &amp#27;[35m[BaseDriver]&amp#27;[39m     {}
[debug] &amp#27;[35m[BaseDriver]&amp#27;[39m   ]
[debug] &amp#27;[35m[BaseDriver]&amp#27;[39m }
&amp#27;[35m[BaseDriver]&amp#27;[39m Number capability passed in as string. Functionality may be compromised.
&amp#27;[35m[BaseDriver]&amp#27;[39m Capability 'newCommandTimeout' changed from string ('120') to integer (120). This may cause unexpected behavior
&amp#27;[35m[BaseDriver]&amp#27;[39m Session created with session id: b98c10f4-ccb7-4949-9308-415f87d73893
&amp#27;[35m[BaseDriver]&amp#27;[39m Using local app 'C:\Users\Akash Sharma\Desktop\selenium\eclipse-jee-mars-2-win32-x86_64\eclipse\AppiumCRMpocAI\src\CRMNextNative5.75.0-Gold7-release.apk'
[debug] &amp#27;[35m[UiAutomator2]&amp#27;[39m Checking whether app is actually present
&amp#27;[35m[ADB]&amp#27;[39m Found 1 'build-tools' folders under 'C:\Users\Akash Sharma\AppData\Local\Android\Sdk' (newest first):
&amp#27;[35m[ADB]&amp#27;[39m     C:/Users/Akash Sharma/AppData/Local/Android/Sdk/build-tools/30.0.3
&amp#27;[35m[ADB]&amp#27;[39m Using 'adb.exe' from 'C:\Users\Akash Sharma\AppData\Local\Android\Sdk\platform-tools\adb.exe'
[debug] &amp#27;[35m[ADB]&amp#27;[39m Running 'C:\Users\Akash Sharma\AppData\Local\Android\Sdk\platform-tools\adb.exe -P 5037 start-server'
&amp#27;[35m[AndroidDriver]&amp#27;[39m Retrieving device list
[debug] &amp#27;[35m[ADB]&amp#27;[39m Trying to find a connected android device
[debug] &amp#27;[35m[ADB]&amp#27;[39m Getting connected devices
[debug] &amp#27;[35m[ADB]&amp#27;[39m Connected devices: [{"udid":"PVLBTCAE4L5SSGM7","state":"device"}]
&amp#27;[35m[AndroidDriver]&amp#27;[39m Looking for a device with Android '11.0.0'
[debug] &amp#27;[35m[ADB]&amp#27;[39m Setting device id to PVLBTCAE4L5SSGM7
&amp#27;[35m[ADB]&amp#27;[39m Getting device platform version
[debug] &amp#27;[35m[ADB]&amp#27;[39m Running 'C:\Users\Akash Sharma\AppData\Local\Android\Sdk\platform-tools\adb.exe -P 5037 -s PVLBTCAE4L5SSGM7 shell getprop ro.build.version.release'
[debug] &amp#27;[35m[ADB]&amp#27;[39m Current device property 'ro.build.version.release': 11
&amp#27;[35m[AndroidDriver]&amp#27;[39m Using device: PVLBTCAE4L5SSGM7
&amp#27;[35m[ADB]&amp#27;[39m Using 'adb.exe' from 'C:\Users\Akash Sharma\AppData\Local\Android\Sdk\platform-tools\adb.exe'
[debug] &amp#27;[35m[ADB]&amp#27;[39m Running 'C:\Users\Akash Sharma\AppData\Local\Android\Sdk\platform-tools\adb.exe -P 5037 start-server'
[debug] &amp#27;[35m[ADB]&amp#27;[39m Setting device id to PVLBTCAE4L5SSGM7
[debug] &amp#27;[35m[ADB]&amp#27;[39m Running 'C:\Users\Akash Sharma\AppData\Local\Android\Sdk\platform-tools\adb.exe -P 5037 -s PVLBTCAE4L5SSGM7 shell getprop ro.build.version.sdk'
[debug] &amp#27;[35m[ADB]&amp#27;[39m Current device property 'ro.build.version.sdk': 30
&amp#27;[35m[ADB]&amp#27;[39m Getting device platform version
[debug] &amp#27;[35m[ADB]&amp#27;[39m Running 'C:\Users\Akash Sharma\AppData\Local\Android\Sdk\platform-tools\adb.exe -P 5037 -s PVLBTCAE4L5SSGM7 shell getprop ro.build.version.release'
[debug] &amp#27;[35m[ADB]&amp#27;[39m Current device property 'ro.build.version.release': 11
[debug] &amp#27;[35m[ADB]&amp#27;[39m Device API level: 30
&amp#27;[35m[UiAutomator2]&amp#27;[39m Relaxing hidden api policy
[debug] &amp#27;[35m[ADB]&amp#27;[39m Running 'C:\Users\Akash Sharma\AppData\Local\Android\Sdk\platform-tools\adb.exe -P 5037 -s PVLBTCAE4L5SSGM7 shell 'settings put global hidden_api_policy_pre_p_apps 1;settings put global hidden_api_policy_p_apps 1;settings put global hidden_api_policy 1''
&amp#27;[35m[AndroidDriver]&amp#27;[39m Capability 'appActivity' is expected to only include latin letters, digits, underscore, dot, comma and asterisk characters.
&amp#27;[35m[AndroidDriver]&amp#27;[39m Current value '.qr.QrScannerActivity t50' has non-matching character at index 21: '.qr.QrScannerActivity '
[debug] &amp#27;[35m[ADB]&amp#27;[39m Running 'C:\Users\Akash Sharma\AppData\Local\Android\Sdk\platform-tools\adb.exe -P 5037 -s PVLBTCAE4L5SSGM7 wait-for-device'
[debug] &amp#27;[35m[ADB]&amp#27;[39m Running 'C:\Users\Akash Sharma\AppData\Local\Android\Sdk\platform-tools\adb.exe -P 5037 -s PVLBTCAE4L5SSGM7 shell echo ping'
[debug] &amp#27;[35m[AndroidDriver]&amp#27;[39m Pushing settings apk to device...
[debug] &amp#27;[35m[ADB]&amp#27;[39m Getting install status for io.appium.settings
[debug] &amp#27;[35m[ADB]&amp#27;[39m Running 'C:\Users\Akash Sharma\AppData\Local\Android\Sdk\platform-tools\adb.exe -P 5037 -s PVLBTCAE4L5SSGM7 shell dumpsys package io.appium.settings'
[debug] &amp#27;[35m[ADB]&amp#27;[39m 'io.appium.settings' is installed
[debug] &amp#27;[35m[ADB]&amp#27;[39m Getting package info for 'io.appium.settings'
[debug] &amp#27;[35m[ADB]&amp#27;[39m Running 'C:\Users\Akash Sharma\AppData\Local\Android\Sdk\platform-tools\adb.exe -P 5037 -s PVLBTCAE4L5SSGM7 shell dumpsys package io.appium.settings'
[debug] &amp#27;[35m[ADB]&amp#27;[39m The version name of the installed 'io.appium.settings' is greater or equal to the application version name ('3.3.0' >= '3.3.0')
[debug] &amp#27;[35m[ADB]&amp#27;[39m There is no need to install/upgrade 'C:\Users\Akash Sharma\AppData\Roaming\npm\node_modules\appium\node_modules\io.appium.settings\apks\settings_apk-debug.apk'
[debug] &amp#27;[35m[ADB]&amp#27;[39m Getting IDs of all 'io.appium.settings' processes
[debug] &amp#27;[35m[ADB]&amp#27;[39m Running 'C:\Users\Akash Sharma\AppData\Local\Android\Sdk\platform-tools\adb.exe -P 5037 -s PVLBTCAE4L5SSGM7 shell 'pgrep --help; echo $?''
[debug] &amp#27;[35m[ADB]&amp#27;[39m Running 'C:\Users\Akash Sharma\AppData\Local\Android\Sdk\platform-tools\adb.exe -P 5037 -s PVLBTCAE4L5SSGM7 shell pgrep -f \(\[\[:blank:\]\]\|\^\)io\.appium\.settings\(\[\[:blank:\]\]\|\$\)'
[debug] &amp#27;[35m[AndroidDriver]&amp#27;[39m io.appium.settings is already running. There is no need to reset its permissions.
[debug] &amp#27;[35m[ADB]&amp#27;[39m Running 'C:\Users\Akash Sharma\AppData\Local\Android\Sdk\platform-tools\adb.exe -P 5037 -s PVLBTCAE4L5SSGM7 shell appops set io.appium.settings android:mock_location allow'
[debug] &amp#27;[35m[Logcat]&amp#27;[39m Starting logs capture with command: 'C:\\Users\\Akash Sharma\\AppData\\Local\\Android\\Sdk\\platform-tools\\adb.exe' -P 5037 -s PVLBTCAE4L5SSGM7 logcat -v threadtime
[debug] &amp#27;[35m[UiAutomator2]&amp#27;[39m Forwarding UiAutomator2 Server port 6790 to local port 8202
[debug] &amp#27;[35m[ADB]&amp#27;[39m Forwarding system: 8202 to device: 6790
[debug] &amp#27;[35m[ADB]&amp#27;[39m Running 'C:\Users\Akash Sharma\AppData\Local\Android\Sdk\platform-tools\adb.exe -P 5037 -s PVLBTCAE4L5SSGM7 forward tcp:8202 tcp:6790'
[debug] &amp#27;[35m[ADB]&amp#27;[39m Getting install status for io.appium.uiautomator2.server
[debug] &amp#27;[35m[ADB]&amp#27;[39m Running 'C:\Users\Akash Sharma\AppData\Local\Android\Sdk\platform-tools\adb.exe -P 5037 -s PVLBTCAE4L5SSGM7 shell dumpsys package io.appium.uiautomator2.server'
[debug] &amp#27;[35m[ADB]&amp#27;[39m 'io.appium.uiautomator2.server' is installed
[debug] &amp#27;[35m[ADB]&amp#27;[39m Getting package info for 'io.appium.uiautomator2.server'
[debug] &amp#27;[35m[ADB]&amp#27;[39m Running 'C:\Users\Akash Sharma\AppData\Local\Android\Sdk\platform-tools\adb.exe -P 5037 -s PVLBTCAE4L5SSGM7 shell dumpsys package io.appium.uiautomator2.server'
[debug] &amp#27;[35m[ADB]&amp#27;[39m The version name of the installed 'io.appium.uiautomator2.server' is greater or equal to the application version name ('4.21.1' >= '4.21.1')
[debug] &amp#27;[35m[UiAutomator2]&amp#27;[39m io.appium.uiautomator2.server installation state: sameVersionInstalled
[debug] &amp#27;[35m[ADB]&amp#27;[39m Checking app cert for C:\Users\Akash Sharma\AppData\Roaming\npm\node_modules\appium\node_modules\appium-uiautomator2-server\apks\appium-uiautomator2-server-v4.21.1.apk
&amp#27;[35m[ADB]&amp#27;[39m Using 'apksigner.jar' from 'C:\Users\Akash Sharma\AppData\Local\Android\Sdk\build-tools\30.0.3\lib\apksigner.jar'
[debug] &amp#27;[35m[ADB]&amp#27;[39m Starting apksigner: 'C:\\Program Files\\Java\\jdk1.8.0_181\\bin\\java.exe' -Xmx1024M -Xss1m -jar 'C:\\Users\\Akash Sharma\\AppData\\Local\\Android\\Sdk\\build-tools\\30.0.3\\lib\\apksigner.jar' verify --print-certs 'C:\\Users\\Akash Sharma\\AppData\\Roaming\\npm\\node_modules\\appium\\node_modules\\appium-uiautomator2-server\\apks\\appium-uiautomator2-server-v4.21.1.apk'
[debug] &amp#27;[35m[ADB]&amp#27;[39m apksigner stdout: Signer #1 certificate DN: EMAILADDRESS=android@android.com, CN=Android, OU=Android, O=Android, L=Mountain View, ST=California, C=US
[debug] &amp#27;[35m[ADB]&amp#27;[39m Signer #1 certificate SHA-256 digest: a40da80a59d170caa950cf15c18c454d47a39b26989d8b640ecd745ba71bf5dc
[debug] &amp#27;[35m[ADB]&amp#27;[39m Signer #1 certificate SHA-1 digest: 61ed377e85d386a8dfee6b864bd85b0bfaa5af81
[debug] &amp#27;[35m[ADB]&amp#27;[39m Signer #1 certificate MD5 digest: e89b158e4bcf988ebd09eb83f5378e87
[debug] &amp#27;[35m[ADB]&amp#27;[39m 
[debug] &amp#27;[35m[ADB]&amp#27;[39m sha256 hash did match for 'appium-uiautomator2-server-v4.21.1.apk'
&amp#27;[35m[ADB]&amp#27;[39m 'C:\Users\Akash Sharma\AppData\Roaming\npm\node_modules\appium\node_modules\appium-uiautomator2-server\apks\appium-uiautomator2-server-v4.21.1.apk' is signed with the default certificate
[debug] &amp#27;[35m[ADB]&amp#27;[39m Getting install status for io.appium.uiautomator2.server.test
[debug] &amp#27;[35m[ADB]&amp#27;[39m Running 'C:\Users\Akash Sharma\AppData\Local\Android\Sdk\platform-tools\adb.exe -P 5037 -s PVLBTCAE4L5SSGM7 shell dumpsys package io.appium.uiautomator2.server.test'
[debug] &amp#27;[35m[ADB]&amp#27;[39m 'io.appium.uiautomator2.server.test' is installed
[debug] &amp#27;[35m[ADB]&amp#27;[39m Checking app cert for C:\Users\Akash Sharma\AppData\Roaming\npm\node_modules\appium\node_modules\appium-uiautomator2-server\apks\appium-uiautomator2-server-debug-androidTest.apk
[debug] &amp#27;[35m[ADB]&amp#27;[39m Starting apksigner: 'C:\\Program Files\\Java\\jdk1.8.0_181\\bin\\java.exe' -Xmx1024M -Xss1m -jar 'C:\\Users\\Akash Sharma\\AppData\\Local\\Android\\Sdk\\build-tools\\30.0.3\\lib\\apksigner.jar' verify --print-certs 'C:\\Users\\Akash Sharma\\AppData\\Roaming\\npm\\node_modules\\appium\\node_modules\\appium-uiautomator2-server\\apks\\appium-uiautomator2-server-debug-androidTest.apk'
[debug] &amp#27;[35m[ADB]&amp#27;[39m apksigner stdout: Signer #1 certificate DN: EMAILADDRESS=android@android.com, CN=Android, OU=Android, O=Android, L=Mountain View, ST=California, C=US
[debug] &amp#27;[35m[ADB]&amp#27;[39m Signer #1 certificate SHA-256 digest: a40da80a59d170caa950cf15c18c454d47a39b26989d8b640ecd745ba71bf5dc
[debug] &amp#27;[35m[ADB]&amp#27;[39m Signer #1 certificate SHA-1 digest: 61ed377e85d386a8dfee6b864bd85b0bfaa5af81
[debug] &amp#27;[35m[ADB]&amp#27;[39m Signer #1 certificate MD5 digest: e89b158e4bcf988ebd09eb83f5378e87
[debug] &amp#27;[35m[ADB]&amp#27;[39m 
[debug] &amp#27;[35m[ADB]&amp#27;[39m sha256 hash did match for 'appium-uiautomator2-server-debug-androidTest.apk'
&amp#27;[35m[ADB]&amp#27;[39m 'C:\Users\Akash Sharma\AppData\Roaming\npm\node_modules\appium\node_modules\appium-uiautomator2-server\apks\appium-uiautomator2-server-debug-androidTest.apk' is signed with the default certificate
&amp#27;[35m[UiAutomator2]&amp#27;[39m Server packages are not going to be (re)installed
[debug] &amp#27;[35m[UiAutomator2]&amp#27;[39m Waiting up to 30000ms for services to be available
[debug] &amp#27;[35m[ADB]&amp#27;[39m Running 'C:\Users\Akash Sharma\AppData\Local\Android\Sdk\platform-tools\adb.exe -P 5037 -s PVLBTCAE4L5SSGM7 shell pm list instrumentation'
[debug] &amp#27;[35m[UiAutomator2]&amp#27;[39m Instrumentation target 'io.appium.uiautomator2.server.test/androidx.test.runner.AndroidJUnitRunner' is available
&amp#27;[35m[ADB]&amp#27;[39m Adding packages ["io.appium.settings","io.appium.uiautomator2.server","io.appium.uiautomator2.server.test"] to Doze whitelist
[debug] &amp#27;[35m[ADB]&amp#27;[39m Got the following command chunks to execute: [["dumpsys","deviceidle","whitelist","+io.appium.settings",";","dumpsys","deviceidle","whitelist","+io.appium.uiautomator2.server",";","dumpsys","deviceidle","whitelist","+io.appium.uiautomator2.server.test",";"]]
[debug] &amp#27;[35m[ADB]&amp#27;[39m Running 'C:\Users\Akash Sharma\AppData\Local\Android\Sdk\platform-tools\adb.exe -P 5037 -s PVLBTCAE4L5SSGM7 shell dumpsys deviceidle whitelist +io.appium.settings ; dumpsys deviceidle whitelist +io.appium.uiautomator2.server ; dumpsys deviceidle whitelist +io.appium.uiautomator2.server.test ;'
[debug] &amp#27;[35m[ADB]&amp#27;[39m Checking app cert for C:\Users\Akash Sharma\Desktop\selenium\eclipse-jee-mars-2-win32-x86_64\eclipse\AppiumCRMpocAI\src\CRMNextNative5.75.0-Gold7-release.apk
[debug] &amp#27;[35m[ADB]&amp#27;[39m Starting apksigner: 'C:\\Program Files\\Java\\jdk1.8.0_181\\bin\\java.exe' -Xmx1024M -Xss1m -jar 'C:\\Users\\Akash Sharma\\AppData\\Local\\Android\\Sdk\\build-tools\\30.0.3\\lib\\apksigner.jar' verify --print-certs 'C:\\Users\\Akash Sharma\\Desktop\\selenium\\eclipse-jee-mars-2-win32-x86_64\\eclipse\\AppiumCRMpocAI\\src\\CRMNextNative5.75.0-Gold7-release.apk'
[debug] &amp#27;[35m[ADB]&amp#27;[39m apksigner stdout: Signer #1 certificate DN: CN=Acidaes Solutions Pvt.Ltd., OU=Acidaes Solutions Pvt.Ltd., O=Acidaes Solutions Pvt.Ltd., L=Noida, ST=Uttar Pradesh, C=91
[debug] &amp#27;[35m[ADB]&amp#27;[39m Signer #1 certificate SHA-256 digest: 1b5b28e9495aee7e7f65516fdcd33e9c92c58131e8997f2eab924f8a83a7b22d
[debug] &amp#27;[35m[ADB]&amp#27;[39m Signer #1 certificate SHA-1 digest: 83c7e9d2f980c36b1649fa86fc18d5d526391612
[debug] &amp#27;[35m[ADB]&amp#27;[39m Signer #1 certificate MD5 digest: c3fb4dcecfe26af9175caef538f5ac0e
[debug] &amp#27;[35m[ADB]&amp#27;[39m 
&amp#27;[35m[ADB]&amp#27;[39m 'C:\Users\Akash Sharma\Desktop\selenium\eclipse-jee-mars-2-win32-x86_64\eclipse\AppiumCRMpocAI\src\CRMNextNative5.75.0-Gold7-release.apk' is signed with a non-default certificate
[debug] &amp#27;[35m[ADB]&amp#27;[39m Getting install status for com.crmnextmobile.crmnextofflineplay
[debug] &amp#27;[35m[ADB]&amp#27;[39m Running 'C:\Users\Akash Sharma\AppData\Local\Android\Sdk\platform-tools\adb.exe -P 5037 -s PVLBTCAE4L5SSGM7 shell dumpsys package com.crmnextmobile.crmnextofflineplay'
[debug] &amp#27;[35m[ADB]&amp#27;[39m 'com.crmnextmobile.crmnextofflineplay' is installed
[debug] &amp#27;[35m[ADB]&amp#27;[39m Getting package info for 'com.crmnextmobile.crmnextofflineplay'
[debug] &amp#27;[35m[ADB]&amp#27;[39m Running 'C:\Users\Akash Sharma\AppData\Local\Android\Sdk\platform-tools\adb.exe -P 5037 -s PVLBTCAE4L5SSGM7 shell dumpsys package com.crmnextmobile.crmnextofflineplay'
[debug] &amp#27;[35m[ADB]&amp#27;[39m The version name of the installed 'com.crmnextmobile.crmnextofflineplay' is greater or equal to the application version name ('5.75.0' >= '5.75.0')
[debug] &amp#27;[35m[ADB]&amp#27;[39m There is no need to install/upgrade 'C:\Users\Akash Sharma\Desktop\selenium\eclipse-jee-mars-2-win32-x86_64\eclipse\AppiumCRMpocAI\src\CRMNextNative5.75.0-Gold7-release.apk'
[debug] &amp#27;[35m[UiAutomator2]&amp#27;[39m Performing shallow cleanup of automation leftovers
[debug] &amp#27;[35m[UiAutomator2]&amp#27;[39m The following obsolete sessions are still running: [null]
[debug] &amp#27;[35m[UiAutomator2]&amp#27;[39m Cleaning up the obsolete sessions
[debug] &amp#27;[35m[ADB]&amp#27;[39m Running 'C:\Users\Akash Sharma\AppData\Local\Android\Sdk\platform-tools\adb.exe -P 5037 -s PVLBTCAE4L5SSGM7 shell am force-stop io.appium.uiautomator2.server.test'
&amp#27;[35m[UiAutomator2]&amp#27;[39m Starting UIAutomator2 server 4.21.1
&amp#27;[35m[UiAutomator2]&amp#27;[39m Using UIAutomator2 server from 'C:\Users\Akash Sharma\AppData\Roaming\npm\node_modules\appium\node_modules\appium-uiautomator2-server\apks\appium-uiautomator2-server-v4.21.1.apk' and test from 'C:\Users\Akash Sharma\AppData\Roaming\npm\node_modules\appium\node_modules\appium-uiautomator2-server\apks\appium-uiautomator2-server-debug-androidTest.apk'
&amp#27;[35m[UiAutomator2]&amp#27;[39m Waiting up to 30000ms for UiAutomator2 to be online...
[debug] &amp#27;[35m[ADB]&amp#27;[39m Creating ADB subprocess with args: ["-P",5037,"-s","PVLBTCAE4L5SSGM7","shell","am","instrument","-w","-e","disableAnalytics",true,"io.appium.uiautomator2.server.test/androidx.test.runner.AndroidJUnitRunner"]
[debug] &amp#27;[35m[WD Proxy]&amp#27;[39m Matched '/status' to command name 'getStatus'
[debug] &amp#27;[35m[WD Proxy]&amp#27;[39m Proxying [GET /status] to [GET http://127.0.0.1:8202/wd/hub/status] with no body
&amp#27;[35m[WD Proxy]&amp#27;[39m socket hang up
[debug] &amp#27;[35m[WD Proxy]&amp#27;[39m Matched '/status' to command name 'getStatus'
[debug] &amp#27;[35m[WD Proxy]&amp#27;[39m Proxying [GET /status] to [GET http://127.0.0.1:8202/wd/hub/status] with no body
&amp#27;[35m[WD Proxy]&amp#27;[39m socket hang up
[debug] &amp#27;[35m[Instrumentation]&amp#27;[39m io.appium.uiautomator2.server.test.AppiumUiAutomator2Server:
[debug] &amp#27;[35m[WD Proxy]&amp#27;[39m Matched '/status' to command name 'getStatus'
[debug] &amp#27;[35m[WD Proxy]&amp#27;[39m Proxying [GET /status] to [GET http://127.0.0.1:8202/wd/hub/status] with no body
&amp#27;[35m[WD Proxy]&amp#27;[39m socket hang up
[debug] &amp#27;[35m[WD Proxy]&amp#27;[39m Matched '/status' to command name 'getStatus'
[debug] &amp#27;[35m[WD Proxy]&amp#27;[39m Proxying [GET /status] to [GET http://127.0.0.1:8202/wd/hub/status] with no body
[debug] &amp#27;[35m[WD Proxy]&amp#27;[39m Got response with status 200: {"sessionId":"None","value":{"message":"UiAutomator2 Server is ready to accept commands","ready":true}}
[debug] &amp#27;[35m[UiAutomator2]&amp#27;[39m The initialization of the instrumentation process took 3351ms
[debug] &amp#27;[35m[WD Proxy]&amp#27;[39m Matched '/session' to command name 'createSession'
[debug] &amp#27;[35m[WD Proxy]&amp#27;[39m Proxying [POST /session] to [POST http://127.0.0.1:8202/wd/hub/session] with body: {"capabilities":{"firstMatch":[{"platform":"LINUX","webStorageEnabled":false,"takesScreenshot":true,"javascriptEnabled":true,"databaseEnabled":false,"networkConnectionEnabled":true,"locationContextEnabled":false,"warnings":{},"desired":{"platformName":"android","app":"C:\\Users\\Akash Sharma\\Desktop\\selenium\\eclipse-jee-mars-2-win32-x86_64\\eclipse\\AppiumCRMpocAI\\src\\CRMNextNative5.75.0-Gold7-release.apk","appActivity":".qr.QrScannerActivity t50","appPackage":"com.crmnextmobile.crmnextofflineplay","automationName":"APPIUM","deviceName":"PVLBTCAE4L5SSGM7","newCommandTimeout":120,"noReset":true,"platformVersion":"11.0"},"platformName":"android","app":"C:\\Users\\Akash Sharma\\Desktop\\selenium\\eclipse-jee-mars-2-win32-x86_64\\eclipse\\AppiumCRMpocAI\\src\\CRMNextNative5.75.0-Gold7-release.apk","appActivity":".qr.QrScannerActivity t50","appPackage":"com.crmnextmobile.crmnextofflineplay","automationName":"APPIUM","deviceName":"PVLBTCAE4L5SSGM7","newCommandTimeout":120,"noReset":true,"platformVersion":"1...
[debug] &amp#27;[35m[WD Proxy]&amp#27;[39m Got response with status 200: {"sessionId":"956c159a-93f5-444f-9e99-8b02bf905e05","value":{"capabilities":{"firstMatch":[{"platform":"LINUX","webStorageEnabled":false,"takesScreenshot":true,"javascriptEnabled":true,"databaseEnabled":false,"networkConnectionEnabled":true,"locationContextEnabled":false,"warnings":{},"desired":{"platformName":"android","app":"C:\\Users\\Akash Sharma\\Desktop\\selenium\\eclipse-jee-mars-2-win32-x86_64\\eclipse\\AppiumCRMpocAI\\src\\CRMNextNative5.75.0-Gold7-release.apk","appActivity":".qr.QrScannerActivity t50","appPackage":"com.crmnextmobile.crmnextofflineplay","automationName":"APPIUM","deviceName":"PVLBTCAE4L5SSGM7","newCommandTimeout":120,"noReset":true,"platformVersion":"11.0"},"platformName":"android","app":"C:\\Users\\Akash Sharma\\Desktop\\selenium\\eclipse-jee-mars-2-win32-x86_64\\eclipse\\AppiumCRMpocAI\\src\\CRMNextNative5.75.0-Gold7-release.apk","appActivity":".qr.QrScannerActivity t50","appPackage":"com.crmnextmobile.crmnextofflineplay","automationName":"APPIUM","deviceName":"PVLBTCAE4L5SSGM7"...
&amp#27;[35m[WD Proxy]&amp#27;[39m Determined the downstream protocol as 'W3C'
[debug] &amp#27;[35m[WD Proxy]&amp#27;[39m Proxying [GET /appium/device/info] to [GET http://127.0.0.1:8202/wd/hub/session/956c159a-93f5-444f-9e99-8b02bf905e05/appium/device/info] with no body
[debug] &amp#27;[35m[WD Proxy]&amp#27;[39m Got response with status 200: {"sessionId":"956c159a-93f5-444f-9e99-8b02bf905e05","value":{"androidId":"dbdcf2ef05507201","apiVersion":"30","bluetooth":{"state":"OFF"},"brand":"realme","carrierName":"IND airtel","displayDensity":320,"locale":"en_US","manufacturer":"realme","model":"RMX3171","networks":[{"capabilities":{"SSID":null,"linkDownBandwidthKbps":30000,"linkUpstreamBandwidthKbps":15000,"networkCapabilities":"NET_CAPABILITY_IMS,NET_CAPABILITY_NOT_METERED,NET_CAPABILITY_TRUSTED,NET_CAPABILITY_NOT_VPN,NET_CAPABILITY_VALIDATED,NET_CAPABILITY_NOT_ROAMING,NET_CAPABILITY_FOREGROUND,NET_CAPABILITY_NOT_CONGESTED,NET_CAPABILITY_NOT_SUSPENDED","signalStrength":-2147483648,"transportTypes":"TRANSPORT_CELLULAR"},"detailedState":"CONNECTED","extraInfo":"ims","isAvailable":true,"isConnected":true,"isFailover":false,"isRoaming":false,"state":"CONNECTED","subtype":13,"subtypeName":"LTE","type":0,"typeName":"MOBILE"},{"capabilities":{"SSID":null,"linkDownBandwidthKbps":30000,"linkUpstreamBandwidthKbps":15000,"networkCapabilities":"NET_CAPABILITY...
[debug] &amp#27;[35m[ADB]&amp#27;[39m Running 'C:\Users\Akash Sharma\AppData\Local\Android\Sdk\platform-tools\adb.exe -P 5037 -s PVLBTCAE4L5SSGM7 shell dumpsys window'
&amp#27;[35m[AndroidDriver]&amp#27;[39m Screen already unlocked, doing nothing
&amp#27;[35m[UiAutomator2]&amp#27;[39m Starting 'com.crmnextmobile.crmnextofflineplay/.qr.QrScannerActivity t50 and waiting for 'com.crmnextmobile.crmnextofflineplay/.qr.QrScannerActivity t50'
[debug] &amp#27;[35m[ADB]&amp#27;[39m Running 'C:\Users\Akash Sharma\AppData\Local\Android\Sdk\platform-tools\adb.exe -P 5037 -s PVLBTCAE4L5SSGM7 shell am start -W -n 'com.crmnextmobile.crmnextofflineplay/.qr.QrScannerActivity t50' -S -a android.intent.action.MAIN -c android.intent.category.LAUNCHER -f 0x10200000'
[debug] &amp#27;[35m[WD Proxy]&amp#27;[39m Proxying [GET /appium/device/pixel_ratio] to [GET http://127.0.0.1:8202/wd/hub/session/956c159a-93f5-444f-9e99-8b02bf905e05/appium/device/pixel_ratio] with no body
[debug] &amp#27;[35m[WD Proxy]&amp#27;[39m Got response with status 200: {"sessionId":"956c159a-93f5-444f-9e99-8b02bf905e05","value":2}
[debug] &amp#27;[35m[WD Proxy]&amp#27;[39m Matched '/appium/device/system_bars' to command name 'getSystemBars'
[debug] &amp#27;[35m[WD Proxy]&amp#27;[39m Proxying [GET /appium/device/system_bars] to [GET http://127.0.0.1:8202/wd/hub/session/956c159a-93f5-444f-9e99-8b02bf905e05/appium/device/system_bars] with no body
[debug] &amp#27;[35m[WD Proxy]&amp#27;[39m Got response with status 200: {"sessionId":"956c159a-93f5-444f-9e99-8b02bf905e05","value":{"statusBar":64}}
[debug] &amp#27;[35m[WD Proxy]&amp#27;[39m Matched '/window/current/size' to command name 'getWindowSize'
[debug] &amp#27;[35m[WD Proxy]&amp#27;[39m Proxying [GET /window/current/size] to [GET http://127.0.0.1:8202/wd/hub/session/956c159a-93f5-444f-9e99-8b02bf905e05/window/current/size] with no body
[debug] &amp#27;[35m[WD Proxy]&amp#27;[39m Got response with status 200: {"sessionId":"956c159a-93f5-444f-9e99-8b02bf905e05","value":{"height":1448,"width":720}}
&amp#27;[35m[Appium]&amp#27;[39m New AndroidUiautomator2Driver session created successfully, session b98c10f4-ccb7-4949-9308-415f87d73893 added to master session list
[debug] &amp#27;[35m[BaseDriver]&amp#27;[39m Event 'newSessionStarted' logged at 1632650107786 (15:25:07 GMT+0530 (India Standard Time))
[debug] &amp#27;[35m[W3C (b98c10f4)]&amp#27;[39m Cached the protocol value 'W3C' for the new session b98c10f4-ccb7-4949-9308-415f87d73893
[debug] &amp#27;[35m[W3C (b98c10f4)]&amp#27;[39m Responding to client with driver.createSession() result: {"capabilities":{"platform":"LINUX","webStorageEnabled":false,"takesScreenshot":true,"javascriptEnabled":true,"databaseEnabled":false,"networkConnectionEnabled":true,"locationContextEnabled":false,"warnings":{},"desired":{"platformName":"android","app":"C:\\Users\\Akash Sharma\\Desktop\\selenium\\eclipse-jee-mars-2-win32-x86_64\\eclipse\\AppiumCRMpocAI\\src\\CRMNextNative5.75.0-Gold7-release.apk","appActivity":".qr.QrScannerActivity t50","appPackage":"com.crmnextmobile.crmnextofflineplay","automationName":"APPIUM","deviceName":"PVLBTCAE4L5SSGM7","newCommandTimeout":120,"noReset":true,"platformVersion":"11.0"},"platformName":"android","app":"C:\\Users\\Akash Sharma\\Desktop\\selenium\\eclipse-jee-mars-2-win32-x86_64\\eclipse\\AppiumCRMpocAI\\src\\CRMNextNative5.75.0-Gold7-release.apk","appActivity":".qr.QrScannerActivity t50","appPackage":"com.crmnextmobile.crmnextofflineplay","automationName":"APPIUM","deviceName":"PVLBTCAE4L5SSGM7","newCommandTimeout":120,"noReset":true,"platformVersion":"11","deviceUDID"...
&amp#27;[35m[HTTP]&amp#27;[39m &amp#27;[37m<-- POST /wd/hub/session &amp#27;[39m&amp#27;[32m200&amp#27;[39m &amp#27;[90m19638 ms - 1328&amp#27;[39m
&amp#27;[35m[HTTP]&amp#27;[39m &amp#27;[90m&amp#27;[39m
&amp#27;[35m[HTTP]&amp#27;[39m &amp#27;[37m-->&amp#27;[39m &amp#27;[37mPOST&amp#27;[39m &amp#27;[37m/wd/hub/session/b98c10f4-ccb7-4949-9308-415f87d73893/timeouts&amp#27;[39m
&amp#27;[35m[HTTP]&amp#27;[39m &amp#27;[90m{"implicit":7000}&amp#27;[39m
[debug] &amp#27;[35m[W3C (b98c10f4)]&amp#27;[39m Calling AppiumDriver.timeouts() with args: [null,null,null,null,7000,"b98c10f4-ccb7-4949-9308-415f87d73893"]
[debug] &amp#27;[35m[BaseDriver]&amp#27;[39m W3C timeout argument: {"implicit":7000}}
[debug] &amp#27;[35m[BaseDriver]&amp#27;[39m Set implicit wait to 7000ms
[debug] &amp#27;[35m[W3C (b98c10f4)]&amp#27;[39m Responding to client with driver.timeouts() result: null
&amp#27;[35m[HTTP]&amp#27;[39m &amp#27;[37m<-- POST /wd/hub/session/b98c10f4-ccb7-4949-9308-415f87d73893/timeouts &amp#27;[39m&amp#27;[32m200&amp#27;[39m &amp#27;[90m20 ms - 14&amp#27;[39m
&amp#27;[35m[HTTP]&amp#27;[39m &amp#27;[90m&amp#27;[39m
&amp#27;[35m[HTTP]&amp#27;[39m &amp#27;[37m-->&amp#27;[39m &amp#27;[37mPOST&amp#27;[39m &amp#27;[37m/wd/hub/session/b98c10f4-ccb7-4949-9308-415f87d73893/elements&amp#27;[39m
&amp#27;[35m[HTTP]&amp#27;[39m &amp#27;[90m{"using":"xpath","value":"//*[@text='While using the app']"}&amp#27;[39m
[debug] &amp#27;[35m[W3C (b98c10f4)]&amp#27;[39m Calling AppiumDriver.findElements() with args: ["xpath","//*[@text='While using the app']","b98c10f4-ccb7-4949-9308-415f87d73893"]
[debug] &amp#27;[35m[BaseDriver]&amp#27;[39m Valid locator strategies for this request: xpath, id, class name, accessibility id, css selector, -android uiautomator
[debug] &amp#27;[35m[BaseDriver]&amp#27;[39m Waiting up to 7000 ms for condition
[debug] &amp#27;[35m[WD Proxy]&amp#27;[39m Matched '/elements' to command name 'findElements'
[debug] &amp#27;[35m[WD Proxy]&amp#27;[39m Proxying [POST /elements] to [POST http://127.0.0.1:8202/wd/hub/session/956c159a-93f5-444f-9e99-8b02bf905e05/elements] with body: {"strategy":"xpath","selector":"//*[@text='While using the app']","context":"","multiple":true}
[debug] &amp#27;[35m[WD Proxy]&amp#27;[39m Got response with status 200: {"sessionId":"956c159a-93f5-444f-9e99-8b02bf905e05","value":[]}
[debug] &amp#27;[35m[BaseDriver]&amp#27;[39m Waited for 900 ms so far
[debug] &amp#27;[35m[WD Proxy]&amp#27;[39m Matched '/elements' to command name 'findElements'
[debug] &amp#27;[35m[WD Proxy]&amp#27;[39m Proxying [POST /elements] to [POST http://127.0.0.1:8202/wd/hub/session/956c159a-93f5-444f-9e99-8b02bf905e05/elements] with body: {"strategy":"xpath","selector":"//*[@text='While using the app']","context":"","multiple":true}
[debug] &amp#27;[35m[WD Proxy]&amp#27;[39m Got response with status 200: {"sessionId":"956c159a-93f5-444f-9e99-8b02bf905e05","value":[]}
[debug] &amp#27;[35m[BaseDriver]&amp#27;[39m Waited for 1553 ms so far
[debug] &amp#27;[35m[WD Proxy]&amp#27;[39m Matched '/elements' to command name 'findElements'
[debug] &amp#27;[35m[WD Proxy]&amp#27;[39m Proxying [POST /elements] to [POST http://127.0.0.1:8202/wd/hub/session/956c159a-93f5-444f-9e99-8b02bf905e05/elements] with body: {"strategy":"xpath","selector":"//*[@text='While using the app']","context":"","multiple":true}
[debug] &amp#27;[35m[WD Proxy]&amp#27;[39m Got response with status 200: {"sessionId":"956c159a-93f5-444f-9e99-8b02bf905e05","value":[]}
[debug] &amp#27;[35m[BaseDriver]&amp#27;[39m Waited for 2208 ms so far
[debug] &amp#27;[35m[WD Proxy]&amp#27;[39m Matched '/elements' to command name 'findElements'
[debug] &amp#27;[35m[WD Proxy]&amp#27;[39m Proxying [POST /elements] to [POST http://127.0.0.1:8202/wd/hub/session/956c159a-93f5-444f-9e99-8b02bf905e05/elements] with body: {"strategy":"xpath","selector":"//*[@text='While using the app']","context":"","multiple":true}
[debug] &amp#27;[35m[WD Proxy]&amp#27;[39m Got response with status 200: {"sessionId":"956c159a-93f5-444f-9e99-8b02bf905e05","value":[]}
[debug] &amp#27;[35m[BaseDriver]&amp#27;[39m Waited for 2872 ms so far
[debug] &amp#27;[35m[WD Proxy]&amp#27;[39m Matched '/elements' to command name 'findElements'
[debug] &amp#27;[35m[WD Proxy]&amp#27;[39m Proxying [POST /elements] to [POST http://127.0.0.1:8202/wd/hub/session/956c159a-93f5-444f-9e99-8b02bf905e05/elements] with body: {"strategy":"xpath","selector":"//*[@text='While using the app']","context":"","multiple":true}
[debug] &amp#27;[35m[WD Proxy]&amp#27;[39m Got response with status 200: {"sessionId":"956c159a-93f5-444f-9e99-8b02bf905e05","value":[]}
[debug] &amp#27;[35m[BaseDriver]&amp#27;[39m Waited for 3511 ms so far
[debug] &amp#27;[35m[WD Proxy]&amp#27;[39m Matched '/elements' to command name 'findElements'
[debug] &amp#27;[35m[WD Proxy]&amp#27;[39m Proxying [POST /elements] to [POST http://127.0.0.1:8202/wd/hub/session/956c159a-93f5-444f-9e99-8b02bf905e05/elements] with body: {"strategy":"xpath","selector":"//*[@text='While using the app']","context":"","multiple":true}
[debug] &amp#27;[35m[WD Proxy]&amp#27;[39m Got response with status 200: {"sessionId":"956c159a-93f5-444f-9e99-8b02bf905e05","value":[]}
[debug] &amp#27;[35m[BaseDriver]&amp#27;[39m Waited for 4169 ms so far
[debug] &amp#27;[35m[WD Proxy]&amp#27;[39m Matched '/elements' to command name 'findElements'
[debug] &amp#27;[35m[WD Proxy]&amp#27;[39m Proxying [POST /elements] to [POST http://127.0.0.1:8202/wd/hub/session/956c159a-93f5-444f-9e99-8b02bf905e05/elements] with body: {"strategy":"xpath","selector":"//*[@text='While using the app']","context":"","multiple":true}
[debug] &amp#27;[35m[WD Proxy]&amp#27;[39m Got response with status 200: {"sessionId":"956c159a-93f5-444f-9e99-8b02bf905e05","value":[]}
[debug] &amp#27;[35m[BaseDriver]&amp#27;[39m Waited for 4841 ms so far
[debug] &amp#27;[35m[WD Proxy]&amp#27;[39m Matched '/elements' to command name 'findElements'
[debug] &amp#27;[35m[WD Proxy]&amp#27;[39m Proxying [POST /elements] to [POST http://127.0.0.1:8202/wd/hub/session/956c159a-93f5-444f-9e99-8b02bf905e05/elements] with body: {"strategy":"xpath","selector":"//*[@text='While using the app']","context":"","multiple":true}
[debug] &amp#27;[35m[WD Proxy]&amp#27;[39m Got response with status 200: {"sessionId":"956c159a-93f5-444f-9e99-8b02bf905e05","value":[]}
[debug] &amp#27;[35m[BaseDriver]&amp#27;[39m Waited for 5500 ms so far
[debug] &amp#27;[35m[WD Proxy]&amp#27;[39m Matched '/elements' to command name 'findElements'
[debug] &amp#27;[35m[WD Proxy]&amp#27;[39m Proxying [POST /elements] to [POST http://127.0.0.1:8202/wd/hub/session/956c159a-93f5-444f-9e99-8b02bf905e05/elements] with body: {"strategy":"xpath","selector":"//*[@text='While using the app']","context":"","multiple":true}
[debug] &amp#27;[35m[WD Proxy]&amp#27;[39m Got response with status 200: {"sessionId":"956c159a-93f5-444f-9e99-8b02bf905e05","value":[]}
[debug] &amp#27;[35m[BaseDriver]&amp#27;[39m Waited for 6107 ms so far
[debug] &amp#27;[35m[WD Proxy]&amp#27;[39m Matched '/elements' to command name 'findElements'
[debug] &amp#27;[35m[WD Proxy]&amp#27;[39m Proxying [POST /elements] to [POST http://127.0.0.1:8202/wd/hub/session/956c159a-93f5-444f-9e99-8b02bf905e05/elements] with body: {"strategy":"xpath","selector":"//*[@text='While using the app']","context":"","multiple":true}
[debug] &amp#27;[35m[WD Proxy]&amp#27;[39m Got response with status 200: {"sessionId":"956c159a-93f5-444f-9e99-8b02bf905e05","value":[]}
[debug] &amp#27;[35m[BaseDriver]&amp#27;[39m Waited for 6696 ms so far
[debug] &amp#27;[35m[WD Proxy]&amp#27;[39m Matched '/elements' to command name 'findElements'
[debug] &amp#27;[35m[WD Proxy]&amp#27;[39m Proxying [POST /elements] to [POST http://127.0.0.1:8202/wd/hub/session/956c159a-93f5-444f-9e99-8b02bf905e05/elements] with body: {"strategy":"xpath","selector":"//*[@text='While using the app']","context":"","multiple":true}
[debug] &amp#27;[35m[WD Proxy]&amp#27;[39m Got response with status 200: {"sessionId":"956c159a-93f5-444f-9e99-8b02bf905e05","value":[]}
[debug] &amp#27;[35m[W3C (b98c10f4)]&amp#27;[39m Responding to client with driver.findElements() result: []
&amp#27;[35m[HTTP]&amp#27;[39m &amp#27;[37m<-- POST /wd/hub/session/b98c10f4-ccb7-4949-9308-415f87d73893/elements &amp#27;[39m&amp#27;[32m200&amp#27;[39m &amp#27;[90m7350 ms - 12&amp#27;[39m
&amp#27;[35m[HTTP]&amp#27;[39m &amp#27;[90m&amp#27;[39m
&amp#27;[35m[HTTP]&amp#27;[39m &amp#27;[37m-->&amp#27;[39m &amp#27;[37mGET&amp#27;[39m &amp#27;[37m/wd/hub/session/b98c10f4-ccb7-4949-9308-415f87d73893/context&amp#27;[39m
&amp#27;[35m[HTTP]&amp#27;[39m &amp#27;[90m{}&amp#27;[39m
[debug] &amp#27;[35m[W3C (b98c10f4)]&amp#27;[39m Calling AppiumDriver.getCurrentContext() with args: ["b98c10f4-ccb7-4949-9308-415f87d73893"]
[debug] &amp#27;[35m[W3C (b98c10f4)]&amp#27;[39m Responding to client with driver.getCurrentContext() result: "NATIVE_APP"
&amp#27;[35m[HTTP]&amp#27;[39m &amp#27;[37m<-- GET /wd/hub/session/b98c10f4-ccb7-4949-9308-415f87d73893/context &amp#27;[39m&amp#27;[32m200&amp#27;[39m &amp#27;[90m30 ms - 22&amp#27;[39m
&amp#27;[35m[HTTP]&amp#27;[39m &amp#27;[90m&amp#27;[39m
&amp#27;[35m[HTTP]&amp#27;[39m &amp#27;[37m-->&amp#27;[39m &amp#27;[37mPOST&amp#27;[39m &amp#27;[37m/wd/hub/session/b98c10f4-ccb7-4949-9308-415f87d73893/element&amp#27;[39m
&amp#27;[35m[HTTP]&amp#27;[39m &amp#27;[90m{"using":"xpath","value":"//*[@resource-id='TxtName']"}&amp#27;[39m
[debug] &amp#27;[35m[W3C (b98c10f4)]&amp#27;[39m Calling AppiumDriver.findElement() with args: ["xpath","//*[@resource-id='TxtName']","b98c10f4-ccb7-4949-9308-415f87d73893"]
[debug] &amp#27;[35m[BaseDriver]&amp#27;[39m Valid locator strategies for this request: xpath, id, class name, accessibility id, css selector, -android uiautomator
[debug] &amp#27;[35m[BaseDriver]&amp#27;[39m Waiting up to 7000 ms for condition
[debug] &amp#27;[35m[WD Proxy]&amp#27;[39m Matched '/element' to command name 'findElement'
[debug] &amp#27;[35m[WD Proxy]&amp#27;[39m Proxying [POST /element] to [POST http://127.0.0.1:8202/wd/hub/session/956c159a-93f5-444f-9e99-8b02bf905e05/element] with body: {"strategy":"xpath","selector":"//*[@resource-id='TxtName']","context":"","multiple":false}
[debug] &amp#27;[35m[WD Proxy]&amp#27;[39m Got response with status 200: {"sessionId":"956c159a-93f5-444f-9e99-8b02bf905e05","value":{"ELEMENT":"3a244276-0deb-4135-80e4-0b56b663c7f9","element-6066-11e4-a52e-4f735466cecf":"3a244276-0deb-4135-80e4-0b56b663c7f9"}}
[debug] &amp#27;[35m[W3C (b98c10f4)]&amp#27;[39m Responding to client with driver.findElement() result: {"element-6066-11e4-a52e-4f735466cecf":"3a244276-0deb-4135-80e4-0b56b663c7f9","ELEMENT":"3a244276-0deb-4135-80e4-0b56b663c7f9"}
&amp#27;[35m[HTTP]&amp#27;[39m &amp#27;[37m<-- POST /wd/hub/session/b98c10f4-ccb7-4949-9308-415f87d73893/element &amp#27;[39m&amp#27;[32m200&amp#27;[39m &amp#27;[90m167 ms - 137&amp#27;[39m
&amp#27;[35m[HTTP]&amp#27;[39m &amp#27;[90m&amp#27;[39m
&amp#27;[35m[HTTP]&amp#27;[39m &amp#27;[37m-->&amp#27;[39m &amp#27;[37mPOST&amp#27;[39m &amp#27;[37m/wd/hub/session/b98c10f4-ccb7-4949-9308-415f87d73893/element/3a244276-0deb-4135-80e4-0b56b663c7f9/value&amp#27;[39m
&amp#27;[35m[HTTP]&amp#27;[39m &amp#27;[90m{"id":"3a244276-0deb-4135-80e4-0b56b663c7f9","text":"Jessi","value":["J","e","s","s","i"]}&amp#27;[39m
[debug] &amp#27;[35m[W3C (b98c10f4)]&amp#27;[39m Calling AppiumDriver.setValue() with args: [["J","e","s","s","i"],"3a244276-0deb-4135-80e4-0b56b663c7f9","b98c10f4-ccb7-4949-9308-415f87d73893"]
[debug] &amp#27;[35m[WD Proxy]&amp#27;[39m Matched '/element/3a244276-0deb-4135-80e4-0b56b663c7f9/value' to command name 'setValue'
[debug] &amp#27;[35m[Protocol Converter]&amp#27;[39m Added 'value' property ["J","e","s","s","i"] to 'setValue' request body
[debug] &amp#27;[35m[WD Proxy]&amp#27;[39m Proxying [POST /element/3a244276-0deb-4135-80e4-0b56b663c7f9/value] to [POST http://127.0.0.1:8202/wd/hub/session/956c159a-93f5-444f-9e99-8b02bf905e05/element/3a244276-0deb-4135-80e4-0b56b663c7f9/value] with body: {"elementId":"3a244276-0deb-4135-80e4-0b56b663c7f9","text":"Jessi","replace":false,"value":["J","e","s","s","i"]}
[debug] &amp#27;[35m[WD Proxy]&amp#27;[39m Got response with status 200: {"sessionId":"956c159a-93f5-444f-9e99-8b02bf905e05","value":null}
[debug] &amp#27;[35m[W3C (b98c10f4)]&amp#27;[39m Responding to client with driver.setValue() result: null
&amp#27;[35m[HTTP]&amp#27;[39m &amp#27;[37m<-- POST /wd/hub/session/b98c10f4-ccb7-4949-9308-415f87d73893/element/3a244276-0deb-4135-80e4-0b56b663c7f9/value &amp#27;[39m&amp#27;[32m200&amp#27;[39m &amp#27;[90m65 ms - 14&amp#27;[39m
&amp#27;[35m[HTTP]&amp#27;[39m &amp#27;[90m&amp#27;[39m
&amp#27;[35m[HTTP]&amp#27;[39m &amp#27;[37m-->&amp#27;[39m &amp#27;[37mGET&amp#27;[39m &amp#27;[37m/wd/hub/session/b98c10f4-ccb7-4949-9308-415f87d73893/context&amp#27;[39m
&amp#27;[35m[HTTP]&amp#27;[39m &amp#27;[90m{}&amp#27;[39m
[debug] &amp#27;[35m[W3C (b98c10f4)]&amp#27;[39m Calling AppiumDriver.getCurrentContext() with args: ["b98c10f4-ccb7-4949-9308-415f87d73893"]
[debug] &amp#27;[35m[W3C (b98c10f4)]&amp#27;[39m Responding to client with driver.getCurrentContext() result: "NATIVE_APP"
&amp#27;[35m[HTTP]&amp#27;[39m &amp#27;[37m<-- GET /wd/hub/session/b98c10f4-ccb7-4949-9308-415f87d73893/context &amp#27;[39m&amp#27;[32m200&amp#27;[39m &amp#27;[90m17 ms - 22&amp#27;[39m
&amp#27;[35m[HTTP]&amp#27;[39m &amp#27;[90m&amp#27;[39m
&amp#27;[35m[HTTP]&amp#27;[39m &amp#27;[37m-->&amp#27;[39m &amp#27;[37mPOST&amp#27;[39m &amp#27;[37m/wd/hub/session/b98c10f4-ccb7-4949-9308-415f87d73893/element&amp#27;[39m
&amp#27;[35m[HTTP]&amp#27;[39m &amp#27;[90m{"using":"xpath","value":"//*[@resource-id='TxtPassword']"}&amp#27;[39m
[debug] &amp#27;[35m[W3C (b98c10f4)]&amp#27;[39m Calling AppiumDriver.findElement() with args: ["xpath","//*[@resource-id='TxtPassword']","b98c10f4-ccb7-4949-9308-415f87d73893"]
[debug] &amp#27;[35m[BaseDriver]&amp#27;[39m Valid locator strategies for this request: xpath, id, class name, accessibility id, css selector, -android uiautomator
[debug] &amp#27;[35m[BaseDriver]&amp#27;[39m Waiting up to 7000 ms for condition
[debug] &amp#27;[35m[WD Proxy]&amp#27;[39m Matched '/element' to command name 'findElement'
[debug] &amp#27;[35m[WD Proxy]&amp#27;[39m Proxying [POST /element] to [POST http://127.0.0.1:8202/wd/hub/session/956c159a-93f5-444f-9e99-8b02bf905e05/element] with body: {"strategy":"xpath","selector":"//*[@resource-id='TxtPassword']","context":"","multiple":false}
[debug] &amp#27;[35m[WD Proxy]&amp#27;[39m Got response with status 200: {"sessionId":"956c159a-93f5-444f-9e99-8b02bf905e05","value":{"ELEMENT":"31b2e333-6aee-450a-a523-92bfff3a2776","element-6066-11e4-a52e-4f735466cecf":"31b2e333-6aee-450a-a523-92bfff3a2776"}}
[debug] &amp#27;[35m[W3C (b98c10f4)]&amp#27;[39m Responding to client with driver.findElement() result: {"element-6066-11e4-a52e-4f735466cecf":"31b2e333-6aee-450a-a523-92bfff3a2776","ELEMENT":"31b2e333-6aee-450a-a523-92bfff3a2776"}
&amp#27;[35m[HTTP]&amp#27;[39m &amp#27;[37m<-- POST /wd/hub/session/b98c10f4-ccb7-4949-9308-415f87d73893/element &amp#27;[39m&amp#27;[32m200&amp#27;[39m &amp#27;[90m699 ms - 137&amp#27;[39m
&amp#27;[35m[HTTP]&amp#27;[39m &amp#27;[90m&amp#27;[39m
&amp#27;[35m[HTTP]&amp#27;[39m &amp#27;[37m-->&amp#27;[39m &amp#27;[37mPOST&amp#27;[39m &amp#27;[37m/wd/hub/session/b98c10f4-ccb7-4949-9308-415f87d73893/element/31b2e333-6aee-450a-a523-92bfff3a2776/value&amp#27;[39m
&amp#27;[35m[HTTP]&amp#27;[39m &amp#27;[90m{"id":"31b2e333-6aee-450a-a523-92bfff3a2776","text":"Abc%123","value":["A","b","c","%","1","2","3"]}&amp#27;[39m
[debug] &amp#27;[35m[W3C (b98c10f4)]&amp#27;[39m Calling AppiumDriver.setValue() with args: [["A","b","c","%","1","2","3"],"31b2e333-6aee-450a-a523-92bfff3a2776","b98c10f4-ccb7-4949-9308-415f87d73893"]
[debug] &amp#27;[35m[WD Proxy]&amp#27;[39m Matched '/element/31b2e333-6aee-450a-a523-92bfff3a2776/value' to command name 'setValue'
[debug] &amp#27;[35m[Protocol Converter]&amp#27;[39m Added 'value' property ["A","b","c","%","1","2","3"] to 'setValue' request body
[debug] &amp#27;[35m[WD Proxy]&amp#27;[39m Proxying [POST /element/31b2e333-6aee-450a-a523-92bfff3a2776/value] to [POST http://127.0.0.1:8202/wd/hub/session/956c159a-93f5-444f-9e99-8b02bf905e05/element/31b2e333-6aee-450a-a523-92bfff3a2776/value] with body: {"elementId":"31b2e333-6aee-450a-a523-92bfff3a2776","text":"Abc%123","replace":false,"value":["A","b","c","%","1","2","3"]}
[debug] &amp#27;[35m[WD Proxy]&amp#27;[39m Got response with status 200: {"sessionId":"956c159a-93f5-444f-9e99-8b02bf905e05","value":null}
[debug] &amp#27;[35m[W3C (b98c10f4)]&amp#27;[39m Responding to client with driver.setValue() result: null
&amp#27;[35m[HTTP]&amp#27;[39m &amp#27;[37m<-- POST /wd/hub/session/b98c10f4-ccb7-4949-9308-415f87d73893/element/31b2e333-6aee-450a-a523-92bfff3a2776/value &amp#27;[39m&amp#27;[32m200&amp#27;[39m &amp#27;[90m43 ms - 14&amp#27;[39m
&amp#27;[35m[HTTP]&amp#27;[39m &amp#27;[90m&amp#27;[39m
&amp#27;[35m[HTTP]&amp#27;[39m &amp#27;[37m-->&amp#27;[39m &amp#27;[37mGET&amp#27;[39m &amp#27;[37m/wd/hub/session/b98c10f4-ccb7-4949-9308-415f87d73893/context&amp#27;[39m
&amp#27;[35m[HTTP]&amp#27;[39m &amp#27;[90m{}&amp#27;[39m
[debug] &amp#27;[35m[W3C (b98c10f4)]&amp#27;[39m Calling AppiumDriver.getCurrentContext() with args: ["b98c10f4-ccb7-4949-9308-415f87d73893"]
[debug] &amp#27;[35m[W3C (b98c10f4)]&amp#27;[39m Responding to client with driver.getCurrentContext() result: "NATIVE_APP"
&amp#27;[35m[HTTP]&amp#27;[39m &amp#27;[37m<-- GET /wd/hub/session/b98c10f4-ccb7-4949-9308-415f87d73893/context &amp#27;[39m&amp#27;[32m200&amp#27;[39m &amp#27;[90m5 ms - 22&amp#27;[39m
&amp#27;[35m[HTTP]&amp#27;[39m &amp#27;[90m&amp#27;[39m
&amp#27;[35m[HTTP]&amp#27;[39m &amp#27;[37m-->&amp#27;[39m &amp#27;[37mPOST&amp#27;[39m &amp#27;[37m/wd/hub/session/b98c10f4-ccb7-4949-9308-415f87d73893/element&amp#27;[39m
&amp#27;[35m[HTTP]&amp#27;[39m &amp#27;[90m{"using":"xpath","value":"//*[@text='Login']"}&amp#27;[39m
[debug] &amp#27;[35m[W3C (b98c10f4)]&amp#27;[39m Calling AppiumDriver.findElement() with args: ["xpath","//*[@text='Login']","b98c10f4-ccb7-4949-9308-415f87d73893"]
[debug] &amp#27;[35m[BaseDriver]&amp#27;[39m Valid locator strategies for this request: xpath, id, class name, accessibility id, css selector, -android uiautomator
[debug] &amp#27;[35m[BaseDriver]&amp#27;[39m Waiting up to 7000 ms for condition
[debug] &amp#27;[35m[WD Proxy]&amp#27;[39m Matched '/element' to command name 'findElement'
[debug] &amp#27;[35m[WD Proxy]&amp#27;[39m Proxying [POST /element] to [POST http://127.0.0.1:8202/wd/hub/session/956c159a-93f5-444f-9e99-8b02bf905e05/element] with body: {"strategy":"xpath","selector":"//*[@text='Login']","context":"","multiple":false}
[debug] &amp#27;[35m[WD Proxy]&amp#27;[39m Got response with status 200: {"sessionId":"956c159a-93f5-444f-9e99-8b02bf905e05","value":{"ELEMENT":"d7f2580d-bb93-4f96-b9ed-fe6a33a60b53","element-6066-11e4-a52e-4f735466cecf":"d7f2580d-bb93-4f96-b9ed-fe6a33a60b53"}}
[debug] &amp#27;[35m[W3C (b98c10f4)]&amp#27;[39m Responding to client with driver.findElement() result: {"element-6066-11e4-a52e-4f735466cecf":"d7f2580d-bb93-4f96-b9ed-fe6a33a60b53","ELEMENT":"d7f2580d-bb93-4f96-b9ed-fe6a33a60b53"}
&amp#27;[35m[HTTP]&amp#27;[39m &amp#27;[37m<-- POST /wd/hub/session/b98c10f4-ccb7-4949-9308-415f87d73893/element &amp#27;[39m&amp#27;[32m200&amp#27;[39m &amp#27;[90m664 ms - 137&amp#27;[39m
&amp#27;[35m[HTTP]&amp#27;[39m &amp#27;[90m&amp#27;[39m
&amp#27;[35m[HTTP]&amp#27;[39m &amp#27;[37m-->&amp#27;[39m &amp#27;[37mPOST&amp#27;[39m &amp#27;[37m/wd/hub/session/b98c10f4-ccb7-4949-9308-415f87d73893/element/d7f2580d-bb93-4f96-b9ed-fe6a33a60b53/click&amp#27;[39m
&amp#27;[35m[HTTP]&amp#27;[39m &amp#27;[90m{"id":"d7f2580d-bb93-4f96-b9ed-fe6a33a60b53"}&amp#27;[39m
[debug] &amp#27;[35m[W3C (b98c10f4)]&amp#27;[39m Calling AppiumDriver.click() with args: ["d7f2580d-bb93-4f96-b9ed-fe6a33a60b53","b98c10f4-ccb7-4949-9308-415f87d73893"]
[debug] &amp#27;[35m[WD Proxy]&amp#27;[39m Matched '/element/d7f2580d-bb93-4f96-b9ed-fe6a33a60b53/click' to command name 'click'
[debug] &amp#27;[35m[WD Proxy]&amp#27;[39m Proxying [POST /element/d7f2580d-bb93-4f96-b9ed-fe6a33a60b53/click] to [POST http://127.0.0.1:8202/wd/hub/session/956c159a-93f5-444f-9e99-8b02bf905e05/element/d7f2580d-bb93-4f96-b9ed-fe6a33a60b53/click] with body: {"element":"d7f2580d-bb93-4f96-b9ed-fe6a33a60b53"}
[debug] &amp#27;[35m[WD Proxy]&amp#27;[39m Got response with status 200: {"sessionId":"956c159a-93f5-444f-9e99-8b02bf905e05","value":null}
[debug] &amp#27;[35m[W3C (b98c10f4)]&amp#27;[39m Responding to client with driver.click() result: null
&amp#27;[35m[HTTP]&amp#27;[39m &amp#27;[37m<-- POST /wd/hub/session/b98c10f4-ccb7-4949-9308-415f87d73893/element/d7f2580d-bb93-4f96-b9ed-fe6a33a60b53/click &amp#27;[39m&amp#27;[32m200&amp#27;[39m &amp#27;[90m71 ms - 14&amp#27;[39m
&amp#27;[35m[HTTP]&amp#27;[39m &amp#27;[90m&amp#27;[39m
]]></system-out>
    <system-err><![CDATA[Sep 26, 2021 3:25:07 PM io.appium.java_client.remote.AppiumCommandExecutor$1 lambda$0
INFO: Detected dialect: W3C
]]></system-err>
  </testcase>
</testsuite>