<?xml version="1.0" encoding="UTF-8"?>
<testsuite xmlns:xsi="http://www.w3.org/2001/XMLSchema-instance" xsi:noNamespaceSchemaLocation="https://maven.apache.org/surefire/maven-surefire-plugin/xsd/surefire-test-report-3.0.xsd" version="3.0" name="TestSuite" time="191.042" tests="3" errors="0" skipped="0" failures="0">
  <properties>
    <property name="sun.desktop" value="windows"/>
    <property name="awt.toolkit" value="sun.awt.windows.WToolkit"/>
    <property name="file.encoding.pkg" value="sun.io"/>
    <property name="java.specification.version" value="1.8"/>
    <property name="sun.cpu.isalist" value="amd64"/>
    <property name="sun.jnu.encoding" value="Cp1252"/>
    <property name="java.class.path" value="C:\Users\Akash Sharma\Desktop\selenium\eclipse-jee-mars-2-win32-x86_64\eclipse\AppiumCRMpocAI\target\test-classes;C:\Users\Akash Sharma\Desktop\selenium\eclipse-jee-mars-2-win32-x86_64\eclipse\AppiumCRMpocAI\target\classes;C:\Users\Akash Sharma\.m2\repository\junit\junit\3.8.1\junit-3.8.1.jar;C:\Users\Akash Sharma\.m2\repository\org\seleniumhq\selenium\selenium-server\3.141.59\selenium-server-3.141.59.jar;C:\Users\Akash Sharma\.m2\repository\org\seleniumhq\selenium\selenium-java\3.141.59\selenium-java-3.141.59.jar;C:\Users\Akash Sharma\.m2\repository\org\seleniumhq\selenium\selenium-api\3.141.59\selenium-api-3.141.59.jar;C:\Users\Akash Sharma\.m2\repository\org\seleniumhq\selenium\selenium-chrome-driver\3.141.59\selenium-chrome-driver-3.141.59.jar;C:\Users\Akash Sharma\.m2\repository\org\seleniumhq\selenium\selenium-edge-driver\3.141.59\selenium-edge-driver-3.141.59.jar;C:\Users\Akash Sharma\.m2\repository\org\seleniumhq\selenium\selenium-firefox-driver\3.141.59\selenium-firefox-driver-3.141.59.jar;C:\Users\Akash Sharma\.m2\repository\org\seleniumhq\selenium\selenium-ie-driver\3.141.59\selenium-ie-driver-3.141.59.jar;C:\Users\Akash Sharma\.m2\repository\org\seleniumhq\selenium\selenium-opera-driver\3.141.59\selenium-opera-driver-3.141.59.jar;C:\Users\Akash Sharma\.m2\repository\org\seleniumhq\selenium\selenium-remote-driver\3.141.59\selenium-remote-driver-3.141.59.jar;C:\Users\Akash Sharma\.m2\repository\org\seleniumhq\selenium\selenium-safari-driver\3.141.59\selenium-safari-driver-3.141.59.jar;C:\Users\Akash Sharma\.m2\repository\org\seleniumhq\selenium\selenium-support\3.141.59\selenium-support-3.141.59.jar;C:\Users\Akash Sharma\.m2\repository\com\beust\jcommander\1.72\jcommander-1.72.jar;C:\Users\Akash Sharma\.m2\repository\net\bytebuddy\byte-buddy\1.8.15\byte-buddy-1.8.15.jar;C:\Users\Akash Sharma\.m2\repository\org\apache\commons\commons-exec\1.3\commons-exec-1.3.jar;C:\Users\Akash Sharma\.m2\repository\com\google\guava\guava\25.0-jre\guava-25.0-jre.jar;C:\Users\Akash Sharma\.m2\repository\com\google\code\findbugs\jsr305\1.3.9\jsr305-1.3.9.jar;C:\Users\Akash Sharma\.m2\repository\org\checkerframework\checker-compat-qual\2.0.0\checker-compat-qual-2.0.0.jar;C:\Users\Akash Sharma\.m2\repository\com\google\errorprone\error_prone_annotations\2.1.3\error_prone_annotations-2.1.3.jar;C:\Users\Akash Sharma\.m2\repository\com\google\j2objc\j2objc-annotations\1.1\j2objc-annotations-1.1.jar;C:\Users\Akash Sharma\.m2\repository\org\codehaus\mojo\animal-sniffer-annotations\1.14\animal-sniffer-annotations-1.14.jar;C:\Users\Akash Sharma\.m2\repository\net\jcip\jcip-annotations\1.0\jcip-annotations-1.0.jar;C:\Users\Akash Sharma\.m2\repository\org\seleniumhq\selenium\jetty-repacked\9.4.12.v20180830\jetty-repacked-9.4.12.v20180830.jar;C:\Users\Akash Sharma\.m2\repository\com\squareup\okhttp3\okhttp\3.11.0\okhttp-3.11.0.jar;C:\Users\Akash Sharma\.m2\repository\com\squareup\okio\okio\1.14.0\okio-1.14.0.jar;C:\Users\Akash Sharma\.m2\repository\javax\servlet\javax.servlet-api\3.1.0\javax.servlet-api-3.1.0.jar;C:\Users\Akash Sharma\.m2\repository\org\yaml\snakeyaml\1.19\snakeyaml-1.19.jar;C:\Users\Akash Sharma\.m2\repository\io\appium\java-client\7.5.0\java-client-7.5.0.jar;C:\Users\Akash Sharma\.m2\repository\com\google\code\gson\gson\2.8.6\gson-2.8.6.jar;C:\Users\Akash Sharma\.m2\repository\org\apache\httpcomponents\httpclient\4.5.13\httpclient-4.5.13.jar;C:\Users\Akash Sharma\.m2\repository\org\apache\httpcomponents\httpcore\4.4.13\httpcore-4.4.13.jar;C:\Users\Akash Sharma\.m2\repository\cglib\cglib\3.3.0\cglib-3.3.0.jar;C:\Users\Akash Sharma\.m2\repository\org\ow2\asm\asm\7.1\asm-7.1.jar;C:\Users\Akash Sharma\.m2\repository\org\springframework\spring-context\5.3.4\spring-context-5.3.4.jar;C:\Users\Akash Sharma\.m2\repository\org\springframework\spring-aop\5.3.4\spring-aop-5.3.4.jar;C:\Users\Akash Sharma\.m2\repository\org\springframework\spring-beans\5.3.4\spring-beans-5.3.4.jar;C:\Users\Akash Sharma\.m2\repository\org\springframework\spring-core\5.3.4\spring-core-5.3.4.jar;C:\Users\Akash Sharma\.m2\repository\org\springframework\spring-jcl\5.3.4\spring-jcl-5.3.4.jar;C:\Users\Akash Sharma\.m2\repository\org\springframework\spring-expression\5.3.4\spring-expression-5.3.4.jar;C:\Users\Akash Sharma\.m2\repository\org\aspectj\aspectjweaver\1.9.6\aspectjweaver-1.9.6.jar;C:\Users\Akash Sharma\.m2\repository\org\testng\testng\6.13.1\testng-6.13.1.jar;C:\Users\Akash Sharma\.m2\repository\com\aventstack\extentreports\4.0.0\extentreports-4.0.0.jar;C:\Users\Akash Sharma\.m2\repository\org\freemarker\freemarker\2.3.23\freemarker-2.3.23.jar;C:\Users\Akash Sharma\.m2\repository\org\mongodb\mongodb-driver\3.3.0\mongodb-driver-3.3.0.jar;C:\Users\Akash Sharma\.m2\repository\org\mongodb\mongodb-driver-core\3.3.0\mongodb-driver-core-3.3.0.jar;C:\Users\Akash Sharma\.m2\repository\org\mongodb\bson\3.3.0\bson-3.3.0.jar;C:\Users\Akash Sharma\.m2\repository\org\apache\httpcomponents\httpmime\4.5.2\httpmime-4.5.2.jar;C:\Users\Akash Sharma\.m2\repository\org\apache\poi\poi\4.1.2\poi-4.1.2.jar;C:\Users\Akash Sharma\.m2\repository\commons-codec\commons-codec\1.13\commons-codec-1.13.jar;C:\Users\Akash Sharma\.m2\repository\org\apache\commons\commons-collections4\4.4\commons-collections4-4.4.jar;C:\Users\Akash Sharma\.m2\repository\org\apache\commons\commons-math3\3.6.1\commons-math3-3.6.1.jar;C:\Users\Akash Sharma\.m2\repository\com\zaxxer\SparseBitSet\1.2\SparseBitSet-1.2.jar;C:\Users\Akash Sharma\.m2\repository\org\apache\poi\poi-ooxml\4.1.2\poi-ooxml-4.1.2.jar;C:\Users\Akash Sharma\.m2\repository\org\apache\commons\commons-compress\1.19\commons-compress-1.19.jar;C:\Users\Akash Sharma\.m2\repository\com\github\virtuald\curvesapi\1.06\curvesapi-1.06.jar;C:\Users\Akash Sharma\.m2\repository\commons-io\commons-io\2.6\commons-io-2.6.jar;C:\Users\Akash Sharma\.m2\repository\org\apache\poi\poi-ooxml-schemas\4.1.2\poi-ooxml-schemas-4.1.2.jar;C:\Users\Akash Sharma\.m2\repository\org\apache\xmlbeans\xmlbeans\3.1.0\xmlbeans-3.1.0.jar;C:\Users\Akash Sharma\.m2\repository\org\apache\poi\poi-scratchpad\4.1.2\poi-scratchpad-4.1.2.jar;C:\Users\Akash Sharma\.m2\repository\org\apache\poi\openxml4j\1.0-beta\openxml4j-1.0-beta.jar;C:\Users\Akash Sharma\.m2\repository\dom4j\dom4j\1.6.1\dom4j-1.6.1.jar;C:\Users\Akash Sharma\.m2\repository\xml-apis\xml-apis\1.0.b2\xml-apis-1.0.b2.jar;C:\Users\Akash Sharma\.m2\repository\log4j\log4j\1.2.8\log4j-1.2.8.jar;C:\Users\Akash Sharma\.m2\repository\commons-validator\commons-validator\1.6\commons-validator-1.6.jar;C:\Users\Akash Sharma\.m2\repository\commons-beanutils\commons-beanutils\1.9.2\commons-beanutils-1.9.2.jar;C:\Users\Akash Sharma\.m2\repository\commons-digester\commons-digester\1.8.1\commons-digester-1.8.1.jar;C:\Users\Akash Sharma\.m2\repository\commons-logging\commons-logging\1.2\commons-logging-1.2.jar;C:\Users\Akash Sharma\.m2\repository\commons-collections\commons-collections\3.2.2\commons-collections-3.2.2.jar;C:\Users\Akash Sharma\.m2\repository\org\slf4j\slf4j-api\1.7.26\slf4j-api-1.7.26.jar;C:\Users\Akash Sharma\.m2\repository\org\slf4j\slf4j-simple\1.7.26\slf4j-simple-1.7.26.jar;C:\Users\Akash Sharma\.m2\repository\org\apache\commons\commons-lang3\3.9\commons-lang3-3.9.jar;"/>
    <property name="java.vm.vendor" value="Oracle Corporation"/>
    <property name="sun.arch.data.model" value="64"/>
    <property name="user.variant" value=""/>
    <property name="java.vendor.url" value="http://java.oracle.com/"/>
    <property name="user.timezone" value="Asia/Calcutta"/>
    <property name="java.vm.specification.version" value="1.8"/>
    <property name="os.name" value="Windows 10"/>
    <property name="user.country" value="IN"/>
    <property name="sun.java.launcher" value="SUN_STANDARD"/>
    <property name="sun.boot.library.path" value="C:\Program Files\Java\jdk1.8.0_181\jre\bin"/>
    <property name="sun.java.command" value="C:\Users\Akash Sharma\AppData\Local\Temp\surefire7883865827807007342\surefirebooter3954642458800329768.jar C:\Users\Akash Sharma\AppData\Local\Temp\surefire7883865827807007342 2021-09-29T12-14-19_705-jvmRun1 surefire8671079619821985050tmp surefire_03537342822807685069tmp"/>
    <property name="surefire.test.class.path" value="C:\Users\Akash Sharma\Desktop\selenium\eclipse-jee-mars-2-win32-x86_64\eclipse\AppiumCRMpocAI\target\test-classes;C:\Users\Akash Sharma\Desktop\selenium\eclipse-jee-mars-2-win32-x86_64\eclipse\AppiumCRMpocAI\target\classes;C:\Users\Akash Sharma\.m2\repository\junit\junit\3.8.1\junit-3.8.1.jar;C:\Users\Akash Sharma\.m2\repository\org\seleniumhq\selenium\selenium-server\3.141.59\selenium-server-3.141.59.jar;C:\Users\Akash Sharma\.m2\repository\org\seleniumhq\selenium\selenium-java\3.141.59\selenium-java-3.141.59.jar;C:\Users\Akash Sharma\.m2\repository\org\seleniumhq\selenium\selenium-api\3.141.59\selenium-api-3.141.59.jar;C:\Users\Akash Sharma\.m2\repository\org\seleniumhq\selenium\selenium-chrome-driver\3.141.59\selenium-chrome-driver-3.141.59.jar;C:\Users\Akash Sharma\.m2\repository\org\seleniumhq\selenium\selenium-edge-driver\3.141.59\selenium-edge-driver-3.141.59.jar;C:\Users\Akash Sharma\.m2\repository\org\seleniumhq\selenium\selenium-firefox-driver\3.141.59\selenium-firefox-driver-3.141.59.jar;C:\Users\Akash Sharma\.m2\repository\org\seleniumhq\selenium\selenium-ie-driver\3.141.59\selenium-ie-driver-3.141.59.jar;C:\Users\Akash Sharma\.m2\repository\org\seleniumhq\selenium\selenium-opera-driver\3.141.59\selenium-opera-driver-3.141.59.jar;C:\Users\Akash Sharma\.m2\repository\org\seleniumhq\selenium\selenium-remote-driver\3.141.59\selenium-remote-driver-3.141.59.jar;C:\Users\Akash Sharma\.m2\repository\org\seleniumhq\selenium\selenium-safari-driver\3.141.59\selenium-safari-driver-3.141.59.jar;C:\Users\Akash Sharma\.m2\repository\org\seleniumhq\selenium\selenium-support\3.141.59\selenium-support-3.141.59.jar;C:\Users\Akash Sharma\.m2\repository\com\beust\jcommander\1.72\jcommander-1.72.jar;C:\Users\Akash Sharma\.m2\repository\net\bytebuddy\byte-buddy\1.8.15\byte-buddy-1.8.15.jar;C:\Users\Akash Sharma\.m2\repository\org\apache\commons\commons-exec\1.3\commons-exec-1.3.jar;C:\Users\Akash Sharma\.m2\repository\com\google\guava\guava\25.0-jre\guava-25.0-jre.jar;C:\Users\Akash Sharma\.m2\repository\com\google\code\findbugs\jsr305\1.3.9\jsr305-1.3.9.jar;C:\Users\Akash Sharma\.m2\repository\org\checkerframework\checker-compat-qual\2.0.0\checker-compat-qual-2.0.0.jar;C:\Users\Akash Sharma\.m2\repository\com\google\errorprone\error_prone_annotations\2.1.3\error_prone_annotations-2.1.3.jar;C:\Users\Akash Sharma\.m2\repository\com\google\j2objc\j2objc-annotations\1.1\j2objc-annotations-1.1.jar;C:\Users\Akash Sharma\.m2\repository\org\codehaus\mojo\animal-sniffer-annotations\1.14\animal-sniffer-annotations-1.14.jar;C:\Users\Akash Sharma\.m2\repository\net\jcip\jcip-annotations\1.0\jcip-annotations-1.0.jar;C:\Users\Akash Sharma\.m2\repository\org\seleniumhq\selenium\jetty-repacked\9.4.12.v20180830\jetty-repacked-9.4.12.v20180830.jar;C:\Users\Akash Sharma\.m2\repository\com\squareup\okhttp3\okhttp\3.11.0\okhttp-3.11.0.jar;C:\Users\Akash Sharma\.m2\repository\com\squareup\okio\okio\1.14.0\okio-1.14.0.jar;C:\Users\Akash Sharma\.m2\repository\javax\servlet\javax.servlet-api\3.1.0\javax.servlet-api-3.1.0.jar;C:\Users\Akash Sharma\.m2\repository\org\yaml\snakeyaml\1.19\snakeyaml-1.19.jar;C:\Users\Akash Sharma\.m2\repository\io\appium\java-client\7.5.0\java-client-7.5.0.jar;C:\Users\Akash Sharma\.m2\repository\com\google\code\gson\gson\2.8.6\gson-2.8.6.jar;C:\Users\Akash Sharma\.m2\repository\org\apache\httpcomponents\httpclient\4.5.13\httpclient-4.5.13.jar;C:\Users\Akash Sharma\.m2\repository\org\apache\httpcomponents\httpcore\4.4.13\httpcore-4.4.13.jar;C:\Users\Akash Sharma\.m2\repository\cglib\cglib\3.3.0\cglib-3.3.0.jar;C:\Users\Akash Sharma\.m2\repository\org\ow2\asm\asm\7.1\asm-7.1.jar;C:\Users\Akash Sharma\.m2\repository\org\springframework\spring-context\5.3.4\spring-context-5.3.4.jar;C:\Users\Akash Sharma\.m2\repository\org\springframework\spring-aop\5.3.4\spring-aop-5.3.4.jar;C:\Users\Akash Sharma\.m2\repository\org\springframework\spring-beans\5.3.4\spring-beans-5.3.4.jar;C:\Users\Akash Sharma\.m2\repository\org\springframework\spring-core\5.3.4\spring-core-5.3.4.jar;C:\Users\Akash Sharma\.m2\repository\org\springframework\spring-jcl\5.3.4\spring-jcl-5.3.4.jar;C:\Users\Akash Sharma\.m2\repository\org\springframework\spring-expression\5.3.4\spring-expression-5.3.4.jar;C:\Users\Akash Sharma\.m2\repository\org\aspectj\aspectjweaver\1.9.6\aspectjweaver-1.9.6.jar;C:\Users\Akash Sharma\.m2\repository\org\testng\testng\6.13.1\testng-6.13.1.jar;C:\Users\Akash Sharma\.m2\repository\com\aventstack\extentreports\4.0.0\extentreports-4.0.0.jar;C:\Users\Akash Sharma\.m2\repository\org\freemarker\freemarker\2.3.23\freemarker-2.3.23.jar;C:\Users\Akash Sharma\.m2\repository\org\mongodb\mongodb-driver\3.3.0\mongodb-driver-3.3.0.jar;C:\Users\Akash Sharma\.m2\repository\org\mongodb\mongodb-driver-core\3.3.0\mongodb-driver-core-3.3.0.jar;C:\Users\Akash Sharma\.m2\repository\org\mongodb\bson\3.3.0\bson-3.3.0.jar;C:\Users\Akash Sharma\.m2\repository\org\apache\httpcomponents\httpmime\4.5.2\httpmime-4.5.2.jar;C:\Users\Akash Sharma\.m2\repository\org\apache\poi\poi\4.1.2\poi-4.1.2.jar;C:\Users\Akash Sharma\.m2\repository\commons-codec\commons-codec\1.13\commons-codec-1.13.jar;C:\Users\Akash Sharma\.m2\repository\org\apache\commons\commons-collections4\4.4\commons-collections4-4.4.jar;C:\Users\Akash Sharma\.m2\repository\org\apache\commons\commons-math3\3.6.1\commons-math3-3.6.1.jar;C:\Users\Akash Sharma\.m2\repository\com\zaxxer\SparseBitSet\1.2\SparseBitSet-1.2.jar;C:\Users\Akash Sharma\.m2\repository\org\apache\poi\poi-ooxml\4.1.2\poi-ooxml-4.1.2.jar;C:\Users\Akash Sharma\.m2\repository\org\apache\commons\commons-compress\1.19\commons-compress-1.19.jar;C:\Users\Akash Sharma\.m2\repository\com\github\virtuald\curvesapi\1.06\curvesapi-1.06.jar;C:\Users\Akash Sharma\.m2\repository\commons-io\commons-io\2.6\commons-io-2.6.jar;C:\Users\Akash Sharma\.m2\repository\org\apache\poi\poi-ooxml-schemas\4.1.2\poi-ooxml-schemas-4.1.2.jar;C:\Users\Akash Sharma\.m2\repository\org\apache\xmlbeans\xmlbeans\3.1.0\xmlbeans-3.1.0.jar;C:\Users\Akash Sharma\.m2\repository\org\apache\poi\poi-scratchpad\4.1.2\poi-scratchpad-4.1.2.jar;C:\Users\Akash Sharma\.m2\repository\org\apache\poi\openxml4j\1.0-beta\openxml4j-1.0-beta.jar;C:\Users\Akash Sharma\.m2\repository\dom4j\dom4j\1.6.1\dom4j-1.6.1.jar;C:\Users\Akash Sharma\.m2\repository\xml-apis\xml-apis\1.0.b2\xml-apis-1.0.b2.jar;C:\Users\Akash Sharma\.m2\repository\log4j\log4j\1.2.8\log4j-1.2.8.jar;C:\Users\Akash Sharma\.m2\repository\commons-validator\commons-validator\1.6\commons-validator-1.6.jar;C:\Users\Akash Sharma\.m2\repository\commons-beanutils\commons-beanutils\1.9.2\commons-beanutils-1.9.2.jar;C:\Users\Akash Sharma\.m2\repository\commons-digester\commons-digester\1.8.1\commons-digester-1.8.1.jar;C:\Users\Akash Sharma\.m2\repository\commons-logging\commons-logging\1.2\commons-logging-1.2.jar;C:\Users\Akash Sharma\.m2\repository\commons-collections\commons-collections\3.2.2\commons-collections-3.2.2.jar;C:\Users\Akash Sharma\.m2\repository\org\slf4j\slf4j-api\1.7.26\slf4j-api-1.7.26.jar;C:\Users\Akash Sharma\.m2\repository\org\slf4j\slf4j-simple\1.7.26\slf4j-simple-1.7.26.jar;C:\Users\Akash Sharma\.m2\repository\org\apache\commons\commons-lang3\3.9\commons-lang3-3.9.jar;"/>
    <property name="sun.cpu.endian" value="little"/>
    <property name="user.home" value="C:\Users\Akash Sharma"/>
    <property name="user.language" value="en"/>
    <property name="java.specification.vendor" value="Oracle Corporation"/>
    <property name="java.home" value="C:\Program Files\Java\jdk1.8.0_181\jre"/>
    <property name="basedir" value="C:\Users\Akash Sharma\Desktop\selenium\eclipse-jee-mars-2-win32-x86_64\eclipse\AppiumCRMpocAI"/>
    <property name="file.separator" value="\"/>
    <property name="line.separator" value="&#10;"/>
    <property name="java.vm.specification.vendor" value="Oracle Corporation"/>
    <property name="java.specification.name" value="Java Platform API Specification"/>
    <property name="java.awt.graphicsenv" value="sun.awt.Win32GraphicsEnvironment"/>
    <property name="surefire.real.class.path" value="C:\Users\Akash Sharma\AppData\Local\Temp\surefire7883865827807007342\surefirebooter3954642458800329768.jar"/>
    <property name="sun.boot.class.path" value="C:\Program Files\Java\jdk1.8.0_181\jre\lib\resources.jar;C:\Program Files\Java\jdk1.8.0_181\jre\lib\rt.jar;C:\Program Files\Java\jdk1.8.0_181\jre\lib\sunrsasign.jar;C:\Program Files\Java\jdk1.8.0_181\jre\lib\jsse.jar;C:\Program Files\Java\jdk1.8.0_181\jre\lib\jce.jar;C:\Program Files\Java\jdk1.8.0_181\jre\lib\charsets.jar;C:\Program Files\Java\jdk1.8.0_181\jre\lib\jfr.jar;C:\Program Files\Java\jdk1.8.0_181\jre\classes"/>
    <property name="user.script" value=""/>
    <property name="sun.management.compiler" value="HotSpot 64-Bit Tiered Compilers"/>
    <property name="java.runtime.version" value="1.8.0_181-b13"/>
    <property name="user.name" value="Akash Sharma"/>
    <property name="path.separator" value=";"/>
    <property name="os.version" value="10.0"/>
    <property name="java.endorsed.dirs" value="C:\Program Files\Java\jdk1.8.0_181\jre\lib\endorsed"/>
    <property name="java.runtime.name" value="Java(TM) SE Runtime Environment"/>
    <property name="file.encoding" value="Cp1252"/>
    <property name="java.vm.name" value="Java HotSpot(TM) 64-Bit Server VM"/>
    <property name="localRepository" value="C:\Users\Akash Sharma\.m2\repository"/>
    <property name="java.vendor.url.bug" value="http://bugreport.sun.com/bugreport/"/>
    <property name="java.io.tmpdir" value="C:\Users\AKASHS~1\AppData\Local\Temp\"/>
    <property name="java.version" value="1.8.0_181"/>
    <property name="user.dir" value="C:\Users\Akash Sharma\Desktop\selenium\eclipse-jee-mars-2-win32-x86_64\eclipse\AppiumCRMpocAI"/>
    <property name="os.arch" value="amd64"/>
    <property name="java.vm.specification.name" value="Java Virtual Machine Specification"/>
    <property name="java.awt.printerjob" value="sun.awt.windows.WPrinterJob"/>
    <property name="sun.os.patch.level" value=""/>
    <property name="java.library.path" value="C:\Program Files\Java\jdk1.8.0_181\jre\bin;C:\WINDOWS\Sun\Java\bin;C:\WINDOWS\system32;C:\WINDOWS;C:\Users\Akash Sharma\AppData\Local\Android\Sdk\tools\bin;C:\Users\Akash Sharma\AppData\Local\Android\Sdk\tools;C:\Users\Akash Sharma\AppData\Local\Android\Sdk\platform-tools;C:\Program Files\Java\jre1.8.0_181\bin;%MAVEN_HOME%\bin;C:\oraclexe\app\oracle\product\10.2.0\server\bin;C:\Program Files (x86)\Common Files\Oracle\Java\javapath;C:\WINDOWS\system32;C:\WINDOWS;C:\WINDOWS\System32\Wbem;C:\WINDOWS\System32\WindowsPowerShell\v1.0\;C:\WINDOWS\System32\OpenSSH\;C:\Program Files\Java\jdk1.8.0_181\bin;C:\Program Files\Git\cmd;C:\Users\Akash Sharma\AppData\Local\Android\Sdk\build-tools;C:\Program Files\apache-maven-3.6.1\bin;C:\Program Files\nodejs\;C:\Program Files\nodejs\node_modules\npm\bin;C:\Users\Akash Sharma\AppData\Local\Programs\Python\Python37\Scripts\;C:\Users\Akash Sharma\AppData\Local\Programs\Python\Python37\;C:\Program Files\MySQL\MySQL Shell 8.0\bin\;C:\Users\Akash Sharma\AppData\Local\Microsoft\WindowsApps;C:\Users\Akash Sharma\AppData\Roaming\npm;."/>
    <property name="java.vm.info" value="mixed mode"/>
    <property name="java.vendor" value="Oracle Corporation"/>
    <property name="java.vm.version" value="25.181-b13"/>
    <property name="java.ext.dirs" value="C:\Program Files\Java\jdk1.8.0_181\jre\lib\ext;C:\WINDOWS\Sun\Java\lib\ext"/>
    <property name="sun.io.unicode.encoding" value="UnicodeLittle"/>
    <property name="java.class.version" value="52.0"/>
  </properties>
  <testcase name="logintest[Akash, acidqa_](1)" classname="AppiumCRMpoc.AppiumCRMpocAI.LoginWithDataDriven_tc" time="89.372">
    <system-out><![CDATA[4
2
Akash   
acidqa_   
Jessi   
Abc%123   
A001   
Apple@123   
&amp#27;[35m[Appium]&amp#27;[39m Welcome to Appium v1.21.0
&amp#27;[35m[Appium]&amp#27;[39m Appium REST http interface listener started on 0.0.0.0:4723
&amp#27;[35m[HTTP]&amp#27;[39m &amp#27;[37m-->&amp#27;[39m &amp#27;[37mGET&amp#27;[39m &amp#27;[37m/wd/hub/status&amp#27;[39m
&amp#27;[35m[HTTP]&amp#27;[39m &amp#27;[90m{}&amp#27;[39m
[debug] &amp#27;[35m[GENERIC]&amp#27;[39m Calling AppiumDriver.getStatus() with args: []
[debug] &amp#27;[35m[GENERIC]&amp#27;[39m Responding to client with driver.getStatus() result: {"build":{"version":"1.21.0"}}
&amp#27;[35m[HTTP]&amp#27;[39m &amp#27;[37m<-- GET /wd/hub/status &amp#27;[39m&amp#27;[32m200&amp#27;[39m &amp#27;[90m43 ms - 68&amp#27;[39m
&amp#27;[35m[HTTP]&amp#27;[39m &amp#27;[90m&amp#27;[39m
[debug] &amp#27;[35m[HTTP]&amp#27;[39m Request idempotency key: 99c4fbc5-d5d2-4d4f-8e01-f42b4d753d85
&amp#27;[35m[HTTP]&amp#27;[39m &amp#27;[37m-->&amp#27;[39m &amp#27;[37mPOST&amp#27;[39m &amp#27;[37m/wd/hub/session&amp#27;[39m
&amp#27;[35m[HTTP]&amp#27;[39m &amp#27;[90m{"desiredCapabilities":{"app":"C:\\Users\\Akash Sharma\\Desktop\\selenium\\eclipse-jee-mars-2-win32-x86_64\\eclipse\\AppiumCRMpocAI\\src\\CRMNextNative5.75.0-Gold7-release.apk","appActivity":".qr.QrScannerActivity t50","appPackage":"com.crmnextmobile.crmnextofflineplay","noReset":true,"newCommandTimeout":"120","platformVersion":"11.0","automationName":"APPIUM","platformName":"Android","deviceName":"PVLBTCAE4L5SSGM7"},"capabilities":{"firstMatch":[{"appium:app":"C:\\Users\\Akash Sharma\\Desktop\\selenium\\eclipse-jee-mars-2-win32-x86_64\\eclipse\\AppiumCRMpocAI\\src\\CRMNextNative5.75.0-Gold7-release.apk","appium:appActivity":".qr.QrScannerActivity t50","appium:appPackage":"com.crmnextmobile.crmnextofflineplay","appium:automationName":"APPIUM","appium:deviceName":"PVLBTCAE4L5SSGM7","appium:newCommandTimeout":"120","appium:noReset":true,"platformName":"android","appium:platformVersion":"11.0"}]}}&amp#27;[39m
[debug] &amp#27;[35m[W3C]&amp#27;[39m Calling AppiumDriver.createSession() with args: [{"app":"C:\\Users\\Akash Sharma\\Desktop\\selenium\\eclipse-jee-mars-2-win32-x86_64\\eclipse\\AppiumCRMpocAI\\src\\CRMNextNative5.75.0-Gold7-release.apk","appActivity":".qr.QrScannerActivity t50","appPackage":"com.crmnextmobile.crmnextofflineplay","noReset":true,"newCommandTimeout":"120","platformVersion":"11.0","automationName":"APPIUM","platformName":"Android","deviceName":"PVLBTCAE4L5SSGM7"},null,{"firstMatch":[{"appium:app":"C:\\Users\\Akash Sharma\\Desktop\\selenium\\eclipse-jee-mars-2-win32-x86_64\\eclipse\\AppiumCRMpocAI\\src\\CRMNextNative5.75.0-Gold7-release.apk","appium:appActivity":".qr.QrScannerActivity t50","appium:appPackage":"com.crmnextmobile.crmnextofflineplay","appium:automationName":"APPIUM","appium:deviceName":"PVLBTCAE4L5SSGM7","appium:newCommandTimeout":"120","appium:noReset":true,"platformName":"android","appium:platformVersion":"11.0"}]}]
[debug] &amp#27;[35m[BaseDriver]&amp#27;[39m Event 'newSessionRequested' logged at 1632897917630 (12:15:17 GMT+0530 (India Standard Time))
&amp#27;[35m[BaseDriver]&amp#27;[39m Number capability passed in as string. Functionality may be compromised.
&amp#27;[35m[Appium]&amp#27;[39m 
&amp#27;[35m[Appium]&amp#27;[39m ======================================================================
&amp#27;[35m[Appium]&amp#27;[39m   DEPRECATION WARNING:
&amp#27;[35m[Appium]&amp#27;[39m 
&amp#27;[35m[Appium]&amp#27;[39m   The 'automationName' capability was not provided in the desired 
&amp#27;[35m[Appium]&amp#27;[39m   capabilities for this Android session
&amp#27;[35m[Appium]&amp#27;[39m 
&amp#27;[35m[Appium]&amp#27;[39m   Setting 'automationName=UiAutomator2' by default and using the 
&amp#27;[35m[Appium]&amp#27;[39m   UiAutomator2 Driver
&amp#27;[35m[Appium]&amp#27;[39m 
&amp#27;[35m[Appium]&amp#27;[39m   The next major version of Appium (2.x) will **require** the 
&amp#27;[35m[Appium]&amp#27;[39m   'automationName' capability to be set for all sessions on all 
&amp#27;[35m[Appium]&amp#27;[39m   platforms
&amp#27;[35m[Appium]&amp#27;[39m 
&amp#27;[35m[Appium]&amp#27;[39m   In previous versions (Appium <= 1.13.x), the default was 
&amp#27;[35m[Appium]&amp#27;[39m   'automationName=UiAutomator1'
&amp#27;[35m[Appium]&amp#27;[39m 
&amp#27;[35m[Appium]&amp#27;[39m   If you wish to use that automation instead of UiAutomator2, please 
&amp#27;[35m[Appium]&amp#27;[39m   add 'automationName=UiAutomator1' to your desired capabilities
&amp#27;[35m[Appium]&amp#27;[39m 
&amp#27;[35m[Appium]&amp#27;[39m   For more information about drivers, please visit 
&amp#27;[35m[Appium]&amp#27;[39m   http://appium.io/docs/en/about-appium/intro/ and explore the 
&amp#27;[35m[Appium]&amp#27;[39m   'Drivers' menu
&amp#27;[35m[Appium]&amp#27;[39m 
&amp#27;[35m[Appium]&amp#27;[39m ======================================================================
&amp#27;[35m[Appium]&amp#27;[39m 
&amp#27;[35m[Appium]&amp#27;[39m Appium v1.21.0 creating new AndroidUiautomator2Driver (v1.65.0) session
[debug] &amp#27;[35m[BaseDriver]&amp#27;[39m W3C capabilities and MJSONWP desired capabilities were provided
[debug] &amp#27;[35m[BaseDriver]&amp#27;[39m Creating session with W3C capabilities: {
[debug] &amp#27;[35m[BaseDriver]&amp#27;[39m   "alwaysMatch": {
[debug] &amp#27;[35m[BaseDriver]&amp#27;[39m     "platformName": "android",
[debug] &amp#27;[35m[BaseDriver]&amp#27;[39m     "appium:app": "C:\\Users\\Akash Sharma\\Desktop\\selenium\\eclipse-jee-mars-2-win32-x86_64\\eclipse\\AppiumCRMpocAI\\src\\CRMNextNative5.75.0-Gold7-release.apk",
[debug] &amp#27;[35m[BaseDriver]&amp#27;[39m     "appium:appActivity": ".qr.QrScannerActivity t50",
[debug] &amp#27;[35m[BaseDriver]&amp#27;[39m     "appium:appPackage": "com.crmnextmobile.crmnextofflineplay",
[debug] &amp#27;[35m[BaseDriver]&amp#27;[39m     "appium:automationName": "APPIUM",
[debug] &amp#27;[35m[BaseDriver]&amp#27;[39m     "appium:deviceName": "PVLBTCAE4L5SSGM7",
[debug] &amp#27;[35m[BaseDriver]&amp#27;[39m     "appium:newCommandTimeout": "120",
[debug] &amp#27;[35m[BaseDriver]&amp#27;[39m     "appium:noReset": true,
[debug] &amp#27;[35m[BaseDriver]&amp#27;[39m     "appium:platformVersion": "11.0"
[debug] &amp#27;[35m[BaseDriver]&amp#27;[39m   },
[debug] &amp#27;[35m[BaseDriver]&amp#27;[39m   "firstMatch": [
[debug] &amp#27;[35m[BaseDriver]&amp#27;[39m     {}
[debug] &amp#27;[35m[BaseDriver]&amp#27;[39m   ]
[debug] &amp#27;[35m[BaseDriver]&amp#27;[39m }
&amp#27;[35m[BaseDriver]&amp#27;[39m Number capability passed in as string. Functionality may be compromised.
&amp#27;[35m[BaseDriver]&amp#27;[39m Capability 'newCommandTimeout' changed from string ('120') to integer (120). This may cause unexpected behavior
&amp#27;[35m[BaseDriver]&amp#27;[39m Session created with session id: bc5eaaa7-e904-4c9b-bae1-9a35724fca88
&amp#27;[35m[BaseDriver]&amp#27;[39m Using local app 'C:\Users\Akash Sharma\Desktop\selenium\eclipse-jee-mars-2-win32-x86_64\eclipse\AppiumCRMpocAI\src\CRMNextNative5.75.0-Gold7-release.apk'
[debug] &amp#27;[35m[UiAutomator2]&amp#27;[39m Checking whether app is actually present
&amp#27;[35m[ADB]&amp#27;[39m Found 1 'build-tools' folders under 'C:\Users\Akash Sharma\AppData\Local\Android\Sdk' (newest first):
&amp#27;[35m[ADB]&amp#27;[39m     C:/Users/Akash Sharma/AppData/Local/Android/Sdk/build-tools/30.0.3
&amp#27;[35m[ADB]&amp#27;[39m Using 'adb.exe' from 'C:\Users\Akash Sharma\AppData\Local\Android\Sdk\platform-tools\adb.exe'
[debug] &amp#27;[35m[ADB]&amp#27;[39m Running 'C:\Users\Akash Sharma\AppData\Local\Android\Sdk\platform-tools\adb.exe -P 5037 start-server'
&amp#27;[35m[AndroidDriver]&amp#27;[39m Retrieving device list
[debug] &amp#27;[35m[ADB]&amp#27;[39m Trying to find a connected android device
[debug] &amp#27;[35m[ADB]&amp#27;[39m Getting connected devices
[debug] &amp#27;[35m[ADB]&amp#27;[39m Connected devices: [{"udid":"PVLBTCAE4L5SSGM7","state":"device"}]
&amp#27;[35m[AndroidDriver]&amp#27;[39m Looking for a device with Android '11.0.0'
[debug] &amp#27;[35m[ADB]&amp#27;[39m Setting device id to PVLBTCAE4L5SSGM7
&amp#27;[35m[ADB]&amp#27;[39m Getting device platform version
[debug] &amp#27;[35m[ADB]&amp#27;[39m Running 'C:\Users\Akash Sharma\AppData\Local\Android\Sdk\platform-tools\adb.exe -P 5037 -s PVLBTCAE4L5SSGM7 shell getprop ro.build.version.release'
[debug] &amp#27;[35m[ADB]&amp#27;[39m Current device property 'ro.build.version.release': 11
&amp#27;[35m[AndroidDriver]&amp#27;[39m Using device: PVLBTCAE4L5SSGM7
&amp#27;[35m[ADB]&amp#27;[39m Using 'adb.exe' from 'C:\Users\Akash Sharma\AppData\Local\Android\Sdk\platform-tools\adb.exe'
[debug] &amp#27;[35m[ADB]&amp#27;[39m Running 'C:\Users\Akash Sharma\AppData\Local\Android\Sdk\platform-tools\adb.exe -P 5037 start-server'
[debug] &amp#27;[35m[ADB]&amp#27;[39m Setting device id to PVLBTCAE4L5SSGM7
[debug] &amp#27;[35m[ADB]&amp#27;[39m Running 'C:\Users\Akash Sharma\AppData\Local\Android\Sdk\platform-tools\adb.exe -P 5037 -s PVLBTCAE4L5SSGM7 shell getprop ro.build.version.sdk'
[debug] &amp#27;[35m[ADB]&amp#27;[39m Current device property 'ro.build.version.sdk': 30
&amp#27;[35m[ADB]&amp#27;[39m Getting device platform version
[debug] &amp#27;[35m[ADB]&amp#27;[39m Running 'C:\Users\Akash Sharma\AppData\Local\Android\Sdk\platform-tools\adb.exe -P 5037 -s PVLBTCAE4L5SSGM7 shell getprop ro.build.version.release'
[debug] &amp#27;[35m[ADB]&amp#27;[39m Current device property 'ro.build.version.release': 11
[debug] &amp#27;[35m[ADB]&amp#27;[39m Device API level: 30
&amp#27;[35m[UiAutomator2]&amp#27;[39m Relaxing hidden api policy
[debug] &amp#27;[35m[ADB]&amp#27;[39m Running 'C:\Users\Akash Sharma\AppData\Local\Android\Sdk\platform-tools\adb.exe -P 5037 -s PVLBTCAE4L5SSGM7 shell 'settings put global hidden_api_policy_pre_p_apps 1;settings put global hidden_api_policy_p_apps 1;settings put global hidden_api_policy 1''
&amp#27;[35m[AndroidDriver]&amp#27;[39m Capability 'appActivity' is expected to only include latin letters, digits, underscore, dot, comma and asterisk characters.
&amp#27;[35m[AndroidDriver]&amp#27;[39m Current value '.qr.QrScannerActivity t50' has non-matching character at index 21: '.qr.QrScannerActivity '
[debug] &amp#27;[35m[ADB]&amp#27;[39m Running 'C:\Users\Akash Sharma\AppData\Local\Android\Sdk\platform-tools\adb.exe -P 5037 -s PVLBTCAE4L5SSGM7 wait-for-device'
[debug] &amp#27;[35m[ADB]&amp#27;[39m Running 'C:\Users\Akash Sharma\AppData\Local\Android\Sdk\platform-tools\adb.exe -P 5037 -s PVLBTCAE4L5SSGM7 shell echo ping'
[debug] &amp#27;[35m[AndroidDriver]&amp#27;[39m Pushing settings apk to device...
[debug] &amp#27;[35m[ADB]&amp#27;[39m Getting install status for io.appium.settings
[debug] &amp#27;[35m[ADB]&amp#27;[39m Running 'C:\Users\Akash Sharma\AppData\Local\Android\Sdk\platform-tools\adb.exe -P 5037 -s PVLBTCAE4L5SSGM7 shell dumpsys package io.appium.settings'
[debug] &amp#27;[35m[ADB]&amp#27;[39m 'io.appium.settings' is installed
[debug] &amp#27;[35m[ADB]&amp#27;[39m Getting package info for 'io.appium.settings'
[debug] &amp#27;[35m[ADB]&amp#27;[39m Running 'C:\Users\Akash Sharma\AppData\Local\Android\Sdk\platform-tools\adb.exe -P 5037 -s PVLBTCAE4L5SSGM7 shell dumpsys package io.appium.settings'
[debug] &amp#27;[35m[ADB]&amp#27;[39m The version name of the installed 'io.appium.settings' is greater or equal to the application version name ('3.3.0' >= '3.3.0')
[debug] &amp#27;[35m[ADB]&amp#27;[39m There is no need to install/upgrade 'C:\Users\Akash Sharma\AppData\Roaming\npm\node_modules\appium\node_modules\io.appium.settings\apks\settings_apk-debug.apk'
[debug] &amp#27;[35m[ADB]&amp#27;[39m Getting IDs of all 'io.appium.settings' processes
[debug] &amp#27;[35m[ADB]&amp#27;[39m Running 'C:\Users\Akash Sharma\AppData\Local\Android\Sdk\platform-tools\adb.exe -P 5037 -s PVLBTCAE4L5SSGM7 shell 'pgrep --help; echo $?''
[debug] &amp#27;[35m[ADB]&amp#27;[39m Running 'C:\Users\Akash Sharma\AppData\Local\Android\Sdk\platform-tools\adb.exe -P 5037 -s PVLBTCAE4L5SSGM7 shell pgrep -f \(\[\[:blank:\]\]\|\^\)io\.appium\.settings\(\[\[:blank:\]\]\|\$\)'
[debug] &amp#27;[35m[AndroidDriver]&amp#27;[39m io.appium.settings is already running. There is no need to reset its permissions.
[debug] &amp#27;[35m[ADB]&amp#27;[39m Running 'C:\Users\Akash Sharma\AppData\Local\Android\Sdk\platform-tools\adb.exe -P 5037 -s PVLBTCAE4L5SSGM7 shell appops set io.appium.settings android:mock_location allow'
[debug] &amp#27;[35m[Logcat]&amp#27;[39m Starting logs capture with command: 'C:\\Users\\Akash Sharma\\AppData\\Local\\Android\\Sdk\\platform-tools\\adb.exe' -P 5037 -s PVLBTCAE4L5SSGM7 logcat -v threadtime
[debug] &amp#27;[35m[UiAutomator2]&amp#27;[39m Forwarding UiAutomator2 Server port 6790 to local port 8209
[debug] &amp#27;[35m[ADB]&amp#27;[39m Forwarding system: 8209 to device: 6790
[debug] &amp#27;[35m[ADB]&amp#27;[39m Running 'C:\Users\Akash Sharma\AppData\Local\Android\Sdk\platform-tools\adb.exe -P 5037 -s PVLBTCAE4L5SSGM7 forward tcp:8209 tcp:6790'
[debug] &amp#27;[35m[ADB]&amp#27;[39m Getting install status for io.appium.uiautomator2.server
[debug] &amp#27;[35m[ADB]&amp#27;[39m Running 'C:\Users\Akash Sharma\AppData\Local\Android\Sdk\platform-tools\adb.exe -P 5037 -s PVLBTCAE4L5SSGM7 shell dumpsys package io.appium.uiautomator2.server'
[debug] &amp#27;[35m[ADB]&amp#27;[39m 'io.appium.uiautomator2.server' is installed
[debug] &amp#27;[35m[ADB]&amp#27;[39m Getting package info for 'io.appium.uiautomator2.server'
[debug] &amp#27;[35m[ADB]&amp#27;[39m Running 'C:\Users\Akash Sharma\AppData\Local\Android\Sdk\platform-tools\adb.exe -P 5037 -s PVLBTCAE4L5SSGM7 shell dumpsys package io.appium.uiautomator2.server'
[debug] &amp#27;[35m[ADB]&amp#27;[39m The version name of the installed 'io.appium.uiautomator2.server' is greater or equal to the application version name ('4.21.1' >= '4.21.1')
[debug] &amp#27;[35m[UiAutomator2]&amp#27;[39m io.appium.uiautomator2.server installation state: sameVersionInstalled
[debug] &amp#27;[35m[ADB]&amp#27;[39m Checking app cert for C:\Users\Akash Sharma\AppData\Roaming\npm\node_modules\appium\node_modules\appium-uiautomator2-server\apks\appium-uiautomator2-server-v4.21.1.apk
&amp#27;[35m[ADB]&amp#27;[39m Using 'apksigner.jar' from 'C:\Users\Akash Sharma\AppData\Local\Android\Sdk\build-tools\30.0.3\lib\apksigner.jar'
[debug] &amp#27;[35m[ADB]&amp#27;[39m Starting apksigner: 'C:\\Program Files\\Java\\jdk1.8.0_181\\bin\\java.exe' -Xmx1024M -Xss1m -jar 'C:\\Users\\Akash Sharma\\AppData\\Local\\Android\\Sdk\\build-tools\\30.0.3\\lib\\apksigner.jar' verify --print-certs 'C:\\Users\\Akash Sharma\\AppData\\Roaming\\npm\\node_modules\\appium\\node_modules\\appium-uiautomator2-server\\apks\\appium-uiautomator2-server-v4.21.1.apk'
[debug] &amp#27;[35m[ADB]&amp#27;[39m apksigner stdout: Signer #1 certificate DN: EMAILADDRESS=android@android.com, CN=Android, OU=Android, O=Android, L=Mountain View, ST=California, C=US
[debug] &amp#27;[35m[ADB]&amp#27;[39m Signer #1 certificate SHA-256 digest: a40da80a59d170caa950cf15c18c454d47a39b26989d8b640ecd745ba71bf5dc
[debug] &amp#27;[35m[ADB]&amp#27;[39m Signer #1 certificate SHA-1 digest: 61ed377e85d386a8dfee6b864bd85b0bfaa5af81
[debug] &amp#27;[35m[ADB]&amp#27;[39m Signer #1 certificate MD5 digest: e89b158e4bcf988ebd09eb83f5378e87
[debug] &amp#27;[35m[ADB]&amp#27;[39m 
[debug] &amp#27;[35m[ADB]&amp#27;[39m sha256 hash did match for 'appium-uiautomator2-server-v4.21.1.apk'
&amp#27;[35m[ADB]&amp#27;[39m 'C:\Users\Akash Sharma\AppData\Roaming\npm\node_modules\appium\node_modules\appium-uiautomator2-server\apks\appium-uiautomator2-server-v4.21.1.apk' is signed with the default certificate
[debug] &amp#27;[35m[ADB]&amp#27;[39m Getting install status for io.appium.uiautomator2.server.test
[debug] &amp#27;[35m[ADB]&amp#27;[39m Running 'C:\Users\Akash Sharma\AppData\Local\Android\Sdk\platform-tools\adb.exe -P 5037 -s PVLBTCAE4L5SSGM7 shell dumpsys package io.appium.uiautomator2.server.test'
[debug] &amp#27;[35m[ADB]&amp#27;[39m 'io.appium.uiautomator2.server.test' is installed
[debug] &amp#27;[35m[ADB]&amp#27;[39m Checking app cert for C:\Users\Akash Sharma\AppData\Roaming\npm\node_modules\appium\node_modules\appium-uiautomator2-server\apks\appium-uiautomator2-server-debug-androidTest.apk
[debug] &amp#27;[35m[ADB]&amp#27;[39m Starting apksigner: 'C:\\Program Files\\Java\\jdk1.8.0_181\\bin\\java.exe' -Xmx1024M -Xss1m -jar 'C:\\Users\\Akash Sharma\\AppData\\Local\\Android\\Sdk\\build-tools\\30.0.3\\lib\\apksigner.jar' verify --print-certs 'C:\\Users\\Akash Sharma\\AppData\\Roaming\\npm\\node_modules\\appium\\node_modules\\appium-uiautomator2-server\\apks\\appium-uiautomator2-server-debug-androidTest.apk'
[debug] &amp#27;[35m[ADB]&amp#27;[39m apksigner stdout: Signer #1 certificate DN: EMAILADDRESS=android@android.com, CN=Android, OU=Android, O=Android, L=Mountain View, ST=California, C=US
[debug] &amp#27;[35m[ADB]&amp#27;[39m Signer #1 certificate SHA-256 digest: a40da80a59d170caa950cf15c18c454d47a39b26989d8b640ecd745ba71bf5dc
[debug] &amp#27;[35m[ADB]&amp#27;[39m Signer #1 certificate SHA-1 digest: 61ed377e85d386a8dfee6b864bd85b0bfaa5af81
[debug] &amp#27;[35m[ADB]&amp#27;[39m Signer #1 certificate MD5 digest: e89b158e4bcf988ebd09eb83f5378e87
[debug] &amp#27;[35m[ADB]&amp#27;[39m 
[debug] &amp#27;[35m[ADB]&amp#27;[39m sha256 hash did match for 'appium-uiautomator2-server-debug-androidTest.apk'
&amp#27;[35m[ADB]&amp#27;[39m 'C:\Users\Akash Sharma\AppData\Roaming\npm\node_modules\appium\node_modules\appium-uiautomator2-server\apks\appium-uiautomator2-server-debug-androidTest.apk' is signed with the default certificate
&amp#27;[35m[UiAutomator2]&amp#27;[39m Server packages are not going to be (re)installed
[debug] &amp#27;[35m[UiAutomator2]&amp#27;[39m Waiting up to 30000ms for services to be available
[debug] &amp#27;[35m[ADB]&amp#27;[39m Running 'C:\Users\Akash Sharma\AppData\Local\Android\Sdk\platform-tools\adb.exe -P 5037 -s PVLBTCAE4L5SSGM7 shell pm list instrumentation'
[debug] &amp#27;[35m[UiAutomator2]&amp#27;[39m Instrumentation target 'io.appium.uiautomator2.server.test/androidx.test.runner.AndroidJUnitRunner' is available
&amp#27;[35m[ADB]&amp#27;[39m Adding packages ["io.appium.settings","io.appium.uiautomator2.server","io.appium.uiautomator2.server.test"] to Doze whitelist
[debug] &amp#27;[35m[ADB]&amp#27;[39m Got the following command chunks to execute: [["dumpsys","deviceidle","whitelist","+io.appium.settings",";","dumpsys","deviceidle","whitelist","+io.appium.uiautomator2.server",";","dumpsys","deviceidle","whitelist","+io.appium.uiautomator2.server.test",";"]]
[debug] &amp#27;[35m[ADB]&amp#27;[39m Running 'C:\Users\Akash Sharma\AppData\Local\Android\Sdk\platform-tools\adb.exe -P 5037 -s PVLBTCAE4L5SSGM7 shell dumpsys deviceidle whitelist +io.appium.settings ; dumpsys deviceidle whitelist +io.appium.uiautomator2.server ; dumpsys deviceidle whitelist +io.appium.uiautomator2.server.test ;'
[debug] &amp#27;[35m[ADB]&amp#27;[39m Checking app cert for C:\Users\Akash Sharma\Desktop\selenium\eclipse-jee-mars-2-win32-x86_64\eclipse\AppiumCRMpocAI\src\CRMNextNative5.75.0-Gold7-release.apk
[debug] &amp#27;[35m[ADB]&amp#27;[39m Starting apksigner: 'C:\\Program Files\\Java\\jdk1.8.0_181\\bin\\java.exe' -Xmx1024M -Xss1m -jar 'C:\\Users\\Akash Sharma\\AppData\\Local\\Android\\Sdk\\build-tools\\30.0.3\\lib\\apksigner.jar' verify --print-certs 'C:\\Users\\Akash Sharma\\Desktop\\selenium\\eclipse-jee-mars-2-win32-x86_64\\eclipse\\AppiumCRMpocAI\\src\\CRMNextNative5.75.0-Gold7-release.apk'
[debug] &amp#27;[35m[ADB]&amp#27;[39m apksigner stdout: Signer #1 certificate DN: CN=Acidaes Solutions Pvt.Ltd., OU=Acidaes Solutions Pvt.Ltd., O=Acidaes Solutions Pvt.Ltd., L=Noida, ST=Uttar Pradesh, C=91
[debug] &amp#27;[35m[ADB]&amp#27;[39m Signer #1 certificate SHA-256 digest: 1b5b28e9495aee7e7f65516fdcd33e9c92c58131e8997f2eab924f8a83a7b22d
[debug] &amp#27;[35m[ADB]&amp#27;[39m Signer #1 certificate SHA-1 digest: 83c7e9d2f980c36b1649fa86fc18d5d526391612
[debug] &amp#27;[35m[ADB]&amp#27;[39m Signer #1 certificate MD5 digest: c3fb4dcecfe26af9175caef538f5ac0e
[debug] &amp#27;[35m[ADB]&amp#27;[39m 
&amp#27;[35m[ADB]&amp#27;[39m 'C:\Users\Akash Sharma\Desktop\selenium\eclipse-jee-mars-2-win32-x86_64\eclipse\AppiumCRMpocAI\src\CRMNextNative5.75.0-Gold7-release.apk' is signed with a non-default certificate
[debug] &amp#27;[35m[ADB]&amp#27;[39m Getting install status for com.crmnextmobile.crmnextofflineplay
[debug] &amp#27;[35m[ADB]&amp#27;[39m Running 'C:\Users\Akash Sharma\AppData\Local\Android\Sdk\platform-tools\adb.exe -P 5037 -s PVLBTCAE4L5SSGM7 shell dumpsys package com.crmnextmobile.crmnextofflineplay'
[debug] &amp#27;[35m[ADB]&amp#27;[39m 'com.crmnextmobile.crmnextofflineplay' is installed
[debug] &amp#27;[35m[ADB]&amp#27;[39m Getting package info for 'com.crmnextmobile.crmnextofflineplay'
[debug] &amp#27;[35m[ADB]&amp#27;[39m Running 'C:\Users\Akash Sharma\AppData\Local\Android\Sdk\platform-tools\adb.exe -P 5037 -s PVLBTCAE4L5SSGM7 shell dumpsys package com.crmnextmobile.crmnextofflineplay'
[debug] &amp#27;[35m[ADB]&amp#27;[39m The version name of the installed 'com.crmnextmobile.crmnextofflineplay' is greater or equal to the application version name ('5.75.0' >= '5.75.0')
[debug] &amp#27;[35m[ADB]&amp#27;[39m There is no need to install/upgrade 'C:\Users\Akash Sharma\Desktop\selenium\eclipse-jee-mars-2-win32-x86_64\eclipse\AppiumCRMpocAI\src\CRMNextNative5.75.0-Gold7-release.apk'
[debug] &amp#27;[35m[UiAutomator2]&amp#27;[39m Performing shallow cleanup of automation leftovers
[debug] &amp#27;[35m[UiAutomator2]&amp#27;[39m No obsolete sessions have been detected (socket hang up)
[debug] &amp#27;[35m[ADB]&amp#27;[39m Running 'C:\Users\Akash Sharma\AppData\Local\Android\Sdk\platform-tools\adb.exe -P 5037 -s PVLBTCAE4L5SSGM7 shell am force-stop io.appium.uiautomator2.server.test'
&amp#27;[35m[UiAutomator2]&amp#27;[39m Starting UIAutomator2 server 4.21.1
&amp#27;[35m[UiAutomator2]&amp#27;[39m Using UIAutomator2 server from 'C:\Users\Akash Sharma\AppData\Roaming\npm\node_modules\appium\node_modules\appium-uiautomator2-server\apks\appium-uiautomator2-server-v4.21.1.apk' and test from 'C:\Users\Akash Sharma\AppData\Roaming\npm\node_modules\appium\node_modules\appium-uiautomator2-server\apks\appium-uiautomator2-server-debug-androidTest.apk'
&amp#27;[35m[UiAutomator2]&amp#27;[39m Waiting up to 30000ms for UiAutomator2 to be online...
[debug] &amp#27;[35m[ADB]&amp#27;[39m Creating ADB subprocess with args: ["-P",5037,"-s","PVLBTCAE4L5SSGM7","shell","am","instrument","-w","-e","disableAnalytics",true,"io.appium.uiautomator2.server.test/androidx.test.runner.AndroidJUnitRunner"]
[debug] &amp#27;[35m[WD Proxy]&amp#27;[39m Matched '/status' to command name 'getStatus'
[debug] &amp#27;[35m[WD Proxy]&amp#27;[39m Proxying [GET /status] to [GET http://127.0.0.1:8209/wd/hub/status] with no body
&amp#27;[35m[WD Proxy]&amp#27;[39m socket hang up
[debug] &amp#27;[35m[WD Proxy]&amp#27;[39m Matched '/status' to command name 'getStatus'
[debug] &amp#27;[35m[WD Proxy]&amp#27;[39m Proxying [GET /status] to [GET http://127.0.0.1:8209/wd/hub/status] with no body
&amp#27;[35m[WD Proxy]&amp#27;[39m socket hang up
[debug] &amp#27;[35m[Instrumentation]&amp#27;[39m io.appium.uiautomator2.server.test.AppiumUiAutomator2Server:
[debug] &amp#27;[35m[WD Proxy]&amp#27;[39m Matched '/status' to command name 'getStatus'
[debug] &amp#27;[35m[WD Proxy]&amp#27;[39m Proxying [GET /status] to [GET http://127.0.0.1:8209/wd/hub/status] with no body
&amp#27;[35m[WD Proxy]&amp#27;[39m socket hang up
[debug] &amp#27;[35m[WD Proxy]&amp#27;[39m Matched '/status' to command name 'getStatus'
[debug] &amp#27;[35m[WD Proxy]&amp#27;[39m Proxying [GET /status] to [GET http://127.0.0.1:8209/wd/hub/status] with no body
&amp#27;[35m[WD Proxy]&amp#27;[39m socket hang up
[debug] &amp#27;[35m[WD Proxy]&amp#27;[39m Matched '/status' to command name 'getStatus'
[debug] &amp#27;[35m[WD Proxy]&amp#27;[39m Proxying [GET /status] to [GET http://127.0.0.1:8209/wd/hub/status] with no body
[debug] &amp#27;[35m[WD Proxy]&amp#27;[39m Got response with status 200: {"sessionId":"None","value":{"message":"UiAutomator2 Server is ready to accept commands","ready":true}}
[debug] &amp#27;[35m[UiAutomator2]&amp#27;[39m The initialization of the instrumentation process took 4381ms
[debug] &amp#27;[35m[WD Proxy]&amp#27;[39m Matched '/session' to command name 'createSession'
[debug] &amp#27;[35m[WD Proxy]&amp#27;[39m Proxying [POST /session] to [POST http://127.0.0.1:8209/wd/hub/session] with body: {"capabilities":{"firstMatch":[{"platform":"LINUX","webStorageEnabled":false,"takesScreenshot":true,"javascriptEnabled":true,"databaseEnabled":false,"networkConnectionEnabled":true,"locationContextEnabled":false,"warnings":{},"desired":{"platformName":"android","app":"C:\\Users\\Akash Sharma\\Desktop\\selenium\\eclipse-jee-mars-2-win32-x86_64\\eclipse\\AppiumCRMpocAI\\src\\CRMNextNative5.75.0-Gold7-release.apk","appActivity":".qr.QrScannerActivity t50","appPackage":"com.crmnextmobile.crmnextofflineplay","automationName":"APPIUM","deviceName":"PVLBTCAE4L5SSGM7","newCommandTimeout":120,"noReset":true,"platformVersion":"11.0"},"platformName":"android","app":"C:\\Users\\Akash Sharma\\Desktop\\selenium\\eclipse-jee-mars-2-win32-x86_64\\eclipse\\AppiumCRMpocAI\\src\\CRMNextNative5.75.0-Gold7-release.apk","appActivity":".qr.QrScannerActivity t50","appPackage":"com.crmnextmobile.crmnextofflineplay","automationName":"APPIUM","deviceName":"PVLBTCAE4L5SSGM7","newCommandTimeout":120,"noReset":true,"platformVersion":"1...
[debug] &amp#27;[35m[WD Proxy]&amp#27;[39m Got response with status 200: {"sessionId":"2eb083e9-4f8a-4401-891b-b05e67e0fc9d","value":{"capabilities":{"firstMatch":[{"platform":"LINUX","webStorageEnabled":false,"takesScreenshot":true,"javascriptEnabled":true,"databaseEnabled":false,"networkConnectionEnabled":true,"locationContextEnabled":false,"warnings":{},"desired":{"platformName":"android","app":"C:\\Users\\Akash Sharma\\Desktop\\selenium\\eclipse-jee-mars-2-win32-x86_64\\eclipse\\AppiumCRMpocAI\\src\\CRMNextNative5.75.0-Gold7-release.apk","appActivity":".qr.QrScannerActivity t50","appPackage":"com.crmnextmobile.crmnextofflineplay","automationName":"APPIUM","deviceName":"PVLBTCAE4L5SSGM7","newCommandTimeout":120,"noReset":true,"platformVersion":"11.0"},"platformName":"android","app":"C:\\Users\\Akash Sharma\\Desktop\\selenium\\eclipse-jee-mars-2-win32-x86_64\\eclipse\\AppiumCRMpocAI\\src\\CRMNextNative5.75.0-Gold7-release.apk","appActivity":".qr.QrScannerActivity t50","appPackage":"com.crmnextmobile.crmnextofflineplay","automationName":"APPIUM","deviceName":"PVLBTCAE4L5SSGM7"...
&amp#27;[35m[WD Proxy]&amp#27;[39m Determined the downstream protocol as 'W3C'
[debug] &amp#27;[35m[WD Proxy]&amp#27;[39m Proxying [GET /appium/device/info] to [GET http://127.0.0.1:8209/wd/hub/session/2eb083e9-4f8a-4401-891b-b05e67e0fc9d/appium/device/info] with no body
[debug] &amp#27;[35m[WD Proxy]&amp#27;[39m Got response with status 200: {"sessionId":"2eb083e9-4f8a-4401-891b-b05e67e0fc9d","value":{"androidId":"dbdcf2ef05507201","apiVersion":"30","bluetooth":{"state":"OFF"},"brand":"realme","carrierName":"IND airtel","displayDensity":320,"locale":"en_US","manufacturer":"realme","model":"RMX3171","networks":[{"capabilities":{"SSID":null,"linkDownBandwidthKbps":30000,"linkUpstreamBandwidthKbps":15000,"networkCapabilities":"NET_CAPABILITY_IMS,NET_CAPABILITY_NOT_METERED,NET_CAPABILITY_TRUSTED,NET_CAPABILITY_NOT_VPN,NET_CAPABILITY_VALIDATED,NET_CAPABILITY_NOT_ROAMING,NET_CAPABILITY_FOREGROUND,NET_CAPABILITY_NOT_CONGESTED,NET_CAPABILITY_NOT_SUSPENDED","signalStrength":-2147483648,"transportTypes":"TRANSPORT_CELLULAR"},"detailedState":"CONNECTED","extraInfo":"ims","isAvailable":true,"isConnected":true,"isFailover":false,"isRoaming":false,"state":"CONNECTED","subtype":13,"subtypeName":"LTE","type":0,"typeName":"MOBILE"},{"capabilities":{"SSID":null,"linkDownBandwidthKbps":30000,"linkUpstreamBandwidthKbps":15000,"networkCapabilities":"NET_CAPABILITY...
[debug] &amp#27;[35m[ADB]&amp#27;[39m Running 'C:\Users\Akash Sharma\AppData\Local\Android\Sdk\platform-tools\adb.exe -P 5037 -s PVLBTCAE4L5SSGM7 shell dumpsys window'
&amp#27;[35m[AndroidDriver]&amp#27;[39m Screen already unlocked, doing nothing
&amp#27;[35m[UiAutomator2]&amp#27;[39m Starting 'com.crmnextmobile.crmnextofflineplay/.qr.QrScannerActivity t50 and waiting for 'com.crmnextmobile.crmnextofflineplay/.qr.QrScannerActivity t50'
[debug] &amp#27;[35m[ADB]&amp#27;[39m Running 'C:\Users\Akash Sharma\AppData\Local\Android\Sdk\platform-tools\adb.exe -P 5037 -s PVLBTCAE4L5SSGM7 shell am start -W -n 'com.crmnextmobile.crmnextofflineplay/.qr.QrScannerActivity t50' -S -a android.intent.action.MAIN -c android.intent.category.LAUNCHER -f 0x10200000'
[debug] &amp#27;[35m[WD Proxy]&amp#27;[39m Proxying [GET /appium/device/pixel_ratio] to [GET http://127.0.0.1:8209/wd/hub/session/2eb083e9-4f8a-4401-891b-b05e67e0fc9d/appium/device/pixel_ratio] with no body
[debug] &amp#27;[35m[WD Proxy]&amp#27;[39m Got response with status 200: {"sessionId":"2eb083e9-4f8a-4401-891b-b05e67e0fc9d","value":2}
[debug] &amp#27;[35m[WD Proxy]&amp#27;[39m Matched '/appium/device/system_bars' to command name 'getSystemBars'
[debug] &amp#27;[35m[WD Proxy]&amp#27;[39m Proxying [GET /appium/device/system_bars] to [GET http://127.0.0.1:8209/wd/hub/session/2eb083e9-4f8a-4401-891b-b05e67e0fc9d/appium/device/system_bars] with no body
[debug] &amp#27;[35m[WD Proxy]&amp#27;[39m Got response with status 200: {"sessionId":"2eb083e9-4f8a-4401-891b-b05e67e0fc9d","value":{"statusBar":64}}
[debug] &amp#27;[35m[WD Proxy]&amp#27;[39m Matched '/window/current/size' to command name 'getWindowSize'
[debug] &amp#27;[35m[WD Proxy]&amp#27;[39m Proxying [GET /window/current/size] to [GET http://127.0.0.1:8209/wd/hub/session/2eb083e9-4f8a-4401-891b-b05e67e0fc9d/window/current/size] with no body
[debug] &amp#27;[35m[WD Proxy]&amp#27;[39m Got response with status 200: {"sessionId":"2eb083e9-4f8a-4401-891b-b05e67e0fc9d","value":{"height":1448,"width":720}}
&amp#27;[35m[Appium]&amp#27;[39m New AndroidUiautomator2Driver session created successfully, session bc5eaaa7-e904-4c9b-bae1-9a35724fca88 added to master session list
[debug] &amp#27;[35m[BaseDriver]&amp#27;[39m Event 'newSessionStarted' logged at 1632897945311 (12:15:45 GMT+0530 (India Standard Time))
[debug] &amp#27;[35m[W3C (bc5eaaa7)]&amp#27;[39m Cached the protocol value 'W3C' for the new session bc5eaaa7-e904-4c9b-bae1-9a35724fca88
[debug] &amp#27;[35m[W3C (bc5eaaa7)]&amp#27;[39m Responding to client with driver.createSession() result: {"capabilities":{"platform":"LINUX","webStorageEnabled":false,"takesScreenshot":true,"javascriptEnabled":true,"databaseEnabled":false,"networkConnectionEnabled":true,"locationContextEnabled":false,"warnings":{},"desired":{"platformName":"android","app":"C:\\Users\\Akash Sharma\\Desktop\\selenium\\eclipse-jee-mars-2-win32-x86_64\\eclipse\\AppiumCRMpocAI\\src\\CRMNextNative5.75.0-Gold7-release.apk","appActivity":".qr.QrScannerActivity t50","appPackage":"com.crmnextmobile.crmnextofflineplay","automationName":"APPIUM","deviceName":"PVLBTCAE4L5SSGM7","newCommandTimeout":120,"noReset":true,"platformVersion":"11.0"},"platformName":"android","app":"C:\\Users\\Akash Sharma\\Desktop\\selenium\\eclipse-jee-mars-2-win32-x86_64\\eclipse\\AppiumCRMpocAI\\src\\CRMNextNative5.75.0-Gold7-release.apk","appActivity":".qr.QrScannerActivity t50","appPackage":"com.crmnextmobile.crmnextofflineplay","automationName":"APPIUM","deviceName":"PVLBTCAE4L5SSGM7","newCommandTimeout":120,"noReset":true,"platformVersion":"11","deviceUDID"...
&amp#27;[35m[HTTP]&amp#27;[39m &amp#27;[37m<-- POST /wd/hub/session &amp#27;[39m&amp#27;[32m200&amp#27;[39m &amp#27;[90m27701 ms - 1328&amp#27;[39m
&amp#27;[35m[HTTP]&amp#27;[39m &amp#27;[90m&amp#27;[39m
&amp#27;[35m[HTTP]&amp#27;[39m &amp#27;[37m-->&amp#27;[39m &amp#27;[37mPOST&amp#27;[39m &amp#27;[37m/wd/hub/session/bc5eaaa7-e904-4c9b-bae1-9a35724fca88/timeouts&amp#27;[39m
&amp#27;[35m[HTTP]&amp#27;[39m &amp#27;[90m{"implicit":7000}&amp#27;[39m
[debug] &amp#27;[35m[W3C (bc5eaaa7)]&amp#27;[39m Calling AppiumDriver.timeouts() with args: [null,null,null,null,7000,"bc5eaaa7-e904-4c9b-bae1-9a35724fca88"]
[debug] &amp#27;[35m[BaseDriver]&amp#27;[39m W3C timeout argument: {"implicit":7000}}
[debug] &amp#27;[35m[BaseDriver]&amp#27;[39m Set implicit wait to 7000ms
[debug] &amp#27;[35m[W3C (bc5eaaa7)]&amp#27;[39m Responding to client with driver.timeouts() result: null
&amp#27;[35m[HTTP]&amp#27;[39m &amp#27;[37m<-- POST /wd/hub/session/bc5eaaa7-e904-4c9b-bae1-9a35724fca88/timeouts &amp#27;[39m&amp#27;[32m200&amp#27;[39m &amp#27;[90m21 ms - 14&amp#27;[39m
&amp#27;[35m[HTTP]&amp#27;[39m &amp#27;[90m&amp#27;[39m
&amp#27;[35m[HTTP]&amp#27;[39m &amp#27;[37m-->&amp#27;[39m &amp#27;[37mPOST&amp#27;[39m &amp#27;[37m/wd/hub/session/bc5eaaa7-e904-4c9b-bae1-9a35724fca88/elements&amp#27;[39m
&amp#27;[35m[HTTP]&amp#27;[39m &amp#27;[90m{"using":"xpath","value":"//*[@text='While using the app']"}&amp#27;[39m
[debug] &amp#27;[35m[W3C (bc5eaaa7)]&amp#27;[39m Calling AppiumDriver.findElements() with args: ["xpath","//*[@text='While using the app']","bc5eaaa7-e904-4c9b-bae1-9a35724fca88"]
[debug] &amp#27;[35m[BaseDriver]&amp#27;[39m Valid locator strategies for this request: xpath, id, class name, accessibility id, css selector, -android uiautomator
[debug] &amp#27;[35m[BaseDriver]&amp#27;[39m Waiting up to 7000 ms for condition
[debug] &amp#27;[35m[WD Proxy]&amp#27;[39m Matched '/elements' to command name 'findElements'
[debug] &amp#27;[35m[WD Proxy]&amp#27;[39m Proxying [POST /elements] to [POST http://127.0.0.1:8209/wd/hub/session/2eb083e9-4f8a-4401-891b-b05e67e0fc9d/elements] with body: {"strategy":"xpath","selector":"//*[@text='While using the app']","context":"","multiple":true}
[debug] &amp#27;[35m[WD Proxy]&amp#27;[39m Got response with status 200: {"sessionId":"2eb083e9-4f8a-4401-891b-b05e67e0fc9d","value":[]}
[debug] &amp#27;[35m[BaseDriver]&amp#27;[39m Waited for 733 ms so far
[debug] &amp#27;[35m[WD Proxy]&amp#27;[39m Matched '/elements' to command name 'findElements'
[debug] &amp#27;[35m[WD Proxy]&amp#27;[39m Proxying [POST /elements] to [POST http://127.0.0.1:8209/wd/hub/session/2eb083e9-4f8a-4401-891b-b05e67e0fc9d/elements] with body: {"strategy":"xpath","selector":"//*[@text='While using the app']","context":"","multiple":true}
[debug] &amp#27;[35m[WD Proxy]&amp#27;[39m Got response with status 200: {"sessionId":"2eb083e9-4f8a-4401-891b-b05e67e0fc9d","value":[]}
[debug] &amp#27;[35m[BaseDriver]&amp#27;[39m Waited for 1371 ms so far
[debug] &amp#27;[35m[WD Proxy]&amp#27;[39m Matched '/elements' to command name 'findElements'
[debug] &amp#27;[35m[WD Proxy]&amp#27;[39m Proxying [POST /elements] to [POST http://127.0.0.1:8209/wd/hub/session/2eb083e9-4f8a-4401-891b-b05e67e0fc9d/elements] with body: {"strategy":"xpath","selector":"//*[@text='While using the app']","context":"","multiple":true}
[debug] &amp#27;[35m[WD Proxy]&amp#27;[39m Got response with status 200: {"sessionId":"2eb083e9-4f8a-4401-891b-b05e67e0fc9d","value":[]}
[debug] &amp#27;[35m[BaseDriver]&amp#27;[39m Waited for 1958 ms so far
[debug] &amp#27;[35m[WD Proxy]&amp#27;[39m Matched '/elements' to command name 'findElements'
[debug] &amp#27;[35m[WD Proxy]&amp#27;[39m Proxying [POST /elements] to [POST http://127.0.0.1:8209/wd/hub/session/2eb083e9-4f8a-4401-891b-b05e67e0fc9d/elements] with body: {"strategy":"xpath","selector":"//*[@text='While using the app']","context":"","multiple":true}
[debug] &amp#27;[35m[WD Proxy]&amp#27;[39m Got response with status 200: {"sessionId":"2eb083e9-4f8a-4401-891b-b05e67e0fc9d","value":[]}
[debug] &amp#27;[35m[BaseDriver]&amp#27;[39m Waited for 2514 ms so far
[debug] &amp#27;[35m[WD Proxy]&amp#27;[39m Matched '/elements' to command name 'findElements'
[debug] &amp#27;[35m[WD Proxy]&amp#27;[39m Proxying [POST /elements] to [POST http://127.0.0.1:8209/wd/hub/session/2eb083e9-4f8a-4401-891b-b05e67e0fc9d/elements] with body: {"strategy":"xpath","selector":"//*[@text='While using the app']","context":"","multiple":true}
[debug] &amp#27;[35m[WD Proxy]&amp#27;[39m Got response with status 200: {"sessionId":"2eb083e9-4f8a-4401-891b-b05e67e0fc9d","value":[]}
[debug] &amp#27;[35m[BaseDriver]&amp#27;[39m Waited for 3159 ms so far
[debug] &amp#27;[35m[WD Proxy]&amp#27;[39m Matched '/elements' to command name 'findElements'
[debug] &amp#27;[35m[WD Proxy]&amp#27;[39m Proxying [POST /elements] to [POST http://127.0.0.1:8209/wd/hub/session/2eb083e9-4f8a-4401-891b-b05e67e0fc9d/elements] with body: {"strategy":"xpath","selector":"//*[@text='While using the app']","context":"","multiple":true}
[debug] &amp#27;[35m[WD Proxy]&amp#27;[39m Got response with status 200: {"sessionId":"2eb083e9-4f8a-4401-891b-b05e67e0fc9d","value":[]}
[debug] &amp#27;[35m[BaseDriver]&amp#27;[39m Waited for 3832 ms so far
[debug] &amp#27;[35m[WD Proxy]&amp#27;[39m Matched '/elements' to command name 'findElements'
[debug] &amp#27;[35m[WD Proxy]&amp#27;[39m Proxying [POST /elements] to [POST http://127.0.0.1:8209/wd/hub/session/2eb083e9-4f8a-4401-891b-b05e67e0fc9d/elements] with body: {"strategy":"xpath","selector":"//*[@text='While using the app']","context":"","multiple":true}
[debug] &amp#27;[35m[WD Proxy]&amp#27;[39m Got response with status 200: {"sessionId":"2eb083e9-4f8a-4401-891b-b05e67e0fc9d","value":[]}
[debug] &amp#27;[35m[BaseDriver]&amp#27;[39m Waited for 4483 ms so far
[debug] &amp#27;[35m[WD Proxy]&amp#27;[39m Matched '/elements' to command name 'findElements'
[debug] &amp#27;[35m[WD Proxy]&amp#27;[39m Proxying [POST /elements] to [POST http://127.0.0.1:8209/wd/hub/session/2eb083e9-4f8a-4401-891b-b05e67e0fc9d/elements] with body: {"strategy":"xpath","selector":"//*[@text='While using the app']","context":"","multiple":true}
[debug] &amp#27;[35m[WD Proxy]&amp#27;[39m Got response with status 200: {"sessionId":"2eb083e9-4f8a-4401-891b-b05e67e0fc9d","value":[]}
[debug] &amp#27;[35m[BaseDriver]&amp#27;[39m Waited for 5172 ms so far
[debug] &amp#27;[35m[WD Proxy]&amp#27;[39m Matched '/elements' to command name 'findElements'
[debug] &amp#27;[35m[WD Proxy]&amp#27;[39m Proxying [POST /elements] to [POST http://127.0.0.1:8209/wd/hub/session/2eb083e9-4f8a-4401-891b-b05e67e0fc9d/elements] with body: {"strategy":"xpath","selector":"//*[@text='While using the app']","context":"","multiple":true}
[debug] &amp#27;[35m[WD Proxy]&amp#27;[39m Got response with status 200: {"sessionId":"2eb083e9-4f8a-4401-891b-b05e67e0fc9d","value":[]}
[debug] &amp#27;[35m[BaseDriver]&amp#27;[39m Waited for 5850 ms so far
[debug] &amp#27;[35m[WD Proxy]&amp#27;[39m Matched '/elements' to command name 'findElements'
[debug] &amp#27;[35m[WD Proxy]&amp#27;[39m Proxying [POST /elements] to [POST http://127.0.0.1:8209/wd/hub/session/2eb083e9-4f8a-4401-891b-b05e67e0fc9d/elements] with body: {"strategy":"xpath","selector":"//*[@text='While using the app']","context":"","multiple":true}
[debug] &amp#27;[35m[WD Proxy]&amp#27;[39m Got response with status 200: {"sessionId":"2eb083e9-4f8a-4401-891b-b05e67e0fc9d","value":[]}
[debug] &amp#27;[35m[BaseDriver]&amp#27;[39m Waited for 6522 ms so far
[debug] &amp#27;[35m[WD Proxy]&amp#27;[39m Matched '/elements' to command name 'findElements'
[debug] &amp#27;[35m[WD Proxy]&amp#27;[39m Proxying [POST /elements] to [POST http://127.0.0.1:8209/wd/hub/session/2eb083e9-4f8a-4401-891b-b05e67e0fc9d/elements] with body: {"strategy":"xpath","selector":"//*[@text='While using the app']","context":"","multiple":true}
[debug] &amp#27;[35m[WD Proxy]&amp#27;[39m Got response with status 200: {"sessionId":"2eb083e9-4f8a-4401-891b-b05e67e0fc9d","value":[]}
[debug] &amp#27;[35m[W3C (bc5eaaa7)]&amp#27;[39m Responding to client with driver.findElements() result: []
&amp#27;[35m[HTTP]&amp#27;[39m &amp#27;[37m<-- POST /wd/hub/session/bc5eaaa7-e904-4c9b-bae1-9a35724fca88/elements &amp#27;[39m&amp#27;[32m200&amp#27;[39m &amp#27;[90m7192 ms - 12&amp#27;[39m
&amp#27;[35m[HTTP]&amp#27;[39m &amp#27;[90m&amp#27;[39m
&amp#27;[35m[HTTP]&amp#27;[39m &amp#27;[37m-->&amp#27;[39m &amp#27;[37mGET&amp#27;[39m &amp#27;[37m/wd/hub/session/bc5eaaa7-e904-4c9b-bae1-9a35724fca88/context&amp#27;[39m
&amp#27;[35m[HTTP]&amp#27;[39m &amp#27;[90m{}&amp#27;[39m
[debug] &amp#27;[35m[W3C (bc5eaaa7)]&amp#27;[39m Calling AppiumDriver.getCurrentContext() with args: ["bc5eaaa7-e904-4c9b-bae1-9a35724fca88"]
[debug] &amp#27;[35m[W3C (bc5eaaa7)]&amp#27;[39m Responding to client with driver.getCurrentContext() result: "NATIVE_APP"
&amp#27;[35m[HTTP]&amp#27;[39m &amp#27;[37m<-- GET /wd/hub/session/bc5eaaa7-e904-4c9b-bae1-9a35724fca88/context &amp#27;[39m&amp#27;[32m200&amp#27;[39m &amp#27;[90m20 ms - 22&amp#27;[39m
&amp#27;[35m[HTTP]&amp#27;[39m &amp#27;[90m&amp#27;[39m
&amp#27;[35m[HTTP]&amp#27;[39m &amp#27;[37m-->&amp#27;[39m &amp#27;[37mPOST&amp#27;[39m &amp#27;[37m/wd/hub/session/bc5eaaa7-e904-4c9b-bae1-9a35724fca88/element&amp#27;[39m
&amp#27;[35m[HTTP]&amp#27;[39m &amp#27;[90m{"using":"xpath","value":"//*[@resource-id='TxtName']"}&amp#27;[39m
[debug] &amp#27;[35m[W3C (bc5eaaa7)]&amp#27;[39m Calling AppiumDriver.findElement() with args: ["xpath","//*[@resource-id='TxtName']","bc5eaaa7-e904-4c9b-bae1-9a35724fca88"]
[debug] &amp#27;[35m[BaseDriver]&amp#27;[39m Valid locator strategies for this request: xpath, id, class name, accessibility id, css selector, -android uiautomator
[debug] &amp#27;[35m[BaseDriver]&amp#27;[39m Waiting up to 7000 ms for condition
[debug] &amp#27;[35m[WD Proxy]&amp#27;[39m Matched '/element' to command name 'findElement'
[debug] &amp#27;[35m[WD Proxy]&amp#27;[39m Proxying [POST /element] to [POST http://127.0.0.1:8209/wd/hub/session/2eb083e9-4f8a-4401-891b-b05e67e0fc9d/element] with body: {"strategy":"xpath","selector":"//*[@resource-id='TxtName']","context":"","multiple":false}
[debug] &amp#27;[35m[WD Proxy]&amp#27;[39m Got response with status 200: {"sessionId":"2eb083e9-4f8a-4401-891b-b05e67e0fc9d","value":{"ELEMENT":"c73e8790-5e90-4aad-aa30-885ec17bb38e","element-6066-11e4-a52e-4f735466cecf":"c73e8790-5e90-4aad-aa30-885ec17bb38e"}}
[debug] &amp#27;[35m[W3C (bc5eaaa7)]&amp#27;[39m Responding to client with driver.findElement() result: {"element-6066-11e4-a52e-4f735466cecf":"c73e8790-5e90-4aad-aa30-885ec17bb38e","ELEMENT":"c73e8790-5e90-4aad-aa30-885ec17bb38e"}
&amp#27;[35m[HTTP]&amp#27;[39m &amp#27;[37m<-- POST /wd/hub/session/bc5eaaa7-e904-4c9b-bae1-9a35724fca88/element &amp#27;[39m&amp#27;[32m200&amp#27;[39m &amp#27;[90m163 ms - 137&amp#27;[39m
&amp#27;[35m[HTTP]&amp#27;[39m &amp#27;[90m&amp#27;[39m
&amp#27;[35m[HTTP]&amp#27;[39m &amp#27;[37m-->&amp#27;[39m &amp#27;[37mPOST&amp#27;[39m &amp#27;[37m/wd/hub/session/bc5eaaa7-e904-4c9b-bae1-9a35724fca88/element/c73e8790-5e90-4aad-aa30-885ec17bb38e/value&amp#27;[39m
&amp#27;[35m[HTTP]&amp#27;[39m &amp#27;[90m{"id":"c73e8790-5e90-4aad-aa30-885ec17bb38e","text":"Akash","value":["A","k","a","s","h"]}&amp#27;[39m
[debug] &amp#27;[35m[W3C (bc5eaaa7)]&amp#27;[39m Calling AppiumDriver.setValue() with args: [["A","k","a","s","h"],"c73e8790-5e90-4aad-aa30-885ec17bb38e","bc5eaaa7-e904-4c9b-bae1-9a35724fca88"]
[debug] &amp#27;[35m[WD Proxy]&amp#27;[39m Matched '/element/c73e8790-5e90-4aad-aa30-885ec17bb38e/value' to command name 'setValue'
[debug] &amp#27;[35m[Protocol Converter]&amp#27;[39m Added 'value' property ["A","k","a","s","h"] to 'setValue' request body
[debug] &amp#27;[35m[WD Proxy]&amp#27;[39m Proxying [POST /element/c73e8790-5e90-4aad-aa30-885ec17bb38e/value] to [POST http://127.0.0.1:8209/wd/hub/session/2eb083e9-4f8a-4401-891b-b05e67e0fc9d/element/c73e8790-5e90-4aad-aa30-885ec17bb38e/value] with body: {"elementId":"c73e8790-5e90-4aad-aa30-885ec17bb38e","text":"Akash","replace":false,"value":["A","k","a","s","h"]}
[debug] &amp#27;[35m[WD Proxy]&amp#27;[39m Got response with status 200: {"sessionId":"2eb083e9-4f8a-4401-891b-b05e67e0fc9d","value":null}
[debug] &amp#27;[35m[W3C (bc5eaaa7)]&amp#27;[39m Responding to client with driver.setValue() result: null
&amp#27;[35m[HTTP]&amp#27;[39m &amp#27;[37m<-- POST /wd/hub/session/bc5eaaa7-e904-4c9b-bae1-9a35724fca88/element/c73e8790-5e90-4aad-aa30-885ec17bb38e/value &amp#27;[39m&amp#27;[32m200&amp#27;[39m &amp#27;[90m83 ms - 14&amp#27;[39m
&amp#27;[35m[HTTP]&amp#27;[39m &amp#27;[90m&amp#27;[39m
&amp#27;[35m[HTTP]&amp#27;[39m &amp#27;[37m-->&amp#27;[39m &amp#27;[37mGET&amp#27;[39m &amp#27;[37m/wd/hub/session/bc5eaaa7-e904-4c9b-bae1-9a35724fca88/context&amp#27;[39m
&amp#27;[35m[HTTP]&amp#27;[39m &amp#27;[90m{}&amp#27;[39m
[debug] &amp#27;[35m[W3C (bc5eaaa7)]&amp#27;[39m Calling AppiumDriver.getCurrentContext() with args: ["bc5eaaa7-e904-4c9b-bae1-9a35724fca88"]
[debug] &amp#27;[35m[W3C (bc5eaaa7)]&amp#27;[39m Responding to client with driver.getCurrentContext() result: "NATIVE_APP"
&amp#27;[35m[HTTP]&amp#27;[39m &amp#27;[37m<-- GET /wd/hub/session/bc5eaaa7-e904-4c9b-bae1-9a35724fca88/context &amp#27;[39m&amp#27;[32m200&amp#27;[39m &amp#27;[90m18 ms - 22&amp#27;[39m
&amp#27;[35m[HTTP]&amp#27;[39m &amp#27;[90m&amp#27;[39m
&amp#27;[35m[HTTP]&amp#27;[39m &amp#27;[37m-->&amp#27;[39m &amp#27;[37mPOST&amp#27;[39m &amp#27;[37m/wd/hub/session/bc5eaaa7-e904-4c9b-bae1-9a35724fca88/element&amp#27;[39m
&amp#27;[35m[HTTP]&amp#27;[39m &amp#27;[90m{"using":"xpath","value":"//*[@resource-id='TxtPassword']"}&amp#27;[39m
[debug] &amp#27;[35m[W3C (bc5eaaa7)]&amp#27;[39m Calling AppiumDriver.findElement() with args: ["xpath","//*[@resource-id='TxtPassword']","bc5eaaa7-e904-4c9b-bae1-9a35724fca88"]
[debug] &amp#27;[35m[BaseDriver]&amp#27;[39m Valid locator strategies for this request: xpath, id, class name, accessibility id, css selector, -android uiautomator
[debug] &amp#27;[35m[BaseDriver]&amp#27;[39m Waiting up to 7000 ms for condition
[debug] &amp#27;[35m[WD Proxy]&amp#27;[39m Matched '/element' to command name 'findElement'
[debug] &amp#27;[35m[WD Proxy]&amp#27;[39m Proxying [POST /element] to [POST http://127.0.0.1:8209/wd/hub/session/2eb083e9-4f8a-4401-891b-b05e67e0fc9d/element] with body: {"strategy":"xpath","selector":"//*[@resource-id='TxtPassword']","context":"","multiple":false}
[debug] &amp#27;[35m[WD Proxy]&amp#27;[39m Got response with status 200: {"sessionId":"2eb083e9-4f8a-4401-891b-b05e67e0fc9d","value":{"ELEMENT":"34e7115e-118c-49ca-80d2-58049bf958d8","element-6066-11e4-a52e-4f735466cecf":"34e7115e-118c-49ca-80d2-58049bf958d8"}}
[debug] &amp#27;[35m[W3C (bc5eaaa7)]&amp#27;[39m Responding to client with driver.findElement() result: {"element-6066-11e4-a52e-4f735466cecf":"34e7115e-118c-49ca-80d2-58049bf958d8","ELEMENT":"34e7115e-118c-49ca-80d2-58049bf958d8"}
&amp#27;[35m[HTTP]&amp#27;[39m &amp#27;[37m<-- POST /wd/hub/session/bc5eaaa7-e904-4c9b-bae1-9a35724fca88/element &amp#27;[39m&amp#27;[32m200&amp#27;[39m &amp#27;[90m706 ms - 137&amp#27;[39m
&amp#27;[35m[HTTP]&amp#27;[39m &amp#27;[90m&amp#27;[39m
&amp#27;[35m[HTTP]&amp#27;[39m &amp#27;[37m-->&amp#27;[39m &amp#27;[37mPOST&amp#27;[39m &amp#27;[37m/wd/hub/session/bc5eaaa7-e904-4c9b-bae1-9a35724fca88/element/34e7115e-118c-49ca-80d2-58049bf958d8/value&amp#27;[39m
&amp#27;[35m[HTTP]&amp#27;[39m &amp#27;[90m{"id":"34e7115e-118c-49ca-80d2-58049bf958d8","text":"acidqa_","value":["a","c","i","d","q","a","_"]}&amp#27;[39m
[debug] &amp#27;[35m[W3C (bc5eaaa7)]&amp#27;[39m Calling AppiumDriver.setValue() with args: [["a","c","i","d","q","a","_"],"34e7115e-118c-49ca-80d2-58049bf958d8","bc5eaaa7-e904-4c9b-bae1-9a35724fca88"]
[debug] &amp#27;[35m[WD Proxy]&amp#27;[39m Matched '/element/34e7115e-118c-49ca-80d2-58049bf958d8/value' to command name 'setValue'
[debug] &amp#27;[35m[Protocol Converter]&amp#27;[39m Added 'value' property ["a","c","i","d","q","a","_"] to 'setValue' request body
[debug] &amp#27;[35m[WD Proxy]&amp#27;[39m Proxying [POST /element/34e7115e-118c-49ca-80d2-58049bf958d8/value] to [POST http://127.0.0.1:8209/wd/hub/session/2eb083e9-4f8a-4401-891b-b05e67e0fc9d/element/34e7115e-118c-49ca-80d2-58049bf958d8/value] with body: {"elementId":"34e7115e-118c-49ca-80d2-58049bf958d8","text":"acidqa_","replace":false,"value":["a","c","i","d","q","a","_"]}
[debug] &amp#27;[35m[WD Proxy]&amp#27;[39m Got response with status 200: {"sessionId":"2eb083e9-4f8a-4401-891b-b05e67e0fc9d","value":null}
[debug] &amp#27;[35m[W3C (bc5eaaa7)]&amp#27;[39m Responding to client with driver.setValue() result: null
&amp#27;[35m[HTTP]&amp#27;[39m &amp#27;[37m<-- POST /wd/hub/session/bc5eaaa7-e904-4c9b-bae1-9a35724fca88/element/34e7115e-118c-49ca-80d2-58049bf958d8/value &amp#27;[39m&amp#27;[32m200&amp#27;[39m &amp#27;[90m62 ms - 14&amp#27;[39m
&amp#27;[35m[HTTP]&amp#27;[39m &amp#27;[90m&amp#27;[39m
&amp#27;[35m[HTTP]&amp#27;[39m &amp#27;[37m-->&amp#27;[39m &amp#27;[37mGET&amp#27;[39m &amp#27;[37m/wd/hub/session/bc5eaaa7-e904-4c9b-bae1-9a35724fca88/context&amp#27;[39m
&amp#27;[35m[HTTP]&amp#27;[39m &amp#27;[90m{}&amp#27;[39m
[debug] &amp#27;[35m[W3C (bc5eaaa7)]&amp#27;[39m Calling AppiumDriver.getCurrentContext() with args: ["bc5eaaa7-e904-4c9b-bae1-9a35724fca88"]
[debug] &amp#27;[35m[W3C (bc5eaaa7)]&amp#27;[39m Responding to client with driver.getCurrentContext() result: "NATIVE_APP"
&amp#27;[35m[HTTP]&amp#27;[39m &amp#27;[37m<-- GET /wd/hub/session/bc5eaaa7-e904-4c9b-bae1-9a35724fca88/context &amp#27;[39m&amp#27;[32m200&amp#27;[39m &amp#27;[90m3 ms - 22&amp#27;[39m
&amp#27;[35m[HTTP]&amp#27;[39m &amp#27;[90m&amp#27;[39m
&amp#27;[35m[HTTP]&amp#27;[39m &amp#27;[37m-->&amp#27;[39m &amp#27;[37mPOST&amp#27;[39m &amp#27;[37m/wd/hub/session/bc5eaaa7-e904-4c9b-bae1-9a35724fca88/element&amp#27;[39m
&amp#27;[35m[HTTP]&amp#27;[39m &amp#27;[90m{"using":"xpath","value":"//*[@text='Login']"}&amp#27;[39m
[debug] &amp#27;[35m[W3C (bc5eaaa7)]&amp#27;[39m Calling AppiumDriver.findElement() with args: ["xpath","//*[@text='Login']","bc5eaaa7-e904-4c9b-bae1-9a35724fca88"]
[debug] &amp#27;[35m[BaseDriver]&amp#27;[39m Valid locator strategies for this request: xpath, id, class name, accessibility id, css selector, -android uiautomator
[debug] &amp#27;[35m[BaseDriver]&amp#27;[39m Waiting up to 7000 ms for condition
[debug] &amp#27;[35m[WD Proxy]&amp#27;[39m Matched '/element' to command name 'findElement'
[debug] &amp#27;[35m[WD Proxy]&amp#27;[39m Proxying [POST /element] to [POST http://127.0.0.1:8209/wd/hub/session/2eb083e9-4f8a-4401-891b-b05e67e0fc9d/element] with body: {"strategy":"xpath","selector":"//*[@text='Login']","context":"","multiple":false}
[debug] &amp#27;[35m[WD Proxy]&amp#27;[39m Got response with status 200: {"sessionId":"2eb083e9-4f8a-4401-891b-b05e67e0fc9d","value":{"ELEMENT":"b6b26b85-42d5-4382-af91-296e022d8c1b","element-6066-11e4-a52e-4f735466cecf":"b6b26b85-42d5-4382-af91-296e022d8c1b"}}
[debug] &amp#27;[35m[W3C (bc5eaaa7)]&amp#27;[39m Responding to client with driver.findElement() result: {"element-6066-11e4-a52e-4f735466cecf":"b6b26b85-42d5-4382-af91-296e022d8c1b","ELEMENT":"b6b26b85-42d5-4382-af91-296e022d8c1b"}
&amp#27;[35m[HTTP]&amp#27;[39m &amp#27;[37m<-- POST /wd/hub/session/bc5eaaa7-e904-4c9b-bae1-9a35724fca88/element &amp#27;[39m&amp#27;[32m200&amp#27;[39m &amp#27;[90m724 ms - 137&amp#27;[39m
&amp#27;[35m[HTTP]&amp#27;[39m &amp#27;[90m&amp#27;[39m
&amp#27;[35m[HTTP]&amp#27;[39m &amp#27;[37m-->&amp#27;[39m &amp#27;[37mPOST&amp#27;[39m &amp#27;[37m/wd/hub/session/bc5eaaa7-e904-4c9b-bae1-9a35724fca88/element/b6b26b85-42d5-4382-af91-296e022d8c1b/click&amp#27;[39m
&amp#27;[35m[HTTP]&amp#27;[39m &amp#27;[90m{"id":"b6b26b85-42d5-4382-af91-296e022d8c1b"}&amp#27;[39m
[debug] &amp#27;[35m[W3C (bc5eaaa7)]&amp#27;[39m Calling AppiumDriver.click() with args: ["b6b26b85-42d5-4382-af91-296e022d8c1b","bc5eaaa7-e904-4c9b-bae1-9a35724fca88"]
[debug] &amp#27;[35m[WD Proxy]&amp#27;[39m Matched '/element/b6b26b85-42d5-4382-af91-296e022d8c1b/click' to command name 'click'
[debug] &amp#27;[35m[WD Proxy]&amp#27;[39m Proxying [POST /element/b6b26b85-42d5-4382-af91-296e022d8c1b/click] to [POST http://127.0.0.1:8209/wd/hub/session/2eb083e9-4f8a-4401-891b-b05e67e0fc9d/element/b6b26b85-42d5-4382-af91-296e022d8c1b/click] with body: {"element":"b6b26b85-42d5-4382-af91-296e022d8c1b"}
[debug] &amp#27;[35m[WD Proxy]&amp#27;[39m Got response with status 200: {"sessionId":"2eb083e9-4f8a-4401-891b-b05e67e0fc9d","value":null}
[debug] &amp#27;[35m[W3C (bc5eaaa7)]&amp#27;[39m Responding to client with driver.click() result: null
&amp#27;[35m[HTTP]&amp#27;[39m &amp#27;[37m<-- POST /wd/hub/session/bc5eaaa7-e904-4c9b-bae1-9a35724fca88/element/b6b26b85-42d5-4382-af91-296e022d8c1b/click &amp#27;[39m&amp#27;[32m200&amp#27;[39m &amp#27;[90m110 ms - 14&amp#27;[39m
&amp#27;[35m[HTTP]&amp#27;[39m &amp#27;[90m&amp#27;[39m
&amp#27;[35m[HTTP]&amp#27;[39m &amp#27;[37m-->&amp#27;[39m &amp#27;[37mPOST&amp#27;[39m &amp#27;[37m/wd/hub/session/bc5eaaa7-e904-4c9b-bae1-9a35724fca88/elements&amp#27;[39m
&amp#27;[35m[HTTP]&amp#27;[39m &amp#27;[90m{"using":"xpath","value":"//*[@text='Invalid User Name or Password.']"}&amp#27;[39m
[debug] &amp#27;[35m[W3C (bc5eaaa7)]&amp#27;[39m Calling AppiumDriver.findElements() with args: ["xpath","//*[@text='Invalid User Name or Password.']","bc5eaaa7-e904-4c9b-bae1-9a35724fca88"]
[debug] &amp#27;[35m[BaseDriver]&amp#27;[39m Valid locator strategies for this request: xpath, id, class name, accessibility id, css selector, -android uiautomator
[debug] &amp#27;[35m[BaseDriver]&amp#27;[39m Waiting up to 7000 ms for condition
[debug] &amp#27;[35m[WD Proxy]&amp#27;[39m Matched '/elements' to command name 'findElements'
[debug] &amp#27;[35m[WD Proxy]&amp#27;[39m Proxying [POST /elements] to [POST http://127.0.0.1:8209/wd/hub/session/2eb083e9-4f8a-4401-891b-b05e67e0fc9d/elements] with body: {"strategy":"xpath","selector":"//*[@text='Invalid User Name or Password.']","context":"","multiple":true}
[debug] &amp#27;[35m[WD Proxy]&amp#27;[39m Got response with status 200: {"sessionId":"2eb083e9-4f8a-4401-891b-b05e67e0fc9d","value":[{"ELEMENT":"b1b43a8d-0a4b-457c-b6e6-da575ea1bd33","element-6066-11e4-a52e-4f735466cecf":"b1b43a8d-0a4b-457c-b6e6-da575ea1bd33"}]}
[debug] &amp#27;[35m[W3C (bc5eaaa7)]&amp#27;[39m Responding to client with driver.findElements() result: [{"element-6066-11e4-a52e-4f735466cecf":"b1b43a8d-0a4b-457c-b6e6-da575ea1bd33","ELEMENT":"b1b43a8d-0a4b-457c-b6e6-da575ea1bd33"}]
&amp#27;[35m[HTTP]&amp#27;[39m &amp#27;[37m<-- POST /wd/hub/session/bc5eaaa7-e904-4c9b-bae1-9a35724fca88/elements &amp#27;[39m&amp#27;[32m200&amp#27;[39m &amp#27;[90m104 ms - 139&amp#27;[39m
&amp#27;[35m[HTTP]&amp#27;[39m &amp#27;[90m&amp#27;[39m
]]></system-out>
    <system-err><![CDATA[Sep 29, 2021 12:15:45 PM io.appium.java_client.remote.AppiumCommandExecutor$1 lambda$0
INFO: Detected dialect: W3C
]]></system-err>
  </testcase>
  <testcase name="logintest[Jessi, Abc%123](2)" classname="AppiumCRMpoc.AppiumCRMpocAI.LoginWithDataDriven_tc" time="40.65">
    <system-out><![CDATA[&amp#27;[35m[Appium]&amp#27;[39m Welcome to Appium v1.21.0
&amp#27;[35m[Appium]&amp#27;[39m Appium REST http interface listener started on 0.0.0.0:4723
&amp#27;[35m[HTTP]&amp#27;[39m &amp#27;[37m-->&amp#27;[39m &amp#27;[37mGET&amp#27;[39m &amp#27;[37m/wd/hub/status&amp#27;[39m
&amp#27;[35m[HTTP]&amp#27;[39m &amp#27;[90m{}&amp#27;[39m
[debug] &amp#27;[35m[GENERIC]&amp#27;[39m Calling AppiumDriver.getStatus() with args: []
[debug] &amp#27;[35m[GENERIC]&amp#27;[39m Responding to client with driver.getStatus() result: {"build":{"version":"1.21.0"}}
&amp#27;[35m[HTTP]&amp#27;[39m &amp#27;[37m<-- GET /wd/hub/status &amp#27;[39m&amp#27;[32m200&amp#27;[39m &amp#27;[90m13 ms - 68&amp#27;[39m
&amp#27;[35m[HTTP]&amp#27;[39m &amp#27;[90m&amp#27;[39m
[debug] &amp#27;[35m[HTTP]&amp#27;[39m Request idempotency key: 6e4a1550-4017-480c-bf3b-93ec5410aa9c
&amp#27;[35m[HTTP]&amp#27;[39m &amp#27;[37m-->&amp#27;[39m &amp#27;[37mPOST&amp#27;[39m &amp#27;[37m/wd/hub/session&amp#27;[39m
&amp#27;[35m[HTTP]&amp#27;[39m &amp#27;[90m{"desiredCapabilities":{"app":"C:\\Users\\Akash Sharma\\Desktop\\selenium\\eclipse-jee-mars-2-win32-x86_64\\eclipse\\AppiumCRMpocAI\\src\\CRMNextNative5.75.0-Gold7-release.apk","appActivity":".qr.QrScannerActivity t50","appPackage":"com.crmnextmobile.crmnextofflineplay","noReset":true,"newCommandTimeout":"120","platformVersion":"11.0","automationName":"APPIUM","platformName":"Android","deviceName":"PVLBTCAE4L5SSGM7"},"capabilities":{"firstMatch":[{"appium:app":"C:\\Users\\Akash Sharma\\Desktop\\selenium\\eclipse-jee-mars-2-win32-x86_64\\eclipse\\AppiumCRMpocAI\\src\\CRMNextNative5.75.0-Gold7-release.apk","appium:appActivity":".qr.QrScannerActivity t50","appium:appPackage":"com.crmnextmobile.crmnextofflineplay","appium:automationName":"APPIUM","appium:deviceName":"PVLBTCAE4L5SSGM7","appium:newCommandTimeout":"120","appium:noReset":true,"platformName":"android","appium:platformVersion":"11.0"}]}}&amp#27;[39m
[debug] &amp#27;[35m[W3C]&amp#27;[39m Calling AppiumDriver.createSession() with args: [{"app":"C:\\Users\\Akash Sharma\\Desktop\\selenium\\eclipse-jee-mars-2-win32-x86_64\\eclipse\\AppiumCRMpocAI\\src\\CRMNextNative5.75.0-Gold7-release.apk","appActivity":".qr.QrScannerActivity t50","appPackage":"com.crmnextmobile.crmnextofflineplay","noReset":true,"newCommandTimeout":"120","platformVersion":"11.0","automationName":"APPIUM","platformName":"Android","deviceName":"PVLBTCAE4L5SSGM7"},null,{"firstMatch":[{"appium:app":"C:\\Users\\Akash Sharma\\Desktop\\selenium\\eclipse-jee-mars-2-win32-x86_64\\eclipse\\AppiumCRMpocAI\\src\\CRMNextNative5.75.0-Gold7-release.apk","appium:appActivity":".qr.QrScannerActivity t50","appium:appPackage":"com.crmnextmobile.crmnextofflineplay","appium:automationName":"APPIUM","appium:deviceName":"PVLBTCAE4L5SSGM7","appium:newCommandTimeout":"120","appium:noReset":true,"platformName":"android","appium:platformVersion":"11.0"}]}]
[debug] &amp#27;[35m[BaseDriver]&amp#27;[39m Event 'newSessionRequested' logged at 1632897967201 (12:16:07 GMT+0530 (India Standard Time))
&amp#27;[35m[BaseDriver]&amp#27;[39m Number capability passed in as string. Functionality may be compromised.
&amp#27;[35m[Appium]&amp#27;[39m 
&amp#27;[35m[Appium]&amp#27;[39m ======================================================================
&amp#27;[35m[Appium]&amp#27;[39m   DEPRECATION WARNING:
&amp#27;[35m[Appium]&amp#27;[39m 
&amp#27;[35m[Appium]&amp#27;[39m   The 'automationName' capability was not provided in the desired 
&amp#27;[35m[Appium]&amp#27;[39m   capabilities for this Android session
&amp#27;[35m[Appium]&amp#27;[39m 
&amp#27;[35m[Appium]&amp#27;[39m   Setting 'automationName=UiAutomator2' by default and using the 
&amp#27;[35m[Appium]&amp#27;[39m   UiAutomator2 Driver
&amp#27;[35m[Appium]&amp#27;[39m 
&amp#27;[35m[Appium]&amp#27;[39m   The next major version of Appium (2.x) will **require** the 
&amp#27;[35m[Appium]&amp#27;[39m   'automationName' capability to be set for all sessions on all 
&amp#27;[35m[Appium]&amp#27;[39m   platforms
&amp#27;[35m[Appium]&amp#27;[39m 
&amp#27;[35m[Appium]&amp#27;[39m   In previous versions (Appium <= 1.13.x), the default was 
&amp#27;[35m[Appium]&amp#27;[39m   'automationName=UiAutomator1'
&amp#27;[35m[Appium]&amp#27;[39m 
&amp#27;[35m[Appium]&amp#27;[39m   If you wish to use that automation instead of UiAutomator2, please 
&amp#27;[35m[Appium]&amp#27;[39m   add 'automationName=UiAutomator1' to your desired capabilities
&amp#27;[35m[Appium]&amp#27;[39m 
&amp#27;[35m[Appium]&amp#27;[39m   For more information about drivers, please visit 
&amp#27;[35m[Appium]&amp#27;[39m   http://appium.io/docs/en/about-appium/intro/ and explore the 
&amp#27;[35m[Appium]&amp#27;[39m   'Drivers' menu
&amp#27;[35m[Appium]&amp#27;[39m 
&amp#27;[35m[Appium]&amp#27;[39m ======================================================================
&amp#27;[35m[Appium]&amp#27;[39m 
&amp#27;[35m[Appium]&amp#27;[39m Appium v1.21.0 creating new AndroidUiautomator2Driver (v1.65.0) session
[debug] &amp#27;[35m[BaseDriver]&amp#27;[39m W3C capabilities and MJSONWP desired capabilities were provided
[debug] &amp#27;[35m[BaseDriver]&amp#27;[39m Creating session with W3C capabilities: {
[debug] &amp#27;[35m[BaseDriver]&amp#27;[39m   "alwaysMatch": {
[debug] &amp#27;[35m[BaseDriver]&amp#27;[39m     "platformName": "android",
[debug] &amp#27;[35m[BaseDriver]&amp#27;[39m     "appium:app": "C:\\Users\\Akash Sharma\\Desktop\\selenium\\eclipse-jee-mars-2-win32-x86_64\\eclipse\\AppiumCRMpocAI\\src\\CRMNextNative5.75.0-Gold7-release.apk",
[debug] &amp#27;[35m[BaseDriver]&amp#27;[39m     "appium:appActivity": ".qr.QrScannerActivity t50",
[debug] &amp#27;[35m[BaseDriver]&amp#27;[39m     "appium:appPackage": "com.crmnextmobile.crmnextofflineplay",
[debug] &amp#27;[35m[BaseDriver]&amp#27;[39m     "appium:automationName": "APPIUM",
[debug] &amp#27;[35m[BaseDriver]&amp#27;[39m     "appium:deviceName": "PVLBTCAE4L5SSGM7",
[debug] &amp#27;[35m[BaseDriver]&amp#27;[39m     "appium:newCommandTimeout": "120",
[debug] &amp#27;[35m[BaseDriver]&amp#27;[39m     "appium:noReset": true,
[debug] &amp#27;[35m[BaseDriver]&amp#27;[39m     "appium:platformVersion": "11.0"
[debug] &amp#27;[35m[BaseDriver]&amp#27;[39m   },
[debug] &amp#27;[35m[BaseDriver]&amp#27;[39m   "firstMatch": [
[debug] &amp#27;[35m[BaseDriver]&amp#27;[39m     {}
[debug] &amp#27;[35m[BaseDriver]&amp#27;[39m   ]
[debug] &amp#27;[35m[BaseDriver]&amp#27;[39m }
&amp#27;[35m[BaseDriver]&amp#27;[39m Number capability passed in as string. Functionality may be compromised.
&amp#27;[35m[BaseDriver]&amp#27;[39m Capability 'newCommandTimeout' changed from string ('120') to integer (120). This may cause unexpected behavior
&amp#27;[35m[BaseDriver]&amp#27;[39m Session created with session id: cea9b59c-423e-4b32-a5b3-4e44258316ad
&amp#27;[35m[BaseDriver]&amp#27;[39m Using local app 'C:\Users\Akash Sharma\Desktop\selenium\eclipse-jee-mars-2-win32-x86_64\eclipse\AppiumCRMpocAI\src\CRMNextNative5.75.0-Gold7-release.apk'
[debug] &amp#27;[35m[UiAutomator2]&amp#27;[39m Checking whether app is actually present
&amp#27;[35m[ADB]&amp#27;[39m Found 1 'build-tools' folders under 'C:\Users\Akash Sharma\AppData\Local\Android\Sdk' (newest first):
&amp#27;[35m[ADB]&amp#27;[39m     C:/Users/Akash Sharma/AppData/Local/Android/Sdk/build-tools/30.0.3
&amp#27;[35m[ADB]&amp#27;[39m Using 'adb.exe' from 'C:\Users\Akash Sharma\AppData\Local\Android\Sdk\platform-tools\adb.exe'
[debug] &amp#27;[35m[ADB]&amp#27;[39m Running 'C:\Users\Akash Sharma\AppData\Local\Android\Sdk\platform-tools\adb.exe -P 5037 start-server'
&amp#27;[35m[AndroidDriver]&amp#27;[39m Retrieving device list
[debug] &amp#27;[35m[ADB]&amp#27;[39m Trying to find a connected android device
[debug] &amp#27;[35m[ADB]&amp#27;[39m Getting connected devices
[debug] &amp#27;[35m[ADB]&amp#27;[39m Connected devices: [{"udid":"PVLBTCAE4L5SSGM7","state":"device"}]
&amp#27;[35m[AndroidDriver]&amp#27;[39m Looking for a device with Android '11.0.0'
[debug] &amp#27;[35m[ADB]&amp#27;[39m Setting device id to PVLBTCAE4L5SSGM7
&amp#27;[35m[ADB]&amp#27;[39m Getting device platform version
[debug] &amp#27;[35m[ADB]&amp#27;[39m Running 'C:\Users\Akash Sharma\AppData\Local\Android\Sdk\platform-tools\adb.exe -P 5037 -s PVLBTCAE4L5SSGM7 shell getprop ro.build.version.release'
[debug] &amp#27;[35m[ADB]&amp#27;[39m Current device property 'ro.build.version.release': 11
&amp#27;[35m[AndroidDriver]&amp#27;[39m Using device: PVLBTCAE4L5SSGM7
&amp#27;[35m[ADB]&amp#27;[39m Using 'adb.exe' from 'C:\Users\Akash Sharma\AppData\Local\Android\Sdk\platform-tools\adb.exe'
[debug] &amp#27;[35m[ADB]&amp#27;[39m Running 'C:\Users\Akash Sharma\AppData\Local\Android\Sdk\platform-tools\adb.exe -P 5037 start-server'
[debug] &amp#27;[35m[ADB]&amp#27;[39m Setting device id to PVLBTCAE4L5SSGM7
[debug] &amp#27;[35m[ADB]&amp#27;[39m Running 'C:\Users\Akash Sharma\AppData\Local\Android\Sdk\platform-tools\adb.exe -P 5037 -s PVLBTCAE4L5SSGM7 shell getprop ro.build.version.sdk'
[debug] &amp#27;[35m[ADB]&amp#27;[39m Current device property 'ro.build.version.sdk': 30
&amp#27;[35m[ADB]&amp#27;[39m Getting device platform version
[debug] &amp#27;[35m[ADB]&amp#27;[39m Running 'C:\Users\Akash Sharma\AppData\Local\Android\Sdk\platform-tools\adb.exe -P 5037 -s PVLBTCAE4L5SSGM7 shell getprop ro.build.version.release'
[debug] &amp#27;[35m[ADB]&amp#27;[39m Current device property 'ro.build.version.release': 11
[debug] &amp#27;[35m[ADB]&amp#27;[39m Device API level: 30
&amp#27;[35m[UiAutomator2]&amp#27;[39m Relaxing hidden api policy
[debug] &amp#27;[35m[ADB]&amp#27;[39m Running 'C:\Users\Akash Sharma\AppData\Local\Android\Sdk\platform-tools\adb.exe -P 5037 -s PVLBTCAE4L5SSGM7 shell 'settings put global hidden_api_policy_pre_p_apps 1;settings put global hidden_api_policy_p_apps 1;settings put global hidden_api_policy 1''
&amp#27;[35m[AndroidDriver]&amp#27;[39m Capability 'appActivity' is expected to only include latin letters, digits, underscore, dot, comma and asterisk characters.
&amp#27;[35m[AndroidDriver]&amp#27;[39m Current value '.qr.QrScannerActivity t50' has non-matching character at index 21: '.qr.QrScannerActivity '
[debug] &amp#27;[35m[ADB]&amp#27;[39m Running 'C:\Users\Akash Sharma\AppData\Local\Android\Sdk\platform-tools\adb.exe -P 5037 -s PVLBTCAE4L5SSGM7 wait-for-device'
[debug] &amp#27;[35m[ADB]&amp#27;[39m Running 'C:\Users\Akash Sharma\AppData\Local\Android\Sdk\platform-tools\adb.exe -P 5037 -s PVLBTCAE4L5SSGM7 shell echo ping'
[debug] &amp#27;[35m[AndroidDriver]&amp#27;[39m Pushing settings apk to device...
[debug] &amp#27;[35m[ADB]&amp#27;[39m Getting install status for io.appium.settings
[debug] &amp#27;[35m[ADB]&amp#27;[39m Running 'C:\Users\Akash Sharma\AppData\Local\Android\Sdk\platform-tools\adb.exe -P 5037 -s PVLBTCAE4L5SSGM7 shell dumpsys package io.appium.settings'
[debug] &amp#27;[35m[ADB]&amp#27;[39m 'io.appium.settings' is installed
[debug] &amp#27;[35m[ADB]&amp#27;[39m Getting package info for 'io.appium.settings'
[debug] &amp#27;[35m[ADB]&amp#27;[39m Running 'C:\Users\Akash Sharma\AppData\Local\Android\Sdk\platform-tools\adb.exe -P 5037 -s PVLBTCAE4L5SSGM7 shell dumpsys package io.appium.settings'
[debug] &amp#27;[35m[ADB]&amp#27;[39m The version name of the installed 'io.appium.settings' is greater or equal to the application version name ('3.3.0' >= '3.3.0')
[debug] &amp#27;[35m[ADB]&amp#27;[39m There is no need to install/upgrade 'C:\Users\Akash Sharma\AppData\Roaming\npm\node_modules\appium\node_modules\io.appium.settings\apks\settings_apk-debug.apk'
[debug] &amp#27;[35m[ADB]&amp#27;[39m Getting IDs of all 'io.appium.settings' processes
[debug] &amp#27;[35m[ADB]&amp#27;[39m Running 'C:\Users\Akash Sharma\AppData\Local\Android\Sdk\platform-tools\adb.exe -P 5037 -s PVLBTCAE4L5SSGM7 shell 'pgrep --help; echo $?''
[debug] &amp#27;[35m[ADB]&amp#27;[39m Running 'C:\Users\Akash Sharma\AppData\Local\Android\Sdk\platform-tools\adb.exe -P 5037 -s PVLBTCAE4L5SSGM7 shell pgrep -f \(\[\[:blank:\]\]\|\^\)io\.appium\.settings\(\[\[:blank:\]\]\|\$\)'
[debug] &amp#27;[35m[AndroidDriver]&amp#27;[39m io.appium.settings is already running. There is no need to reset its permissions.
[debug] &amp#27;[35m[ADB]&amp#27;[39m Running 'C:\Users\Akash Sharma\AppData\Local\Android\Sdk\platform-tools\adb.exe -P 5037 -s PVLBTCAE4L5SSGM7 shell appops set io.appium.settings android:mock_location allow'
[debug] &amp#27;[35m[Logcat]&amp#27;[39m Starting logs capture with command: 'C:\\Users\\Akash Sharma\\AppData\\Local\\Android\\Sdk\\platform-tools\\adb.exe' -P 5037 -s PVLBTCAE4L5SSGM7 logcat -v threadtime
[debug] &amp#27;[35m[UiAutomator2]&amp#27;[39m Forwarding UiAutomator2 Server port 6790 to local port 8210
[debug] &amp#27;[35m[ADB]&amp#27;[39m Forwarding system: 8210 to device: 6790
[debug] &amp#27;[35m[ADB]&amp#27;[39m Running 'C:\Users\Akash Sharma\AppData\Local\Android\Sdk\platform-tools\adb.exe -P 5037 -s PVLBTCAE4L5SSGM7 forward tcp:8210 tcp:6790'
[debug] &amp#27;[35m[ADB]&amp#27;[39m Getting install status for io.appium.uiautomator2.server
[debug] &amp#27;[35m[ADB]&amp#27;[39m Running 'C:\Users\Akash Sharma\AppData\Local\Android\Sdk\platform-tools\adb.exe -P 5037 -s PVLBTCAE4L5SSGM7 shell dumpsys package io.appium.uiautomator2.server'
[debug] &amp#27;[35m[ADB]&amp#27;[39m 'io.appium.uiautomator2.server' is installed
[debug] &amp#27;[35m[ADB]&amp#27;[39m Getting package info for 'io.appium.uiautomator2.server'
[debug] &amp#27;[35m[ADB]&amp#27;[39m Running 'C:\Users\Akash Sharma\AppData\Local\Android\Sdk\platform-tools\adb.exe -P 5037 -s PVLBTCAE4L5SSGM7 shell dumpsys package io.appium.uiautomator2.server'
[debug] &amp#27;[35m[ADB]&amp#27;[39m The version name of the installed 'io.appium.uiautomator2.server' is greater or equal to the application version name ('4.21.1' >= '4.21.1')
[debug] &amp#27;[35m[UiAutomator2]&amp#27;[39m io.appium.uiautomator2.server installation state: sameVersionInstalled
[debug] &amp#27;[35m[ADB]&amp#27;[39m Checking app cert for C:\Users\Akash Sharma\AppData\Roaming\npm\node_modules\appium\node_modules\appium-uiautomator2-server\apks\appium-uiautomator2-server-v4.21.1.apk
&amp#27;[35m[ADB]&amp#27;[39m Using 'apksigner.jar' from 'C:\Users\Akash Sharma\AppData\Local\Android\Sdk\build-tools\30.0.3\lib\apksigner.jar'
[debug] &amp#27;[35m[ADB]&amp#27;[39m Starting apksigner: 'C:\\Program Files\\Java\\jdk1.8.0_181\\bin\\java.exe' -Xmx1024M -Xss1m -jar 'C:\\Users\\Akash Sharma\\AppData\\Local\\Android\\Sdk\\build-tools\\30.0.3\\lib\\apksigner.jar' verify --print-certs 'C:\\Users\\Akash Sharma\\AppData\\Roaming\\npm\\node_modules\\appium\\node_modules\\appium-uiautomator2-server\\apks\\appium-uiautomator2-server-v4.21.1.apk'
[debug] &amp#27;[35m[ADB]&amp#27;[39m apksigner stdout: Signer #1 certificate DN: EMAILADDRESS=android@android.com, CN=Android, OU=Android, O=Android, L=Mountain View, ST=California, C=US
[debug] &amp#27;[35m[ADB]&amp#27;[39m Signer #1 certificate SHA-256 digest: a40da80a59d170caa950cf15c18c454d47a39b26989d8b640ecd745ba71bf5dc
[debug] &amp#27;[35m[ADB]&amp#27;[39m Signer #1 certificate SHA-1 digest: 61ed377e85d386a8dfee6b864bd85b0bfaa5af81
[debug] &amp#27;[35m[ADB]&amp#27;[39m Signer #1 certificate MD5 digest: e89b158e4bcf988ebd09eb83f5378e87
[debug] &amp#27;[35m[ADB]&amp#27;[39m 
[debug] &amp#27;[35m[ADB]&amp#27;[39m sha256 hash did match for 'appium-uiautomator2-server-v4.21.1.apk'
&amp#27;[35m[ADB]&amp#27;[39m 'C:\Users\Akash Sharma\AppData\Roaming\npm\node_modules\appium\node_modules\appium-uiautomator2-server\apks\appium-uiautomator2-server-v4.21.1.apk' is signed with the default certificate
[debug] &amp#27;[35m[ADB]&amp#27;[39m Getting install status for io.appium.uiautomator2.server.test
[debug] &amp#27;[35m[ADB]&amp#27;[39m Running 'C:\Users\Akash Sharma\AppData\Local\Android\Sdk\platform-tools\adb.exe -P 5037 -s PVLBTCAE4L5SSGM7 shell dumpsys package io.appium.uiautomator2.server.test'
[debug] &amp#27;[35m[ADB]&amp#27;[39m 'io.appium.uiautomator2.server.test' is installed
[debug] &amp#27;[35m[ADB]&amp#27;[39m Checking app cert for C:\Users\Akash Sharma\AppData\Roaming\npm\node_modules\appium\node_modules\appium-uiautomator2-server\apks\appium-uiautomator2-server-debug-androidTest.apk
[debug] &amp#27;[35m[ADB]&amp#27;[39m Starting apksigner: 'C:\\Program Files\\Java\\jdk1.8.0_181\\bin\\java.exe' -Xmx1024M -Xss1m -jar 'C:\\Users\\Akash Sharma\\AppData\\Local\\Android\\Sdk\\build-tools\\30.0.3\\lib\\apksigner.jar' verify --print-certs 'C:\\Users\\Akash Sharma\\AppData\\Roaming\\npm\\node_modules\\appium\\node_modules\\appium-uiautomator2-server\\apks\\appium-uiautomator2-server-debug-androidTest.apk'
[debug] &amp#27;[35m[ADB]&amp#27;[39m apksigner stdout: Signer #1 certificate DN: EMAILADDRESS=android@android.com, CN=Android, OU=Android, O=Android, L=Mountain View, ST=California, C=US
[debug] &amp#27;[35m[ADB]&amp#27;[39m Signer #1 certificate SHA-256 digest: a40da80a59d170caa950cf15c18c454d47a39b26989d8b640ecd745ba71bf5dc
[debug] &amp#27;[35m[ADB]&amp#27;[39m Signer #1 certificate SHA-1 digest: 61ed377e85d386a8dfee6b864bd85b0bfaa5af81
[debug] &amp#27;[35m[ADB]&amp#27;[39m Signer #1 certificate MD5 digest: e89b158e4bcf988ebd09eb83f5378e87
[debug] &amp#27;[35m[ADB]&amp#27;[39m 
[debug] &amp#27;[35m[ADB]&amp#27;[39m sha256 hash did match for 'appium-uiautomator2-server-debug-androidTest.apk'
&amp#27;[35m[ADB]&amp#27;[39m 'C:\Users\Akash Sharma\AppData\Roaming\npm\node_modules\appium\node_modules\appium-uiautomator2-server\apks\appium-uiautomator2-server-debug-androidTest.apk' is signed with the default certificate
&amp#27;[35m[UiAutomator2]&amp#27;[39m Server packages are not going to be (re)installed
[debug] &amp#27;[35m[UiAutomator2]&amp#27;[39m Waiting up to 30000ms for services to be available
[debug] &amp#27;[35m[ADB]&amp#27;[39m Running 'C:\Users\Akash Sharma\AppData\Local\Android\Sdk\platform-tools\adb.exe -P 5037 -s PVLBTCAE4L5SSGM7 shell pm list instrumentation'
[debug] &amp#27;[35m[UiAutomator2]&amp#27;[39m Instrumentation target 'io.appium.uiautomator2.server.test/androidx.test.runner.AndroidJUnitRunner' is available
&amp#27;[35m[ADB]&amp#27;[39m Adding packages ["io.appium.settings","io.appium.uiautomator2.server","io.appium.uiautomator2.server.test"] to Doze whitelist
[debug] &amp#27;[35m[ADB]&amp#27;[39m Got the following command chunks to execute: [["dumpsys","deviceidle","whitelist","+io.appium.settings",";","dumpsys","deviceidle","whitelist","+io.appium.uiautomator2.server",";","dumpsys","deviceidle","whitelist","+io.appium.uiautomator2.server.test",";"]]
[debug] &amp#27;[35m[ADB]&amp#27;[39m Running 'C:\Users\Akash Sharma\AppData\Local\Android\Sdk\platform-tools\adb.exe -P 5037 -s PVLBTCAE4L5SSGM7 shell dumpsys deviceidle whitelist +io.appium.settings ; dumpsys deviceidle whitelist +io.appium.uiautomator2.server ; dumpsys deviceidle whitelist +io.appium.uiautomator2.server.test ;'
[debug] &amp#27;[35m[ADB]&amp#27;[39m Checking app cert for C:\Users\Akash Sharma\Desktop\selenium\eclipse-jee-mars-2-win32-x86_64\eclipse\AppiumCRMpocAI\src\CRMNextNative5.75.0-Gold7-release.apk
[debug] &amp#27;[35m[ADB]&amp#27;[39m Starting apksigner: 'C:\\Program Files\\Java\\jdk1.8.0_181\\bin\\java.exe' -Xmx1024M -Xss1m -jar 'C:\\Users\\Akash Sharma\\AppData\\Local\\Android\\Sdk\\build-tools\\30.0.3\\lib\\apksigner.jar' verify --print-certs 'C:\\Users\\Akash Sharma\\Desktop\\selenium\\eclipse-jee-mars-2-win32-x86_64\\eclipse\\AppiumCRMpocAI\\src\\CRMNextNative5.75.0-Gold7-release.apk'
[debug] &amp#27;[35m[ADB]&amp#27;[39m apksigner stdout: Signer #1 certificate DN: CN=Acidaes Solutions Pvt.Ltd., OU=Acidaes Solutions Pvt.Ltd., O=Acidaes Solutions Pvt.Ltd., L=Noida, ST=Uttar Pradesh, C=91
[debug] &amp#27;[35m[ADB]&amp#27;[39m Signer #1 certificate SHA-256 digest: 1b5b28e9495aee7e7f65516fdcd33e9c92c58131e8997f2eab924f8a83a7b22d
[debug] &amp#27;[35m[ADB]&amp#27;[39m Signer #1 certificate SHA-1 digest: 83c7e9d2f980c36b1649fa86fc18d5d526391612
[debug] &amp#27;[35m[ADB]&amp#27;[39m Signer #1 certificate MD5 digest: c3fb4dcecfe26af9175caef538f5ac0e
[debug] &amp#27;[35m[ADB]&amp#27;[39m 
&amp#27;[35m[ADB]&amp#27;[39m 'C:\Users\Akash Sharma\Desktop\selenium\eclipse-jee-mars-2-win32-x86_64\eclipse\AppiumCRMpocAI\src\CRMNextNative5.75.0-Gold7-release.apk' is signed with a non-default certificate
[debug] &amp#27;[35m[ADB]&amp#27;[39m Getting install status for com.crmnextmobile.crmnextofflineplay
[debug] &amp#27;[35m[ADB]&amp#27;[39m Running 'C:\Users\Akash Sharma\AppData\Local\Android\Sdk\platform-tools\adb.exe -P 5037 -s PVLBTCAE4L5SSGM7 shell dumpsys package com.crmnextmobile.crmnextofflineplay'
[debug] &amp#27;[35m[ADB]&amp#27;[39m 'com.crmnextmobile.crmnextofflineplay' is installed
[debug] &amp#27;[35m[ADB]&amp#27;[39m Getting package info for 'com.crmnextmobile.crmnextofflineplay'
[debug] &amp#27;[35m[ADB]&amp#27;[39m Running 'C:\Users\Akash Sharma\AppData\Local\Android\Sdk\platform-tools\adb.exe -P 5037 -s PVLBTCAE4L5SSGM7 shell dumpsys package com.crmnextmobile.crmnextofflineplay'
[debug] &amp#27;[35m[ADB]&amp#27;[39m The version name of the installed 'com.crmnextmobile.crmnextofflineplay' is greater or equal to the application version name ('5.75.0' >= '5.75.0')
[debug] &amp#27;[35m[ADB]&amp#27;[39m There is no need to install/upgrade 'C:\Users\Akash Sharma\Desktop\selenium\eclipse-jee-mars-2-win32-x86_64\eclipse\AppiumCRMpocAI\src\CRMNextNative5.75.0-Gold7-release.apk'
[debug] &amp#27;[35m[UiAutomator2]&amp#27;[39m Performing shallow cleanup of automation leftovers
[debug] &amp#27;[35m[UiAutomator2]&amp#27;[39m The following obsolete sessions are still running: [null]
[debug] &amp#27;[35m[UiAutomator2]&amp#27;[39m Cleaning up the obsolete sessions
[debug] &amp#27;[35m[ADB]&amp#27;[39m Running 'C:\Users\Akash Sharma\AppData\Local\Android\Sdk\platform-tools\adb.exe -P 5037 -s PVLBTCAE4L5SSGM7 shell am force-stop io.appium.uiautomator2.server.test'
&amp#27;[35m[UiAutomator2]&amp#27;[39m Starting UIAutomator2 server 4.21.1
&amp#27;[35m[UiAutomator2]&amp#27;[39m Using UIAutomator2 server from 'C:\Users\Akash Sharma\AppData\Roaming\npm\node_modules\appium\node_modules\appium-uiautomator2-server\apks\appium-uiautomator2-server-v4.21.1.apk' and test from 'C:\Users\Akash Sharma\AppData\Roaming\npm\node_modules\appium\node_modules\appium-uiautomator2-server\apks\appium-uiautomator2-server-debug-androidTest.apk'
&amp#27;[35m[UiAutomator2]&amp#27;[39m Waiting up to 30000ms for UiAutomator2 to be online...
[debug] &amp#27;[35m[ADB]&amp#27;[39m Creating ADB subprocess with args: ["-P",5037,"-s","PVLBTCAE4L5SSGM7","shell","am","instrument","-w","-e","disableAnalytics",true,"io.appium.uiautomator2.server.test/androidx.test.runner.AndroidJUnitRunner"]
[debug] &amp#27;[35m[WD Proxy]&amp#27;[39m Matched '/status' to command name 'getStatus'
[debug] &amp#27;[35m[WD Proxy]&amp#27;[39m Proxying [GET /status] to [GET http://127.0.0.1:8210/wd/hub/status] with no body
&amp#27;[35m[WD Proxy]&amp#27;[39m socket hang up
[debug] &amp#27;[35m[WD Proxy]&amp#27;[39m Matched '/status' to command name 'getStatus'
[debug] &amp#27;[35m[WD Proxy]&amp#27;[39m Proxying [GET /status] to [GET http://127.0.0.1:8210/wd/hub/status] with no body
&amp#27;[35m[WD Proxy]&amp#27;[39m socket hang up
[debug] &amp#27;[35m[Instrumentation]&amp#27;[39m io.appium.uiautomator2.server.test.AppiumUiAutomator2Server:
[debug] &amp#27;[35m[WD Proxy]&amp#27;[39m Matched '/status' to command name 'getStatus'
[debug] &amp#27;[35m[WD Proxy]&amp#27;[39m Proxying [GET /status] to [GET http://127.0.0.1:8210/wd/hub/status] with no body
&amp#27;[35m[WD Proxy]&amp#27;[39m socket hang up
[debug] &amp#27;[35m[WD Proxy]&amp#27;[39m Matched '/status' to command name 'getStatus'
[debug] &amp#27;[35m[WD Proxy]&amp#27;[39m Proxying [GET /status] to [GET http://127.0.0.1:8210/wd/hub/status] with no body
[debug] &amp#27;[35m[WD Proxy]&amp#27;[39m Got response with status 200: {"sessionId":"None","value":{"message":"UiAutomator2 Server is ready to accept commands","ready":true}}
[debug] &amp#27;[35m[UiAutomator2]&amp#27;[39m The initialization of the instrumentation process took 3361ms
[debug] &amp#27;[35m[WD Proxy]&amp#27;[39m Matched '/session' to command name 'createSession'
[debug] &amp#27;[35m[WD Proxy]&amp#27;[39m Proxying [POST /session] to [POST http://127.0.0.1:8210/wd/hub/session] with body: {"capabilities":{"firstMatch":[{"platform":"LINUX","webStorageEnabled":false,"takesScreenshot":true,"javascriptEnabled":true,"databaseEnabled":false,"networkConnectionEnabled":true,"locationContextEnabled":false,"warnings":{},"desired":{"platformName":"android","app":"C:\\Users\\Akash Sharma\\Desktop\\selenium\\eclipse-jee-mars-2-win32-x86_64\\eclipse\\AppiumCRMpocAI\\src\\CRMNextNative5.75.0-Gold7-release.apk","appActivity":".qr.QrScannerActivity t50","appPackage":"com.crmnextmobile.crmnextofflineplay","automationName":"APPIUM","deviceName":"PVLBTCAE4L5SSGM7","newCommandTimeout":120,"noReset":true,"platformVersion":"11.0"},"platformName":"android","app":"C:\\Users\\Akash Sharma\\Desktop\\selenium\\eclipse-jee-mars-2-win32-x86_64\\eclipse\\AppiumCRMpocAI\\src\\CRMNextNative5.75.0-Gold7-release.apk","appActivity":".qr.QrScannerActivity t50","appPackage":"com.crmnextmobile.crmnextofflineplay","automationName":"APPIUM","deviceName":"PVLBTCAE4L5SSGM7","newCommandTimeout":120,"noReset":true,"platformVersion":"1...
[debug] &amp#27;[35m[WD Proxy]&amp#27;[39m Got response with status 200: {"sessionId":"f1f782af-fc9b-4c61-adb0-7fd5acc47438","value":{"capabilities":{"firstMatch":[{"platform":"LINUX","webStorageEnabled":false,"takesScreenshot":true,"javascriptEnabled":true,"databaseEnabled":false,"networkConnectionEnabled":true,"locationContextEnabled":false,"warnings":{},"desired":{"platformName":"android","app":"C:\\Users\\Akash Sharma\\Desktop\\selenium\\eclipse-jee-mars-2-win32-x86_64\\eclipse\\AppiumCRMpocAI\\src\\CRMNextNative5.75.0-Gold7-release.apk","appActivity":".qr.QrScannerActivity t50","appPackage":"com.crmnextmobile.crmnextofflineplay","automationName":"APPIUM","deviceName":"PVLBTCAE4L5SSGM7","newCommandTimeout":120,"noReset":true,"platformVersion":"11.0"},"platformName":"android","app":"C:\\Users\\Akash Sharma\\Desktop\\selenium\\eclipse-jee-mars-2-win32-x86_64\\eclipse\\AppiumCRMpocAI\\src\\CRMNextNative5.75.0-Gold7-release.apk","appActivity":".qr.QrScannerActivity t50","appPackage":"com.crmnextmobile.crmnextofflineplay","automationName":"APPIUM","deviceName":"PVLBTCAE4L5SSGM7"...
&amp#27;[35m[WD Proxy]&amp#27;[39m Determined the downstream protocol as 'W3C'
[debug] &amp#27;[35m[WD Proxy]&amp#27;[39m Proxying [GET /appium/device/info] to [GET http://127.0.0.1:8210/wd/hub/session/f1f782af-fc9b-4c61-adb0-7fd5acc47438/appium/device/info] with no body
[debug] &amp#27;[35m[WD Proxy]&amp#27;[39m Got response with status 200: {"sessionId":"f1f782af-fc9b-4c61-adb0-7fd5acc47438","value":{"androidId":"dbdcf2ef05507201","apiVersion":"30","bluetooth":{"state":"OFF"},"brand":"realme","carrierName":"IND airtel","displayDensity":320,"locale":"en_US","manufacturer":"realme","model":"RMX3171","networks":[{"capabilities":{"SSID":null,"linkDownBandwidthKbps":30000,"linkUpstreamBandwidthKbps":15000,"networkCapabilities":"NET_CAPABILITY_IMS,NET_CAPABILITY_NOT_METERED,NET_CAPABILITY_TRUSTED,NET_CAPABILITY_NOT_VPN,NET_CAPABILITY_VALIDATED,NET_CAPABILITY_NOT_ROAMING,NET_CAPABILITY_FOREGROUND,NET_CAPABILITY_NOT_CONGESTED,NET_CAPABILITY_NOT_SUSPENDED","signalStrength":-2147483648,"transportTypes":"TRANSPORT_CELLULAR"},"detailedState":"CONNECTED","extraInfo":"ims","isAvailable":true,"isConnected":true,"isFailover":false,"isRoaming":false,"state":"CONNECTED","subtype":13,"subtypeName":"LTE","type":0,"typeName":"MOBILE"},{"capabilities":{"SSID":null,"linkDownBandwidthKbps":30000,"linkUpstreamBandwidthKbps":15000,"networkCapabilities":"NET_CAPABILITY...
[debug] &amp#27;[35m[ADB]&amp#27;[39m Running 'C:\Users\Akash Sharma\AppData\Local\Android\Sdk\platform-tools\adb.exe -P 5037 -s PVLBTCAE4L5SSGM7 shell dumpsys window'
&amp#27;[35m[AndroidDriver]&amp#27;[39m Screen already unlocked, doing nothing
&amp#27;[35m[UiAutomator2]&amp#27;[39m Starting 'com.crmnextmobile.crmnextofflineplay/.qr.QrScannerActivity t50 and waiting for 'com.crmnextmobile.crmnextofflineplay/.qr.QrScannerActivity t50'
[debug] &amp#27;[35m[ADB]&amp#27;[39m Running 'C:\Users\Akash Sharma\AppData\Local\Android\Sdk\platform-tools\adb.exe -P 5037 -s PVLBTCAE4L5SSGM7 shell am start -W -n 'com.crmnextmobile.crmnextofflineplay/.qr.QrScannerActivity t50' -S -a android.intent.action.MAIN -c android.intent.category.LAUNCHER -f 0x10200000'
[debug] &amp#27;[35m[WD Proxy]&amp#27;[39m Proxying [GET /appium/device/pixel_ratio] to [GET http://127.0.0.1:8210/wd/hub/session/f1f782af-fc9b-4c61-adb0-7fd5acc47438/appium/device/pixel_ratio] with no body
[debug] &amp#27;[35m[WD Proxy]&amp#27;[39m Got response with status 200: {"sessionId":"f1f782af-fc9b-4c61-adb0-7fd5acc47438","value":2}
[debug] &amp#27;[35m[WD Proxy]&amp#27;[39m Matched '/appium/device/system_bars' to command name 'getSystemBars'
[debug] &amp#27;[35m[WD Proxy]&amp#27;[39m Proxying [GET /appium/device/system_bars] to [GET http://127.0.0.1:8210/wd/hub/session/f1f782af-fc9b-4c61-adb0-7fd5acc47438/appium/device/system_bars] with no body
[debug] &amp#27;[35m[WD Proxy]&amp#27;[39m Got response with status 200: {"sessionId":"f1f782af-fc9b-4c61-adb0-7fd5acc47438","value":{"statusBar":64}}
[debug] &amp#27;[35m[WD Proxy]&amp#27;[39m Matched '/window/current/size' to command name 'getWindowSize'
[debug] &amp#27;[35m[WD Proxy]&amp#27;[39m Proxying [GET /window/current/size] to [GET http://127.0.0.1:8210/wd/hub/session/f1f782af-fc9b-4c61-adb0-7fd5acc47438/window/current/size] with no body
[debug] &amp#27;[35m[WD Proxy]&amp#27;[39m Got response with status 200: {"sessionId":"f1f782af-fc9b-4c61-adb0-7fd5acc47438","value":{"height":1448,"width":720}}
&amp#27;[35m[Appium]&amp#27;[39m New AndroidUiautomator2Driver session created successfully, session cea9b59c-423e-4b32-a5b3-4e44258316ad added to master session list
[debug] &amp#27;[35m[BaseDriver]&amp#27;[39m Event 'newSessionStarted' logged at 1632897987297 (12:16:27 GMT+0530 (India Standard Time))
[debug] &amp#27;[35m[W3C (cea9b59c)]&amp#27;[39m Cached the protocol value 'W3C' for the new session cea9b59c-423e-4b32-a5b3-4e44258316ad
[debug] &amp#27;[35m[W3C (cea9b59c)]&amp#27;[39m Responding to client with driver.createSession() result: {"capabilities":{"platform":"LINUX","webStorageEnabled":false,"takesScreenshot":true,"javascriptEnabled":true,"databaseEnabled":false,"networkConnectionEnabled":true,"locationContextEnabled":false,"warnings":{},"desired":{"platformName":"android","app":"C:\\Users\\Akash Sharma\\Desktop\\selenium\\eclipse-jee-mars-2-win32-x86_64\\eclipse\\AppiumCRMpocAI\\src\\CRMNextNative5.75.0-Gold7-release.apk","appActivity":".qr.QrScannerActivity t50","appPackage":"com.crmnextmobile.crmnextofflineplay","automationName":"APPIUM","deviceName":"PVLBTCAE4L5SSGM7","newCommandTimeout":120,"noReset":true,"platformVersion":"11.0"},"platformName":"android","app":"C:\\Users\\Akash Sharma\\Desktop\\selenium\\eclipse-jee-mars-2-win32-x86_64\\eclipse\\AppiumCRMpocAI\\src\\CRMNextNative5.75.0-Gold7-release.apk","appActivity":".qr.QrScannerActivity t50","appPackage":"com.crmnextmobile.crmnextofflineplay","automationName":"APPIUM","deviceName":"PVLBTCAE4L5SSGM7","newCommandTimeout":120,"noReset":true,"platformVersion":"11","deviceUDID"...
&amp#27;[35m[HTTP]&amp#27;[39m &amp#27;[37m<-- POST /wd/hub/session &amp#27;[39m&amp#27;[32m200&amp#27;[39m &amp#27;[90m20112 ms - 1328&amp#27;[39m
&amp#27;[35m[HTTP]&amp#27;[39m &amp#27;[90m&amp#27;[39m
&amp#27;[35m[HTTP]&amp#27;[39m &amp#27;[37m-->&amp#27;[39m &amp#27;[37mPOST&amp#27;[39m &amp#27;[37m/wd/hub/session/cea9b59c-423e-4b32-a5b3-4e44258316ad/timeouts&amp#27;[39m
&amp#27;[35m[HTTP]&amp#27;[39m &amp#27;[90m{"implicit":7000}&amp#27;[39m
[debug] &amp#27;[35m[W3C (cea9b59c)]&amp#27;[39m Calling AppiumDriver.timeouts() with args: [null,null,null,null,7000,"cea9b59c-423e-4b32-a5b3-4e44258316ad"]
[debug] &amp#27;[35m[BaseDriver]&amp#27;[39m W3C timeout argument: {"implicit":7000}}
[debug] &amp#27;[35m[BaseDriver]&amp#27;[39m Set implicit wait to 7000ms
[debug] &amp#27;[35m[W3C (cea9b59c)]&amp#27;[39m Responding to client with driver.timeouts() result: null
&amp#27;[35m[HTTP]&amp#27;[39m &amp#27;[37m<-- POST /wd/hub/session/cea9b59c-423e-4b32-a5b3-4e44258316ad/timeouts &amp#27;[39m&amp#27;[32m200&amp#27;[39m &amp#27;[90m18 ms - 14&amp#27;[39m
&amp#27;[35m[HTTP]&amp#27;[39m &amp#27;[90m&amp#27;[39m
&amp#27;[35m[HTTP]&amp#27;[39m &amp#27;[37m-->&amp#27;[39m &amp#27;[37mPOST&amp#27;[39m &amp#27;[37m/wd/hub/session/cea9b59c-423e-4b32-a5b3-4e44258316ad/elements&amp#27;[39m
&amp#27;[35m[HTTP]&amp#27;[39m &amp#27;[90m{"using":"xpath","value":"//*[@text='While using the app']"}&amp#27;[39m
[debug] &amp#27;[35m[W3C (cea9b59c)]&amp#27;[39m Calling AppiumDriver.findElements() with args: ["xpath","//*[@text='While using the app']","cea9b59c-423e-4b32-a5b3-4e44258316ad"]
[debug] &amp#27;[35m[BaseDriver]&amp#27;[39m Valid locator strategies for this request: xpath, id, class name, accessibility id, css selector, -android uiautomator
[debug] &amp#27;[35m[BaseDriver]&amp#27;[39m Waiting up to 7000 ms for condition
[debug] &amp#27;[35m[WD Proxy]&amp#27;[39m Matched '/elements' to command name 'findElements'
[debug] &amp#27;[35m[WD Proxy]&amp#27;[39m Proxying [POST /elements] to [POST http://127.0.0.1:8210/wd/hub/session/f1f782af-fc9b-4c61-adb0-7fd5acc47438/elements] with body: {"strategy":"xpath","selector":"//*[@text='While using the app']","context":"","multiple":true}
[debug] &amp#27;[35m[WD Proxy]&amp#27;[39m Got response with status 200: {"sessionId":"f1f782af-fc9b-4c61-adb0-7fd5acc47438","value":[]}
[debug] &amp#27;[35m[BaseDriver]&amp#27;[39m Waited for 755 ms so far
[debug] &amp#27;[35m[WD Proxy]&amp#27;[39m Matched '/elements' to command name 'findElements'
[debug] &amp#27;[35m[WD Proxy]&amp#27;[39m Proxying [POST /elements] to [POST http://127.0.0.1:8210/wd/hub/session/f1f782af-fc9b-4c61-adb0-7fd5acc47438/elements] with body: {"strategy":"xpath","selector":"//*[@text='While using the app']","context":"","multiple":true}
[debug] &amp#27;[35m[WD Proxy]&amp#27;[39m Got response with status 200: {"sessionId":"f1f782af-fc9b-4c61-adb0-7fd5acc47438","value":[]}
[debug] &amp#27;[35m[BaseDriver]&amp#27;[39m Waited for 1433 ms so far
[debug] &amp#27;[35m[WD Proxy]&amp#27;[39m Matched '/elements' to command name 'findElements'
[debug] &amp#27;[35m[WD Proxy]&amp#27;[39m Proxying [POST /elements] to [POST http://127.0.0.1:8210/wd/hub/session/f1f782af-fc9b-4c61-adb0-7fd5acc47438/elements] with body: {"strategy":"xpath","selector":"//*[@text='While using the app']","context":"","multiple":true}
[debug] &amp#27;[35m[WD Proxy]&amp#27;[39m Got response with status 200: {"sessionId":"f1f782af-fc9b-4c61-adb0-7fd5acc47438","value":[]}
[debug] &amp#27;[35m[BaseDriver]&amp#27;[39m Waited for 2089 ms so far
[debug] &amp#27;[35m[WD Proxy]&amp#27;[39m Matched '/elements' to command name 'findElements'
[debug] &amp#27;[35m[WD Proxy]&amp#27;[39m Proxying [POST /elements] to [POST http://127.0.0.1:8210/wd/hub/session/f1f782af-fc9b-4c61-adb0-7fd5acc47438/elements] with body: {"strategy":"xpath","selector":"//*[@text='While using the app']","context":"","multiple":true}
[debug] &amp#27;[35m[WD Proxy]&amp#27;[39m Got response with status 200: {"sessionId":"f1f782af-fc9b-4c61-adb0-7fd5acc47438","value":[]}
[debug] &amp#27;[35m[BaseDriver]&amp#27;[39m Waited for 2751 ms so far
[debug] &amp#27;[35m[WD Proxy]&amp#27;[39m Matched '/elements' to command name 'findElements'
[debug] &amp#27;[35m[WD Proxy]&amp#27;[39m Proxying [POST /elements] to [POST http://127.0.0.1:8210/wd/hub/session/f1f782af-fc9b-4c61-adb0-7fd5acc47438/elements] with body: {"strategy":"xpath","selector":"//*[@text='While using the app']","context":"","multiple":true}
[debug] &amp#27;[35m[WD Proxy]&amp#27;[39m Got response with status 200: {"sessionId":"f1f782af-fc9b-4c61-adb0-7fd5acc47438","value":[]}
[debug] &amp#27;[35m[BaseDriver]&amp#27;[39m Waited for 3338 ms so far
[debug] &amp#27;[35m[WD Proxy]&amp#27;[39m Matched '/elements' to command name 'findElements'
[debug] &amp#27;[35m[WD Proxy]&amp#27;[39m Proxying [POST /elements] to [POST http://127.0.0.1:8210/wd/hub/session/f1f782af-fc9b-4c61-adb0-7fd5acc47438/elements] with body: {"strategy":"xpath","selector":"//*[@text='While using the app']","context":"","multiple":true}
[debug] &amp#27;[35m[WD Proxy]&amp#27;[39m Got response with status 200: {"sessionId":"f1f782af-fc9b-4c61-adb0-7fd5acc47438","value":[]}
[debug] &amp#27;[35m[BaseDriver]&amp#27;[39m Waited for 3971 ms so far
[debug] &amp#27;[35m[WD Proxy]&amp#27;[39m Matched '/elements' to command name 'findElements'
[debug] &amp#27;[35m[WD Proxy]&amp#27;[39m Proxying [POST /elements] to [POST http://127.0.0.1:8210/wd/hub/session/f1f782af-fc9b-4c61-adb0-7fd5acc47438/elements] with body: {"strategy":"xpath","selector":"//*[@text='While using the app']","context":"","multiple":true}
[debug] &amp#27;[35m[WD Proxy]&amp#27;[39m Got response with status 200: {"sessionId":"f1f782af-fc9b-4c61-adb0-7fd5acc47438","value":[]}
[debug] &amp#27;[35m[BaseDriver]&amp#27;[39m Waited for 4643 ms so far
[debug] &amp#27;[35m[WD Proxy]&amp#27;[39m Matched '/elements' to command name 'findElements'
[debug] &amp#27;[35m[WD Proxy]&amp#27;[39m Proxying [POST /elements] to [POST http://127.0.0.1:8210/wd/hub/session/f1f782af-fc9b-4c61-adb0-7fd5acc47438/elements] with body: {"strategy":"xpath","selector":"//*[@text='While using the app']","context":"","multiple":true}
[debug] &amp#27;[35m[WD Proxy]&amp#27;[39m Got response with status 200: {"sessionId":"f1f782af-fc9b-4c61-adb0-7fd5acc47438","value":[]}
[debug] &amp#27;[35m[BaseDriver]&amp#27;[39m Waited for 5326 ms so far
[debug] &amp#27;[35m[WD Proxy]&amp#27;[39m Matched '/elements' to command name 'findElements'
[debug] &amp#27;[35m[WD Proxy]&amp#27;[39m Proxying [POST /elements] to [POST http://127.0.0.1:8210/wd/hub/session/f1f782af-fc9b-4c61-adb0-7fd5acc47438/elements] with body: {"strategy":"xpath","selector":"//*[@text='While using the app']","context":"","multiple":true}
[debug] &amp#27;[35m[WD Proxy]&amp#27;[39m Got response with status 200: {"sessionId":"f1f782af-fc9b-4c61-adb0-7fd5acc47438","value":[]}
[debug] &amp#27;[35m[BaseDriver]&amp#27;[39m Waited for 6006 ms so far
[debug] &amp#27;[35m[WD Proxy]&amp#27;[39m Matched '/elements' to command name 'findElements'
[debug] &amp#27;[35m[WD Proxy]&amp#27;[39m Proxying [POST /elements] to [POST http://127.0.0.1:8210/wd/hub/session/f1f782af-fc9b-4c61-adb0-7fd5acc47438/elements] with body: {"strategy":"xpath","selector":"//*[@text='While using the app']","context":"","multiple":true}
[debug] &amp#27;[35m[WD Proxy]&amp#27;[39m Got response with status 200: {"sessionId":"f1f782af-fc9b-4c61-adb0-7fd5acc47438","value":[]}
[debug] &amp#27;[35m[BaseDriver]&amp#27;[39m Waited for 6689 ms so far
[debug] &amp#27;[35m[WD Proxy]&amp#27;[39m Matched '/elements' to command name 'findElements'
[debug] &amp#27;[35m[WD Proxy]&amp#27;[39m Proxying [POST /elements] to [POST http://127.0.0.1:8210/wd/hub/session/f1f782af-fc9b-4c61-adb0-7fd5acc47438/elements] with body: {"strategy":"xpath","selector":"//*[@text='While using the app']","context":"","multiple":true}
[debug] &amp#27;[35m[WD Proxy]&amp#27;[39m Got response with status 200: {"sessionId":"f1f782af-fc9b-4c61-adb0-7fd5acc47438","value":[]}
[debug] &amp#27;[35m[W3C (cea9b59c)]&amp#27;[39m Responding to client with driver.findElements() result: []
&amp#27;[35m[HTTP]&amp#27;[39m &amp#27;[37m<-- POST /wd/hub/session/cea9b59c-423e-4b32-a5b3-4e44258316ad/elements &amp#27;[39m&amp#27;[32m200&amp#27;[39m &amp#27;[90m7435 ms - 12&amp#27;[39m
&amp#27;[35m[HTTP]&amp#27;[39m &amp#27;[90m&amp#27;[39m
&amp#27;[35m[HTTP]&amp#27;[39m &amp#27;[37m-->&amp#27;[39m &amp#27;[37mGET&amp#27;[39m &amp#27;[37m/wd/hub/session/cea9b59c-423e-4b32-a5b3-4e44258316ad/context&amp#27;[39m
&amp#27;[35m[HTTP]&amp#27;[39m &amp#27;[90m{}&amp#27;[39m
[debug] &amp#27;[35m[W3C (cea9b59c)]&amp#27;[39m Calling AppiumDriver.getCurrentContext() with args: ["cea9b59c-423e-4b32-a5b3-4e44258316ad"]
[debug] &amp#27;[35m[W3C (cea9b59c)]&amp#27;[39m Responding to client with driver.getCurrentContext() result: "NATIVE_APP"
&amp#27;[35m[HTTP]&amp#27;[39m &amp#27;[37m<-- GET /wd/hub/session/cea9b59c-423e-4b32-a5b3-4e44258316ad/context &amp#27;[39m&amp#27;[32m200&amp#27;[39m &amp#27;[90m19 ms - 22&amp#27;[39m
&amp#27;[35m[HTTP]&amp#27;[39m &amp#27;[90m&amp#27;[39m
&amp#27;[35m[HTTP]&amp#27;[39m &amp#27;[37m-->&amp#27;[39m &amp#27;[37mPOST&amp#27;[39m &amp#27;[37m/wd/hub/session/cea9b59c-423e-4b32-a5b3-4e44258316ad/element&amp#27;[39m
&amp#27;[35m[HTTP]&amp#27;[39m &amp#27;[90m{"using":"xpath","value":"//*[@resource-id='TxtName']"}&amp#27;[39m
[debug] &amp#27;[35m[W3C (cea9b59c)]&amp#27;[39m Calling AppiumDriver.findElement() with args: ["xpath","//*[@resource-id='TxtName']","cea9b59c-423e-4b32-a5b3-4e44258316ad"]
[debug] &amp#27;[35m[BaseDriver]&amp#27;[39m Valid locator strategies for this request: xpath, id, class name, accessibility id, css selector, -android uiautomator
[debug] &amp#27;[35m[BaseDriver]&amp#27;[39m Waiting up to 7000 ms for condition
[debug] &amp#27;[35m[WD Proxy]&amp#27;[39m Matched '/element' to command name 'findElement'
[debug] &amp#27;[35m[WD Proxy]&amp#27;[39m Proxying [POST /element] to [POST http://127.0.0.1:8210/wd/hub/session/f1f782af-fc9b-4c61-adb0-7fd5acc47438/element] with body: {"strategy":"xpath","selector":"//*[@resource-id='TxtName']","context":"","multiple":false}
[debug] &amp#27;[35m[WD Proxy]&amp#27;[39m Got response with status 200: {"sessionId":"f1f782af-fc9b-4c61-adb0-7fd5acc47438","value":{"ELEMENT":"e234d345-7295-4f92-81fb-4ae59949493a","element-6066-11e4-a52e-4f735466cecf":"e234d345-7295-4f92-81fb-4ae59949493a"}}
[debug] &amp#27;[35m[W3C (cea9b59c)]&amp#27;[39m Responding to client with driver.findElement() result: {"element-6066-11e4-a52e-4f735466cecf":"e234d345-7295-4f92-81fb-4ae59949493a","ELEMENT":"e234d345-7295-4f92-81fb-4ae59949493a"}
&amp#27;[35m[HTTP]&amp#27;[39m &amp#27;[37m<-- POST /wd/hub/session/cea9b59c-423e-4b32-a5b3-4e44258316ad/element &amp#27;[39m&amp#27;[32m200&amp#27;[39m &amp#27;[90m183 ms - 137&amp#27;[39m
&amp#27;[35m[HTTP]&amp#27;[39m &amp#27;[90m&amp#27;[39m
&amp#27;[35m[HTTP]&amp#27;[39m &amp#27;[37m-->&amp#27;[39m &amp#27;[37mPOST&amp#27;[39m &amp#27;[37m/wd/hub/session/cea9b59c-423e-4b32-a5b3-4e44258316ad/element/e234d345-7295-4f92-81fb-4ae59949493a/value&amp#27;[39m
&amp#27;[35m[HTTP]&amp#27;[39m &amp#27;[90m{"id":"e234d345-7295-4f92-81fb-4ae59949493a","text":"Jessi","value":["J","e","s","s","i"]}&amp#27;[39m
[debug] &amp#27;[35m[W3C (cea9b59c)]&amp#27;[39m Calling AppiumDriver.setValue() with args: [["J","e","s","s","i"],"e234d345-7295-4f92-81fb-4ae59949493a","cea9b59c-423e-4b32-a5b3-4e44258316ad"]
[debug] &amp#27;[35m[WD Proxy]&amp#27;[39m Matched '/element/e234d345-7295-4f92-81fb-4ae59949493a/value' to command name 'setValue'
[debug] &amp#27;[35m[Protocol Converter]&amp#27;[39m Added 'value' property ["J","e","s","s","i"] to 'setValue' request body
[debug] &amp#27;[35m[WD Proxy]&amp#27;[39m Proxying [POST /element/e234d345-7295-4f92-81fb-4ae59949493a/value] to [POST http://127.0.0.1:8210/wd/hub/session/f1f782af-fc9b-4c61-adb0-7fd5acc47438/element/e234d345-7295-4f92-81fb-4ae59949493a/value] with body: {"elementId":"e234d345-7295-4f92-81fb-4ae59949493a","text":"Jessi","replace":false,"value":["J","e","s","s","i"]}
[debug] &amp#27;[35m[WD Proxy]&amp#27;[39m Got response with status 200: {"sessionId":"f1f782af-fc9b-4c61-adb0-7fd5acc47438","value":null}
[debug] &amp#27;[35m[W3C (cea9b59c)]&amp#27;[39m Responding to client with driver.setValue() result: null
&amp#27;[35m[HTTP]&amp#27;[39m &amp#27;[37m<-- POST /wd/hub/session/cea9b59c-423e-4b32-a5b3-4e44258316ad/element/e234d345-7295-4f92-81fb-4ae59949493a/value &amp#27;[39m&amp#27;[32m200&amp#27;[39m &amp#27;[90m77 ms - 14&amp#27;[39m
&amp#27;[35m[HTTP]&amp#27;[39m &amp#27;[90m&amp#27;[39m
&amp#27;[35m[HTTP]&amp#27;[39m &amp#27;[37m-->&amp#27;[39m &amp#27;[37mGET&amp#27;[39m &amp#27;[37m/wd/hub/session/cea9b59c-423e-4b32-a5b3-4e44258316ad/context&amp#27;[39m
&amp#27;[35m[HTTP]&amp#27;[39m &amp#27;[90m{}&amp#27;[39m
[debug] &amp#27;[35m[W3C (cea9b59c)]&amp#27;[39m Calling AppiumDriver.getCurrentContext() with args: ["cea9b59c-423e-4b32-a5b3-4e44258316ad"]
[debug] &amp#27;[35m[W3C (cea9b59c)]&amp#27;[39m Responding to client with driver.getCurrentContext() result: "NATIVE_APP"
&amp#27;[35m[HTTP]&amp#27;[39m &amp#27;[37m<-- GET /wd/hub/session/cea9b59c-423e-4b32-a5b3-4e44258316ad/context &amp#27;[39m&amp#27;[32m200&amp#27;[39m &amp#27;[90m18 ms - 22&amp#27;[39m
&amp#27;[35m[HTTP]&amp#27;[39m &amp#27;[90m&amp#27;[39m
&amp#27;[35m[HTTP]&amp#27;[39m &amp#27;[37m-->&amp#27;[39m &amp#27;[37mPOST&amp#27;[39m &amp#27;[37m/wd/hub/session/cea9b59c-423e-4b32-a5b3-4e44258316ad/element&amp#27;[39m
&amp#27;[35m[HTTP]&amp#27;[39m &amp#27;[90m{"using":"xpath","value":"//*[@resource-id='TxtPassword']"}&amp#27;[39m
[debug] &amp#27;[35m[W3C (cea9b59c)]&amp#27;[39m Calling AppiumDriver.findElement() with args: ["xpath","//*[@resource-id='TxtPassword']","cea9b59c-423e-4b32-a5b3-4e44258316ad"]
[debug] &amp#27;[35m[BaseDriver]&amp#27;[39m Valid locator strategies for this request: xpath, id, class name, accessibility id, css selector, -android uiautomator
[debug] &amp#27;[35m[BaseDriver]&amp#27;[39m Waiting up to 7000 ms for condition
[debug] &amp#27;[35m[WD Proxy]&amp#27;[39m Matched '/element' to command name 'findElement'
[debug] &amp#27;[35m[WD Proxy]&amp#27;[39m Proxying [POST /element] to [POST http://127.0.0.1:8210/wd/hub/session/f1f782af-fc9b-4c61-adb0-7fd5acc47438/element] with body: {"strategy":"xpath","selector":"//*[@resource-id='TxtPassword']","context":"","multiple":false}
[debug] &amp#27;[35m[WD Proxy]&amp#27;[39m Got response with status 200: {"sessionId":"f1f782af-fc9b-4c61-adb0-7fd5acc47438","value":{"ELEMENT":"70411eb1-7c7c-4414-aeb0-1998c02e2469","element-6066-11e4-a52e-4f735466cecf":"70411eb1-7c7c-4414-aeb0-1998c02e2469"}}
[debug] &amp#27;[35m[W3C (cea9b59c)]&amp#27;[39m Responding to client with driver.findElement() result: {"element-6066-11e4-a52e-4f735466cecf":"70411eb1-7c7c-4414-aeb0-1998c02e2469","ELEMENT":"70411eb1-7c7c-4414-aeb0-1998c02e2469"}
&amp#27;[35m[HTTP]&amp#27;[39m &amp#27;[37m<-- POST /wd/hub/session/cea9b59c-423e-4b32-a5b3-4e44258316ad/element &amp#27;[39m&amp#27;[32m200&amp#27;[39m &amp#27;[90m701 ms - 137&amp#27;[39m
&amp#27;[35m[HTTP]&amp#27;[39m &amp#27;[90m&amp#27;[39m
&amp#27;[35m[HTTP]&amp#27;[39m &amp#27;[37m-->&amp#27;[39m &amp#27;[37mPOST&amp#27;[39m &amp#27;[37m/wd/hub/session/cea9b59c-423e-4b32-a5b3-4e44258316ad/element/70411eb1-7c7c-4414-aeb0-1998c02e2469/value&amp#27;[39m
&amp#27;[35m[HTTP]&amp#27;[39m &amp#27;[90m{"id":"70411eb1-7c7c-4414-aeb0-1998c02e2469","text":"Abc%123","value":["A","b","c","%","1","2","3"]}&amp#27;[39m
[debug] &amp#27;[35m[W3C (cea9b59c)]&amp#27;[39m Calling AppiumDriver.setValue() with args: [["A","b","c","%","1","2","3"],"70411eb1-7c7c-4414-aeb0-1998c02e2469","cea9b59c-423e-4b32-a5b3-4e44258316ad"]
[debug] &amp#27;[35m[WD Proxy]&amp#27;[39m Matched '/element/70411eb1-7c7c-4414-aeb0-1998c02e2469/value' to command name 'setValue'
[debug] &amp#27;[35m[Protocol Converter]&amp#27;[39m Added 'value' property ["A","b","c","%","1","2","3"] to 'setValue' request body
[debug] &amp#27;[35m[WD Proxy]&amp#27;[39m Proxying [POST /element/70411eb1-7c7c-4414-aeb0-1998c02e2469/value] to [POST http://127.0.0.1:8210/wd/hub/session/f1f782af-fc9b-4c61-adb0-7fd5acc47438/element/70411eb1-7c7c-4414-aeb0-1998c02e2469/value] with body: {"elementId":"70411eb1-7c7c-4414-aeb0-1998c02e2469","text":"Abc%123","replace":false,"value":["A","b","c","%","1","2","3"]}
[debug] &amp#27;[35m[WD Proxy]&amp#27;[39m Got response with status 200: {"sessionId":"f1f782af-fc9b-4c61-adb0-7fd5acc47438","value":null}
[debug] &amp#27;[35m[W3C (cea9b59c)]&amp#27;[39m Responding to client with driver.setValue() result: null
&amp#27;[35m[HTTP]&amp#27;[39m &amp#27;[37m<-- POST /wd/hub/session/cea9b59c-423e-4b32-a5b3-4e44258316ad/element/70411eb1-7c7c-4414-aeb0-1998c02e2469/value &amp#27;[39m&amp#27;[32m200&amp#27;[39m &amp#27;[90m69 ms - 14&amp#27;[39m
&amp#27;[35m[HTTP]&amp#27;[39m &amp#27;[90m&amp#27;[39m
&amp#27;[35m[HTTP]&amp#27;[39m &amp#27;[37m-->&amp#27;[39m &amp#27;[37mGET&amp#27;[39m &amp#27;[37m/wd/hub/session/cea9b59c-423e-4b32-a5b3-4e44258316ad/context&amp#27;[39m
&amp#27;[35m[HTTP]&amp#27;[39m &amp#27;[90m{}&amp#27;[39m
[debug] &amp#27;[35m[W3C (cea9b59c)]&amp#27;[39m Calling AppiumDriver.getCurrentContext() with args: ["cea9b59c-423e-4b32-a5b3-4e44258316ad"]
[debug] &amp#27;[35m[W3C (cea9b59c)]&amp#27;[39m Responding to client with driver.getCurrentContext() result: "NATIVE_APP"
&amp#27;[35m[HTTP]&amp#27;[39m &amp#27;[37m<-- GET /wd/hub/session/cea9b59c-423e-4b32-a5b3-4e44258316ad/context &amp#27;[39m&amp#27;[32m200&amp#27;[39m &amp#27;[90m6 ms - 22&amp#27;[39m
&amp#27;[35m[HTTP]&amp#27;[39m &amp#27;[90m&amp#27;[39m
&amp#27;[35m[HTTP]&amp#27;[39m &amp#27;[37m-->&amp#27;[39m &amp#27;[37mPOST&amp#27;[39m &amp#27;[37m/wd/hub/session/cea9b59c-423e-4b32-a5b3-4e44258316ad/element&amp#27;[39m
&amp#27;[35m[HTTP]&amp#27;[39m &amp#27;[90m{"using":"xpath","value":"//*[@text='Login']"}&amp#27;[39m
[debug] &amp#27;[35m[W3C (cea9b59c)]&amp#27;[39m Calling AppiumDriver.findElement() with args: ["xpath","//*[@text='Login']","cea9b59c-423e-4b32-a5b3-4e44258316ad"]
[debug] &amp#27;[35m[BaseDriver]&amp#27;[39m Valid locator strategies for this request: xpath, id, class name, accessibility id, css selector, -android uiautomator
[debug] &amp#27;[35m[BaseDriver]&amp#27;[39m Waiting up to 7000 ms for condition
[debug] &amp#27;[35m[WD Proxy]&amp#27;[39m Matched '/element' to command name 'findElement'
[debug] &amp#27;[35m[WD Proxy]&amp#27;[39m Proxying [POST /element] to [POST http://127.0.0.1:8210/wd/hub/session/f1f782af-fc9b-4c61-adb0-7fd5acc47438/element] with body: {"strategy":"xpath","selector":"//*[@text='Login']","context":"","multiple":false}
[debug] &amp#27;[35m[WD Proxy]&amp#27;[39m Got response with status 200: {"sessionId":"f1f782af-fc9b-4c61-adb0-7fd5acc47438","value":{"ELEMENT":"efb453e9-8a6e-4d29-a266-9f4a2e1c525b","element-6066-11e4-a52e-4f735466cecf":"efb453e9-8a6e-4d29-a266-9f4a2e1c525b"}}
[debug] &amp#27;[35m[W3C (cea9b59c)]&amp#27;[39m Responding to client with driver.findElement() result: {"element-6066-11e4-a52e-4f735466cecf":"efb453e9-8a6e-4d29-a266-9f4a2e1c525b","ELEMENT":"efb453e9-8a6e-4d29-a266-9f4a2e1c525b"}
&amp#27;[35m[HTTP]&amp#27;[39m &amp#27;[37m<-- POST /wd/hub/session/cea9b59c-423e-4b32-a5b3-4e44258316ad/element &amp#27;[39m&amp#27;[32m200&amp#27;[39m &amp#27;[90m720 ms - 137&amp#27;[39m
&amp#27;[35m[HTTP]&amp#27;[39m &amp#27;[90m&amp#27;[39m
&amp#27;[35m[HTTP]&amp#27;[39m &amp#27;[37m-->&amp#27;[39m &amp#27;[37mPOST&amp#27;[39m &amp#27;[37m/wd/hub/session/cea9b59c-423e-4b32-a5b3-4e44258316ad/element/efb453e9-8a6e-4d29-a266-9f4a2e1c525b/click&amp#27;[39m
&amp#27;[35m[HTTP]&amp#27;[39m &amp#27;[90m{"id":"efb453e9-8a6e-4d29-a266-9f4a2e1c525b"}&amp#27;[39m
[debug] &amp#27;[35m[W3C (cea9b59c)]&amp#27;[39m Calling AppiumDriver.click() with args: ["efb453e9-8a6e-4d29-a266-9f4a2e1c525b","cea9b59c-423e-4b32-a5b3-4e44258316ad"]
[debug] &amp#27;[35m[WD Proxy]&amp#27;[39m Matched '/element/efb453e9-8a6e-4d29-a266-9f4a2e1c525b/click' to command name 'click'
[debug] &amp#27;[35m[WD Proxy]&amp#27;[39m Proxying [POST /element/efb453e9-8a6e-4d29-a266-9f4a2e1c525b/click] to [POST http://127.0.0.1:8210/wd/hub/session/f1f782af-fc9b-4c61-adb0-7fd5acc47438/element/efb453e9-8a6e-4d29-a266-9f4a2e1c525b/click] with body: {"element":"efb453e9-8a6e-4d29-a266-9f4a2e1c525b"}
[debug] &amp#27;[35m[WD Proxy]&amp#27;[39m Got response with status 200: {"sessionId":"f1f782af-fc9b-4c61-adb0-7fd5acc47438","value":null}
[debug] &amp#27;[35m[W3C (cea9b59c)]&amp#27;[39m Responding to client with driver.click() result: null
&amp#27;[35m[HTTP]&amp#27;[39m &amp#27;[37m<-- POST /wd/hub/session/cea9b59c-423e-4b32-a5b3-4e44258316ad/element/efb453e9-8a6e-4d29-a266-9f4a2e1c525b/click &amp#27;[39m&amp#27;[32m200&amp#27;[39m &amp#27;[90m88 ms - 14&amp#27;[39m
&amp#27;[35m[HTTP]&amp#27;[39m &amp#27;[90m&amp#27;[39m
&amp#27;[35m[HTTP]&amp#27;[39m &amp#27;[37m-->&amp#27;[39m &amp#27;[37mPOST&amp#27;[39m &amp#27;[37m/wd/hub/session/cea9b59c-423e-4b32-a5b3-4e44258316ad/elements&amp#27;[39m
&amp#27;[35m[HTTP]&amp#27;[39m &amp#27;[90m{"using":"xpath","value":"//*[@text='Invalid User Name or Password.']"}&amp#27;[39m
[debug] &amp#27;[35m[W3C (cea9b59c)]&amp#27;[39m Calling AppiumDriver.findElements() with args: ["xpath","//*[@text='Invalid User Name or Password.']","cea9b59c-423e-4b32-a5b3-4e44258316ad"]
[debug] &amp#27;[35m[BaseDriver]&amp#27;[39m Valid locator strategies for this request: xpath, id, class name, accessibility id, css selector, -android uiautomator
[debug] &amp#27;[35m[BaseDriver]&amp#27;[39m Waiting up to 7000 ms for condition
[debug] &amp#27;[35m[WD Proxy]&amp#27;[39m Matched '/elements' to command name 'findElements'
[debug] &amp#27;[35m[WD Proxy]&amp#27;[39m Proxying [POST /elements] to [POST http://127.0.0.1:8210/wd/hub/session/f1f782af-fc9b-4c61-adb0-7fd5acc47438/elements] with body: {"strategy":"xpath","selector":"//*[@text='Invalid User Name or Password.']","context":"","multiple":true}
[debug] &amp#27;[35m[WD Proxy]&amp#27;[39m Got response with status 200: {"sessionId":"f1f782af-fc9b-4c61-adb0-7fd5acc47438","value":[{"ELEMENT":"ea404234-8d57-4396-a85b-71f7a2206ccd","element-6066-11e4-a52e-4f735466cecf":"ea404234-8d57-4396-a85b-71f7a2206ccd"}]}
[debug] &amp#27;[35m[W3C (cea9b59c)]&amp#27;[39m Responding to client with driver.findElements() result: [{"element-6066-11e4-a52e-4f735466cecf":"ea404234-8d57-4396-a85b-71f7a2206ccd","ELEMENT":"ea404234-8d57-4396-a85b-71f7a2206ccd"}]
&amp#27;[35m[HTTP]&amp#27;[39m &amp#27;[37m<-- POST /wd/hub/session/cea9b59c-423e-4b32-a5b3-4e44258316ad/elements &amp#27;[39m&amp#27;[32m200&amp#27;[39m &amp#27;[90m139 ms - 139&amp#27;[39m
&amp#27;[35m[HTTP]&amp#27;[39m &amp#27;[90m&amp#27;[39m
]]></system-out>
    <system-err><![CDATA[Sep 29, 2021 12:16:27 PM io.appium.java_client.remote.AppiumCommandExecutor$1 lambda$0
INFO: Detected dialect: W3C
]]></system-err>
  </testcase>
  <testcase name="logintest[A001, Apple@123](3)" classname="AppiumCRMpoc.AppiumCRMpocAI.LoginWithDataDriven_tc" time="53.206">
    <system-out><![CDATA[&amp#27;[35m[Appium]&amp#27;[39m Welcome to Appium v1.21.0
&amp#27;[35m[Appium]&amp#27;[39m Appium REST http interface listener started on 0.0.0.0:4723
&amp#27;[35m[HTTP]&amp#27;[39m &amp#27;[37m-->&amp#27;[39m &amp#27;[37mGET&amp#27;[39m &amp#27;[37m/wd/hub/status&amp#27;[39m
&amp#27;[35m[HTTP]&amp#27;[39m &amp#27;[90m{}&amp#27;[39m
[debug] &amp#27;[35m[GENERIC]&amp#27;[39m Calling AppiumDriver.getStatus() with args: []
[debug] &amp#27;[35m[GENERIC]&amp#27;[39m Responding to client with driver.getStatus() result: {"build":{"version":"1.21.0"}}
&amp#27;[35m[HTTP]&amp#27;[39m &amp#27;[37m<-- GET /wd/hub/status &amp#27;[39m&amp#27;[32m200&amp#27;[39m &amp#27;[90m14 ms - 68&amp#27;[39m
&amp#27;[35m[HTTP]&amp#27;[39m &amp#27;[90m&amp#27;[39m
[debug] &amp#27;[35m[HTTP]&amp#27;[39m Request idempotency key: dace0fa9-4bf2-497c-b4c1-bdbf5bb0928b
&amp#27;[35m[HTTP]&amp#27;[39m &amp#27;[37m-->&amp#27;[39m &amp#27;[37mPOST&amp#27;[39m &amp#27;[37m/wd/hub/session&amp#27;[39m
&amp#27;[35m[HTTP]&amp#27;[39m &amp#27;[90m{"desiredCapabilities":{"app":"C:\\Users\\Akash Sharma\\Desktop\\selenium\\eclipse-jee-mars-2-win32-x86_64\\eclipse\\AppiumCRMpocAI\\src\\CRMNextNative5.75.0-Gold7-release.apk","appActivity":".qr.QrScannerActivity t50","appPackage":"com.crmnextmobile.crmnextofflineplay","noReset":true,"newCommandTimeout":"120","platformVersion":"11.0","automationName":"APPIUM","platformName":"Android","deviceName":"PVLBTCAE4L5SSGM7"},"capabilities":{"firstMatch":[{"appium:app":"C:\\Users\\Akash Sharma\\Desktop\\selenium\\eclipse-jee-mars-2-win32-x86_64\\eclipse\\AppiumCRMpocAI\\src\\CRMNextNative5.75.0-Gold7-release.apk","appium:appActivity":".qr.QrScannerActivity t50","appium:appPackage":"com.crmnextmobile.crmnextofflineplay","appium:automationName":"APPIUM","appium:deviceName":"PVLBTCAE4L5SSGM7","appium:newCommandTimeout":"120","appium:noReset":true,"platformName":"android","appium:platformVersion":"11.0"}]}}&amp#27;[39m
[debug] &amp#27;[35m[W3C]&amp#27;[39m Calling AppiumDriver.createSession() with args: [{"app":"C:\\Users\\Akash Sharma\\Desktop\\selenium\\eclipse-jee-mars-2-win32-x86_64\\eclipse\\AppiumCRMpocAI\\src\\CRMNextNative5.75.0-Gold7-release.apk","appActivity":".qr.QrScannerActivity t50","appPackage":"com.crmnextmobile.crmnextofflineplay","noReset":true,"newCommandTimeout":"120","platformVersion":"11.0","automationName":"APPIUM","platformName":"Android","deviceName":"PVLBTCAE4L5SSGM7"},null,{"firstMatch":[{"appium:app":"C:\\Users\\Akash Sharma\\Desktop\\selenium\\eclipse-jee-mars-2-win32-x86_64\\eclipse\\AppiumCRMpocAI\\src\\CRMNextNative5.75.0-Gold7-release.apk","appium:appActivity":".qr.QrScannerActivity t50","appium:appPackage":"com.crmnextmobile.crmnextofflineplay","appium:automationName":"APPIUM","appium:deviceName":"PVLBTCAE4L5SSGM7","appium:newCommandTimeout":"120","appium:noReset":true,"platformName":"android","appium:platformVersion":"11.0"}]}]
[debug] &amp#27;[35m[BaseDriver]&amp#27;[39m Event 'newSessionRequested' logged at 1632898009950 (12:16:49 GMT+0530 (India Standard Time))
&amp#27;[35m[BaseDriver]&amp#27;[39m Number capability passed in as string. Functionality may be compromised.
&amp#27;[35m[Appium]&amp#27;[39m 
&amp#27;[35m[Appium]&amp#27;[39m ======================================================================
&amp#27;[35m[Appium]&amp#27;[39m   DEPRECATION WARNING:
&amp#27;[35m[Appium]&amp#27;[39m 
&amp#27;[35m[Appium]&amp#27;[39m   The 'automationName' capability was not provided in the desired 
&amp#27;[35m[Appium]&amp#27;[39m   capabilities for this Android session
&amp#27;[35m[Appium]&amp#27;[39m 
&amp#27;[35m[Appium]&amp#27;[39m   Setting 'automationName=UiAutomator2' by default and using the 
&amp#27;[35m[Appium]&amp#27;[39m   UiAutomator2 Driver
&amp#27;[35m[Appium]&amp#27;[39m 
&amp#27;[35m[Appium]&amp#27;[39m   The next major version of Appium (2.x) will **require** the 
&amp#27;[35m[Appium]&amp#27;[39m   'automationName' capability to be set for all sessions on all 
&amp#27;[35m[Appium]&amp#27;[39m   platforms
&amp#27;[35m[Appium]&amp#27;[39m 
&amp#27;[35m[Appium]&amp#27;[39m   In previous versions (Appium <= 1.13.x), the default was 
&amp#27;[35m[Appium]&amp#27;[39m   'automationName=UiAutomator1'
&amp#27;[35m[Appium]&amp#27;[39m 
&amp#27;[35m[Appium]&amp#27;[39m   If you wish to use that automation instead of UiAutomator2, please 
&amp#27;[35m[Appium]&amp#27;[39m   add 'automationName=UiAutomator1' to your desired capabilities
&amp#27;[35m[Appium]&amp#27;[39m 
&amp#27;[35m[Appium]&amp#27;[39m   For more information about drivers, please visit 
&amp#27;[35m[Appium]&amp#27;[39m   http://appium.io/docs/en/about-appium/intro/ and explore the 
&amp#27;[35m[Appium]&amp#27;[39m   'Drivers' menu
&amp#27;[35m[Appium]&amp#27;[39m 
&amp#27;[35m[Appium]&amp#27;[39m ======================================================================
&amp#27;[35m[Appium]&amp#27;[39m 
&amp#27;[35m[Appium]&amp#27;[39m Appium v1.21.0 creating new AndroidUiautomator2Driver (v1.65.0) session
[debug] &amp#27;[35m[BaseDriver]&amp#27;[39m W3C capabilities and MJSONWP desired capabilities were provided
[debug] &amp#27;[35m[BaseDriver]&amp#27;[39m Creating session with W3C capabilities: {
[debug] &amp#27;[35m[BaseDriver]&amp#27;[39m   "alwaysMatch": {
[debug] &amp#27;[35m[BaseDriver]&amp#27;[39m     "platformName": "android",
[debug] &amp#27;[35m[BaseDriver]&amp#27;[39m     "appium:app": "C:\\Users\\Akash Sharma\\Desktop\\selenium\\eclipse-jee-mars-2-win32-x86_64\\eclipse\\AppiumCRMpocAI\\src\\CRMNextNative5.75.0-Gold7-release.apk",
[debug] &amp#27;[35m[BaseDriver]&amp#27;[39m     "appium:appActivity": ".qr.QrScannerActivity t50",
[debug] &amp#27;[35m[BaseDriver]&amp#27;[39m     "appium:appPackage": "com.crmnextmobile.crmnextofflineplay",
[debug] &amp#27;[35m[BaseDriver]&amp#27;[39m     "appium:automationName": "APPIUM",
[debug] &amp#27;[35m[BaseDriver]&amp#27;[39m     "appium:deviceName": "PVLBTCAE4L5SSGM7",
[debug] &amp#27;[35m[BaseDriver]&amp#27;[39m     "appium:newCommandTimeout": "120",
[debug] &amp#27;[35m[BaseDriver]&amp#27;[39m     "appium:noReset": true,
[debug] &amp#27;[35m[BaseDriver]&amp#27;[39m     "appium:platformVersion": "11.0"
[debug] &amp#27;[35m[BaseDriver]&amp#27;[39m   },
[debug] &amp#27;[35m[BaseDriver]&amp#27;[39m   "firstMatch": [
[debug] &amp#27;[35m[BaseDriver]&amp#27;[39m     {}
[debug] &amp#27;[35m[BaseDriver]&amp#27;[39m   ]
[debug] &amp#27;[35m[BaseDriver]&amp#27;[39m }
&amp#27;[35m[BaseDriver]&amp#27;[39m Number capability passed in as string. Functionality may be compromised.
&amp#27;[35m[BaseDriver]&amp#27;[39m Capability 'newCommandTimeout' changed from string ('120') to integer (120). This may cause unexpected behavior
&amp#27;[35m[BaseDriver]&amp#27;[39m Session created with session id: 1e546fca-8555-4221-8e36-f2a03faa8fce
&amp#27;[35m[BaseDriver]&amp#27;[39m Using local app 'C:\Users\Akash Sharma\Desktop\selenium\eclipse-jee-mars-2-win32-x86_64\eclipse\AppiumCRMpocAI\src\CRMNextNative5.75.0-Gold7-release.apk'
[debug] &amp#27;[35m[UiAutomator2]&amp#27;[39m Checking whether app is actually present
&amp#27;[35m[ADB]&amp#27;[39m Found 1 'build-tools' folders under 'C:\Users\Akash Sharma\AppData\Local\Android\Sdk' (newest first):
&amp#27;[35m[ADB]&amp#27;[39m     C:/Users/Akash Sharma/AppData/Local/Android/Sdk/build-tools/30.0.3
&amp#27;[35m[ADB]&amp#27;[39m Using 'adb.exe' from 'C:\Users\Akash Sharma\AppData\Local\Android\Sdk\platform-tools\adb.exe'
[debug] &amp#27;[35m[ADB]&amp#27;[39m Running 'C:\Users\Akash Sharma\AppData\Local\Android\Sdk\platform-tools\adb.exe -P 5037 start-server'
&amp#27;[35m[AndroidDriver]&amp#27;[39m Retrieving device list
[debug] &amp#27;[35m[ADB]&amp#27;[39m Trying to find a connected android device
[debug] &amp#27;[35m[ADB]&amp#27;[39m Getting connected devices
[debug] &amp#27;[35m[ADB]&amp#27;[39m Connected devices: [{"udid":"PVLBTCAE4L5SSGM7","state":"device"}]
&amp#27;[35m[AndroidDriver]&amp#27;[39m Looking for a device with Android '11.0.0'
[debug] &amp#27;[35m[ADB]&amp#27;[39m Setting device id to PVLBTCAE4L5SSGM7
&amp#27;[35m[ADB]&amp#27;[39m Getting device platform version
[debug] &amp#27;[35m[ADB]&amp#27;[39m Running 'C:\Users\Akash Sharma\AppData\Local\Android\Sdk\platform-tools\adb.exe -P 5037 -s PVLBTCAE4L5SSGM7 shell getprop ro.build.version.release'
[debug] &amp#27;[35m[ADB]&amp#27;[39m Current device property 'ro.build.version.release': 11
&amp#27;[35m[AndroidDriver]&amp#27;[39m Using device: PVLBTCAE4L5SSGM7
&amp#27;[35m[ADB]&amp#27;[39m Using 'adb.exe' from 'C:\Users\Akash Sharma\AppData\Local\Android\Sdk\platform-tools\adb.exe'
[debug] &amp#27;[35m[ADB]&amp#27;[39m Running 'C:\Users\Akash Sharma\AppData\Local\Android\Sdk\platform-tools\adb.exe -P 5037 start-server'
[debug] &amp#27;[35m[ADB]&amp#27;[39m Setting device id to PVLBTCAE4L5SSGM7
[debug] &amp#27;[35m[ADB]&amp#27;[39m Running 'C:\Users\Akash Sharma\AppData\Local\Android\Sdk\platform-tools\adb.exe -P 5037 -s PVLBTCAE4L5SSGM7 shell getprop ro.build.version.sdk'
[debug] &amp#27;[35m[ADB]&amp#27;[39m Current device property 'ro.build.version.sdk': 30
&amp#27;[35m[ADB]&amp#27;[39m Getting device platform version
[debug] &amp#27;[35m[ADB]&amp#27;[39m Running 'C:\Users\Akash Sharma\AppData\Local\Android\Sdk\platform-tools\adb.exe -P 5037 -s PVLBTCAE4L5SSGM7 shell getprop ro.build.version.release'
[debug] &amp#27;[35m[ADB]&amp#27;[39m Current device property 'ro.build.version.release': 11
[debug] &amp#27;[35m[ADB]&amp#27;[39m Device API level: 30
&amp#27;[35m[UiAutomator2]&amp#27;[39m Relaxing hidden api policy
[debug] &amp#27;[35m[ADB]&amp#27;[39m Running 'C:\Users\Akash Sharma\AppData\Local\Android\Sdk\platform-tools\adb.exe -P 5037 -s PVLBTCAE4L5SSGM7 shell 'settings put global hidden_api_policy_pre_p_apps 1;settings put global hidden_api_policy_p_apps 1;settings put global hidden_api_policy 1''
&amp#27;[35m[AndroidDriver]&amp#27;[39m Capability 'appActivity' is expected to only include latin letters, digits, underscore, dot, comma and asterisk characters.
&amp#27;[35m[AndroidDriver]&amp#27;[39m Current value '.qr.QrScannerActivity t50' has non-matching character at index 21: '.qr.QrScannerActivity '
[debug] &amp#27;[35m[ADB]&amp#27;[39m Running 'C:\Users\Akash Sharma\AppData\Local\Android\Sdk\platform-tools\adb.exe -P 5037 -s PVLBTCAE4L5SSGM7 wait-for-device'
[debug] &amp#27;[35m[ADB]&amp#27;[39m Running 'C:\Users\Akash Sharma\AppData\Local\Android\Sdk\platform-tools\adb.exe -P 5037 -s PVLBTCAE4L5SSGM7 shell echo ping'
[debug] &amp#27;[35m[AndroidDriver]&amp#27;[39m Pushing settings apk to device...
[debug] &amp#27;[35m[ADB]&amp#27;[39m Getting install status for io.appium.settings
[debug] &amp#27;[35m[ADB]&amp#27;[39m Running 'C:\Users\Akash Sharma\AppData\Local\Android\Sdk\platform-tools\adb.exe -P 5037 -s PVLBTCAE4L5SSGM7 shell dumpsys package io.appium.settings'
[debug] &amp#27;[35m[ADB]&amp#27;[39m 'io.appium.settings' is installed
[debug] &amp#27;[35m[ADB]&amp#27;[39m Getting package info for 'io.appium.settings'
[debug] &amp#27;[35m[ADB]&amp#27;[39m Running 'C:\Users\Akash Sharma\AppData\Local\Android\Sdk\platform-tools\adb.exe -P 5037 -s PVLBTCAE4L5SSGM7 shell dumpsys package io.appium.settings'
[debug] &amp#27;[35m[ADB]&amp#27;[39m The version name of the installed 'io.appium.settings' is greater or equal to the application version name ('3.3.0' >= '3.3.0')
[debug] &amp#27;[35m[ADB]&amp#27;[39m There is no need to install/upgrade 'C:\Users\Akash Sharma\AppData\Roaming\npm\node_modules\appium\node_modules\io.appium.settings\apks\settings_apk-debug.apk'
[debug] &amp#27;[35m[ADB]&amp#27;[39m Getting IDs of all 'io.appium.settings' processes
[debug] &amp#27;[35m[ADB]&amp#27;[39m Running 'C:\Users\Akash Sharma\AppData\Local\Android\Sdk\platform-tools\adb.exe -P 5037 -s PVLBTCAE4L5SSGM7 shell 'pgrep --help; echo $?''
[debug] &amp#27;[35m[ADB]&amp#27;[39m Running 'C:\Users\Akash Sharma\AppData\Local\Android\Sdk\platform-tools\adb.exe -P 5037 -s PVLBTCAE4L5SSGM7 shell pgrep -f \(\[\[:blank:\]\]\|\^\)io\.appium\.settings\(\[\[:blank:\]\]\|\$\)'
[debug] &amp#27;[35m[AndroidDriver]&amp#27;[39m io.appium.settings is already running. There is no need to reset its permissions.
[debug] &amp#27;[35m[ADB]&amp#27;[39m Running 'C:\Users\Akash Sharma\AppData\Local\Android\Sdk\platform-tools\adb.exe -P 5037 -s PVLBTCAE4L5SSGM7 shell appops set io.appium.settings android:mock_location allow'
[debug] &amp#27;[35m[Logcat]&amp#27;[39m Starting logs capture with command: 'C:\\Users\\Akash Sharma\\AppData\\Local\\Android\\Sdk\\platform-tools\\adb.exe' -P 5037 -s PVLBTCAE4L5SSGM7 logcat -v threadtime
[debug] &amp#27;[35m[UiAutomator2]&amp#27;[39m Forwarding UiAutomator2 Server port 6790 to local port 8211
[debug] &amp#27;[35m[ADB]&amp#27;[39m Forwarding system: 8211 to device: 6790
[debug] &amp#27;[35m[ADB]&amp#27;[39m Running 'C:\Users\Akash Sharma\AppData\Local\Android\Sdk\platform-tools\adb.exe -P 5037 -s PVLBTCAE4L5SSGM7 forward tcp:8211 tcp:6790'
[debug] &amp#27;[35m[ADB]&amp#27;[39m Getting install status for io.appium.uiautomator2.server
[debug] &amp#27;[35m[ADB]&amp#27;[39m Running 'C:\Users\Akash Sharma\AppData\Local\Android\Sdk\platform-tools\adb.exe -P 5037 -s PVLBTCAE4L5SSGM7 shell dumpsys package io.appium.uiautomator2.server'
[debug] &amp#27;[35m[ADB]&amp#27;[39m 'io.appium.uiautomator2.server' is installed
[debug] &amp#27;[35m[ADB]&amp#27;[39m Getting package info for 'io.appium.uiautomator2.server'
[debug] &amp#27;[35m[ADB]&amp#27;[39m Running 'C:\Users\Akash Sharma\AppData\Local\Android\Sdk\platform-tools\adb.exe -P 5037 -s PVLBTCAE4L5SSGM7 shell dumpsys package io.appium.uiautomator2.server'
[debug] &amp#27;[35m[ADB]&amp#27;[39m The version name of the installed 'io.appium.uiautomator2.server' is greater or equal to the application version name ('4.21.1' >= '4.21.1')
[debug] &amp#27;[35m[UiAutomator2]&amp#27;[39m io.appium.uiautomator2.server installation state: sameVersionInstalled
[debug] &amp#27;[35m[ADB]&amp#27;[39m Checking app cert for C:\Users\Akash Sharma\AppData\Roaming\npm\node_modules\appium\node_modules\appium-uiautomator2-server\apks\appium-uiautomator2-server-v4.21.1.apk
&amp#27;[35m[ADB]&amp#27;[39m Using 'apksigner.jar' from 'C:\Users\Akash Sharma\AppData\Local\Android\Sdk\build-tools\30.0.3\lib\apksigner.jar'
[debug] &amp#27;[35m[ADB]&amp#27;[39m Starting apksigner: 'C:\\Program Files\\Java\\jdk1.8.0_181\\bin\\java.exe' -Xmx1024M -Xss1m -jar 'C:\\Users\\Akash Sharma\\AppData\\Local\\Android\\Sdk\\build-tools\\30.0.3\\lib\\apksigner.jar' verify --print-certs 'C:\\Users\\Akash Sharma\\AppData\\Roaming\\npm\\node_modules\\appium\\node_modules\\appium-uiautomator2-server\\apks\\appium-uiautomator2-server-v4.21.1.apk'
[debug] &amp#27;[35m[ADB]&amp#27;[39m apksigner stdout: Signer #1 certificate DN: EMAILADDRESS=android@android.com, CN=Android, OU=Android, O=Android, L=Mountain View, ST=California, C=US
[debug] &amp#27;[35m[ADB]&amp#27;[39m Signer #1 certificate SHA-256 digest: a40da80a59d170caa950cf15c18c454d47a39b26989d8b640ecd745ba71bf5dc
[debug] &amp#27;[35m[ADB]&amp#27;[39m Signer #1 certificate SHA-1 digest: 61ed377e85d386a8dfee6b864bd85b0bfaa5af81
[debug] &amp#27;[35m[ADB]&amp#27;[39m Signer #1 certificate MD5 digest: e89b158e4bcf988ebd09eb83f5378e87
[debug] &amp#27;[35m[ADB]&amp#27;[39m 
[debug] &amp#27;[35m[ADB]&amp#27;[39m sha256 hash did match for 'appium-uiautomator2-server-v4.21.1.apk'
&amp#27;[35m[ADB]&amp#27;[39m 'C:\Users\Akash Sharma\AppData\Roaming\npm\node_modules\appium\node_modules\appium-uiautomator2-server\apks\appium-uiautomator2-server-v4.21.1.apk' is signed with the default certificate
[debug] &amp#27;[35m[ADB]&amp#27;[39m Getting install status for io.appium.uiautomator2.server.test
[debug] &amp#27;[35m[ADB]&amp#27;[39m Running 'C:\Users\Akash Sharma\AppData\Local\Android\Sdk\platform-tools\adb.exe -P 5037 -s PVLBTCAE4L5SSGM7 shell dumpsys package io.appium.uiautomator2.server.test'
[debug] &amp#27;[35m[ADB]&amp#27;[39m 'io.appium.uiautomator2.server.test' is installed
[debug] &amp#27;[35m[ADB]&amp#27;[39m Checking app cert for C:\Users\Akash Sharma\AppData\Roaming\npm\node_modules\appium\node_modules\appium-uiautomator2-server\apks\appium-uiautomator2-server-debug-androidTest.apk
[debug] &amp#27;[35m[ADB]&amp#27;[39m Starting apksigner: 'C:\\Program Files\\Java\\jdk1.8.0_181\\bin\\java.exe' -Xmx1024M -Xss1m -jar 'C:\\Users\\Akash Sharma\\AppData\\Local\\Android\\Sdk\\build-tools\\30.0.3\\lib\\apksigner.jar' verify --print-certs 'C:\\Users\\Akash Sharma\\AppData\\Roaming\\npm\\node_modules\\appium\\node_modules\\appium-uiautomator2-server\\apks\\appium-uiautomator2-server-debug-androidTest.apk'
[debug] &amp#27;[35m[ADB]&amp#27;[39m apksigner stdout: Signer #1 certificate DN: EMAILADDRESS=android@android.com, CN=Android, OU=Android, O=Android, L=Mountain View, ST=California, C=US
[debug] &amp#27;[35m[ADB]&amp#27;[39m Signer #1 certificate SHA-256 digest: a40da80a59d170caa950cf15c18c454d47a39b26989d8b640ecd745ba71bf5dc
[debug] &amp#27;[35m[ADB]&amp#27;[39m Signer #1 certificate SHA-1 digest: 61ed377e85d386a8dfee6b864bd85b0bfaa5af81
[debug] &amp#27;[35m[ADB]&amp#27;[39m Signer #1 certificate MD5 digest: e89b158e4bcf988ebd09eb83f5378e87
[debug] &amp#27;[35m[ADB]&amp#27;[39m 
[debug] &amp#27;[35m[ADB]&amp#27;[39m sha256 hash did match for 'appium-uiautomator2-server-debug-androidTest.apk'
&amp#27;[35m[ADB]&amp#27;[39m 'C:\Users\Akash Sharma\AppData\Roaming\npm\node_modules\appium\node_modules\appium-uiautomator2-server\apks\appium-uiautomator2-server-debug-androidTest.apk' is signed with the default certificate
&amp#27;[35m[UiAutomator2]&amp#27;[39m Server packages are not going to be (re)installed
[debug] &amp#27;[35m[UiAutomator2]&amp#27;[39m Waiting up to 30000ms for services to be available
[debug] &amp#27;[35m[ADB]&amp#27;[39m Running 'C:\Users\Akash Sharma\AppData\Local\Android\Sdk\platform-tools\adb.exe -P 5037 -s PVLBTCAE4L5SSGM7 shell pm list instrumentation'
[debug] &amp#27;[35m[UiAutomator2]&amp#27;[39m Instrumentation target 'io.appium.uiautomator2.server.test/androidx.test.runner.AndroidJUnitRunner' is available
&amp#27;[35m[ADB]&amp#27;[39m Adding packages ["io.appium.settings","io.appium.uiautomator2.server","io.appium.uiautomator2.server.test"] to Doze whitelist
[debug] &amp#27;[35m[ADB]&amp#27;[39m Got the following command chunks to execute: [["dumpsys","deviceidle","whitelist","+io.appium.settings",";","dumpsys","deviceidle","whitelist","+io.appium.uiautomator2.server",";","dumpsys","deviceidle","whitelist","+io.appium.uiautomator2.server.test",";"]]
[debug] &amp#27;[35m[ADB]&amp#27;[39m Running 'C:\Users\Akash Sharma\AppData\Local\Android\Sdk\platform-tools\adb.exe -P 5037 -s PVLBTCAE4L5SSGM7 shell dumpsys deviceidle whitelist +io.appium.settings ; dumpsys deviceidle whitelist +io.appium.uiautomator2.server ; dumpsys deviceidle whitelist +io.appium.uiautomator2.server.test ;'
[debug] &amp#27;[35m[ADB]&amp#27;[39m Checking app cert for C:\Users\Akash Sharma\Desktop\selenium\eclipse-jee-mars-2-win32-x86_64\eclipse\AppiumCRMpocAI\src\CRMNextNative5.75.0-Gold7-release.apk
[debug] &amp#27;[35m[ADB]&amp#27;[39m Starting apksigner: 'C:\\Program Files\\Java\\jdk1.8.0_181\\bin\\java.exe' -Xmx1024M -Xss1m -jar 'C:\\Users\\Akash Sharma\\AppData\\Local\\Android\\Sdk\\build-tools\\30.0.3\\lib\\apksigner.jar' verify --print-certs 'C:\\Users\\Akash Sharma\\Desktop\\selenium\\eclipse-jee-mars-2-win32-x86_64\\eclipse\\AppiumCRMpocAI\\src\\CRMNextNative5.75.0-Gold7-release.apk'
[debug] &amp#27;[35m[ADB]&amp#27;[39m apksigner stdout: Signer #1 certificate DN: CN=Acidaes Solutions Pvt.Ltd., OU=Acidaes Solutions Pvt.Ltd., O=Acidaes Solutions Pvt.Ltd., L=Noida, ST=Uttar Pradesh, C=91
[debug] &amp#27;[35m[ADB]&amp#27;[39m Signer #1 certificate SHA-256 digest: 1b5b28e9495aee7e7f65516fdcd33e9c92c58131e8997f2eab924f8a83a7b22d
[debug] &amp#27;[35m[ADB]&amp#27;[39m Signer #1 certificate SHA-1 digest: 83c7e9d2f980c36b1649fa86fc18d5d526391612
[debug] &amp#27;[35m[ADB]&amp#27;[39m Signer #1 certificate MD5 digest: c3fb4dcecfe26af9175caef538f5ac0e
[debug] &amp#27;[35m[ADB]&amp#27;[39m 
&amp#27;[35m[ADB]&amp#27;[39m 'C:\Users\Akash Sharma\Desktop\selenium\eclipse-jee-mars-2-win32-x86_64\eclipse\AppiumCRMpocAI\src\CRMNextNative5.75.0-Gold7-release.apk' is signed with a non-default certificate
[debug] &amp#27;[35m[ADB]&amp#27;[39m Getting install status for com.crmnextmobile.crmnextofflineplay
[debug] &amp#27;[35m[ADB]&amp#27;[39m Running 'C:\Users\Akash Sharma\AppData\Local\Android\Sdk\platform-tools\adb.exe -P 5037 -s PVLBTCAE4L5SSGM7 shell dumpsys package com.crmnextmobile.crmnextofflineplay'
[debug] &amp#27;[35m[ADB]&amp#27;[39m 'com.crmnextmobile.crmnextofflineplay' is installed
[debug] &amp#27;[35m[ADB]&amp#27;[39m Getting package info for 'com.crmnextmobile.crmnextofflineplay'
[debug] &amp#27;[35m[ADB]&amp#27;[39m Running 'C:\Users\Akash Sharma\AppData\Local\Android\Sdk\platform-tools\adb.exe -P 5037 -s PVLBTCAE4L5SSGM7 shell dumpsys package com.crmnextmobile.crmnextofflineplay'
[debug] &amp#27;[35m[ADB]&amp#27;[39m The version name of the installed 'com.crmnextmobile.crmnextofflineplay' is greater or equal to the application version name ('5.75.0' >= '5.75.0')
[debug] &amp#27;[35m[ADB]&amp#27;[39m There is no need to install/upgrade 'C:\Users\Akash Sharma\Desktop\selenium\eclipse-jee-mars-2-win32-x86_64\eclipse\AppiumCRMpocAI\src\CRMNextNative5.75.0-Gold7-release.apk'
[debug] &amp#27;[35m[UiAutomator2]&amp#27;[39m Performing shallow cleanup of automation leftovers
[debug] &amp#27;[35m[UiAutomator2]&amp#27;[39m The following obsolete sessions are still running: [null]
[debug] &amp#27;[35m[UiAutomator2]&amp#27;[39m Cleaning up the obsolete sessions
[debug] &amp#27;[35m[ADB]&amp#27;[39m Running 'C:\Users\Akash Sharma\AppData\Local\Android\Sdk\platform-tools\adb.exe -P 5037 -s PVLBTCAE4L5SSGM7 shell am force-stop io.appium.uiautomator2.server.test'
&amp#27;[35m[UiAutomator2]&amp#27;[39m Starting UIAutomator2 server 4.21.1
&amp#27;[35m[UiAutomator2]&amp#27;[39m Using UIAutomator2 server from 'C:\Users\Akash Sharma\AppData\Roaming\npm\node_modules\appium\node_modules\appium-uiautomator2-server\apks\appium-uiautomator2-server-v4.21.1.apk' and test from 'C:\Users\Akash Sharma\AppData\Roaming\npm\node_modules\appium\node_modules\appium-uiautomator2-server\apks\appium-uiautomator2-server-debug-androidTest.apk'
&amp#27;[35m[UiAutomator2]&amp#27;[39m Waiting up to 30000ms for UiAutomator2 to be online...
[debug] &amp#27;[35m[ADB]&amp#27;[39m Creating ADB subprocess with args: ["-P",5037,"-s","PVLBTCAE4L5SSGM7","shell","am","instrument","-w","-e","disableAnalytics",true,"io.appium.uiautomator2.server.test/androidx.test.runner.AndroidJUnitRunner"]
[debug] &amp#27;[35m[WD Proxy]&amp#27;[39m Matched '/status' to command name 'getStatus'
[debug] &amp#27;[35m[WD Proxy]&amp#27;[39m Proxying [GET /status] to [GET http://127.0.0.1:8211/wd/hub/status] with no body
&amp#27;[35m[WD Proxy]&amp#27;[39m socket hang up
[debug] &amp#27;[35m[WD Proxy]&amp#27;[39m Matched '/status' to command name 'getStatus'
[debug] &amp#27;[35m[WD Proxy]&amp#27;[39m Proxying [GET /status] to [GET http://127.0.0.1:8211/wd/hub/status] with no body
&amp#27;[35m[WD Proxy]&amp#27;[39m socket hang up
[debug] &amp#27;[35m[Instrumentation]&amp#27;[39m io.appium.uiautomator2.server.test.AppiumUiAutomator2Server:
[debug] &amp#27;[35m[WD Proxy]&amp#27;[39m Matched '/status' to command name 'getStatus'
[debug] &amp#27;[35m[WD Proxy]&amp#27;[39m Proxying [GET /status] to [GET http://127.0.0.1:8211/wd/hub/status] with no body
&amp#27;[35m[WD Proxy]&amp#27;[39m socket hang up
[debug] &amp#27;[35m[WD Proxy]&amp#27;[39m Matched '/status' to command name 'getStatus'
[debug] &amp#27;[35m[WD Proxy]&amp#27;[39m Proxying [GET /status] to [GET http://127.0.0.1:8211/wd/hub/status] with no body
[debug] &amp#27;[35m[WD Proxy]&amp#27;[39m Got response with status 200: {"sessionId":"None","value":{"message":"UiAutomator2 Server is ready to accept commands","ready":true}}
[debug] &amp#27;[35m[UiAutomator2]&amp#27;[39m The initialization of the instrumentation process took 3309ms
[debug] &amp#27;[35m[WD Proxy]&amp#27;[39m Matched '/session' to command name 'createSession'
[debug] &amp#27;[35m[WD Proxy]&amp#27;[39m Proxying [POST /session] to [POST http://127.0.0.1:8211/wd/hub/session] with body: {"capabilities":{"firstMatch":[{"platform":"LINUX","webStorageEnabled":false,"takesScreenshot":true,"javascriptEnabled":true,"databaseEnabled":false,"networkConnectionEnabled":true,"locationContextEnabled":false,"warnings":{},"desired":{"platformName":"android","app":"C:\\Users\\Akash Sharma\\Desktop\\selenium\\eclipse-jee-mars-2-win32-x86_64\\eclipse\\AppiumCRMpocAI\\src\\CRMNextNative5.75.0-Gold7-release.apk","appActivity":".qr.QrScannerActivity t50","appPackage":"com.crmnextmobile.crmnextofflineplay","automationName":"APPIUM","deviceName":"PVLBTCAE4L5SSGM7","newCommandTimeout":120,"noReset":true,"platformVersion":"11.0"},"platformName":"android","app":"C:\\Users\\Akash Sharma\\Desktop\\selenium\\eclipse-jee-mars-2-win32-x86_64\\eclipse\\AppiumCRMpocAI\\src\\CRMNextNative5.75.0-Gold7-release.apk","appActivity":".qr.QrScannerActivity t50","appPackage":"com.crmnextmobile.crmnextofflineplay","automationName":"APPIUM","deviceName":"PVLBTCAE4L5SSGM7","newCommandTimeout":120,"noReset":true,"platformVersion":"1...
[debug] &amp#27;[35m[WD Proxy]&amp#27;[39m Got response with status 200: {"sessionId":"2aa2891e-3332-4a15-bcde-6e229ee7492b","value":{"capabilities":{"firstMatch":[{"platform":"LINUX","webStorageEnabled":false,"takesScreenshot":true,"javascriptEnabled":true,"databaseEnabled":false,"networkConnectionEnabled":true,"locationContextEnabled":false,"warnings":{},"desired":{"platformName":"android","app":"C:\\Users\\Akash Sharma\\Desktop\\selenium\\eclipse-jee-mars-2-win32-x86_64\\eclipse\\AppiumCRMpocAI\\src\\CRMNextNative5.75.0-Gold7-release.apk","appActivity":".qr.QrScannerActivity t50","appPackage":"com.crmnextmobile.crmnextofflineplay","automationName":"APPIUM","deviceName":"PVLBTCAE4L5SSGM7","newCommandTimeout":120,"noReset":true,"platformVersion":"11.0"},"platformName":"android","app":"C:\\Users\\Akash Sharma\\Desktop\\selenium\\eclipse-jee-mars-2-win32-x86_64\\eclipse\\AppiumCRMpocAI\\src\\CRMNextNative5.75.0-Gold7-release.apk","appActivity":".qr.QrScannerActivity t50","appPackage":"com.crmnextmobile.crmnextofflineplay","automationName":"APPIUM","deviceName":"PVLBTCAE4L5SSGM7"...
&amp#27;[35m[WD Proxy]&amp#27;[39m Determined the downstream protocol as 'W3C'
[debug] &amp#27;[35m[WD Proxy]&amp#27;[39m Proxying [GET /appium/device/info] to [GET http://127.0.0.1:8211/wd/hub/session/2aa2891e-3332-4a15-bcde-6e229ee7492b/appium/device/info] with no body
[debug] &amp#27;[35m[WD Proxy]&amp#27;[39m Got response with status 200: {"sessionId":"2aa2891e-3332-4a15-bcde-6e229ee7492b","value":{"androidId":"dbdcf2ef05507201","apiVersion":"30","bluetooth":{"state":"OFF"},"brand":"realme","carrierName":"IND airtel","displayDensity":320,"locale":"en_US","manufacturer":"realme","model":"RMX3171","networks":[{"capabilities":{"SSID":null,"linkDownBandwidthKbps":30000,"linkUpstreamBandwidthKbps":15000,"networkCapabilities":"NET_CAPABILITY_IMS,NET_CAPABILITY_NOT_METERED,NET_CAPABILITY_TRUSTED,NET_CAPABILITY_NOT_VPN,NET_CAPABILITY_VALIDATED,NET_CAPABILITY_NOT_ROAMING,NET_CAPABILITY_FOREGROUND,NET_CAPABILITY_NOT_CONGESTED,NET_CAPABILITY_NOT_SUSPENDED","signalStrength":-2147483648,"transportTypes":"TRANSPORT_CELLULAR"},"detailedState":"CONNECTED","extraInfo":"ims","isAvailable":true,"isConnected":true,"isFailover":false,"isRoaming":false,"state":"CONNECTED","subtype":13,"subtypeName":"LTE","type":0,"typeName":"MOBILE"},{"capabilities":{"SSID":null,"linkDownBandwidthKbps":30000,"linkUpstreamBandwidthKbps":15000,"networkCapabilities":"NET_CAPABILITY...
[debug] &amp#27;[35m[ADB]&amp#27;[39m Running 'C:\Users\Akash Sharma\AppData\Local\Android\Sdk\platform-tools\adb.exe -P 5037 -s PVLBTCAE4L5SSGM7 shell dumpsys window'
&amp#27;[35m[AndroidDriver]&amp#27;[39m Screen already unlocked, doing nothing
&amp#27;[35m[UiAutomator2]&amp#27;[39m Starting 'com.crmnextmobile.crmnextofflineplay/.qr.QrScannerActivity t50 and waiting for 'com.crmnextmobile.crmnextofflineplay/.qr.QrScannerActivity t50'
[debug] &amp#27;[35m[ADB]&amp#27;[39m Running 'C:\Users\Akash Sharma\AppData\Local\Android\Sdk\platform-tools\adb.exe -P 5037 -s PVLBTCAE4L5SSGM7 shell am start -W -n 'com.crmnextmobile.crmnextofflineplay/.qr.QrScannerActivity t50' -S -a android.intent.action.MAIN -c android.intent.category.LAUNCHER -f 0x10200000'
[debug] &amp#27;[35m[WD Proxy]&amp#27;[39m Proxying [GET /appium/device/pixel_ratio] to [GET http://127.0.0.1:8211/wd/hub/session/2aa2891e-3332-4a15-bcde-6e229ee7492b/appium/device/pixel_ratio] with no body
[debug] &amp#27;[35m[WD Proxy]&amp#27;[39m Got response with status 200: {"sessionId":"2aa2891e-3332-4a15-bcde-6e229ee7492b","value":2}
[debug] &amp#27;[35m[WD Proxy]&amp#27;[39m Matched '/appium/device/system_bars' to command name 'getSystemBars'
[debug] &amp#27;[35m[WD Proxy]&amp#27;[39m Proxying [GET /appium/device/system_bars] to [GET http://127.0.0.1:8211/wd/hub/session/2aa2891e-3332-4a15-bcde-6e229ee7492b/appium/device/system_bars] with no body
[debug] &amp#27;[35m[WD Proxy]&amp#27;[39m Got response with status 200: {"sessionId":"2aa2891e-3332-4a15-bcde-6e229ee7492b","value":{"statusBar":64}}
[debug] &amp#27;[35m[WD Proxy]&amp#27;[39m Matched '/window/current/size' to command name 'getWindowSize'
[debug] &amp#27;[35m[WD Proxy]&amp#27;[39m Proxying [GET /window/current/size] to [GET http://127.0.0.1:8211/wd/hub/session/2aa2891e-3332-4a15-bcde-6e229ee7492b/window/current/size] with no body
[debug] &amp#27;[35m[WD Proxy]&amp#27;[39m Got response with status 200: {"sessionId":"2aa2891e-3332-4a15-bcde-6e229ee7492b","value":{"height":1448,"width":720}}
&amp#27;[35m[Appium]&amp#27;[39m New AndroidUiautomator2Driver session created successfully, session 1e546fca-8555-4221-8e36-f2a03faa8fce added to master session list
[debug] &amp#27;[35m[BaseDriver]&amp#27;[39m Event 'newSessionStarted' logged at 1632898030822 (12:17:10 GMT+0530 (India Standard Time))
[debug] &amp#27;[35m[W3C (1e546fca)]&amp#27;[39m Cached the protocol value 'W3C' for the new session 1e546fca-8555-4221-8e36-f2a03faa8fce
[debug] &amp#27;[35m[W3C (1e546fca)]&amp#27;[39m Responding to client with driver.createSession() result: {"capabilities":{"platform":"LINUX","webStorageEnabled":false,"takesScreenshot":true,"javascriptEnabled":true,"databaseEnabled":false,"networkConnectionEnabled":true,"locationContextEnabled":false,"warnings":{},"desired":{"platformName":"android","app":"C:\\Users\\Akash Sharma\\Desktop\\selenium\\eclipse-jee-mars-2-win32-x86_64\\eclipse\\AppiumCRMpocAI\\src\\CRMNextNative5.75.0-Gold7-release.apk","appActivity":".qr.QrScannerActivity t50","appPackage":"com.crmnextmobile.crmnextofflineplay","automationName":"APPIUM","deviceName":"PVLBTCAE4L5SSGM7","newCommandTimeout":120,"noReset":true,"platformVersion":"11.0"},"platformName":"android","app":"C:\\Users\\Akash Sharma\\Desktop\\selenium\\eclipse-jee-mars-2-win32-x86_64\\eclipse\\AppiumCRMpocAI\\src\\CRMNextNative5.75.0-Gold7-release.apk","appActivity":".qr.QrScannerActivity t50","appPackage":"com.crmnextmobile.crmnextofflineplay","automationName":"APPIUM","deviceName":"PVLBTCAE4L5SSGM7","newCommandTimeout":120,"noReset":true,"platformVersion":"11","deviceUDID"...
&amp#27;[35m[HTTP]&amp#27;[39m &amp#27;[37m<-- POST /wd/hub/session &amp#27;[39m&amp#27;[32m200&amp#27;[39m &amp#27;[90m20884 ms - 1328&amp#27;[39m
&amp#27;[35m[HTTP]&amp#27;[39m &amp#27;[90m&amp#27;[39m
&amp#27;[35m[HTTP]&amp#27;[39m &amp#27;[37m-->&amp#27;[39m &amp#27;[37mPOST&amp#27;[39m &amp#27;[37m/wd/hub/session/1e546fca-8555-4221-8e36-f2a03faa8fce/timeouts&amp#27;[39m
&amp#27;[35m[HTTP]&amp#27;[39m &amp#27;[90m{"implicit":7000}&amp#27;[39m
[debug] &amp#27;[35m[W3C (1e546fca)]&amp#27;[39m Calling AppiumDriver.timeouts() with args: [null,null,null,null,7000,"1e546fca-8555-4221-8e36-f2a03faa8fce"]
[debug] &amp#27;[35m[BaseDriver]&amp#27;[39m W3C timeout argument: {"implicit":7000}}
[debug] &amp#27;[35m[BaseDriver]&amp#27;[39m Set implicit wait to 7000ms
[debug] &amp#27;[35m[W3C (1e546fca)]&amp#27;[39m Responding to client with driver.timeouts() result: null
&amp#27;[35m[HTTP]&amp#27;[39m &amp#27;[37m<-- POST /wd/hub/session/1e546fca-8555-4221-8e36-f2a03faa8fce/timeouts &amp#27;[39m&amp#27;[32m200&amp#27;[39m &amp#27;[90m44 ms - 14&amp#27;[39m
&amp#27;[35m[HTTP]&amp#27;[39m &amp#27;[90m&amp#27;[39m
&amp#27;[35m[HTTP]&amp#27;[39m &amp#27;[37m-->&amp#27;[39m &amp#27;[37mPOST&amp#27;[39m &amp#27;[37m/wd/hub/session/1e546fca-8555-4221-8e36-f2a03faa8fce/elements&amp#27;[39m
&amp#27;[35m[HTTP]&amp#27;[39m &amp#27;[90m{"using":"xpath","value":"//*[@text='While using the app']"}&amp#27;[39m
[debug] &amp#27;[35m[W3C (1e546fca)]&amp#27;[39m Calling AppiumDriver.findElements() with args: ["xpath","//*[@text='While using the app']","1e546fca-8555-4221-8e36-f2a03faa8fce"]
[debug] &amp#27;[35m[BaseDriver]&amp#27;[39m Valid locator strategies for this request: xpath, id, class name, accessibility id, css selector, -android uiautomator
[debug] &amp#27;[35m[BaseDriver]&amp#27;[39m Waiting up to 7000 ms for condition
[debug] &amp#27;[35m[WD Proxy]&amp#27;[39m Matched '/elements' to command name 'findElements'
[debug] &amp#27;[35m[WD Proxy]&amp#27;[39m Proxying [POST /elements] to [POST http://127.0.0.1:8211/wd/hub/session/2aa2891e-3332-4a15-bcde-6e229ee7492b/elements] with body: {"strategy":"xpath","selector":"//*[@text='While using the app']","context":"","multiple":true}
[debug] &amp#27;[35m[WD Proxy]&amp#27;[39m Got response with status 200: {"sessionId":"2aa2891e-3332-4a15-bcde-6e229ee7492b","value":[]}
[debug] &amp#27;[35m[BaseDriver]&amp#27;[39m Waited for 343 ms so far
[debug] &amp#27;[35m[WD Proxy]&amp#27;[39m Matched '/elements' to command name 'findElements'
[debug] &amp#27;[35m[WD Proxy]&amp#27;[39m Proxying [POST /elements] to [POST http://127.0.0.1:8211/wd/hub/session/2aa2891e-3332-4a15-bcde-6e229ee7492b/elements] with body: {"strategy":"xpath","selector":"//*[@text='While using the app']","context":"","multiple":true}
[debug] &amp#27;[35m[WD Proxy]&amp#27;[39m Got response with status 200: {"sessionId":"2aa2891e-3332-4a15-bcde-6e229ee7492b","value":[]}
[debug] &amp#27;[35m[BaseDriver]&amp#27;[39m Waited for 922 ms so far
[debug] &amp#27;[35m[WD Proxy]&amp#27;[39m Matched '/elements' to command name 'findElements'
[debug] &amp#27;[35m[WD Proxy]&amp#27;[39m Proxying [POST /elements] to [POST http://127.0.0.1:8211/wd/hub/session/2aa2891e-3332-4a15-bcde-6e229ee7492b/elements] with body: {"strategy":"xpath","selector":"//*[@text='While using the app']","context":"","multiple":true}
[debug] &amp#27;[35m[WD Proxy]&amp#27;[39m Got response with status 200: {"sessionId":"2aa2891e-3332-4a15-bcde-6e229ee7492b","value":[]}
[debug] &amp#27;[35m[BaseDriver]&amp#27;[39m Waited for 1526 ms so far
[debug] &amp#27;[35m[WD Proxy]&amp#27;[39m Matched '/elements' to command name 'findElements'
[debug] &amp#27;[35m[WD Proxy]&amp#27;[39m Proxying [POST /elements] to [POST http://127.0.0.1:8211/wd/hub/session/2aa2891e-3332-4a15-bcde-6e229ee7492b/elements] with body: {"strategy":"xpath","selector":"//*[@text='While using the app']","context":"","multiple":true}
[debug] &amp#27;[35m[WD Proxy]&amp#27;[39m Got response with status 200: {"sessionId":"2aa2891e-3332-4a15-bcde-6e229ee7492b","value":[]}
[debug] &amp#27;[35m[BaseDriver]&amp#27;[39m Waited for 2550 ms so far
[debug] &amp#27;[35m[WD Proxy]&amp#27;[39m Matched '/elements' to command name 'findElements'
[debug] &amp#27;[35m[WD Proxy]&amp#27;[39m Proxying [POST /elements] to [POST http://127.0.0.1:8211/wd/hub/session/2aa2891e-3332-4a15-bcde-6e229ee7492b/elements] with body: {"strategy":"xpath","selector":"//*[@text='While using the app']","context":"","multiple":true}
[debug] &amp#27;[35m[WD Proxy]&amp#27;[39m Got response with status 200: {"sessionId":"2aa2891e-3332-4a15-bcde-6e229ee7492b","value":[]}
[debug] &amp#27;[35m[BaseDriver]&amp#27;[39m Waited for 3228 ms so far
[debug] &amp#27;[35m[WD Proxy]&amp#27;[39m Matched '/elements' to command name 'findElements'
[debug] &amp#27;[35m[WD Proxy]&amp#27;[39m Proxying [POST /elements] to [POST http://127.0.0.1:8211/wd/hub/session/2aa2891e-3332-4a15-bcde-6e229ee7492b/elements] with body: {"strategy":"xpath","selector":"//*[@text='While using the app']","context":"","multiple":true}
[debug] &amp#27;[35m[WD Proxy]&amp#27;[39m Got response with status 200: {"sessionId":"2aa2891e-3332-4a15-bcde-6e229ee7492b","value":[]}
[debug] &amp#27;[35m[BaseDriver]&amp#27;[39m Waited for 3897 ms so far
[debug] &amp#27;[35m[WD Proxy]&amp#27;[39m Matched '/elements' to command name 'findElements'
[debug] &amp#27;[35m[WD Proxy]&amp#27;[39m Proxying [POST /elements] to [POST http://127.0.0.1:8211/wd/hub/session/2aa2891e-3332-4a15-bcde-6e229ee7492b/elements] with body: {"strategy":"xpath","selector":"//*[@text='While using the app']","context":"","multiple":true}
[debug] &amp#27;[35m[WD Proxy]&amp#27;[39m Got response with status 200: {"sessionId":"2aa2891e-3332-4a15-bcde-6e229ee7492b","value":[]}
[debug] &amp#27;[35m[BaseDriver]&amp#27;[39m Waited for 4531 ms so far
[debug] &amp#27;[35m[WD Proxy]&amp#27;[39m Matched '/elements' to command name 'findElements'
[debug] &amp#27;[35m[WD Proxy]&amp#27;[39m Proxying [POST /elements] to [POST http://127.0.0.1:8211/wd/hub/session/2aa2891e-3332-4a15-bcde-6e229ee7492b/elements] with body: {"strategy":"xpath","selector":"//*[@text='While using the app']","context":"","multiple":true}
[debug] &amp#27;[35m[WD Proxy]&amp#27;[39m Got response with status 200: {"sessionId":"2aa2891e-3332-4a15-bcde-6e229ee7492b","value":[]}
[debug] &amp#27;[35m[BaseDriver]&amp#27;[39m Waited for 5189 ms so far
[debug] &amp#27;[35m[WD Proxy]&amp#27;[39m Matched '/elements' to command name 'findElements'
[debug] &amp#27;[35m[WD Proxy]&amp#27;[39m Proxying [POST /elements] to [POST http://127.0.0.1:8211/wd/hub/session/2aa2891e-3332-4a15-bcde-6e229ee7492b/elements] with body: {"strategy":"xpath","selector":"//*[@text='While using the app']","context":"","multiple":true}
[debug] &amp#27;[35m[WD Proxy]&amp#27;[39m Got response with status 200: {"sessionId":"2aa2891e-3332-4a15-bcde-6e229ee7492b","value":[]}
[debug] &amp#27;[35m[BaseDriver]&amp#27;[39m Waited for 5879 ms so far
[debug] &amp#27;[35m[WD Proxy]&amp#27;[39m Matched '/elements' to command name 'findElements'
[debug] &amp#27;[35m[WD Proxy]&amp#27;[39m Proxying [POST /elements] to [POST http://127.0.0.1:8211/wd/hub/session/2aa2891e-3332-4a15-bcde-6e229ee7492b/elements] with body: {"strategy":"xpath","selector":"//*[@text='While using the app']","context":"","multiple":true}
[debug] &amp#27;[35m[WD Proxy]&amp#27;[39m Got response with status 200: {"sessionId":"2aa2891e-3332-4a15-bcde-6e229ee7492b","value":[]}
[debug] &amp#27;[35m[BaseDriver]&amp#27;[39m Waited for 6559 ms so far
[debug] &amp#27;[35m[WD Proxy]&amp#27;[39m Matched '/elements' to command name 'findElements'
[debug] &amp#27;[35m[WD Proxy]&amp#27;[39m Proxying [POST /elements] to [POST http://127.0.0.1:8211/wd/hub/session/2aa2891e-3332-4a15-bcde-6e229ee7492b/elements] with body: {"strategy":"xpath","selector":"//*[@text='While using the app']","context":"","multiple":true}
[debug] &amp#27;[35m[WD Proxy]&amp#27;[39m Got response with status 200: {"sessionId":"2aa2891e-3332-4a15-bcde-6e229ee7492b","value":[]}
[debug] &amp#27;[35m[W3C (1e546fca)]&amp#27;[39m Responding to client with driver.findElements() result: []
&amp#27;[35m[HTTP]&amp#27;[39m &amp#27;[37m<-- POST /wd/hub/session/1e546fca-8555-4221-8e36-f2a03faa8fce/elements &amp#27;[39m&amp#27;[32m200&amp#27;[39m &amp#27;[90m7293 ms - 12&amp#27;[39m
&amp#27;[35m[HTTP]&amp#27;[39m &amp#27;[90m&amp#27;[39m
&amp#27;[35m[HTTP]&amp#27;[39m &amp#27;[37m-->&amp#27;[39m &amp#27;[37mGET&amp#27;[39m &amp#27;[37m/wd/hub/session/1e546fca-8555-4221-8e36-f2a03faa8fce/context&amp#27;[39m
&amp#27;[35m[HTTP]&amp#27;[39m &amp#27;[90m{}&amp#27;[39m
[debug] &amp#27;[35m[W3C (1e546fca)]&amp#27;[39m Calling AppiumDriver.getCurrentContext() with args: ["1e546fca-8555-4221-8e36-f2a03faa8fce"]
[debug] &amp#27;[35m[W3C (1e546fca)]&amp#27;[39m Responding to client with driver.getCurrentContext() result: "NATIVE_APP"
&amp#27;[35m[HTTP]&amp#27;[39m &amp#27;[37m<-- GET /wd/hub/session/1e546fca-8555-4221-8e36-f2a03faa8fce/context &amp#27;[39m&amp#27;[32m200&amp#27;[39m &amp#27;[90m19 ms - 22&amp#27;[39m
&amp#27;[35m[HTTP]&amp#27;[39m &amp#27;[90m&amp#27;[39m
&amp#27;[35m[HTTP]&amp#27;[39m &amp#27;[37m-->&amp#27;[39m &amp#27;[37mPOST&amp#27;[39m &amp#27;[37m/wd/hub/session/1e546fca-8555-4221-8e36-f2a03faa8fce/element&amp#27;[39m
&amp#27;[35m[HTTP]&amp#27;[39m &amp#27;[90m{"using":"xpath","value":"//*[@resource-id='TxtName']"}&amp#27;[39m
[debug] &amp#27;[35m[W3C (1e546fca)]&amp#27;[39m Calling AppiumDriver.findElement() with args: ["xpath","//*[@resource-id='TxtName']","1e546fca-8555-4221-8e36-f2a03faa8fce"]
[debug] &amp#27;[35m[BaseDriver]&amp#27;[39m Valid locator strategies for this request: xpath, id, class name, accessibility id, css selector, -android uiautomator
[debug] &amp#27;[35m[BaseDriver]&amp#27;[39m Waiting up to 7000 ms for condition
[debug] &amp#27;[35m[WD Proxy]&amp#27;[39m Matched '/element' to command name 'findElement'
[debug] &amp#27;[35m[WD Proxy]&amp#27;[39m Proxying [POST /element] to [POST http://127.0.0.1:8211/wd/hub/session/2aa2891e-3332-4a15-bcde-6e229ee7492b/element] with body: {"strategy":"xpath","selector":"//*[@resource-id='TxtName']","context":"","multiple":false}
[debug] &amp#27;[35m[WD Proxy]&amp#27;[39m Got response with status 200: {"sessionId":"2aa2891e-3332-4a15-bcde-6e229ee7492b","value":{"ELEMENT":"a209f4ea-f8cb-4f68-9e42-42ab515c9e98","element-6066-11e4-a52e-4f735466cecf":"a209f4ea-f8cb-4f68-9e42-42ab515c9e98"}}
[debug] &amp#27;[35m[W3C (1e546fca)]&amp#27;[39m Responding to client with driver.findElement() result: {"element-6066-11e4-a52e-4f735466cecf":"a209f4ea-f8cb-4f68-9e42-42ab515c9e98","ELEMENT":"a209f4ea-f8cb-4f68-9e42-42ab515c9e98"}
&amp#27;[35m[HTTP]&amp#27;[39m &amp#27;[37m<-- POST /wd/hub/session/1e546fca-8555-4221-8e36-f2a03faa8fce/element &amp#27;[39m&amp#27;[32m200&amp#27;[39m &amp#27;[90m190 ms - 137&amp#27;[39m
&amp#27;[35m[HTTP]&amp#27;[39m &amp#27;[90m&amp#27;[39m
&amp#27;[35m[HTTP]&amp#27;[39m &amp#27;[37m-->&amp#27;[39m &amp#27;[37mPOST&amp#27;[39m &amp#27;[37m/wd/hub/session/1e546fca-8555-4221-8e36-f2a03faa8fce/element/a209f4ea-f8cb-4f68-9e42-42ab515c9e98/value&amp#27;[39m
&amp#27;[35m[HTTP]&amp#27;[39m &amp#27;[90m{"id":"a209f4ea-f8cb-4f68-9e42-42ab515c9e98","text":"A001","value":["A","0","0","1"]}&amp#27;[39m
[debug] &amp#27;[35m[W3C (1e546fca)]&amp#27;[39m Calling AppiumDriver.setValue() with args: [["A","0","0","1"],"a209f4ea-f8cb-4f68-9e42-42ab515c9e98","1e546fca-8555-4221-8e36-f2a03faa8fce"]
[debug] &amp#27;[35m[WD Proxy]&amp#27;[39m Matched '/element/a209f4ea-f8cb-4f68-9e42-42ab515c9e98/value' to command name 'setValue'
[debug] &amp#27;[35m[Protocol Converter]&amp#27;[39m Added 'value' property ["A","0","0","1"] to 'setValue' request body
[debug] &amp#27;[35m[WD Proxy]&amp#27;[39m Proxying [POST /element/a209f4ea-f8cb-4f68-9e42-42ab515c9e98/value] to [POST http://127.0.0.1:8211/wd/hub/session/2aa2891e-3332-4a15-bcde-6e229ee7492b/element/a209f4ea-f8cb-4f68-9e42-42ab515c9e98/value] with body: {"elementId":"a209f4ea-f8cb-4f68-9e42-42ab515c9e98","text":"A001","replace":false,"value":["A","0","0","1"]}
[debug] &amp#27;[35m[WD Proxy]&amp#27;[39m Got response with status 200: {"sessionId":"2aa2891e-3332-4a15-bcde-6e229ee7492b","value":null}
[debug] &amp#27;[35m[W3C (1e546fca)]&amp#27;[39m Responding to client with driver.setValue() result: null
&amp#27;[35m[HTTP]&amp#27;[39m &amp#27;[37m<-- POST /wd/hub/session/1e546fca-8555-4221-8e36-f2a03faa8fce/element/a209f4ea-f8cb-4f68-9e42-42ab515c9e98/value &amp#27;[39m&amp#27;[32m200&amp#27;[39m &amp#27;[90m77 ms - 14&amp#27;[39m
&amp#27;[35m[HTTP]&amp#27;[39m &amp#27;[90m&amp#27;[39m
&amp#27;[35m[HTTP]&amp#27;[39m &amp#27;[37m-->&amp#27;[39m &amp#27;[37mGET&amp#27;[39m &amp#27;[37m/wd/hub/session/1e546fca-8555-4221-8e36-f2a03faa8fce/context&amp#27;[39m
&amp#27;[35m[HTTP]&amp#27;[39m &amp#27;[90m{}&amp#27;[39m
[debug] &amp#27;[35m[W3C (1e546fca)]&amp#27;[39m Calling AppiumDriver.getCurrentContext() with args: ["1e546fca-8555-4221-8e36-f2a03faa8fce"]
[debug] &amp#27;[35m[W3C (1e546fca)]&amp#27;[39m Responding to client with driver.getCurrentContext() result: "NATIVE_APP"
&amp#27;[35m[HTTP]&amp#27;[39m &amp#27;[37m<-- GET /wd/hub/session/1e546fca-8555-4221-8e36-f2a03faa8fce/context &amp#27;[39m&amp#27;[32m200&amp#27;[39m &amp#27;[90m14 ms - 22&amp#27;[39m
&amp#27;[35m[HTTP]&amp#27;[39m &amp#27;[90m&amp#27;[39m
&amp#27;[35m[HTTP]&amp#27;[39m &amp#27;[37m-->&amp#27;[39m &amp#27;[37mPOST&amp#27;[39m &amp#27;[37m/wd/hub/session/1e546fca-8555-4221-8e36-f2a03faa8fce/element&amp#27;[39m
&amp#27;[35m[HTTP]&amp#27;[39m &amp#27;[90m{"using":"xpath","value":"//*[@resource-id='TxtPassword']"}&amp#27;[39m
[debug] &amp#27;[35m[W3C (1e546fca)]&amp#27;[39m Calling AppiumDriver.findElement() with args: ["xpath","//*[@resource-id='TxtPassword']","1e546fca-8555-4221-8e36-f2a03faa8fce"]
[debug] &amp#27;[35m[BaseDriver]&amp#27;[39m Valid locator strategies for this request: xpath, id, class name, accessibility id, css selector, -android uiautomator
[debug] &amp#27;[35m[BaseDriver]&amp#27;[39m Waiting up to 7000 ms for condition
[debug] &amp#27;[35m[WD Proxy]&amp#27;[39m Matched '/element' to command name 'findElement'
[debug] &amp#27;[35m[WD Proxy]&amp#27;[39m Proxying [POST /element] to [POST http://127.0.0.1:8211/wd/hub/session/2aa2891e-3332-4a15-bcde-6e229ee7492b/element] with body: {"strategy":"xpath","selector":"//*[@resource-id='TxtPassword']","context":"","multiple":false}
[debug] &amp#27;[35m[WD Proxy]&amp#27;[39m Got response with status 200: {"sessionId":"2aa2891e-3332-4a15-bcde-6e229ee7492b","value":{"ELEMENT":"8f62fb06-1f0e-4054-871f-befffd6da527","element-6066-11e4-a52e-4f735466cecf":"8f62fb06-1f0e-4054-871f-befffd6da527"}}
[debug] &amp#27;[35m[W3C (1e546fca)]&amp#27;[39m Responding to client with driver.findElement() result: {"element-6066-11e4-a52e-4f735466cecf":"8f62fb06-1f0e-4054-871f-befffd6da527","ELEMENT":"8f62fb06-1f0e-4054-871f-befffd6da527"}
&amp#27;[35m[HTTP]&amp#27;[39m &amp#27;[37m<-- POST /wd/hub/session/1e546fca-8555-4221-8e36-f2a03faa8fce/element &amp#27;[39m&amp#27;[32m200&amp#27;[39m &amp#27;[90m726 ms - 137&amp#27;[39m
&amp#27;[35m[HTTP]&amp#27;[39m &amp#27;[90m&amp#27;[39m
&amp#27;[35m[HTTP]&amp#27;[39m &amp#27;[37m-->&amp#27;[39m &amp#27;[37mPOST&amp#27;[39m &amp#27;[37m/wd/hub/session/1e546fca-8555-4221-8e36-f2a03faa8fce/element/8f62fb06-1f0e-4054-871f-befffd6da527/value&amp#27;[39m
&amp#27;[35m[HTTP]&amp#27;[39m &amp#27;[90m{"id":"8f62fb06-1f0e-4054-871f-befffd6da527","text":"Apple@123","value":["A","p","p","l","e","@","1","2","3"]}&amp#27;[39m
[debug] &amp#27;[35m[W3C (1e546fca)]&amp#27;[39m Calling AppiumDriver.setValue() with args: [["A","p","p","l","e","@","1","2","3"],"8f62fb06-1f0e-4054-871f-befffd6da527","1e546fca-8555-4221-8e36-f2a03faa8fce"]
[debug] &amp#27;[35m[WD Proxy]&amp#27;[39m Matched '/element/8f62fb06-1f0e-4054-871f-befffd6da527/value' to command name 'setValue'
[debug] &amp#27;[35m[Protocol Converter]&amp#27;[39m Added 'value' property ["A","p","p","l","e","@","1","2","3"] to 'setValue' request body
[debug] &amp#27;[35m[WD Proxy]&amp#27;[39m Proxying [POST /element/8f62fb06-1f0e-4054-871f-befffd6da527/value] to [POST http://127.0.0.1:8211/wd/hub/session/2aa2891e-3332-4a15-bcde-6e229ee7492b/element/8f62fb06-1f0e-4054-871f-befffd6da527/value] with body: {"elementId":"8f62fb06-1f0e-4054-871f-befffd6da527","text":"Apple@123","replace":false,"value":["A","p","p","l","e","@","1","2","3"]}
[debug] &amp#27;[35m[WD Proxy]&amp#27;[39m Got response with status 200: {"sessionId":"2aa2891e-3332-4a15-bcde-6e229ee7492b","value":null}
[debug] &amp#27;[35m[W3C (1e546fca)]&amp#27;[39m Responding to client with driver.setValue() result: null
&amp#27;[35m[HTTP]&amp#27;[39m &amp#27;[37m<-- POST /wd/hub/session/1e546fca-8555-4221-8e36-f2a03faa8fce/element/8f62fb06-1f0e-4054-871f-befffd6da527/value &amp#27;[39m&amp#27;[32m200&amp#27;[39m &amp#27;[90m79 ms - 14&amp#27;[39m
&amp#27;[35m[HTTP]&amp#27;[39m &amp#27;[90m&amp#27;[39m
&amp#27;[35m[HTTP]&amp#27;[39m &amp#27;[37m-->&amp#27;[39m &amp#27;[37mGET&amp#27;[39m &amp#27;[37m/wd/hub/session/1e546fca-8555-4221-8e36-f2a03faa8fce/context&amp#27;[39m
&amp#27;[35m[HTTP]&amp#27;[39m &amp#27;[90m{}&amp#27;[39m
[debug] &amp#27;[35m[W3C (1e546fca)]&amp#27;[39m Calling AppiumDriver.getCurrentContext() with args: ["1e546fca-8555-4221-8e36-f2a03faa8fce"]
[debug] &amp#27;[35m[W3C (1e546fca)]&amp#27;[39m Responding to client with driver.getCurrentContext() result: "NATIVE_APP"
&amp#27;[35m[HTTP]&amp#27;[39m &amp#27;[37m<-- GET /wd/hub/session/1e546fca-8555-4221-8e36-f2a03faa8fce/context &amp#27;[39m&amp#27;[32m200&amp#27;[39m &amp#27;[90m5 ms - 22&amp#27;[39m
&amp#27;[35m[HTTP]&amp#27;[39m &amp#27;[90m&amp#27;[39m
&amp#27;[35m[HTTP]&amp#27;[39m &amp#27;[37m-->&amp#27;[39m &amp#27;[37mPOST&amp#27;[39m &amp#27;[37m/wd/hub/session/1e546fca-8555-4221-8e36-f2a03faa8fce/element&amp#27;[39m
&amp#27;[35m[HTTP]&amp#27;[39m &amp#27;[90m{"using":"xpath","value":"//*[@text='Login']"}&amp#27;[39m
[debug] &amp#27;[35m[W3C (1e546fca)]&amp#27;[39m Calling AppiumDriver.findElement() with args: ["xpath","//*[@text='Login']","1e546fca-8555-4221-8e36-f2a03faa8fce"]
[debug] &amp#27;[35m[BaseDriver]&amp#27;[39m Valid locator strategies for this request: xpath, id, class name, accessibility id, css selector, -android uiautomator
[debug] &amp#27;[35m[BaseDriver]&amp#27;[39m Waiting up to 7000 ms for condition
[debug] &amp#27;[35m[WD Proxy]&amp#27;[39m Matched '/element' to command name 'findElement'
[debug] &amp#27;[35m[WD Proxy]&amp#27;[39m Proxying [POST /element] to [POST http://127.0.0.1:8211/wd/hub/session/2aa2891e-3332-4a15-bcde-6e229ee7492b/element] with body: {"strategy":"xpath","selector":"//*[@text='Login']","context":"","multiple":false}
[debug] &amp#27;[35m[WD Proxy]&amp#27;[39m Got response with status 200: {"sessionId":"2aa2891e-3332-4a15-bcde-6e229ee7492b","value":{"ELEMENT":"16a6a60b-860a-440f-850b-1d951b4e2328","element-6066-11e4-a52e-4f735466cecf":"16a6a60b-860a-440f-850b-1d951b4e2328"}}
[debug] &amp#27;[35m[W3C (1e546fca)]&amp#27;[39m Responding to client with driver.findElement() result: {"element-6066-11e4-a52e-4f735466cecf":"16a6a60b-860a-440f-850b-1d951b4e2328","ELEMENT":"16a6a60b-860a-440f-850b-1d951b4e2328"}
&amp#27;[35m[HTTP]&amp#27;[39m &amp#27;[37m<-- POST /wd/hub/session/1e546fca-8555-4221-8e36-f2a03faa8fce/element &amp#27;[39m&amp#27;[32m200&amp#27;[39m &amp#27;[90m723 ms - 137&amp#27;[39m
&amp#27;[35m[HTTP]&amp#27;[39m &amp#27;[90m&amp#27;[39m
&amp#27;[35m[HTTP]&amp#27;[39m &amp#27;[37m-->&amp#27;[39m &amp#27;[37mPOST&amp#27;[39m &amp#27;[37m/wd/hub/session/1e546fca-8555-4221-8e36-f2a03faa8fce/element/16a6a60b-860a-440f-850b-1d951b4e2328/click&amp#27;[39m
&amp#27;[35m[HTTP]&amp#27;[39m &amp#27;[90m{"id":"16a6a60b-860a-440f-850b-1d951b4e2328"}&amp#27;[39m
[debug] &amp#27;[35m[W3C (1e546fca)]&amp#27;[39m Calling AppiumDriver.click() with args: ["16a6a60b-860a-440f-850b-1d951b4e2328","1e546fca-8555-4221-8e36-f2a03faa8fce"]
[debug] &amp#27;[35m[WD Proxy]&amp#27;[39m Matched '/element/16a6a60b-860a-440f-850b-1d951b4e2328/click' to command name 'click'
[debug] &amp#27;[35m[WD Proxy]&amp#27;[39m Proxying [POST /element/16a6a60b-860a-440f-850b-1d951b4e2328/click] to [POST http://127.0.0.1:8211/wd/hub/session/2aa2891e-3332-4a15-bcde-6e229ee7492b/element/16a6a60b-860a-440f-850b-1d951b4e2328/click] with body: {"element":"16a6a60b-860a-440f-850b-1d951b4e2328"}
[debug] &amp#27;[35m[WD Proxy]&amp#27;[39m Got response with status 200: {"sessionId":"2aa2891e-3332-4a15-bcde-6e229ee7492b","value":null}
[debug] &amp#27;[35m[W3C (1e546fca)]&amp#27;[39m Responding to client with driver.click() result: null
&amp#27;[35m[HTTP]&amp#27;[39m &amp#27;[37m<-- POST /wd/hub/session/1e546fca-8555-4221-8e36-f2a03faa8fce/element/16a6a60b-860a-440f-850b-1d951b4e2328/click &amp#27;[39m&amp#27;[32m200&amp#27;[39m &amp#27;[90m94 ms - 14&amp#27;[39m
&amp#27;[35m[HTTP]&amp#27;[39m &amp#27;[90m&amp#27;[39m
&amp#27;[35m[HTTP]&amp#27;[39m &amp#27;[37m-->&amp#27;[39m &amp#27;[37mPOST&amp#27;[39m &amp#27;[37m/wd/hub/session/1e546fca-8555-4221-8e36-f2a03faa8fce/elements&amp#27;[39m
&amp#27;[35m[HTTP]&amp#27;[39m &amp#27;[90m{"using":"xpath","value":"//*[@text='Invalid User Name or Password.']"}&amp#27;[39m
[debug] &amp#27;[35m[W3C (1e546fca)]&amp#27;[39m Calling AppiumDriver.findElements() with args: ["xpath","//*[@text='Invalid User Name or Password.']","1e546fca-8555-4221-8e36-f2a03faa8fce"]
[debug] &amp#27;[35m[BaseDriver]&amp#27;[39m Valid locator strategies for this request: xpath, id, class name, accessibility id, css selector, -android uiautomator
[debug] &amp#27;[35m[BaseDriver]&amp#27;[39m Waiting up to 7000 ms for condition
[debug] &amp#27;[35m[WD Proxy]&amp#27;[39m Matched '/elements' to command name 'findElements'
[debug] &amp#27;[35m[WD Proxy]&amp#27;[39m Proxying [POST /elements] to [POST http://127.0.0.1:8211/wd/hub/session/2aa2891e-3332-4a15-bcde-6e229ee7492b/elements] with body: {"strategy":"xpath","selector":"//*[@text='Invalid User Name or Password.']","context":"","multiple":true}
[debug] &amp#27;[35m[WD Proxy]&amp#27;[39m Got response with status 200: {"sessionId":"2aa2891e-3332-4a15-bcde-6e229ee7492b","value":[]}
[debug] &amp#27;[35m[BaseDriver]&amp#27;[39m Waited for 2750 ms so far
[debug] &amp#27;[35m[WD Proxy]&amp#27;[39m Matched '/elements' to command name 'findElements'
[debug] &amp#27;[35m[WD Proxy]&amp#27;[39m Proxying [POST /elements] to [POST http://127.0.0.1:8211/wd/hub/session/2aa2891e-3332-4a15-bcde-6e229ee7492b/elements] with body: {"strategy":"xpath","selector":"//*[@text='Invalid User Name or Password.']","context":"","multiple":true}
[debug] &amp#27;[35m[WD Proxy]&amp#27;[39m Got response with status 200: {"sessionId":"2aa2891e-3332-4a15-bcde-6e229ee7492b","value":[]}
[debug] &amp#27;[35m[BaseDriver]&amp#27;[39m Waited for 3684 ms so far
[debug] &amp#27;[35m[WD Proxy]&amp#27;[39m Matched '/elements' to command name 'findElements'
[debug] &amp#27;[35m[WD Proxy]&amp#27;[39m Proxying [POST /elements] to [POST http://127.0.0.1:8211/wd/hub/session/2aa2891e-3332-4a15-bcde-6e229ee7492b/elements] with body: {"strategy":"xpath","selector":"//*[@text='Invalid User Name or Password.']","context":"","multiple":true}
[debug] &amp#27;[35m[WD Proxy]&amp#27;[39m Got response with status 200: {"sessionId":"2aa2891e-3332-4a15-bcde-6e229ee7492b","value":[]}
[debug] &amp#27;[35m[BaseDriver]&amp#27;[39m Waited for 4590 ms so far
[debug] &amp#27;[35m[WD Proxy]&amp#27;[39m Matched '/elements' to command name 'findElements'
[debug] &amp#27;[35m[WD Proxy]&amp#27;[39m Proxying [POST /elements] to [POST http://127.0.0.1:8211/wd/hub/session/2aa2891e-3332-4a15-bcde-6e229ee7492b/elements] with body: {"strategy":"xpath","selector":"//*[@text='Invalid User Name or Password.']","context":"","multiple":true}
[debug] &amp#27;[35m[WD Proxy]&amp#27;[39m Got response with status 200: {"sessionId":"2aa2891e-3332-4a15-bcde-6e229ee7492b","value":[]}
[debug] &amp#27;[35m[BaseDriver]&amp#27;[39m Waited for 5490 ms so far
[debug] &amp#27;[35m[WD Proxy]&amp#27;[39m Matched '/elements' to command name 'findElements'
[debug] &amp#27;[35m[WD Proxy]&amp#27;[39m Proxying [POST /elements] to [POST http://127.0.0.1:8211/wd/hub/session/2aa2891e-3332-4a15-bcde-6e229ee7492b/elements] with body: {"strategy":"xpath","selector":"//*[@text='Invalid User Name or Password.']","context":"","multiple":true}
[debug] &amp#27;[35m[WD Proxy]&amp#27;[39m Got response with status 200: {"sessionId":"2aa2891e-3332-4a15-bcde-6e229ee7492b","value":[]}
[debug] &amp#27;[35m[BaseDriver]&amp#27;[39m Waited for 6342 ms so far
[debug] &amp#27;[35m[WD Proxy]&amp#27;[39m Matched '/elements' to command name 'findElements'
[debug] &amp#27;[35m[WD Proxy]&amp#27;[39m Proxying [POST /elements] to [POST http://127.0.0.1:8211/wd/hub/session/2aa2891e-3332-4a15-bcde-6e229ee7492b/elements] with body: {"strategy":"xpath","selector":"//*[@text='Invalid User Name or Password.']","context":"","multiple":true}
[debug] &amp#27;[35m[WD Proxy]&amp#27;[39m Got response with status 200: {"sessionId":"2aa2891e-3332-4a15-bcde-6e229ee7492b","value":[]}
[debug] &amp#27;[35m[W3C (1e546fca)]&amp#27;[39m Responding to client with driver.findElements() result: []
&amp#27;[35m[HTTP]&amp#27;[39m &amp#27;[37m<-- POST /wd/hub/session/1e546fca-8555-4221-8e36-f2a03faa8fce/elements &amp#27;[39m&amp#27;[32m200&amp#27;[39m &amp#27;[90m7201 ms - 12&amp#27;[39m
&amp#27;[35m[HTTP]&amp#27;[39m &amp#27;[90m&amp#27;[39m
&amp#27;[35m[HTTP]&amp#27;[39m &amp#27;[37m-->&amp#27;[39m &amp#27;[37mPOST&amp#27;[39m &amp#27;[37m/wd/hub/session/1e546fca-8555-4221-8e36-f2a03faa8fce/element&amp#27;[39m
&amp#27;[35m[HTTP]&amp#27;[39m &amp#27;[90m{"using":"xpath","value":"//*[@resource-id='com.crmnextmobile.crmnextofflineplay:id/iv_drawer']"}&amp#27;[39m
[debug] &amp#27;[35m[W3C (1e546fca)]&amp#27;[39m Calling AppiumDriver.findElement() with args: ["xpath","//*[@resource-id='com.crmnextmobile.crmnextofflineplay:id/iv_drawer']","1e546fca-8555-4221-8e36-f2a03faa8fce"]
[debug] &amp#27;[35m[BaseDriver]&amp#27;[39m Valid locator strategies for this request: xpath, id, class name, accessibility id, css selector, -android uiautomator
[debug] &amp#27;[35m[BaseDriver]&amp#27;[39m Waiting up to 7000 ms for condition
[debug] &amp#27;[35m[WD Proxy]&amp#27;[39m Matched '/element' to command name 'findElement'
[debug] &amp#27;[35m[WD Proxy]&amp#27;[39m Proxying [POST /element] to [POST http://127.0.0.1:8211/wd/hub/session/2aa2891e-3332-4a15-bcde-6e229ee7492b/element] with body: {"strategy":"xpath","selector":"//*[@resource-id='com.crmnextmobile.crmnextofflineplay:id/iv_drawer']","context":"","multiple":false}
[debug] &amp#27;[35m[WD Proxy]&amp#27;[39m Got response with status 200: {"sessionId":"2aa2891e-3332-4a15-bcde-6e229ee7492b","value":{"ELEMENT":"f2ac9903-071b-4add-a9d1-b5aa3cc2447f","element-6066-11e4-a52e-4f735466cecf":"f2ac9903-071b-4add-a9d1-b5aa3cc2447f"}}
[debug] &amp#27;[35m[W3C (1e546fca)]&amp#27;[39m Responding to client with driver.findElement() result: {"element-6066-11e4-a52e-4f735466cecf":"f2ac9903-071b-4add-a9d1-b5aa3cc2447f","ELEMENT":"f2ac9903-071b-4add-a9d1-b5aa3cc2447f"}
&amp#27;[35m[HTTP]&amp#27;[39m &amp#27;[37m<-- POST /wd/hub/session/1e546fca-8555-4221-8e36-f2a03faa8fce/element &amp#27;[39m&amp#27;[32m200&amp#27;[39m &amp#27;[90m327 ms - 137&amp#27;[39m
&amp#27;[35m[HTTP]&amp#27;[39m &amp#27;[90m&amp#27;[39m
&amp#27;[35m[HTTP]&amp#27;[39m &amp#27;[37m-->&amp#27;[39m &amp#27;[37mGET&amp#27;[39m &amp#27;[37m/wd/hub/session/1e546fca-8555-4221-8e36-f2a03faa8fce/context&amp#27;[39m
&amp#27;[35m[HTTP]&amp#27;[39m &amp#27;[90m{}&amp#27;[39m
[debug] &amp#27;[35m[W3C (1e546fca)]&amp#27;[39m Calling AppiumDriver.getCurrentContext() with args: ["1e546fca-8555-4221-8e36-f2a03faa8fce"]
[debug] &amp#27;[35m[W3C (1e546fca)]&amp#27;[39m Responding to client with driver.getCurrentContext() result: "NATIVE_APP"
&amp#27;[35m[HTTP]&amp#27;[39m &amp#27;[37m<-- GET /wd/hub/session/1e546fca-8555-4221-8e36-f2a03faa8fce/context &amp#27;[39m&amp#27;[32m200&amp#27;[39m &amp#27;[90m4 ms - 22&amp#27;[39m
&amp#27;[35m[HTTP]&amp#27;[39m &amp#27;[90m&amp#27;[39m
&amp#27;[35m[HTTP]&amp#27;[39m &amp#27;[37m-->&amp#27;[39m &amp#27;[37mPOST&amp#27;[39m &amp#27;[37m/wd/hub/session/1e546fca-8555-4221-8e36-f2a03faa8fce/element&amp#27;[39m
&amp#27;[35m[HTTP]&amp#27;[39m &amp#27;[90m{"using":"id","value":"com.crmnextmobile.crmnextofflineplay:id/iv_drawer"}&amp#27;[39m
[debug] &amp#27;[35m[W3C (1e546fca)]&amp#27;[39m Calling AppiumDriver.findElement() with args: ["id","com.crmnextmobile.crmnextofflineplay:id/iv_drawer","1e546fca-8555-4221-8e36-f2a03faa8fce"]
[debug] &amp#27;[35m[BaseDriver]&amp#27;[39m Valid locator strategies for this request: xpath, id, class name, accessibility id, css selector, -android uiautomator
[debug] &amp#27;[35m[BaseDriver]&amp#27;[39m Waiting up to 7000 ms for condition
[debug] &amp#27;[35m[WD Proxy]&amp#27;[39m Matched '/element' to command name 'findElement'
[debug] &amp#27;[35m[WD Proxy]&amp#27;[39m Proxying [POST /element] to [POST http://127.0.0.1:8211/wd/hub/session/2aa2891e-3332-4a15-bcde-6e229ee7492b/element] with body: {"strategy":"id","selector":"com.crmnextmobile.crmnextofflineplay:id/iv_drawer","context":"","multiple":false}
[debug] &amp#27;[35m[WD Proxy]&amp#27;[39m Got response with status 200: {"sessionId":"2aa2891e-3332-4a15-bcde-6e229ee7492b","value":{"ELEMENT":"0501a4ac-d7ee-4fea-814e-26c563b4f85c","element-6066-11e4-a52e-4f735466cecf":"0501a4ac-d7ee-4fea-814e-26c563b4f85c"}}
[debug] &amp#27;[35m[W3C (1e546fca)]&amp#27;[39m Responding to client with driver.findElement() result: {"element-6066-11e4-a52e-4f735466cecf":"0501a4ac-d7ee-4fea-814e-26c563b4f85c","ELEMENT":"0501a4ac-d7ee-4fea-814e-26c563b4f85c"}
&amp#27;[35m[HTTP]&amp#27;[39m &amp#27;[37m<-- POST /wd/hub/session/1e546fca-8555-4221-8e36-f2a03faa8fce/element &amp#27;[39m&amp#27;[32m200&amp#27;[39m &amp#27;[90m77 ms - 137&amp#27;[39m
&amp#27;[35m[HTTP]&amp#27;[39m &amp#27;[90m&amp#27;[39m
&amp#27;[35m[HTTP]&amp#27;[39m &amp#27;[37m-->&amp#27;[39m &amp#27;[37mPOST&amp#27;[39m &amp#27;[37m/wd/hub/session/1e546fca-8555-4221-8e36-f2a03faa8fce/element/0501a4ac-d7ee-4fea-814e-26c563b4f85c/click&amp#27;[39m
&amp#27;[35m[HTTP]&amp#27;[39m &amp#27;[90m{"id":"0501a4ac-d7ee-4fea-814e-26c563b4f85c"}&amp#27;[39m
[debug] &amp#27;[35m[W3C (1e546fca)]&amp#27;[39m Calling AppiumDriver.click() with args: ["0501a4ac-d7ee-4fea-814e-26c563b4f85c","1e546fca-8555-4221-8e36-f2a03faa8fce"]
[debug] &amp#27;[35m[WD Proxy]&amp#27;[39m Matched '/element/0501a4ac-d7ee-4fea-814e-26c563b4f85c/click' to command name 'click'
[debug] &amp#27;[35m[WD Proxy]&amp#27;[39m Proxying [POST /element/0501a4ac-d7ee-4fea-814e-26c563b4f85c/click] to [POST http://127.0.0.1:8211/wd/hub/session/2aa2891e-3332-4a15-bcde-6e229ee7492b/element/0501a4ac-d7ee-4fea-814e-26c563b4f85c/click] with body: {"element":"0501a4ac-d7ee-4fea-814e-26c563b4f85c"}
[debug] &amp#27;[35m[WD Proxy]&amp#27;[39m Got response with status 200: {"sessionId":"2aa2891e-3332-4a15-bcde-6e229ee7492b","value":null}
[debug] &amp#27;[35m[W3C (1e546fca)]&amp#27;[39m Responding to client with driver.click() result: null
&amp#27;[35m[HTTP]&amp#27;[39m &amp#27;[37m<-- POST /wd/hub/session/1e546fca-8555-4221-8e36-f2a03faa8fce/element/0501a4ac-d7ee-4fea-814e-26c563b4f85c/click &amp#27;[39m&amp#27;[32m200&amp#27;[39m &amp#27;[90m88 ms - 14&amp#27;[39m
&amp#27;[35m[HTTP]&amp#27;[39m &amp#27;[90m&amp#27;[39m
&amp#27;[35m[HTTP]&amp#27;[39m &amp#27;[37m-->&amp#27;[39m &amp#27;[37mGET&amp#27;[39m &amp#27;[37m/wd/hub/session/1e546fca-8555-4221-8e36-f2a03faa8fce/context&amp#27;[39m
&amp#27;[35m[HTTP]&amp#27;[39m &amp#27;[90m{}&amp#27;[39m
[debug] &amp#27;[35m[W3C (1e546fca)]&amp#27;[39m Calling AppiumDriver.getCurrentContext() with args: ["1e546fca-8555-4221-8e36-f2a03faa8fce"]
[debug] &amp#27;[35m[W3C (1e546fca)]&amp#27;[39m Responding to client with driver.getCurrentContext() result: "NATIVE_APP"
&amp#27;[35m[HTTP]&amp#27;[39m &amp#27;[37m<-- GET /wd/hub/session/1e546fca-8555-4221-8e36-f2a03faa8fce/context &amp#27;[39m&amp#27;[32m200&amp#27;[39m &amp#27;[90m4 ms - 22&amp#27;[39m
&amp#27;[35m[HTTP]&amp#27;[39m &amp#27;[90m&amp#27;[39m
&amp#27;[35m[HTTP]&amp#27;[39m &amp#27;[37m-->&amp#27;[39m &amp#27;[37mPOST&amp#27;[39m &amp#27;[37m/wd/hub/session/1e546fca-8555-4221-8e36-f2a03faa8fce/element&amp#27;[39m
&amp#27;[35m[HTTP]&amp#27;[39m &amp#27;[90m{"using":"xpath","value":"//android.widget.ImageView[@resource-id='com.crmnextmobile.crmnextofflineplay:id/img_logout']"}&amp#27;[39m
[debug] &amp#27;[35m[W3C (1e546fca)]&amp#27;[39m Calling AppiumDriver.findElement() with args: ["xpath","//android.widget.ImageView[@resource-id='com.crmnextmobile.crmnextofflineplay:id/img_logout']","1e546fca-8555-4221-8e36-f2a03faa8fce"]
[debug] &amp#27;[35m[BaseDriver]&amp#27;[39m Valid locator strategies for this request: xpath, id, class name, accessibility id, css selector, -android uiautomator
[debug] &amp#27;[35m[BaseDriver]&amp#27;[39m Waiting up to 7000 ms for condition
[debug] &amp#27;[35m[WD Proxy]&amp#27;[39m Matched '/element' to command name 'findElement'
[debug] &amp#27;[35m[WD Proxy]&amp#27;[39m Proxying [POST /element] to [POST http://127.0.0.1:8211/wd/hub/session/2aa2891e-3332-4a15-bcde-6e229ee7492b/element] with body: {"strategy":"xpath","selector":"//android.widget.ImageView[@resource-id='com.crmnextmobile.crmnextofflineplay:id/img_logout']","context":"","multiple":false}
[debug] &amp#27;[35m[WD Proxy]&amp#27;[39m Got response with status 200: {"sessionId":"2aa2891e-3332-4a15-bcde-6e229ee7492b","value":{"ELEMENT":"be3d6ef2-fd46-469f-84dc-c0803b183796","element-6066-11e4-a52e-4f735466cecf":"be3d6ef2-fd46-469f-84dc-c0803b183796"}}
[debug] &amp#27;[35m[W3C (1e546fca)]&amp#27;[39m Responding to client with driver.findElement() result: {"element-6066-11e4-a52e-4f735466cecf":"be3d6ef2-fd46-469f-84dc-c0803b183796","ELEMENT":"be3d6ef2-fd46-469f-84dc-c0803b183796"}
&amp#27;[35m[HTTP]&amp#27;[39m &amp#27;[37m<-- POST /wd/hub/session/1e546fca-8555-4221-8e36-f2a03faa8fce/element &amp#27;[39m&amp#27;[32m200&amp#27;[39m &amp#27;[90m1560 ms - 137&amp#27;[39m
&amp#27;[35m[HTTP]&amp#27;[39m &amp#27;[90m&amp#27;[39m
&amp#27;[35m[HTTP]&amp#27;[39m &amp#27;[37m-->&amp#27;[39m &amp#27;[37mPOST&amp#27;[39m &amp#27;[37m/wd/hub/session/1e546fca-8555-4221-8e36-f2a03faa8fce/element/be3d6ef2-fd46-469f-84dc-c0803b183796/click&amp#27;[39m
&amp#27;[35m[HTTP]&amp#27;[39m &amp#27;[90m{"id":"be3d6ef2-fd46-469f-84dc-c0803b183796"}&amp#27;[39m
[debug] &amp#27;[35m[W3C (1e546fca)]&amp#27;[39m Calling AppiumDriver.click() with args: ["be3d6ef2-fd46-469f-84dc-c0803b183796","1e546fca-8555-4221-8e36-f2a03faa8fce"]
[debug] &amp#27;[35m[WD Proxy]&amp#27;[39m Matched '/element/be3d6ef2-fd46-469f-84dc-c0803b183796/click' to command name 'click'
[debug] &amp#27;[35m[WD Proxy]&amp#27;[39m Proxying [POST /element/be3d6ef2-fd46-469f-84dc-c0803b183796/click] to [POST http://127.0.0.1:8211/wd/hub/session/2aa2891e-3332-4a15-bcde-6e229ee7492b/element/be3d6ef2-fd46-469f-84dc-c0803b183796/click] with body: {"element":"be3d6ef2-fd46-469f-84dc-c0803b183796"}
[debug] &amp#27;[35m[WD Proxy]&amp#27;[39m Got response with status 200: {"sessionId":"2aa2891e-3332-4a15-bcde-6e229ee7492b","value":null}
[debug] &amp#27;[35m[W3C (1e546fca)]&amp#27;[39m Responding to client with driver.click() result: null
&amp#27;[35m[HTTP]&amp#27;[39m &amp#27;[37m<-- POST /wd/hub/session/1e546fca-8555-4221-8e36-f2a03faa8fce/element/be3d6ef2-fd46-469f-84dc-c0803b183796/click &amp#27;[39m&amp#27;[32m200&amp#27;[39m &amp#27;[90m75 ms - 14&amp#27;[39m
&amp#27;[35m[HTTP]&amp#27;[39m &amp#27;[90m&amp#27;[39m
]]></system-out>
    <system-err><![CDATA[Sep 29, 2021 12:17:10 PM io.appium.java_client.remote.AppiumCommandExecutor$1 lambda$0
INFO: Detected dialect: W3C
]]></system-err>
  </testcase>
</testsuite>