<?xml version="1.0" encoding="UTF-8"?>
<!-- Generated by org.testng.reporters.JUnitReportReporter -->
<testsuite skipped="0" hostname="DESKTOP-G81NK99" name="AppiumCRMpoc.AppiumCRMpocAI.LoginWithDataDriven_tc" tests="2" failures="0" timestamp="25 Sep 2021 05:04:58 GMT" time="55.303" errors="0">
  <testcase name="logintest" time="29.183" classname="AppiumCRMpoc.AppiumCRMpocAI.LoginWithDataDriven_tc"/>
  <testcase name="logintest" time="26.120" classname="AppiumCRMpoc.AppiumCRMpocAI.LoginWithDataDriven_tc"/>
</testsuite> <!-- AppiumCRMpoc.AppiumCRMpocAI.LoginWithDataDriven_tc -->
