<?xml version="1.0" encoding="UTF-8"?>
<!-- Generated by org.testng.reporters.JUnitReportReporter -->
<testsuite skipped="0" hostname="DESKTOP-G81NK99" name="AppiumCRMpoc.AppiumCRMpocAI.DataDrivenforLoop_tc" tests="2" failures="0" timestamp="25 Sep 2021 04:55:58 GMT" time="0.038" errors="0">
  <testcase name="dataforloop" time="0.028" classname="AppiumCRMpoc.AppiumCRMpocAI.DataDrivenforLoop_tc"/>
  <testcase name="dataforloop" time="0.010" classname="AppiumCRMpoc.AppiumCRMpocAI.DataDrivenforLoop_tc"/>
</testsuite> <!-- AppiumCRMpoc.AppiumCRMpocAI.DataDrivenforLoop_tc -->
