<?xml version="1.0" encoding="UTF-8"?>
<!-- Generated by org.testng.reporters.JUnitReportReporter -->
<testsuite skipped="0" hostname="DESKTOP-G81NK99" name="AppiumCRMpoc.AppiumCRMpocAI.gpsEnable_tc2" tests="1" failures="0" timestamp="13 Sep 2021 09:08:21 GMT" time="44.157" errors="0">
  <testcase name="gpsEnablecheck" time="44.157" classname="AppiumCRMpoc.AppiumCRMpocAI.gpsEnable_tc2"/>
</testsuite> <!-- AppiumCRMpoc.AppiumCRMpocAI.gpsEnable_tc2 -->
