<?xml version="1.0" encoding="UTF-8"?>
<!-- Generated by org.testng.reporters.JUnitReportReporter -->
<testsuite skipped="0" hostname="DESKTOP-G81NK99" name="AppiumCRMpoc.AppiumCRMpocAI.SortingButtoncheck_tc" tests="1" failures="0" timestamp="13 Sep 2021 09:08:22 GMT" time="43.169" errors="0">
  <testcase name="sortingbuttontest" time="43.169" classname="AppiumCRMpoc.AppiumCRMpocAI.SortingButtoncheck_tc"/>
</testsuite> <!-- AppiumCRMpoc.AppiumCRMpocAI.SortingButtoncheck_tc -->
