<?xml version="1.0" encoding="UTF-8"?>
<!-- Generated by org.testng.reporters.JUnitReportReporter -->
<testsuite skipped="0" hostname="DESKTOP-G81NK99" name="AppiumCRMpoc.AppiumCRMpocAI.hamburgerscrollable_tc_1" tests="1" failures="0" timestamp="13 Sep 2021 09:08:22 GMT" time="38.517" errors="0">
  <testcase name="scrolling" time="38.517" classname="AppiumCRMpoc.AppiumCRMpocAI.hamburgerscrollable_tc_1"/>
</testsuite> <!-- AppiumCRMpoc.AppiumCRMpocAI.hamburgerscrollable_tc_1 -->
