<?xml version="1.0" encoding="UTF-8"?>
<!-- Generated by org.testng.reporters.JUnitReportReporter -->
<testsuite skipped="0" hostname="DESKTOP-G81NK99" name="AppiumCRMpoc.AppiumCRMpocAI.searchboxclick" tests="1" failures="0" timestamp="06 Oct 2021 11:09:03 GMT" time="53.121" errors="0">
  <testcase name="quickSearch" time="53.121" classname="AppiumCRMpoc.AppiumCRMpocAI.searchboxclick"/>
</testsuite> <!-- AppiumCRMpoc.AppiumCRMpocAI.searchboxclick -->
