<?xml version="1.0" encoding="UTF-8"?>
<!-- Generated by org.testng.reporters.JUnitReportReporter -->
<testsuite skipped="0" hostname="DESKTOP-G81NK99" name="AppiumCRMpoc.AppiumCRMpocAI.Tc_3932_remember_usernname" tests="1" failures="0" timestamp="04 Oct 2021 10:54:27 GMT" time="40.502" errors="0">
  <testcase name="Tc_3932_remember_usernname_func" time="40.502" classname="AppiumCRMpoc.AppiumCRMpocAI.Tc_3932_remember_usernname"/>
</testsuite> <!-- AppiumCRMpoc.AppiumCRMpocAI.Tc_3932_remember_usernname -->
