<?xml version="1.0" encoding="UTF-8"?>
<!-- Generated by org.testng.reporters.JUnitReportReporter -->
<testsuite skipped="0" hostname="DESKTOP-G81NK99" name="AppiumCRMpoc.AppiumCRMpocAI.TaskFromLeadDetail_tc" tests="1" failures="0" timestamp="12 Oct 2021 13:26:44 GMT" time="72.864" errors="0">
  <testcase name="TaskcreationfromLeaddetail" time="72.864" classname="AppiumCRMpoc.AppiumCRMpocAI.TaskFromLeadDetail_tc"/>
</testsuite> <!-- AppiumCRMpoc.AppiumCRMpocAI.TaskFromLeadDetail_tc -->
