<?xml version="1.0" encoding="UTF-8"?>
<!-- Generated by org.testng.reporters.JUnitReportReporter -->
<testsuite skipped="0" hostname="DESKTOP-G81NK99" name="AppiumCRMpoc.AppiumCRMpocAI.LoginWithDataDriven" tests="2" failures="0" timestamp="15 Sep 2021 12:06:24 GMT" time="180.845" errors="0">
  <testcase name="logintest" time="93.330" classname="AppiumCRMpoc.AppiumCRMpocAI.LoginWithDataDriven"/>
  <testcase name="logintest" time="87.515" classname="AppiumCRMpoc.AppiumCRMpocAI.LoginWithDataDriven"/>
</testsuite> <!-- AppiumCRMpoc.AppiumCRMpocAI.LoginWithDataDriven -->
