<?xml version="1.0" encoding="UTF-8"?>
<!-- Generated by org.testng.reporters.JUnitReportReporter -->
<testsuite skipped="0" hostname="DESKTOP-G81NK99" name="AppiumCRMpoc.AppiumCRMpocAI.LeadLayoutopencheck_tc" tests="2" failures="0" timestamp="05 Oct 2021 06:41:05 GMT" time="117.929" errors="0">
  <testcase name="LeadUpdate" time="49.374" classname="AppiumCRMpoc.AppiumCRMpocAI.LeadLayoutopencheck_tc"/>
  <testcase name="LeadCreate" time="68.555" classname="AppiumCRMpoc.AppiumCRMpocAI.LeadLayoutopencheck_tc"/>
</testsuite> <!-- AppiumCRMpoc.AppiumCRMpocAI.LeadLayoutopencheck_tc -->
