<?xml version="1.0" encoding="UTF-8"?>
<!-- Generated by org.testng.reporters.JUnitReportReporter -->
<testsuite skipped="0" hostname="DESKTOP-G81NK99" name="AppiumCRMpoc.AppiumCRMpocAI.LeadLayoutopencheck_tc" tests="1" failures="0" timestamp="14 Sep 2021 04:23:01 GMT" time="90.258" errors="0">
  <testcase name="leadLayoutopened" time="90.258" classname="AppiumCRMpoc.AppiumCRMpocAI.LeadLayoutopencheck_tc"/>
</testsuite> <!-- AppiumCRMpoc.AppiumCRMpocAI.LeadLayoutopencheck_tc -->
