<?xml version="1.0" encoding="UTF-8"?>
<!-- Generated by org.testng.reporters.JUnitReportReporter -->
<testsuite skipped="0" hostname="DESKTOP-G81NK99" name="AppiumCRMpoc.AppiumCRMpocAI.Roughdummywork" tests="1" failures="0" timestamp="06 Oct 2021 14:32:36 GMT" time="68.819" errors="0">
  <testcase name="CreatedDataRecentVisibility" time="68.819" classname="AppiumCRMpoc.AppiumCRMpocAI.Roughdummywork"/>
</testsuite> <!-- AppiumCRMpoc.AppiumCRMpocAI.Roughdummywork -->
