<?xml version="1.0" encoding="UTF-8"?>
<!-- Generated by org.testng.reporters.JUnitReportReporter -->
<testsuite skipped="0" hostname="DESKTOP-G81NK99" name="AppiumCRMpoc.AppiumCRMpocAI.Tc_3934_showPassword" tests="1" failures="0" timestamp="04 Oct 2021 11:31:39 GMT" time="30.736" errors="0">
  <testcase name="tc_3934_showPassword_func" time="30.736" classname="AppiumCRMpoc.AppiumCRMpocAI.Tc_3934_showPassword"/>
</testsuite> <!-- AppiumCRMpoc.AppiumCRMpocAI.Tc_3934_showPassword -->
