<?xml version="1.0" encoding="UTF-8"?>
<!-- Generated by org.testng.reporters.JUnitReportReporter -->
<testsuite skipped="0" hostname="DESKTOP-G81NK99" name="AppiumCRMpoc.AppiumCRMpocAI.LoginWithDataDriven_tc" tests="3" failures="0" timestamp="29 Sep 2021 03:31:13 GMT" time="138.722" errors="0">
  <testcase name="logintest" time="53.666" classname="AppiumCRMpoc.AppiumCRMpocAI.LoginWithDataDriven_tc"/>
  <testcase name="logintest" time="47.550" classname="AppiumCRMpoc.AppiumCRMpocAI.LoginWithDataDriven_tc"/>
  <testcase name="logintest" time="37.506" classname="AppiumCRMpoc.AppiumCRMpocAI.LoginWithDataDriven_tc"/>
</testsuite> <!-- AppiumCRMpoc.AppiumCRMpocAI.LoginWithDataDriven_tc -->
