<?xml version="1.0" encoding="UTF-8"?>
<!-- Generated by org.testng.reporters.JUnitReportReporter -->
<testsuite skipped="0" hostname="DESKTOP-G81NK99" name="AppiumCRMpoc.AppiumCRMpocAI.DataDrivenforLoop_tc" tests="3" failures="0" timestamp="28 Sep 2021 15:41:55 GMT" time="0.033" errors="0">
  <testcase name="dataforloop" time="0.004" classname="AppiumCRMpoc.AppiumCRMpocAI.DataDrivenforLoop_tc"/>
  <testcase name="dataforloop" time="0.026" classname="AppiumCRMpoc.AppiumCRMpocAI.DataDrivenforLoop_tc"/>
  <testcase name="dataforloop" time="0.003" classname="AppiumCRMpoc.AppiumCRMpocAI.DataDrivenforLoop_tc"/>
</testsuite> <!-- AppiumCRMpoc.AppiumCRMpocAI.DataDrivenforLoop_tc -->
