<?xml version="1.0" encoding="UTF-8"?>
<!-- Generated by org.testng.reporters.JUnitReportReporter -->
<testsuite skipped="0" hostname="DESKTOP-G81NK99" name="AppiumCRMpoc.AppiumCRMpocAI.LoginWithDataDriven_tc" tests="2" failures="0" timestamp="25 Sep 2021 17:22:00 GMT" time="70.779" errors="0">
  <testcase name="logintest" time="33.624" classname="AppiumCRMpoc.AppiumCRMpocAI.LoginWithDataDriven_tc"/>
  <testcase name="logintest" time="37.155" classname="AppiumCRMpoc.AppiumCRMpocAI.LoginWithDataDriven_tc"/>
</testsuite> <!-- AppiumCRMpoc.AppiumCRMpocAI.LoginWithDataDriven_tc -->
