<?xml version="1.0" encoding="UTF-8"?>
<!-- Generated by org.testng.reporters.JUnitReportReporter -->
<testsuite skipped="0" hostname="DESKTOP-G81NK99" name="AppiumCRMpoc.AppiumCRMpocAI.LoginWithDataDriven_tc" tests="3" failures="0" timestamp="29 Sep 2021 06:47:36 GMT" time="183.102" errors="0">
  <testcase name="logintest" time="89.263" classname="AppiumCRMpoc.AppiumCRMpocAI.LoginWithDataDriven_tc"/>
  <testcase name="logintest" time="53.186" classname="AppiumCRMpoc.AppiumCRMpocAI.LoginWithDataDriven_tc"/>
  <testcase name="logintest" time="40.653" classname="AppiumCRMpoc.AppiumCRMpocAI.LoginWithDataDriven_tc"/>
</testsuite> <!-- AppiumCRMpoc.AppiumCRMpocAI.LoginWithDataDriven_tc -->
